2024-08-13 21:19:21.624 - 1A 13 00 00 00 86 86 86 0F (调用查询模块-外卫测温转换, 外卫温湿度虚拟地址)
2024-08-13 21:19:21.853 - 13 03 00 00 00 02 C7 79 (查询外卫温湿度)
2024-08-13 21:19:21.879 - 13 03 04 01 AF 01 0F B8 7B (外卫温湿度返回)
2024-08-13 21:19:22.870 - 1A 13 00 00 00 00 00 01 00 00 01 00 00 01 01 0F 01 01 AF 01 00 00 01 00 00 01 0F (外卫温湿度虚拟地址)
2024-08-13 21:19:50.872 - 19 08 24 03 DD 00 3B 00 01 (调用情景-书房照明关帘)
2024-08-13 21:19:51.432 - EE 00 00 B1 00 00 00 FF FC FF FF (情景执行提示)
2024-08-13 21:19:52.032 - 09 06 00 0F 02 01 78 21 (提示音叮)
2024-08-13 21:19:52.635 - 1A 0A 04 06 01 FF F0 01 FF F0 01 FF 00 00 0F (调光器地址-书房射灯, 书房射灯明亮)
2024-08-13 21:19:56.710 - A5 00 B7 FF 00 AA 22 0D (书房纱帘关)
2024-08-13 21:19:57.760 - A5 00 D2 FF 00 AA 22 0C (书房窗帘关)
2024-08-13 21:19:57.811 - 55 00 D2 01 00 0E 00 F2 AA 55 00 D2 01 00 0E 00 F2 AA (书房窗帘电机状态返回)
2024-08-13 21:19:58.860 - 09 06 00 0F 02 02 38 20 (提示音咚)
2024-08-13 21:19:59.437 - EE 00 00 B1 00 00 02 FF FC FF FF (情景完成返回主页)
2024-08-13 21:20:05.805 - 55 00 D2 00 00 E5 00 F2 AA 55 00 D2 00 00 E5 00 F2 AA (书房窗帘电机状态返回)
2024-08-13 21:23:09.440 - 19 08 24 03 CC 01 54 00 01 (调用内卫感应灯开的按键)
2024-08-13 21:23:09.494 - 1A 0C 02 08 01 FF 45 01 FF 45 01 FF 00 00 0F (调光器地址-内卫射灯, 内卫射灯微光)
2024-08-13 21:23:40.991 - 19 08 24 03 CC 01 55 00 01 (调用外卫感应灯关的按键)
2024-08-13 21:23:41.023 - 1A 0C 02 08 01 FF 00 01 FF 00 01 FF 00 00 0F (调光器地址-内卫射灯, 内卫感应灯关)
2024-08-13 21:24:32.597 - 19 08 24 03 CC 01 54 00 01 (调用内卫感应灯开的按键)
2024-08-13 21:24:32.636 - 1A 0C 02 08 01 FF 45 01 FF 45 01 FF 00 00 0F (调光器地址-内卫射灯, 内卫射灯微光)
2024-08-13 21:25:27.360 - 1A 20 07 00 93 00 01 02 0F (自保持开关地址-设备区顶, 设备区顶灯开关)
2024-08-13 21:25:51.258 - 19 08 24 03 CC 01 55 00 01 (调用外卫感应灯关的按键)
2024-08-13 21:25:51.293 - 1A 0C 02 08 01 FF 00 01 FF 00 01 FF 00 00 0F (调光器地址-内卫射灯, 内卫感应灯关)
2024-08-13 21:28:41.552 - FF
2024-08-13 21:28:41.568 - 5F FF
2024-08-13 21:28:41.599 - FD
2024-08-13 21:28:41.602 - FE
2024-08-13 21:28:41.602 - DF
2024-08-13 21:28:41.611 - FC 39
2024-08-13 21:28:41.615 - 14 38 3D 70 00
2024-08-13 21:28:41.619 - 3E 70
2024-08-13 21:28:41.619 - FF
2024-08-13 21:28:41.619 - E1
2024-08-13 21:28:41.619 - EF
2024-08-13 21:28:41.619 - 86
2024-08-13 21:28:44.337 - C0
2024-08-13 21:28:44.337 - 00
2024-08-13 21:28:44.350 - 40 20 06
2024-08-13 21:28:44.359 - 11 B8 F4 EA 00
2024-08-13 21:28:44.365 - F1
2024-08-13 21:28:44.371 - 76 63 88
2024-08-13 21:28:44.382 - FF F2
2024-08-13 21:28:44.382 - 3D
2024-08-13 21:28:44.382 - E8
2024-08-13 21:28:44.391 - 80
2024-08-13 21:28:44.393 - 12
2024-08-13 21:28:44.393 - FF
2024-08-13 21:28:44.462 - 23 00
2024-08-13 21:28:44.470 - 00
2024-08-13 21:28:44.475 - EF F8
2024-08-13 21:28:44.478 - DC 8F
2024-08-13 21:28:44.480 - EC 06
2024-08-13 21:28:44.480 - 04
2024-08-13 21:28:44.486 - 00
2024-08-13 21:28:44.489 - 00
2024-08-13 21:28:44.491 - F0
2024-08-13 21:28:44.495 - 00
2024-08-13 21:28:44.500 - 00
2024-08-13 21:28:44.588 - 00
2024-08-13 21:28:57.076 - 00
2024-08-13 21:28:57.078 - E0
2024-08-13 21:28:57.082 - 00
2024-08-13 21:28:57.082 - FF FF
2024-08-13 21:28:57.082 - 00
2024-08-13 21:28:57.195 - FF
2024-08-13 21:28:57.206 - D1 FE
2024-08-13 21:29:49.324 - FF FF FF FF 0A FC (继电器地址-东阳窗帘)
2024-08-13 21:29:59.248 - C0
2024-08-13 21:30:19.289 - 19 08 24 03 CC 01 54 00 01 (调用内卫感应灯开的按键)
2024-08-13 21:30:19.337 - 1A 0C 02 08 01 FF 45 01 FF 45 01 FF 00 00 0F (调光器地址-内卫射灯, 内卫射灯微光)
2024-08-13 21:30:25.113 - 1A 20 07 00 93 00 01 02 0F (自保持开关地址-设备区顶, 设备区顶灯开关)
2024-08-13 21:30:52.047 - FF
2024-08-13 21:30:53.908 - 00
2024-08-13 21:30:54.121 - F8 F0
2024-08-13 21:30:54.121 - C0
2024-08-13 21:30:54.121 - 00
2024-08-13 21:30:54.126 - 00
2024-08-13 21:30:54.128 - 00
2024-08-13 21:30:54.305 - 15 92 95 85 91 E5 35 0A
2024-08-13 21:31:03.093 - 1A 20 07 00 93 00 01 02 0F (自保持开关地址-设备区顶, 设备区顶灯开关)
2024-08-13 21:31:24.412 - 19 08 24 03 CC 01 55 00 01 (调用外卫感应灯关的按键)
2024-08-13 21:31:24.443 - 1A 0C 02 08 01 FF 00 01 FF 00 01 FF 00 00 0F (调光器地址-内卫射灯, 内卫感应灯关)
2024-08-13 21:32:35.622 - 1A 20 00 00 01 86 86 86 0F
2024-08-13 21:32:35.851 - 20 03 00 10 00 01 83 7E
2024-08-13 21:32:36.870 - 1A 20 00 00 01 00 00 01 00 00 01 00 00 01 00 00 01 00 00 01 00 01 01 00 00 01 0F
2024-08-13 21:32:44.965 - 1A 20 00 00 01 86 86 86 0F
2024-08-13 21:32:45.198 - 20 03 00 10 00 01 83 7E
2024-08-13 21:32:46.221 - 1A 20 00 00 01 00 00 01 00 00 01 00 00 01 00 00 01 00 00 01 00 01 01 00 00 01 0F
2024-08-13 21:33:01.994 - 20 03 00 10 00 01 83 7E
2024-08-13 21:33:02.047 - 20 03 02 FE
2024-08-13 21:33:05.111 - 19 08 24 03 CC 01 54 00 01 (调用内卫感应灯开的按键)
2024-08-13 21:33:05.168 - 1A 0C 02 08 01 FF 45 01 FF 45 01 FF 00 00 0F (调光器地址-内卫射灯, 内卫射灯微光)
2024-08-13 21:33:05.553 - 20 03 00 10 00 01 83 7E
2024-08-13 21:33:10.623 - 20 03 00 10 00 01 83 7E
2024-08-13 21:33:10.673 - 20 03 02 26 D7 5E 7D
2024-08-13 21:33:18.804 - 20 03 00 10 00 01 83 7E
2024-08-13 21:33:22.206 - 20 03 00 10 00 01 83 7E
2024-08-13 21:33:22.297 - 20 03 02 26 D7 5E 7D
2024-08-13 21:33:23.703 - 20 03 00 10 00 01 83 7E
2024-08-13 21:33:25.306 - 20 03 00 10 00 01 83 7E
2024-08-13 21:33:25.349 - 20 03 02 26 D7 5E 7D
2024-08-13 21:33:29.788 - 1A 20 00 00 01 86 86 86 0F
2024-08-13 21:33:30.020 - 20 03 00 10 00 01 83 7E
2024-08-13 21:33:30.665 - 19 08 24 03 CC 01 55 00 01 (调用外卫感应灯关的按键)
2024-08-13 21:33:30.716 - 1A 0C 02 08 01 FF 00 01 FF 00 01 FF 00 00 0F (调光器地址-内卫射灯, 内卫感应灯关)
2024-08-13 21:33:31.044 - 1A 20 00 00 01 00 00 01 00 00 01 00 00 01 00 00 01 00 00 01 08 01 01 00 00 01 0F
2024-08-13 21:33:44.151 - 1A 20 00 00 00 86 86 86 0F
2024-08-13 21:33:44.388 - 20 03 00 00 00 02 C2 BA
2024-08-13 21:33:44.439 - 20 03 04 01 6C 01 26 8A 9A
2024-08-13 21:33:45.408 - 1A 20 00 00 00 00 00 01 00 00 01 00 00 01 01 26 01 01 6C 01 00 00 01 00 00 01 0F
2024-08-13 21:33:47.736 - 1A 20 00 00 00 86 86 86 0F
2024-08-13 21:33:47.965 - 20 03 00 00 00 02 C2 BA
2024-08-13 21:33:48.986 - 1A 20 00 00 00 00 00 01 00 00 01 00 00 01 86 86 01 00 00 01 00 00 01 00 00 01 0F
2024-08-13 21:33:50.364 - 1A 20 00 00 00 86 86 86 0F
2024-08-13 21:33:50.588 - 20 03 00 00 00 02 C2 BA
2024-08-13 21:33:50.720 - 20 03 04 01 6C 01 26 8A 9A
2024-08-13 21:33:51.622 - 1A 20 00 00 00 00 00 01 00 00 01 00 00 01 01 26 01 01 6C 01 00 00 01 00 00 01 0F
2024-08-13 21:33:55.203 - 1A 20 00 00 00 86 86 86 0F
2024-08-13 21:33:55.422 - 20 03 00 00 00 02 C2 BA
2024-08-13 21:33:56.453 - 1A 20 00 00 00 00 00 01 00 00 01 00 00 01 86 86 01 00 00 01 00 00 01 00 00 01 0F
2024-08-13 21:34:03.723 - 1A 20 00 00 01 86 86 86 0F
2024-08-13 21:34:03.943 - 20 03 00 10 00 01 83 7E
2024-08-13 21:34:04.964 - 1A 20 00 00 01 00 00 01 00 00 01 00 00 01 00 00 01 00 00 01 00 01 01 00 00 01 0F
2024-08-13 21:34:06.518 - 1A 20 00 00 01 86 86 86 0F
2024-08-13 21:34:06.739 - 20 03 00 10 00 01 83 7E
2024-08-13 21:34:07.766 - 1A 20 00 00 01 00 00 01 00 00 01 00 00 01 00 00 01 00 00 01 00 01 01 00 00 01 0F
2024-08-13 21:34:10.056 - 1A 20 00 00 01 86 86 86 0F
2024-08-13 21:34:10.277 - 20 03 00 10 00 01 83 7E
2024-08-13 21:34:11.297 - 1A 20 00 00 01 00 00 01 00 00 01 00 00 01 00 00 01 00 00 01 00 01 01 00 00 01 0F
2024-08-13 21:34:13.039 - 1A 20 00 00 01 86 86 86 0F
2024-08-13 21:34:13.266 - 20 03 00 10 00 01 83 7E
2024-08-13 21:34:14.278 - 1A 20 00 00 01 00 00 01 00 00 01 00 00 01 00 00 01 00 00 01 00 01 01 00 00 01 0F
2024-08-13 21:34:15.789 - 1A 20 00 00 01 86 86 86 0F
2024-08-13 21:34:16.010 - 20 03 00 10 00 01 83 7E
2024-08-13 21:34:17.029 - 1A 20 00 00 01 00 00 01 00 00 01 00 00 01 00 00 01 00 00 01 00 01 01 00 00 01 0F
2024-08-13 21:34:18.422 - 1A 20 00 00 01 86 86 86 0F
2024-08-13 21:34:18.647 - 20 03 00 10 00 01 83 7E
2024-08-13 21:34:19.668 - 1A 20 00 00 01 00 00 01 00 00 01 00 00 01 00 00 01 00 00 01 00 01 01 00 00 01 0F
2024-08-13 21:35:44.666 - 1A 20 00 00 01 86 86 86 0F
2024-08-13 21:35:44.891 - 20 03 00 10 00 01 83 7E
2024-08-13 21:35:44.952 - 20 03 02 26 D7 5E 7D
2024-08-13 21:35:45.922 - 1A 20 00 00 01 00 00 01 00 00 01 00 00 01 00 00 01 00 00 01 26 D7 01 00 00 01 0F
2024-08-13 21:35:53.536 - 1A 20 00 00 01 86 86 86 0F
2024-08-13 21:35:53.750 - 20 03 00 10 00 01 83 7E
2024-08-13 21:35:53.808 - 20 03 02 26 D7 5E 7D
2024-08-13 21:35:54.775 - 1A 20 00 00 01 00 00 01 00 00 01 00 00 01 00 00 01 00 00 01 26 D7 01 00 00 01 0F
2024-08-13 21:35:56.551 - 1A 20 00 00 01 86 86 86 0F
2024-08-13 21:35:56.782 - 20 03 00 10 00 01 83 7E
2024-08-13 21:35:57.805 - 1A 20 00 00 01 00 00 01 00 00 01 00 00 01 00 00 01 00 00 01 00 01 01 00 00 01 0F
2024-08-13 21:35:59.148 - 1A 20 00 00 01 86 86 86 0F
2024-08-13 21:35:59.370 - 20 03 00 10 00 01 83 7E
2024-08-13 21:36:00.391 - 1A 20 00 00 01 00 00 01 00 00 01 00 00 01 00 00 01 00 00 01 00 01 01 00 00 01 0F
2024-08-13 21:36:03.702 - 1A 20 00 00 01 86 86 86 0F
2024-08-13 21:36:03.925 - 20 03 00 10 00 01 83 7E
2024-08-13 21:36:04.949 - 1A 20 00 00 01 00 00 01 00 00 01 00 00 01 00 00 01 00 00 01 00 01 01 00 00 01 0F
2024-08-13 21:36:11.032 - 1A 20 00 00 01 86 86 86 0F
2024-08-13 21:36:11.254 - 20 03 00 10 00 01 83 7E
2024-08-13 21:36:12.284 - 1A 20 00 00 01 00 00 01 00 00 01 00 00 01 00 00 01 00 00 01 00 01 01 00 00 01 0F
2024-08-13 21:36:14.667 - 1A 20 00 00 01 86 86 86 0F
2024-08-13 21:36:14.890 - 20 03 00 10 00 01 83 7E
2024-08-13 21:36:14.938 - 20 03 02 26 D7 5E 7D
2024-08-13 21:36:15.908 - 1A 20 00 00 01 00 00 01 00 00 01 00 00 01 00 00 01 00 00 01 26 D7 01 00 00 01 0F
2024-08-13 21:36:57.935 - 1A BE B0 DC 0A 00 02 00 (继电器地址-客厅纱帘, 客厅纱帘开)
2024-08-13 21:36:59.896 - 1A BE B0 DC 0A 00 01 00 (继电器地址-客厅纱帘, 客厅纱帘关)
2024-08-13 21:37:06.408 - 1A 20 07 01 30 00 01 02 0F (自保持开关地址-西阳顶灯, 西阳顶灯开关)
2024-08-13 21:37:07.172 - 1A 20 07 01 30 00 01 02 0F (自保持开关地址-西阳顶灯, 西阳顶灯开关)
2024-08-13 21:37:08.818 - 1A BE B0 DC 0A 00 02 00 (继电器地址-客厅纱帘, 客厅纱帘开)
2024-08-13 21:37:10.779 - 1A BE B0 DC 0A 00 01 00 (继电器地址-客厅纱帘, 客厅纱帘关)
2024-08-13 21:37:12.051 - 1A BE B0 DC 0A 00 02 00 (继电器地址-客厅纱帘, 客厅纱帘开)
2024-08-13 21:37:13.016 - 1A BE B0 DC 0A 00 02 00 (继电器地址-客厅纱帘, 客厅纱帘开)
2024-08-13 21:37:18.050 - 1A 20 07 01 30 00 01 02 0F (自保持开关地址-西阳顶灯, 西阳顶灯开关)
2024-08-13 21:37:18.482 - 1A 20 07 01 30 00 01 02 0F (自保持开关地址-西阳顶灯, 西阳顶灯开关)
2024-08-13 21:44:40.839 - 0C
2024-08-13 21:44:40.839 - 00
2024-08-13 21:44:48.103 - 12
2024-08-13 21:44:48.237 - 83 04 00
2024-08-13 21:44:48.358 - 00
2024-08-13 21:44:48.536 - 1A 20 07 01 30 (自保持开关地址-西阳顶灯)
2024-08-13 21:44:48.837 - 30 00
2024-08-13 21:44:49.134 - 1E 10
2024-08-13 21:44:49.392 - 00 00
2024-08-13 21:44:49.566 - FF
2024-08-13 21:44:49.703 - FF
2024-08-13 21:44:49.923 - 1A 20 07 01 30 (自保持开关地址-西阳顶灯)
2024-08-13 21:44:49.950 - 1A BE B0 DC 03 FC (继电器地址-西阳天幕)
2024-08-13 21:44:50.374 - FE
2024-08-13 21:44:50.865 - 1A 20 07 01 30 (自保持开关地址-西阳顶灯)
2024-08-13 21:44:50.882 - 1A BE B0 DC 03 (继电器地址-西阳天幕)
2024-08-13 21:44:51.020 - F7
2024-08-13 21:44:51.931 - FF
2024-08-13 21:44:52.254 - 68 86 FF
2024-08-13 21:44:52.865 - 04
2024-08-13 21:44:53.008 - 00
2024-08-13 21:44:53.721 - 01
2024-08-13 21:44:58.959 - B7
2024-08-13 21:44:58.964 - 5F
2024-08-13 21:44:58.976 - F2
2024-08-13 21:44:58.985 - A6
2024-08-13 21:44:58.988 - 2E
2024-08-13 21:44:58.992 - E7
2024-08-13 21:44:58.997 - DE 36
2024-08-13 21:44:59.000 - F6
2024-08-13 21:44:59.000 - FF
2024-08-13 21:44:59.000 - D7
2024-08-13 21:44:59.010 - 7E
2024-08-13 21:44:59.012 - 2C
2024-08-13 21:44:59.014 - D7 BF
2024-08-13 21:44:59.019 - C7
2024-08-13 21:44:59.144 - DB 3E
2024-08-13 21:44:59.147 - 1F 14
2024-08-13 21:44:59.148 - CF 3E
2024-08-13 21:44:59.152 - E2
2024-08-13 21:44:59.152 - C6
2024-08-13 21:44:59.156 - 0F
2024-08-13 21:44:59.159 - 2F 67
2024-08-13 21:44:59.159 - B7
2024-08-13 21:44:59.163 - 5E
2024-08-13 21:44:59.165 - 2E E6
2024-08-13 21:44:59.167 - 64
2024-08-13 21:44:59.171 - 9B
2024-08-13 21:44:59.175 - 5E
2024-08-13 21:44:59.180 - 8E 26 8A BF
2024-08-13 21:44:59.185 - 0E 1F 0B
2024-08-13 21:44:59.187 - 63
2024-08-13 21:44:59.192 - 9D
2024-08-13 21:44:59.198 - CB 66 83 93
2024-08-13 21:44:59.201 - 96 5E
2024-08-13 21:44:59.203 - F3
2024-08-13 21:44:59.205 - B3
2024-08-13 21:44:59.209 - 97 3E
2024-08-13 21:44:59.214 - 3C 1E 16
2024-08-13 21:44:59.217 - EB B7 83
2024-08-13 21:44:59.221 - 32 9C
2024-08-13 21:44:59.224 - 96 5E 9A
2024-08-13 21:44:59.228 - 4E CE
2024-08-13 21:44:59.230 - 2F
2024-08-13 21:44:59.232 - D7 86 CE
2024-08-13 21:44:59.238 - 9A 49 C7
2024-08-13 21:44:59.242 - 65 F2
2024-08-13 21:44:59.243 - 56 9C
2024-08-13 21:44:59.249 - C3 36 1E
2024-08-13 21:44:59.250 - 1E
2024-08-13 21:44:59.254 - 50
2024-08-13 21:44:59.258 - 93 1F 6E
2024-08-13 21:44:59.258 - B6
2024-08-13 21:44:59.262 - AE
2024-08-13 21:44:59.266 - 27 04
2024-08-13 21:44:59.266 - FE
2024-08-13 21:44:59.424 - 1E CA 66 54 9E B6 08 26 8D 67 59 60 4B 87 47 16 26 47 C9 24 83 66 86 26 8A 27 02 97 6C 82 12 08
2024-08-13 21:44:59.433 - 9B 20 36 80 C5 B2 D2 0E 02 16 01
2024-08-13 21:44:59.450 - 1E 0A 41 01 04 A1 C9 14 06 D2 83 42
2024-08-13 21:44:59.608 - 44 00 0B 08 01 08 0A 00 01 14 31 03 00 01 01 92 11 0A C9 91 01 30 09 10 12 20 02 12 10 40 20 00
2024-08-13 21:44:59.619 - 05 49 0B 41 01 90 04 10 00 0C 80 84 02 02 59 00 00
2024-08-13 21:44:59.636 - 41 04 04 00 12 1A 42
2024-08-13 21:44:59.639 - FF
2024-08-13 21:44:59.768 - 10 00 00 00 80 00 20
2024-08-13 21:44:59.771 - 00 00
2024-08-13 21:44:59.774 - 00 00
2024-08-13 21:44:59.778 - 20 00 00 10
2024-08-13 21:44:59.785 - 10 00 01 00
2024-08-13 21:44:59.787 - 00 00
2024-08-13 21:44:59.799 - 49 02 40 00 01 00 00 02 43 08 00
2024-08-13 21:44:59.809 - 02 00 01 00 00
2024-08-13 21:44:59.814 - 00 42 08 00
2024-08-13 21:44:59.814 - 00
2024-08-13 21:44:59.817 - 01 00
2024-08-13 21:44:59.822 - 00 00
2024-08-13 21:44:59.824 - 08
2024-08-13 21:44:59.940 - 00 00 00
2024-08-13 21:44:59.953 - 00 00
2024-08-13 21:44:59.953 - 10
2024-08-13 21:44:59.959 - 84 00 01
2024-08-13 21:44:59.961 - 00
2024-08-13 21:44:59.964 - 00
2024-08-13 21:44:59.965 - 02
2024-08-13 21:44:59.968 - 00 00
2024-08-13 21:44:59.971 - 00 00 00
2024-08-13 21:44:59.973 - 02
2024-08-13 21:44:59.977 - 00 00
2024-08-13 21:44:59.978 - 00
2024-08-13 21:44:59.979 - 00 00 40
2024-08-13 21:44:59.984 - 00
2024-08-13 21:44:59.987 - 00
2024-08-13 21:44:59.989 - 00
2024-08-13 21:44:59.992 - 14 00
2024-08-13 21:44:59.992 - 06 00
2024-08-13 21:45:00.001 - 00 00
2024-08-13 21:45:00.001 - 02
2024-08-13 21:45:00.004 - 00
2024-08-13 21:45:00.004 - 00
2024-08-13 21:45:00.009 - 00 C0
2024-08-13 21:45:00.129 - 00
2024-08-13 21:45:00.134 - 00
2024-08-13 21:45:00.134 - 00
2024-08-13 21:45:00.141 - 00
2024-08-13 21:45:00.142 - 00
2024-08-13 21:45:00.147 - 00
2024-08-13 21:45:00.147 - 00 00
2024-08-13 21:45:00.157 - 00
2024-08-13 21:45:00.159 - 00
2024-08-13 21:45:00.161 - 00
2024-08-13 21:45:00.163 - 00
2024-08-13 21:45:00.172 - 00
2024-08-13 21:45:00.184 - 00
2024-08-13 21:45:00.184 - 00
2024-08-13 21:45:00.194 - 00 02 00
2024-08-13 21:45:00.315 - 00
2024-08-13 21:45:00.322 - 00
2024-08-13 21:45:00.326 - 00
2024-08-13 21:45:00.330 - 00
2024-08-13 21:45:00.349 - 00
2024-08-13 21:45:00.362 - 00 00
2024-08-13 21:45:00.367 - 00
2024-08-13 21:45:00.371 - 00
2024-08-13 21:45:00.442 - 00
2024-08-13 21:45:00.459 - 00
2024-08-13 21:45:00.483 - 00
2024-08-13 21:45:00.487 - 00
2024-08-13 21:45:00.500 - 00
2024-08-13 21:45:00.567 - 00
2024-08-13 21:45:00.576 - 00
2024-08-13 21:45:00.600 - 00
2024-08-13 21:45:00.620 - 00
2024-08-13 21:45:00.752 - 00
2024-08-13 21:45:00.956 - 00
2024-08-13 21:45:46.061 - 00
2024-08-13 21:45:46.072 - 00
2024-08-13 21:45:46.433 - 00
2024-08-13 21:45:46.437 - FC
2024-08-13 21:45:46.439 - 00
2024-08-13 21:45:46.441 - 00
2024-08-13 21:45:46.442 - 00
2024-08-13 21:45:46.442 - 00
2024-08-13 21:45:46.449 - 00
2024-08-13 21:45:46.449 - 00
2024-08-13 21:45:46.455 - 00
2024-08-13 21:45:46.455 - 00
2024-08-13 21:45:46.455 - 00
2024-08-13 21:45:46.455 - 00
2024-08-13 21:45:48.698 - 00
2024-08-13 21:45:48.730 - 40 00
2024-08-13 21:45:48.734 - 00 01 00 10 00
2024-08-13 21:45:48.743 - 00
2024-08-13 21:45:48.829 - 08 02 02 40 00
2024-08-13 21:45:48.829 - 04 04 04 10 10 08
2024-08-13 21:45:48.842 - 00
2024-08-13 21:45:48.842 - 00
2024-08-13 21:45:48.844 - 00
2024-08-13 21:45:48.846 - 08
2024-08-13 21:45:48.852 - 00 00 00
2024-08-13 21:45:48.855 - 00 02 00 00
2024-08-13 21:45:48.857 - 40
2024-08-13 21:45:48.861 - 00
2024-08-13 21:45:48.863 - 00 00
2024-08-13 21:45:48.865 - 09
2024-08-13 21:45:48.865 - 00
2024-08-13 21:45:48.868 - 00
2024-08-13 21:45:48.870 - 00
2024-08-13 21:45:48.874 - 00
2024-08-13 21:45:48.875 - 00
2024-08-13 21:45:48.877 - 00
2024-08-13 21:45:48.878 - 00
2024-08-13 21:45:48.884 - 00
2024-08-13 21:45:49.001 - 00
2024-08-13 21:45:49.033 - 00
2024-08-13 21:45:49.136 - 00
2024-08-13 21:45:49.316 - 00
2024-08-13 21:45:49.522 - 00
2024-08-13 21:45:49.539 - 00
2024-08-13 21:45:49.556 - 00
2024-08-13 21:45:49.579 - 00
2024-08-13 21:45:49.734 - 00
2024-08-13 21:45:49.744 - 00
2024-08-13 21:45:49.775 - 00
2024-08-13 21:45:49.859 - 00
2024-08-13 21:45:49.876 - 00
2024-08-13 21:45:50.044 - 00
2024-08-13 21:45:50.164 - 00
2024-08-13 21:45:50.172 - 00
2024-08-13 21:45:50.204 - 00
2024-08-13 21:45:50.349 - 00
2024-08-13 21:45:50.366 - 00
2024-08-13 21:45:50.371 - 00
2024-08-13 21:45:50.377 - 00
2024-08-13 21:45:50.378 - 00
2024-08-13 21:45:50.384 - 00
2024-08-13 21:45:50.397 - 00
2024-08-13 21:45:50.537 - 00
2024-08-13 21:45:50.537 - 00
2024-08-13 21:45:50.563 - 00
2024-08-13 21:45:50.570 - 00
2024-08-13 21:45:50.573 - 00
2024-08-13 21:45:50.579 - 00
2024-08-13 21:45:50.580 - 00
2024-08-13 21:45:50.588 - 00
2024-08-13 21:45:50.588 - 00
2024-08-13 21:45:50.588 - 00
2024-08-13 21:45:50.601 - 00
2024-08-13 21:45:50.722 - 00
2024-08-13 21:45:50.730 - 00
2024-08-13 21:45:50.733 - 00 00
2024-08-13 21:45:50.735 - 00
2024-08-13 21:45:50.743 - 00
2024-08-13 21:45:50.745 - 00
2024-08-13 21:45:50.748 - 00
2024-08-13 21:45:50.755 - 00 02
2024-08-13 21:45:50.756 - 00
2024-08-13 21:45:50.760 - 00
2024-08-13 21:45:50.768 - 00
2024-08-13 21:45:50.768 - 00
2024-08-13 21:45:50.773 - 08
2024-08-13 21:45:50.774 - 00
2024-08-13 21:45:50.781 - 00
2024-08-13 21:45:50.784 - 00 00
2024-08-13 21:45:50.909 - 00
2024-08-13 21:45:50.909 - 00
2024-08-13 21:45:50.917 - 00 80 00
2024-08-13 21:45:50.922 - 00
2024-08-13 21:45:50.932 - 00 00
2024-08-13 21:45:50.933 - 00
2024-08-13 21:45:50.938 - 04
2024-08-13 21:45:50.945 - 00 00
2024-08-13 21:45:50.946 - 00
2024-08-13 21:45:50.950 - 00
2024-08-13 21:45:50.950 - 00
2024-08-13 21:45:50.953 - 00
2024-08-13 21:45:50.953 - 00
2024-08-13 21:45:50.959 - 00
2024-08-13 21:45:50.961 - 00 00
2024-08-13 21:45:50.965 - 04
2024-08-13 21:45:50.967 - 00
2024-08-13 21:45:50.974 - 10 00
2024-08-13 21:45:50.976 - 00
2024-08-13 21:45:50.984 - 00
2024-08-13 21:45:50.985 - 00
2024-08-13 21:45:50.988 - 00
2024-08-13 21:45:50.991 - 00 40 00
2024-08-13 21:45:50.993 - 00
2024-08-13 21:45:50.997 - 00 00
2024-08-13 21:45:51.002 - 02 00
2024-08-13 21:45:51.002 - 00 00
2024-08-13 21:45:51.006 - 00
2024-08-13 21:45:51.006 - 02
2024-08-13 21:45:51.012 - 00
2024-08-13 21:45:51.016 - 00
2024-08-13 21:45:51.019 - 02
2024-08-13 21:45:51.019 - 00
2024-08-13 21:45:51.024 - 02 00
2024-08-13 21:45:51.026 - 00
2024-08-13 21:45:51.031 - 00 00 00
2024-08-13 21:45:51.035 - 00
2024-08-13 21:45:51.039 - 00 00 00
2024-08-13 21:45:51.041 - 00
2024-08-13 21:45:51.044 - 01 00
2024-08-13 21:45:51.053 - 02 00 00 84
2024-08-13 21:45:51.057 - 00
2024-08-13 21:45:51.063 - 81 00 00 00
2024-08-13 21:45:51.066 - 04
2024-08-13 21:45:51.066 - 40
2024-08-13 21:45:51.070 - 40 00
2024-08-13 21:45:51.073 - 00
2024-08-13 21:45:51.077 - 01 01
2024-08-13 21:45:51.081 - 04 00 00 00 04 02
2024-08-13 21:45:51.088 - 00 00 00
2024-08-13 21:45:51.090 - 00
2024-08-13 21:45:51.094 - 10 02
2024-08-13 21:45:51.101 - 00 A0 00 10 08
2024-08-13 21:45:51.110 - 08 80 00 08 00 00 00
2024-08-13 21:45:51.111 - 00
2024-08-13 21:45:51.114 - 00 16
2024-08-13 21:45:51.114 - 04
2024-08-13 21:45:51.118 - 00 02
2024-08-13 21:45:51.120 - 40
2024-08-13 21:45:51.128 - 00 00 00 88 08 00
2024-08-13 21:45:51.135 - 00 00 00 01
2024-08-13 21:45:51.137 - 00
2024-08-13 21:45:51.139 - 00 40
2024-08-13 21:45:51.144 - 00
2024-08-13 21:45:51.144 - 00
2024-08-13 21:45:51.149 - 00 00 00
2024-08-13 21:45:51.152 - 40 04 00
2024-08-13 21:45:51.155 - 00
2024-08-13 21:45:51.159 - 00 00
2024-08-13 21:45:51.160 - 00 00
2024-08-13 21:45:51.163 - 00 00
2024-08-13 21:45:51.167 - 00
2024-08-13 21:45:51.170 - 00 40
2024-08-13 21:45:51.174 - 00 00 00
2024-08-13 21:45:51.179 - 00 00 44 00 01
2024-08-13 21:45:51.186 - 10 00 43 10
2024-08-13 21:45:51.195 - 00 00 00 82 01 00
2024-08-13 21:45:51.201 - 00 04 01 00 00
2024-08-13 21:45:51.206 - 24 80 04 00 00
2024-08-13 21:45:51.213 - 20 46 00 08
2024-08-13 21:45:51.219 - 00 41 80 08 02 41 00 80 00 80 00
2024-08-13 21:45:51.227 - 20
2024-08-13 21:45:51.231 - 01 00 80
2024-08-13 21:45:51.236 - 02 40 04
2024-08-13 21:45:51.247 - 00 00 00 08 00 20 00 0A 40
2024-08-13 21:45:51.248 - 00
2024-08-13 21:45:51.254 - 80 82 00 08 02
2024-08-13 21:45:51.263 - 00 00 03 00 00 02 00
2024-08-13 21:45:51.266 - 00 00
2024-08-13 21:45:51.266 - 26
2024-08-13 21:45:51.273 - 80 08 18 12
2024-08-13 21:45:51.274 - 00
2024-08-13 21:45:51.277 - 01 02 00
2024-08-13 21:45:51.291 - 01 80 1A 02 90 41 02 05 02
2024-08-13 21:45:51.310 - 00 00 08 01 00 00 01 04 41 00 14 00 40 00 00 00 00
2024-08-13 21:45:51.320 - 42 0A 40 10 80 02 00 04
2024-08-13 21:45:51.333 - 00 02 00 82 40 00 00 06 00 00 02
2024-08-13 21:45:51.338 - 01 00 20 00 00
2024-08-13 21:45:51.368 - 40 20 82 10 01 00 00 80 02 24 00 00 43 00 02 40 41 00 00 0A 40 00
2024-08-13 21:45:51.372 - 40 01 0E 00 16 00
2024-08-13 21:45:51.402 - 84 01 42 04 82 00 00 02 CA 8B 91 05 00 50 8B 04 70 04 80 20 84 C2 80 82 41 A2 08 00
2024-08-13 21:45:51.408 - 11 00 08 0A 02
2024-08-13 21:45:51.444 - 00 02 02 00 08 04 42 80 A0 00 21 11 12 08 20 08 12 81 0A 86 12 02 0E 1C 40 02 00 1D 00 20 8D 60
2024-08-13 21:45:51.458 - 02 40 C1 2E 23 09 52 02 18 90 41 06 00 00 04 0D 34
2024-08-13 21:45:51.486 - CC 10 00 E0 24 1D 02 48 44 50 0A 42 88 02 03 B0 04 10 92
2024-08-13 21:45:51.519 - 42 04 12 18 02 06 01 12 91 20 23 11 A0 10 13 08 20 84 04 03 41 23 46 82 84 9A 02 02 02 80 83 26
2024-08-13 21:45:51.533 - 26 70 10 61 01 09 E0 40 F3
2024-08-13 21:45:51.660 - 36 5C 90 83 52 8B 01 28 CE
2024-08-13 21:45:51.672 - 36 AF AE 8E C8
2024-08-13 21:45:51.676 - 69 8B 94
2024-08-13 21:45:51.683 - 25 CB C2 5C 97
2024-08-13 21:45:51.683 - 8F
2024-08-13 21:45:51.686 - 16
2024-08-13 21:45:51.689 - 1F 83
2024-08-13 21:45:51.691 - 0B
2024-08-13 21:45:51.695 - 86 15 B6
2024-08-13 21:45:51.705 - 5E CA 67 C6 3E 83 D6 87
2024-08-13 21:45:51.710 - EA
2024-08-13 21:45:51.710 - 72
2024-08-13 21:45:51.715 - C3 66
2024-08-13 21:45:51.716 - 66 65
2024-08-13 21:45:51.721 - 2E FA
2024-08-13 21:45:51.840 - 9F
2024-08-13 21:45:51.852 - 3F
2024-08-13 21:45:51.857 - EF
2024-08-13 21:45:51.866 - 77
2024-08-13 21:45:51.867 - FF
2024-08-13 21:45:58.680 - FF
2024-08-13 21:45:58.803 - 00
2024-08-13 21:45:58.816 - 00
2024-08-13 21:45:58.820 - 00
2024-08-13 21:45:58.820 - 00
2024-08-13 21:45:58.824 - 00
2024-08-13 21:45:58.828 - 00
2024-08-13 21:45:58.833 - 00
2024-08-13 21:45:58.836 - 00
2024-08-13 21:45:58.836 - 00
2024-08-13 21:45:58.836 - 00
2024-08-13 21:45:58.836 - 00
2024-08-13 21:45:58.836 - 00
2024-08-13 21:45:58.852 - 00
2024-08-13 21:45:58.852 - 00
2024-08-13 21:45:58.852 - 00
2024-08-13 21:45:58.859 - 00
2024-08-13 21:45:58.859 - 00
2024-08-13 21:45:58.867 - 00
2024-08-13 21:45:58.872 - 00
2024-08-13 21:45:58.953 - 00
2024-08-13 21:45:58.963 - 00
2024-08-13 21:45:58.967 - 00
2024-08-13 21:45:58.968 - 00
2024-08-13 21:45:58.972 - 00
2024-08-13 21:45:58.972 - 00
2024-08-13 21:45:58.976 - 00
2024-08-13 21:45:58.979 - 00
2024-08-13 21:45:58.981 - 00
2024-08-13 21:45:58.986 - 00
2024-08-13 21:45:58.987 - 00
2024-08-13 21:45:58.992 - 00
2024-08-13 21:45:58.995 - 00
2024-08-13 21:45:58.999 - 00
2024-08-13 21:45:59.003 - 00
2024-08-13 21:45:59.007 - 00
2024-08-13 21:45:59.010 - 00
2024-08-13 21:45:59.014 - 00
2024-08-13 21:45:59.016 - 00
2024-08-13 21:45:59.020 - 00
2024-08-13 21:45:59.184 - 1A BE B0 DC 03 FD (继电器地址-西阳天幕)
2024-08-13 21:45:59.615 - FE
2024-08-13 21:45:59.935 - FF
2024-08-13 21:46:00.123 - 00
2024-08-13 21:46:00.129 - 00
2024-08-13 21:46:00.129 - 00
2024-08-13 21:46:00.129 - 00
2024-08-13 21:46:00.138 - 00
2024-08-13 21:46:00.139 - 00
2024-08-13 21:46:00.144 - 00
2024-08-13 21:46:00.250 - E0
2024-08-13 21:46:10.394 - 1A BE B0 DC 03 (继电器地址-西阳天幕)
2024-08-13 21:46:10.647 - 00
2024-08-13 21:46:10.664 - 00
2024-08-13 21:46:10.667 - 00
2024-08-13 21:46:10.829 - 1A BE B0 DC 03 FF (继电器地址-西阳天幕)
2024-08-13 21:46:11.257 - FE
2024-08-13 21:46:11.869 - FF
2024-08-13 21:46:12.203 - 68 86 FF
2024-08-13 21:47:07.691 - FF
2024-08-13 21:47:07.691 - 00
2024-08-13 21:47:30.625 - 00
2024-08-13 21:47:32.958 - 1A 20 07 01 30 00 01 02 0F (自保持开关地址-西阳顶灯, 西阳顶灯开关)
2024-08-13 21:47:33.399 - 1A BE B0 DC 04 00 02 00 (继电器地址-西阳窗帘, 西阳窗帘关)
2024-08-13 21:47:34.064 - 1A 20 07 01 30 00 01 02 0F (自保持开关地址-西阳顶灯, 西阳顶灯开关)
2024-08-13 21:47:34.672 - 1A 20 07 01 30 00 01 02 0F (自保持开关地址-西阳顶灯, 西阳顶灯开关)
2024-08-13 21:47:37.833 - 1A BE B0 DC 0A 00 02 00 (继电器地址-客厅纱帘, 客厅纱帘开)
2024-08-13 21:47:39.723 - 1A BE B0 DC 03 00 03 00 (继电器地址-西阳天幕, 西阳天幕关)
2024-08-13 21:47:41.924 - 1A BE B0 DC 04 00 02 00 (继电器地址-西阳窗帘, 西阳窗帘关)
2024-08-13 21:47:43.248 - 1A BE B0 DC 04 00 01 00 (继电器地址-西阳窗帘, 西阳窗帘开)
2024-08-13 21:47:44.516 - FF FF FF FF 0E 00 01 00 (继电器地址-西阳小窗帘, 西阳小窗帘开)
2024-08-13 21:47:45.743 - 1A BE B0 DC 04 00 01 00 (继电器地址-西阳窗帘, 西阳窗帘开)
2024-08-13 21:48:13.680 - 1A 20 00 00 01 86 86 86 0F
2024-08-13 21:48:13.900 - 20 03 00 10 00 01 83 7E
2024-08-13 21:48:13.963 - 20 03 02 26
2024-08-13 21:48:14.932 - 1A 20 00 00 01 00 00 01 00 00 01 00 00 01 00 00 01 00 00 01 26 01 01 00 00 01 0F
2024-08-13 21:48:15.828 - 1A 20 00 00 01 86 86 86 0F
2024-08-13 21:48:16.047 - 20 03 00 10 00 01 83 7E
2024-08-13 21:48:16.174 - 20 03 02 26 EF 5F AF
2024-08-13 21:48:17.077 - 1A 20 00 00 01 00 00 01 00 00 01 00 00 01 00 00 01 00 00 01 26 EF 01 00 00 01 0F
2024-08-13 21:48:17.906 - 1A 20 00 00 01 86 86 86 0F
2024-08-13 21:48:18.127 - 20 03 00 10 00 01 83 7E
2024-08-13 21:48:19.160 - 1A 20 00 00 01 00 00 01 00 00 01 00 00 01 00 00 01 00 00 01 00 01 01 00 00 01 0F
2024-08-13 21:48:19.947 - 1A 20 00 00 01 86 86 86 0F
2024-08-13 21:48:20.172 - 20 03 00 10 00 01 83 7E
2024-08-13 21:48:21.186 - 1A 20 00 00 01 00 00 01 00 00 01 00 00 01 00 00 01 00 00 01 00 01 01 00 00 01 0F
2024-08-13 21:48:23.592 - 1A 20 00 00 01 86 86 86 0F
2024-08-13 21:48:23.822 - 20 03 00 10 00 01 83 7E
2024-08-13 21:48:23.875 - 20 03 02
2024-08-13 21:48:24.841 - 1A 20 00 00 01 00 00 01 00 00 01 00 00 01 00 00 01 00 00 01 00 01 01 00 00 01 0F
2024-08-13 21:48:27.048 - 1A 20 00 00 01 86 86 86 0F
2024-08-13 21:48:27.269 - 20 03 00 10 00 01 83 7E
2024-08-13 21:48:28.291 - 1A 20 00 00 01 00 00 01 00 00 01 00 00 01 00 00 01 00 00 01 00 01 01 00 00 01 0F
2024-08-13 21:48:29.309 - 1A 20 00 00 01 86 86 86 0F
2024-08-13 21:48:29.539 - 20 03 00 10 00 01 83 7E
2024-08-13 21:48:30.563 - 1A 20 00 00 01 00 00 01 00 00 01 00 00 01 00 00 01 00 00 01 00 01 01 00 00 01 0F
2024-08-13 21:48:34.962 - 1A 20 00 00 01 86 86 86 0F
2024-08-13 21:48:35.184 - 20 03 00 10 00 01 83 7E
2024-08-13 21:48:36.203 - 1A 20 00 00 01 00 00 01 00 00 01 00 00 01 00 00 01 00 00 01 00 01 01 00 00 01 0F
2024-08-13 21:48:37.494 - 1A 20 00 00 01 86 86 86 0F
2024-08-13 21:48:37.714 - 20 03 00 10 00 01 83 7E
2024-08-13 21:48:38.741 - 1A 20 00 00 01 00 00 01 00 00 01 00 00 01 00 00 01 00 00 01 00 01 01 00 00 01 0F
2024-08-13 21:48:47.328 - 1A 20 00 00 00 86 86 86 0F
2024-08-13 21:48:47.548 - 20 03 00 00 00 02 C2 BA
2024-08-13 21:48:47.596 - 20 03 04 01 83 01 17 FA
2024-08-13 21:48:48.566 - 1A 20 00 00 00 00 00 01 00 00 01 00 00 01 01 17 01 01 83 01 00 00 01 00 00 01 0F
2024-08-13 21:48:57.860 - 1A 20 00 00 00 86 86 86 0F
2024-08-13 21:48:58.090 - 20 03 00 00 00 02 C2 BA
2024-08-13 21:48:59.114 - 1A 20 00 00 00 00 00 01 00 00 01 00 00 01 86 86 01 00 00 01 00 00 01 00 00 01 0F
2024-08-13 21:49:01.262 - 1A 20 00 00 00 86 86 86 0F
2024-08-13 21:49:01.485 - 20 03 00 00 00 02 C2 BA
2024-08-13 21:49:02.510 - 1A 20 00 00 00 00 00 01 00 00 01 00 00 01 86 86 01 00 00 01 00 00 01 00 00 01 0F
2024-08-13 21:49:03.738 - 1A 20 00 00 00 86 86 86 0F
2024-08-13 21:49:03.970 - 20 03 00 00 00 02 C2 BA
2024-08-13 21:49:04.026 - 20 03 04 01 7F 01 17 BA 8B
2024-08-13 21:49:04.995 - 1A 20 00 00 00 00 00 01 00 00 01 00 00 01 01 17 01 01 7F 01 00 00 01 00 00 01 0F
2024-08-13 21:49:18.474 - 1A 20 07 01 30 00 01 02 0F (自保持开关地址-西阳顶灯, 西阳顶灯开关)
2024-08-13 21:50:08.514 - 1A 20 07 01 30 00 01 02 0F (自保持开关地址-西阳顶灯, 西阳顶灯开关)
2024-08-13 21:56:18.931 - 1A 20 00 00 00 86 86 86 0F
2024-08-13 21:56:19.161 - 20 03 00 00 00 02 C2 BA
2024-08-13 21:56:20.180 - 1A 20 00 00 00 00 00 01 00 00 01 00 00 01 86 86 01 00 00 01 00 00 01 00 00 01 0F
2024-08-13 21:56:22.039 - 1A 20 00 00 00 86 86 86 0F
2024-08-13 21:56:22.268 - 20 03 00 00 00 02 C2 BA
2024-08-13 21:56:23.278 - 1A 20 00 00 00 00 00 01 00 00 01 00 00 01 86 86 01 00 00 01 00 00 01 00 00 01 0F
2024-08-13 21:57:00.816 - FF
2024-08-13 21:57:01.211 - 00
2024-08-13 21:57:29.042 - 1A 20 00 00 00 86 86 86 0F
2024-08-13 21:57:29.271 - 20 03 00 00 00 02 C2 BA
2024-08-13 21:57:30.293 - 1A 20 00 00 00 00 00 01 00 00 01 00 00 01 86 86 01 00 00 01 00 00 01 00 00 01 0F
2024-08-13 21:57:31.286 - 1A 20 00 00 00 86 86 86 0F
2024-08-13 21:57:31.515 - 20 03 00 00 00 02 C2 BA
2024-08-13 21:57:31.568 - 20 03 04 01 7D 01 22 DB 5C
2024-08-13 21:57:32.536 - 1A 20 00 00 00 00 00 01 00 00 01 00 00 01 01 22 01 01 7D 01 00 00 01 00 00 01 0F
2024-08-13 21:57:36.901 - 1A 20 00 00 00 86 86 86 0F
2024-08-13 21:57:37.126 - 20 03 00 00 00 02 C2 BA
2024-08-13 21:57:38.149 - 1A 20 00 00 00 00 00 01 00 00 01 00 00 01 86 86 01 00 00 01 00 00 01 00 00 01 0F
2024-08-13 21:57:38.918 - 1A 20 00 00 00 86 86 86 0F
2024-08-13 21:57:39.139 - 20 03 00 00 00 02 C2 BA
2024-08-13 21:57:40.156 - 1A 20 00 00 00 00 00 01 00 00 01 00 00 01 86 86 01 00 00 01 00 00 01 00 00 01 0F
2024-08-13 21:57:41.319 - 1A 20 00 00 00 86 86 86 0F
2024-08-13 21:57:41.545 - 20 03 00 00 00 02 C2 BA
2024-08-13 21:57:42.562 - 1A 20 00 00 00 00 00 01 00 00 01 00 00 01 86 86 01 00 00 01 00 00 01 00 00 01 0F
2024-08-13 21:57:43.494 - 1A 20 00 00 00 86 86 86 0F
2024-08-13 21:57:43.729 - 20 03 00 00 00 02 C2 BA
2024-08-13 21:57:43.850 - 0A 77 01 22 FB 5E
2024-08-13 21:57:44.748 - 1A 20 00 00 00 00 00 01 00 00 01 00 00 01 5E 86 01 22 FB 01 00 00 01 00 00 01 0F
2024-08-13 21:57:46.500 - 1A 20 00 00 00 86 86 86 0F
2024-08-13 21:57:46.725 - 20 03 00 00 00 02 C2 BA
2024-08-13 21:57:47.741 - 1A 20 00 00 00 00 00 01 00 00 01 00 00 01 86 86 01 00 00 01 00 00 01 00 00 01 0F
2024-08-13 21:58:14.905 - 1A FF 03 00 00 86 86 86 0F (调用查询模块-主卧空调开关查询, 主卧空调虚拟地址)
2024-08-13 21:58:15.125 - 01 04 07 DC 00 01 F1 44 (查询主卧空调开关状态)
2024-08-13 21:58:15.157 - 01 04 02 70 01 5D 30
2024-08-13 21:58:16.132 - 1A FF 03 00 00 01 00 0F (主卧空调虚拟地址)
2024-08-13 21:58:16.316 - 1A FF 04 00 00 86 86 86 0F (调用查询模块-次卧空调开关查询, 次卧空调虚拟地址)
2024-08-13 21:58:16.539 - 01 04 07 E2 00 01 90 88 (查询次卧空调开关状态)
2024-08-13 21:58:16.562 - 01 04 02 70 00 9C F0
2024-08-13 21:58:17.547 - 1A FF 04 00 00 00 00 0F (次卧空调虚拟地址)
2024-08-13 21:58:17.734 - 1A FF 05 00 00 86 86 86 0F (调用查询模块-书房空调开关查询, 书房空调虚拟地址)
2024-08-13 21:58:17.953 - 01 04 07 E8 00 01 B0 8A (查询书房空调开关状态)
2024-08-13 21:58:17.963 - 01 04 02 70 00 9C F0
2024-08-13 21:58:18.953 - 1A FF 05 00 00 00 00 0F (书房空调虚拟地址)
2024-08-13 21:58:19.058 - 1A FF 02 00 00 86 86 86 0F (调用查询模块-餐厅空调开关查询, 餐厅空调虚拟地址)
2024-08-13 21:58:19.279 - 01 04 07 D6 00 01 D1 46 (查询餐厅空调开关状态)
2024-08-13 21:58:19.299 - 01 04 02 70 01 5D 30
2024-08-13 21:58:20.284 - 1A FF 02 00 00 01 00 0F (餐厅空调虚拟地址)
2024-08-13 21:58:20.391 - 1A FF 01 00 00 86 86 86 0F (调用查询模块-客厅空调开关查询, 客厅空调虚拟地址)
2024-08-13 21:58:20.622 - 01 04 07 D0 00 01 31 47 (查询客厅空调开关状态)
2024-08-13 21:58:20.640 - 01 04 02 70 01 5D 30
2024-08-13 21:58:21.625 - 1A FF 01 00 00 01 00 0F (客厅空调虚拟地址)
2024-08-13 21:58:21.830 - 1A 10 00 00 00 86 86 86 0F (调用查询模块-主卧测温转换, 主卧温湿度虚拟地址)
2024-08-13 21:58:22.052 - 1D 03 00 00 00 02 C6 57 (查询主卧温湿度)
2024-08-13 21:58:22.078 - 1D 03 04 01 EC 00 FD 26 7A (主卧温湿度返回)
2024-08-13 21:58:23.078 - 1A 10 00 00 00 00 00 01 00 00 01 00 00 01 00 FD 01 01 EC 01 00 00 01 00 00 01 0F (主卧温湿度虚拟地址)
2024-08-13 21:58:23.271 - 1A 11 00 00 00 86 86 86 0F (调用查询模块-次卧测温转换, 次卧温湿度虚拟地址)
2024-08-13 21:58:23.492 - 11 03 00 00 00 02 C6 9B (查询次卧温湿度)
2024-08-13 21:58:23.518 - 11 03 04 02 1F 01 28 DA 02 (次卧温湿度返回)
2024-08-13 21:58:24.516 - 1A 11 00 00 00 00 00 01 00 00 01 00 00 01 01 28 01 02 1F 01 00 00 01 00 00 01 0F (次卧温湿度虚拟地址)
2024-08-13 21:58:24.700 - 1A 12 00 00 00 86 86 86 0F (调用查询模块-书房测温转换, 书房温湿度虚拟地址)
2024-08-13 21:58:24.922 - 12 03 00 00 00 02 C6 A8 (查询书房温湿度)
2024-08-13 21:58:24.938 - 12 03 04 01 8D 01 1D 88 BC (书房温湿度返回)
2024-08-13 21:58:25.936 - 1A 12 00 00 00 00 00 01 00 00 01 00 00 01 01 1D 01 01 8D 01 00 00 01 00 00 01 0F (书房温湿度虚拟地址)
2024-08-13 21:58:26.133 - 1A 13 00 00 00 86 86 86 0F (调用查询模块-外卫测温转换, 外卫温湿度虚拟地址)
2024-08-13 21:58:26.363 - 13 03 00 00 00 02 C7 79 (查询外卫温湿度)
2024-08-13 21:58:26.388 - 13 03 04 01 9E 01 0D 68 75 (外卫温湿度返回)
2024-08-13 21:58:27.381 - 1A 13 00 00 00 00 00 01 00 00 01 00 00 01 01 0D 01 01 9E 01 00 00 01 00 00 01 0F (外卫温湿度虚拟地址)
2024-08-13 21:58:27.569 - 1A 14 00 00 00 86 86 86 0F (调用查询模块-内卫测温转换, 内卫温湿度虚拟地址)
2024-08-13 21:58:27.778 - 14 03 00 00 00 02 C6 CE (查询内卫温湿度)
2024-08-13 21:58:27.808 - 14 03 04 01 AB 00 FE 4F 6E (内卫温湿度返回)
2024-08-13 21:58:28.811 - 1A 14 00 00 00 00 00 01 00 00 01 00 00 01 00 FE 01 01 AB 01 00 00 01 00 00 01 0F (内卫温湿度虚拟地址)
2024-08-13 21:58:29.001 - 1A 15 00 00 00 86 86 86 0F (调用查询模块-客厅测温转换, 客厅温湿度虚拟地址)
2024-08-13 21:58:29.224 - 15 03 00 00 00 02 C7 1F (查询客厅温湿度)
2024-08-13 21:58:29.239 - 15 03 04 01 DA 00 F2 0F B0 (客厅温湿度返回)
2024-08-13 21:58:30.253 - 1A 15 00 00 00 00 00 01 00 00 01 00 00 01 00 F2 01 01 DA 01 00 00 01 00 00 01 0F (客厅温湿度虚拟地址)
2024-08-13 21:58:30.423 - 1A 16 00 00 00 86 86 86 0F (调用查询模块-机柜测温转换, 机柜温湿度虚拟地址)
2024-08-13 21:58:30.653 - 16 03 00 00 00 02 C7 2C (查询机柜温湿度)
2024-08-13 21:58:30.672 - 16 03 04 01 D2 00 FD FD 76 (机柜温湿度返回)
2024-08-13 21:58:31.672 - 1A 16 00 00 00 00 00 01 00 00 01 00 00 01 00 FD 01 01 D2 01 00 00 01 00 00 01 0F (机柜温湿度虚拟地址)
2024-08-13 21:58:31.865 - 1A 0E 00 00 00 86 86 86 0F (调用查询模块-厨房测温转换, 厨房温湿度虚拟地址)
2024-08-13 21:58:32.086 - 0E 03 00 00 00 02 C4 F4 (查询厨房温湿度)
2024-08-13 21:58:32.115 - 0E 03 04 01 6B 01 26 F5 59 (厨房温湿度返回)
2024-08-13 21:58:33.115 - 1A 0E 00 00 00 00 00 01 00 00 01 00 00 01 01 26 01 01 6B 01 00 00 01 00 00 01 0F (厨房温湿度虚拟地址)
2024-08-13 21:58:33.309 - 1A 0F 00 00 00 86 86 86 0F (调用查询模块-餐厅测温转换, 餐厅温湿度虚拟地址)
2024-08-13 21:58:33.528 - 1C 03 00 00 00 02 C7 86 (查询餐厅温湿度)
2024-08-13 21:58:33.558 - 1C 03 04 01 97 01 0C 86 B7 (餐厅温湿度返回)
2024-08-13 21:58:34.563 - 1A 0F 00 00 00 00 00 01 00 00 01 00 00 01 01 0C 01 01 97 01 00 00 01 00 00 01 0F (餐厅温湿度虚拟地址)
2024-08-13 21:58:36.053 - 1A 15 00 00 00 86 86 86 0F (调用查询模块-客厅测温转换, 客厅温湿度虚拟地址)
2024-08-13 21:58:36.266 - 15 03 00 00 00 02 C7 1F (查询客厅温湿度)
2024-08-13 21:58:36.297 - 15 03 04 01 D9 00 F2 FF B0 (客厅温湿度返回)
2024-08-13 21:58:37.297 - 1A 15 00 00 00 00 00 01 00 00 01 00 00 01 00 F2 01 01 D9 01 00 00 01 00 00 01 0F (客厅温湿度虚拟地址)
2024-08-13 21:58:39.031 - 1A 15 00 00 00 86 86 86 0F (调用查询模块-客厅测温转换, 客厅温湿度虚拟地址)
2024-08-13 21:58:39.261 - 15 03 00 00 00 02 C7 1F (查询客厅温湿度)
2024-08-13 21:58:39.282 - 15 03 04 01 D7 00 F2 9E 73 (客厅温湿度返回)
2024-08-13 21:58:40.279 - 1A 15 00 00 00 00 00 01 00 00 01 00 00 01 00 F2 01 01 D7 01 00 00 01 00 00 01 0F (客厅温湿度虚拟地址)
2024-08-13 21:58:40.703 - 1A 15 00 00 00 86 86 86 0F (调用查询模块-客厅测温转换, 客厅温湿度虚拟地址)
2024-08-13 21:58:40.930 - 15 03 00 00 00 02 C7 1F (查询客厅温湿度)
2024-08-13 21:58:40.953 - 15 03 04 01 D7 00 F2 9E 73 (客厅温湿度返回)
2024-08-13 21:58:41.957 - 1A 15 00 00 00 00 00 01 00 00 01 00 00 01 00 F2 01 01 D7 01 00 00 01 00 00 01 0F (客厅温湿度虚拟地址)
2024-08-13 21:58:58.517 - 1A FF 03 00 00 86 86 86 0F (调用查询模块-主卧空调开关查询, 主卧空调虚拟地址)
2024-08-13 21:58:58.749 - 01 04 07 DC 00 01 F1 44 (查询主卧空调开关状态)
2024-08-13 21:58:58.773 - 01 04 02 70 01 5D 30
2024-08-13 21:58:59.749 - 1A FF 03 00 00 01 00 0F (主卧空调虚拟地址)
2024-08-13 21:58:59.932 - 1A FF 04 00 00 86 86 86 0F (调用查询模块-次卧空调开关查询, 次卧空调虚拟地址)
2024-08-13 21:59:00.141 - 01 04 07 E2 00 01 90 88 (查询次卧空调开关状态)
2024-08-13 21:59:00.180 - 01 04 02 70 00 9C F0
2024-08-13 21:59:01.155 - 1A FF 04 00 00 00 00 0F (次卧空调虚拟地址)
2024-08-13 21:59:01.362 - 1A FF 05 00 00 86 86 86 0F (调用查询模块-书房空调开关查询, 书房空调虚拟地址)
2024-08-13 21:59:01.582 - 01 04 07 E8 00 01 B0 8A (查询书房空调开关状态)
2024-08-13 21:59:01.612 - 01 04 02 70 00 9C F0
2024-08-13 21:59:02.580 - 1A FF 05 00 00 00 00 0F (书房空调虚拟地址)
2024-08-13 21:59:02.787 - 1A FF 02 00 00 86 86 86 0F (调用查询模块-餐厅空调开关查询, 餐厅空调虚拟地址)
2024-08-13 21:59:03.015 - 01 04 07 D6 00 01 D1 46 (查询餐厅空调开关状态)
2024-08-13 21:59:03.024 - 01 04 02 70 01 5D 30
2024-08-13 21:59:04.022 - 1A FF 02 00 00 01 00 0F (餐厅空调虚拟地址)
2024-08-13 21:59:04.213 - 1A FF 01 00 00 86 86 86 0F (调用查询模块-客厅空调开关查询, 客厅空调虚拟地址)
2024-08-13 21:59:04.450 - 01 04 07 D0 00 01 31 47 (查询客厅空调开关状态)
2024-08-13 21:59:04.470 - 01 04 02 70 01 5D 30
2024-08-13 21:59:05.453 - 1A FF 01 00 00 01 00 0F (客厅空调虚拟地址)
2024-08-13 21:59:06.247 - 1A 10 00 00 00 86 86 86 0F (调用查询模块-主卧测温转换, 主卧温湿度虚拟地址)
2024-08-13 21:59:06.468 - 1D 03 00 00 00 02 C6 57 (查询主卧温湿度)
2024-08-13 21:59:06.497 - 1D 03 04 01 EB 00 FD 97 BB (主卧温湿度返回)
2024-08-13 21:59:07.498 - 1A 10 00 00 00 00 00 01 00 00 01 00 00 01 00 FD 01 01 EB 01 00 00 01 00 00 01 0F (主卧温湿度虚拟地址)
2024-08-13 21:59:07.706 - 1A 11 00 00 00 86 86 86 0F (调用查询模块-次卧测温转换, 次卧温湿度虚拟地址)
2024-08-13 21:59:07.928 - 11 03 00 00 00 02 C6 9B (查询次卧温湿度)
2024-08-13 21:59:07.943 - 11 03 04 02 1F 01 28 DA 02 (次卧温湿度返回)
2024-08-13 21:59:08.953 - 1A 11 00 00 00 00 00 01 00 00 01 00 00 01 01 28 01 02 1F 01 00 00 01 00 00 01 0F (次卧温湿度虚拟地址)
2024-08-13 21:59:09.141 - 1A 12 00 00 00 86 86 86 0F (调用查询模块-书房测温转换, 书房温湿度虚拟地址)
2024-08-13 21:59:09.360 - 12 03 00 00 00 02 C6 A8 (查询书房温湿度)
2024-08-13 21:59:09.373 - 12 03 04 01 8D 01 1D 88 BC (书房温湿度返回)
2024-08-13 21:59:10.375 - 1A 12 00 00 00 00 00 01 00 00 01 00 00 01 01 1D 01 01 8D 01 00 00 01 00 00 01 0F (书房温湿度虚拟地址)
2024-08-13 21:59:10.565 - 1A 13 00 00 00 86 86 86 0F (调用查询模块-外卫测温转换, 外卫温湿度虚拟地址)
2024-08-13 21:59:10.795 - 13 03 00 00 00 02 C7 79 (查询外卫温湿度)
2024-08-13 21:59:10.818 - 13 03 04 01 9B 01 0D 78 74 (外卫温湿度返回)
2024-08-13 21:59:11.815 - 1A 13 00 00 00 00 00 01 00 00 01 00 00 01 01 0D 01 01 9B 01 00 00 01 00 00 01 0F (外卫温湿度虚拟地址)
2024-08-13 21:59:12.007 - 1A 14 00 00 00 86 86 86 0F (调用查询模块-内卫测温转换, 内卫温湿度虚拟地址)
2024-08-13 21:59:12.228 - 14 03 00 00 00 02 C6 CE (查询内卫温湿度)
2024-08-13 21:59:12.244 - 14 03 04 01 AB 00 FE 4F 6E (内卫温湿度返回)
2024-08-13 21:59:13.247 - 1A 14 00 00 00 00 00 01 00 00 01 00 00 01 00 FE 01 01 AB 01 00 00 01 00 00 01 0F (内卫温湿度虚拟地址)
2024-08-13 21:59:13.440 - 1A 15 00 00 00 86 86 86 0F (调用查询模块-客厅测温转换, 客厅温湿度虚拟地址)
2024-08-13 21:59:13.660 - 15 03 00 00 00 02 C7 1F (查询客厅温湿度)
2024-08-13 21:59:13.690 - 15 03 04 01 D6 00 F2 CF B3 (客厅温湿度返回)
2024-08-13 21:59:14.693 - 1A 15 00 00 00 00 00 01 00 00 01 00 00 01 00 F2 01 01 D6 01 00 00 01 00 00 01 0F (客厅温湿度虚拟地址)
2024-08-13 21:59:15.011 - 1A 16 00 00 00 86 86 86 0F (调用查询模块-机柜测温转换, 机柜温湿度虚拟地址)
2024-08-13 21:59:15.235 - 16 03 00 00 00 02 C7 2C (查询机柜温湿度)
2024-08-13 21:59:15.248 - 16 03 04 01 CE 00 FD 3C B0 (机柜温湿度返回)
2024-08-13 21:59:16.258 - 1A 16 00 00 00 00 00 01 00 00 01 00 00 01 00 FD 01 01 CE 01 00 00 01 00 00 01 0F (机柜温湿度虚拟地址)
2024-08-13 21:59:16.410 - 1A 0E 00 00 00 86 86 86 0F (调用查询模块-厨房测温转换, 厨房温湿度虚拟地址)
2024-08-13 21:59:16.631 - 0E 03 00 00 00 02 C4 F4 (查询厨房温湿度)
2024-08-13 21:59:16.647 - 0E 03 04 01 6E 01 26 E5 58 (厨房温湿度返回)
2024-08-13 21:59:17.661 - 1A 0E 00 00 00 00 00 01 00 00 01 00 00 01 01 26 01 01 6E 01 00 00 01 00 00 01 0F (厨房温湿度虚拟地址)
2024-08-13 21:59:17.771 - 1A 0F 00 00 00 86 86 86 0F (调用查询模块-餐厅测温转换, 餐厅温湿度虚拟地址)
2024-08-13 21:59:17.993 - 1C 03 00 00 00 02 C7 86 (查询餐厅温湿度)
2024-08-13 21:59:18.021 - 1C 03 04 01 98 01 0C B6 B4 (餐厅温湿度返回)
2024-08-13 21:59:19.023 - 1A 0F 00 00 00 00 00 01 00 00 01 00 00 01 01 0C 01 01 98 01 00 00 01 00 00 01 0F (餐厅温湿度虚拟地址)
2024-08-13 21:59:19.175 - 1A FF 01 00 00 86 86 86 0F (调用查询模块-客厅空调开关查询, 客厅空调虚拟地址)
2024-08-13 21:59:19.396 - 01 04 07 D0 00 01 31 47 (查询客厅空调开关状态)
2024-08-13 21:59:19.430 - 01 04 02 70 01 5D 30
2024-08-13 21:59:20.407 - 1A FF 01 00 00 01 00 0F (客厅空调虚拟地址)
2024-08-13 21:59:26.328 - 1A FF 03 00 00 86 86 86 0F (调用查询模块-主卧空调开关查询, 主卧空调虚拟地址)
2024-08-13 21:59:26.547 - 01 04 07 DC 00 01 F1 44 (查询主卧空调开关状态)
2024-08-13 21:59:26.563 - 01 04 02 70 01 5D 30
2024-08-13 21:59:27.547 - 1A FF 03 00 00 01 00 0F (主卧空调虚拟地址)
2024-08-13 21:59:27.674 - 1A FF 04 00 00 86 86 86 0F (调用查询模块-次卧空调开关查询, 次卧空调虚拟地址)
2024-08-13 21:59:27.895 - 01 04 07 E2 00 01 90 88 (查询次卧空调开关状态)
2024-08-13 21:59:27.922 - 01 04 02 70 00 9C F0
2024-08-13 21:59:28.893 - 1A FF 04 00 00 00 00 0F (次卧空调虚拟地址)
2024-08-13 21:59:29.521 - 1A FF 05 00 00 86 86 86 0F (调用查询模块-书房空调开关查询, 书房空调虚拟地址)
2024-08-13 21:59:29.745 - 01 04 07 E8 00 01 B0 8A (查询书房空调开关状态)
2024-08-13 21:59:29.768 - 01 04 02 70 00 9C F0
2024-08-13 21:59:30.747 - 1A FF 05 00 00 00 00 0F (书房空调虚拟地址)
2024-08-13 21:59:30.948 - 1A FF 02 00 00 86 86 86 0F (调用查询模块-餐厅空调开关查询, 餐厅空调虚拟地址)
2024-08-13 21:59:31.176 - 01 04 07 D6 00 01 D1 46 (查询餐厅空调开关状态)
2024-08-13 21:59:31.203 - 01 04 02 70 01 5D 30
2024-08-13 21:59:32.174 - 1A FF 02 00 00 01 00 0F (餐厅空调虚拟地址)
2024-08-13 21:59:32.386 - 1A FF 01 00 00 86 86 86 0F (调用查询模块-客厅空调开关查询, 客厅空调虚拟地址)
2024-08-13 21:59:32.612 - 01 04 07 D0 00 01 31 47 (查询客厅空调开关状态)
2024-08-13 21:59:32.635 - 01 04 02 70 01 5D 30
2024-08-13 21:59:33.611 - 1A FF 01 00 00 01 00 0F (客厅空调虚拟地址)
2024-08-13 21:59:33.715 - 1A 10 00 00 00 86 86 86 0F (调用查询模块-主卧测温转换, 主卧温湿度虚拟地址)
2024-08-13 21:59:33.946 - 1D 03 00 00 00 02 C6 57 (查询主卧温湿度)
2024-08-13 21:59:33.962 - 1D 03 04 01 ED 00 FD 77 BA (主卧温湿度返回)
2024-08-13 21:59:34.966 - 1A 10 00 00 00 00 00 01 00 00 01 00 00 01 00 FD 01 01 ED 01 00 00 01 00 00 01 0F (主卧温湿度虚拟地址)
2024-08-13 21:59:35.017 - 1A FF 03 00 00 86 86 86 0F (调用查询模块-主卧空调开关查询, 主卧空调虚拟地址)
2024-08-13 21:59:35.117 - 1A FF 04 00 00 86 86 86 0F (调用查询模块-次卧空调开关查询, 次卧空调虚拟地址)
2024-08-13 21:59:35.237 - 01 04 07 DC 00 01 F1 44 (查询主卧空调开关状态)
2024-08-13 21:59:35.271 - 01 04 02 70 01 5D 30
2024-08-13 21:59:36.247 - 1A FF 03 00 00 01 00 0F (主卧空调虚拟地址)
2024-08-13 21:59:36.375 - 1A FF 05 00 00 86 86 86 0F (调用查询模块-书房空调开关查询, 书房空调虚拟地址)
2024-08-13 21:59:36.595 - 01 04 07 E8 00 01 B0 8A (查询书房空调开关状态)
2024-08-13 21:59:36.627 - 01 04 02 70 00 9C F0
2024-08-13 21:59:37.594 - 1A FF 05 00 00 00 00 0F (书房空调虚拟地址)
2024-08-13 21:59:38.021 - 1A FF 02 00 00 86 86 86 0F (调用查询模块-餐厅空调开关查询, 餐厅空调虚拟地址)
2024-08-13 21:59:38.243 - 01 04 07 D6 00 01 D1 46 (查询餐厅空调开关状态)
2024-08-13 21:59:38.260 - 01 04 02 70 01 5D 30
2024-08-13 21:59:39.245 - 1A FF 02 00 00 01 00 0F (餐厅空调虚拟地址)
2024-08-13 21:59:39.450 - 1A FF 01 00 00 86 86 86 0F (调用查询模块-客厅空调开关查询, 客厅空调虚拟地址)
2024-08-13 21:59:39.672 - 01 04 07 D0 00 01 31 47 (查询客厅空调开关状态)
2024-08-13 21:59:39.689 - 01 04 02 70 01 5D 30
2024-08-13 21:59:40.672 - 1A FF 01 00 00 01 00 0F (客厅空调虚拟地址)
2024-08-13 21:59:40.885 - 1A 10 00 00 00 86 86 86 0F (调用查询模块-主卧测温转换, 主卧温湿度虚拟地址)
2024-08-13 21:59:41.109 - 1D 03 00 00 00 02 C6 57 (查询主卧温湿度)
2024-08-13 21:59:41.131 - 1D 03 04 01 ED 00 FD 77 BA (主卧温湿度返回)
2024-08-13 21:59:42.132 - 1A 10 00 00 00 00 00 01 00 00 01 00 00 01 00 FD 01 01 ED 01 00 00 01 00 00 01 0F (主卧温湿度虚拟地址)
2024-08-13 21:59:42.307 - 1A 11 00 00 00 86 86 86 0F (调用查询模块-次卧测温转换, 次卧温湿度虚拟地址)
2024-08-13 21:59:42.530 - 11 03 00 00 00 02 C6 9B (查询次卧温湿度)
2024-08-13 21:59:42.561 - 11 03 04 02 1D 01 28 7B C2 (次卧温湿度返回)
2024-08-13 21:59:43.561 - 1A 11 00 00 00 00 00 01 00 00 01 00 00 01 01 28 01 02 1D 01 00 00 01 00 00 01 0F (次卧温湿度虚拟地址)
2024-08-13 21:59:43.749 - 1A 12 00 00 00 86 86 86 0F (调用查询模块-书房测温转换, 书房温湿度虚拟地址)
2024-08-13 21:59:43.972 - 12 03 00 00 00 02 C6 A8 (查询书房温湿度)
2024-08-13 21:59:43.987 - 12 03 04 01 8D 01 1D 88 BC (书房温湿度返回)
2024-08-13 21:59:44.989 - 1A 12 00 00 00 00 00 01 00 00 01 00 00 01 01 1D 01 01 8D 01 00 00 01 00 00 01 0F (书房温湿度虚拟地址)
2024-08-13 21:59:45.211 - 1A 13 00 00 00 86 86 86 0F (调用查询模块-外卫测温转换, 外卫温湿度虚拟地址)
2024-08-13 21:59:45.449 - 13 03 00 00 00 02 C7 79 (查询外卫温湿度)
2024-08-13 21:59:45.465 - 13 03 04 01 9B 01 0D 78 74 (外卫温湿度返回)
2024-08-13 21:59:46.463 - 1A 13 00 00 00 00 00 01 00 00 01 00 00 01 01 0D 01 01 9B 01 00 00 01 00 00 01 0F (外卫温湿度虚拟地址)
2024-08-13 21:59:46.621 - 1A 14 00 00 00 86 86 86 0F (调用查询模块-内卫测温转换, 内卫温湿度虚拟地址)
2024-08-13 21:59:46.844 - 14 03 00 00 00 02 C6 CE (查询内卫温湿度)
2024-08-13 21:59:46.875 - 14 03 04 01 AA 00 FE 1E AE (内卫温湿度返回)
2024-08-13 21:59:47.875 - 1A 14 00 00 00 00 00 01 00 00 01 00 00 01 00 FE 01 01 AA 01 00 00 01 00 00 01 0F (内卫温湿度虚拟地址)
2024-08-13 21:59:48.049 - 1A 15 00 00 00 86 86 86 0F (调用查询模块-客厅测温转换, 客厅温湿度虚拟地址)
2024-08-13 21:59:48.271 - 15 03 00 00 00 02 C7 1F (查询客厅温湿度)
2024-08-13 21:59:48.293 - 15 03 04 01 D0 00 F2 2F B2 (客厅温湿度返回)
2024-08-13 21:59:49.297 - 1A 15 00 00 00 00 00 01 00 00 01 00 00 01 00 F2 01 01 D0 01 00 00 01 00 00 01 0F (客厅温湿度虚拟地址)
2024-08-13 21:59:49.484 - 1A 16 00 00 00 86 86 86 0F (调用查询模块-机柜测温转换, 机柜温湿度虚拟地址)
2024-08-13 21:59:49.703 - 16 03 00 00 00 02 C7 2C (查询机柜温湿度)
2024-08-13 21:59:49.718 - 16 03 04 01 C8 00 FD DC B1 (机柜温湿度返回)
2024-08-13 21:59:50.719 - 1A 16 00 00 00 00 00 01 00 00 01 00 00 01 00 FD 01 01 C8 01 00 00 01 00 00 01 0F (机柜温湿度虚拟地址)
2024-08-13 21:59:50.907 - 1A 0E 00 00 00 86 86 86 0F (调用查询模块-厨房测温转换, 厨房温湿度虚拟地址)
2024-08-13 21:59:51.127 - 0E 03 00 00 00 02 C4 F4 (查询厨房温湿度)
2024-08-13 21:59:51.160 - 0E 03 04 01 6C 01 26 44 98 (厨房温湿度返回)
2024-08-13 21:59:52.158 - 1A 0E 00 00 00 00 00 01 00 00 01 00 00 01 01 26 01 01 6C 01 00 00 01 00 00 01 0F (厨房温湿度虚拟地址)
2024-08-13 21:59:52.259 - 1A 0F 00 00 00 86 86 86 0F (调用查询模块-餐厅测温转换, 餐厅温湿度虚拟地址)
2024-08-13 21:59:52.479 - 1C 03 00 00 00 02 C7 86 (查询餐厅温湿度)
2024-08-13 21:59:52.504 - 1C 03 04 01 97 01 0C 86 B7 (餐厅温湿度返回)
2024-08-13 21:59:53.504 - 1A 0F 00 00 00 00 00 01 00 00 01 00 00 01 01 0C 01 01 97 01 00 00 01 00 00 01 0F (餐厅温湿度虚拟地址)
2024-08-13 22:00:11.531 - 1A FF 03 00 00 86 86 86 0F (调用查询模块-主卧空调开关查询, 主卧空调虚拟地址)
2024-08-13 22:00:11.760 - 01 04 07 DC 00 01 F1 44 (查询主卧空调开关状态)
2024-08-13 22:00:11.776 - 01 04 02 70 01 5D 30
2024-08-13 22:00:12.766 - 1A FF 03 00 00 01 00 0F (主卧空调虚拟地址)
2024-08-13 22:00:13.062 - 1A FF 04 00 00 86 86 86 0F (调用查询模块-次卧空调开关查询, 次卧空调虚拟地址)
2024-08-13 22:00:13.283 - 01 04 07 E2 00 01 90 88 (查询次卧空调开关状态)
2024-08-13 22:00:13.314 - 01 04 02 70 00 9C F0
2024-08-13 22:00:14.298 - 1A FF 04 00 00 00 00 0F (次卧空调虚拟地址)
2024-08-13 22:00:14.473 - 1A FF 05 00 00 86 86 86 0F (调用查询模块-书房空调开关查询, 书房空调虚拟地址)
2024-08-13 22:00:14.696 - 01 04 07 E8 00 01 B0 8A (查询书房空调开关状态)
2024-08-13 22:00:14.711 - 01 04 02 70 00 9C F0
2024-08-13 22:00:15.703 - 1A FF 05 00 00 00 00 0F (书房空调虚拟地址)
2024-08-13 22:00:15.943 - 1A FF 02 00 00 86 86 86 0F (调用查询模块-餐厅空调开关查询, 餐厅空调虚拟地址)
2024-08-13 22:00:16.172 - 01 04 07 D6 00 01 D1 46 (查询餐厅空调开关状态)
2024-08-13 22:00:16.189 - 01 04 02 70 01 5D 30
2024-08-13 22:00:17.175 - 1A FF 02 00 00 01 00 0F (餐厅空调虚拟地址)
2024-08-13 22:00:17.270 - 1A FF 01 00 00 86 86 86 0F (调用查询模块-客厅空调开关查询, 客厅空调虚拟地址)
2024-08-13 22:00:17.504 - 01 04 07 D0 00 01 31 47 (查询客厅空调开关状态)
2024-08-13 22:00:17.526 - 01 04 02 70 01 5D 30
2024-08-13 22:00:18.508 - 1A FF 01 00 00 01 00 0F (客厅空调虚拟地址)
2024-08-13 22:00:18.766 - 1A 10 00 00 00 86 86 86 0F (调用查询模块-主卧测温转换, 主卧温湿度虚拟地址)
2024-08-13 22:00:18.994 - 1D 03 00 00 00 02 C6 57 (查询主卧温湿度)
2024-08-13 22:00:19.019 - 1D 03 04 01 E9 00 FC F7 BB (主卧温湿度返回)
2024-08-13 22:00:20.016 - 1A 10 00 00 00 00 00 01 00 00 01 00 00 01 00 FC 01 01 E9 01 00 00 01 00 00 01 0F (主卧温湿度虚拟地址)
2024-08-13 22:00:20.302 - 1A 11 00 00 00 86 86 86 0F (调用查询模块-次卧测温转换, 次卧温湿度虚拟地址)
2024-08-13 22:00:20.523 - 11 03 00 00 00 02 C6 9B (查询次卧温湿度)
2024-08-13 22:00:20.555 - 11 03 04 02 1D 01 28 7B C2 (次卧温湿度返回)
2024-08-13 22:00:21.547 - 1A 11 00 00 00 00 00 01 00 00 01 00 00 01 01 28 01 02 1D 01 00 00 01 00 00 01 0F (次卧温湿度虚拟地址)
2024-08-13 22:00:21.742 - 1A 12 00 00 00 86 86 86 0F (调用查询模块-书房测温转换, 书房温湿度虚拟地址)
2024-08-13 22:00:21.970 - 12 03 00 00 00 02 C6 A8 (查询书房温湿度)
2024-08-13 22:00:21.987 - 12 03 04 01 8B 01 1D 68 BD (书房温湿度返回)
2024-08-13 22:00:22.997 - 1A 12 00 00 00 00 00 01 00 00 01 00 00 01 01 1D 01 01 8B 01 00 00 01 00 00 01 0F (书房温湿度虚拟地址)
2024-08-13 22:00:23.172 - 1A 13 00 00 00 86 86 86 0F (调用查询模块-外卫测温转换, 外卫温湿度虚拟地址)
2024-08-13 22:00:23.391 - 13 03 00 00 00 02 C7 79 (查询外卫温湿度)
2024-08-13 22:00:23.414 - 13 03 04 01 97 01 0D B8 77 (外卫温湿度返回)
2024-08-13 22:00:24.417 - 1A 13 00 00 00 00 00 01 00 00 01 00 00 01 01 0D 01 01 97 01 00 00 01 00 00 01 0F (外卫温湿度虚拟地址)
2024-08-13 22:00:24.607 - 1A 14 00 00 00 86 86 86 0F (调用查询模块-内卫测温转换, 内卫温湿度虚拟地址)
2024-08-13 22:00:24.829 - 14 03 00 00 00 02 C6 CE (查询内卫温湿度)
2024-08-13 22:00:24.846 - 14 03 04 01 AA 00 FE 1E AE (内卫温湿度返回)
2024-08-13 22:00:25.849 - 1A 14 00 00 00 00 00 01 00 00 01 00 00 01 00 FE 01 01 AA 01 00 00 01 00 00 01 0F (内卫温湿度虚拟地址)
2024-08-13 22:00:26.034 - 1A 15 00 00 00 86 86 86 0F (调用查询模块-客厅测温转换, 客厅温湿度虚拟地址)
2024-08-13 22:00:26.263 - 15 03 00 00 00 02 C7 1F (查询客厅温湿度)
2024-08-13 22:00:26.278 - 15 03 04 01 CC 00 F2 EE 74 (客厅温湿度返回)
2024-08-13 22:00:27.277 - 1A 15 00 00 00 00 00 01 00 00 01 00 00 01 00 F2 01 01 CC 01 00 00 01 00 00 01 0F (客厅温湿度虚拟地址)
2024-08-13 22:00:27.474 - 1A 16 00 00 00 86 86 86 0F (调用查询模块-机柜测温转换, 机柜温湿度虚拟地址)
2024-08-13 22:00:27.705 - 16 03 00 00 00 02 C7 2C (查询机柜温湿度)
2024-08-13 22:00:27.727 - 16 03 04 01 C6 00 FD BD 72 (机柜温湿度返回)
2024-08-13 22:00:28.729 - 1A 16 00 00 00 00 00 01 00 00 01 00 00 01 00 FD 01 01 C6 01 00 00 01 00 00 01 0F (机柜温湿度虚拟地址)
2024-08-13 22:00:28.907 - 1A 0E 00 00 00 86 86 86 0F (调用查询模块-厨房测温转换, 厨房温湿度虚拟地址)
2024-08-13 22:00:29.136 - 0E 03 00 00 00 02 C4 F4 (查询厨房温湿度)
2024-08-13 22:00:29.160 - 0E 03 04 01 6C 01 26 44 98 (厨房温湿度返回)
2024-08-13 22:00:30.163 - 1A 0E 00 00 00 00 00 01 00 00 01 00 00 01 01 26 01 01 6C 01 00 00 01 00 00 01 0F (厨房温湿度虚拟地址)
2024-08-13 22:00:30.342 - 1A 0F 00 00 00 86 86 86 0F (调用查询模块-餐厅测温转换, 餐厅温湿度虚拟地址)
2024-08-13 22:00:30.562 - 1C 03 00 00 00 02 C7 86 (查询餐厅温湿度)
2024-08-13 22:00:30.584 - 1C 03 04 01 97 01 0C 86 B7 (餐厅温湿度返回)
2024-08-13 22:00:31.582 - 1A 0F 00 00 00 00 00 01 00 00 01 00 00 01 01 0C 01 01 97 01 00 00 01 00 00 01 0F (餐厅温湿度虚拟地址)
2024-08-13 22:00:31.768 - 1A 20 00 00 00 86 86 86 0F
2024-08-13 22:00:32.006 - 20 03 00 00 00 02 C2 BA
2024-08-13 22:00:33.023 - 1A 20 00 00 00 00 00 01 00 00 01 00 00 01 86 86 01 00 00 01 00 00 01 00 00 01 0F
2024-08-13 22:00:38.188 - 1A 20 00 00 00 86 86 86 0F
2024-08-13 22:00:38.412 - 20 03 00 00 00 02 C2 BA
2024-08-13 22:00:38.537 - A4 E7
2024-08-13 22:00:39.442 - 1A 20 00 00 00 00 00 01 00 00 01 00 00 01 86 86 01 00 00 01 00 00 01 00 00 01 0F
2024-08-13 22:00:40.313 - 1A 20 00 00 00 86 86 86 0F
2024-08-13 22:00:40.536 - 20 03 00 00 00 02 C2 BA
2024-08-13 22:00:40.647 - 5C 40
2024-08-13 22:00:40.663 - A4 E7
2024-08-13 22:00:41.560 - 1A 20 00 00 00 00 00 01 00 00 01 00 00 01 86 86 01 E7 00 01 00 00 01 00 00 01 0F
2024-08-13 22:00:42.362 - 1A 20 00 00 00 86 86 86 0F
2024-08-13 22:00:42.584 - 20 03 00 00 00 02 C2 BA
2024-08-13 22:00:42.635 - 20 03 04 01 71 01 1F DA 8E
2024-08-13 22:00:43.610 - 1A 20 00 00 00 00 00 01 00 00 01 00 00 01 01 1F 01 01 71 01 00 00 01 00 00 01 0F
2024-08-13 22:01:11.027 - 1A FF 03 00 00 86 86 86 0F (调用查询模块-主卧空调开关查询, 主卧空调虚拟地址)
2024-08-13 22:01:11.250 - 01 04 07 DC 00 01 F1 44 (查询主卧空调开关状态)
2024-08-13 22:01:11.282 - 01 04 02 70 01 5D 30
2024-08-13 22:01:12.259 - 1A FF 03 00 00 01 00 0F (主卧空调虚拟地址)
2024-08-13 22:01:12.428 - 1A FF 04 00 00 86 86 86 0F (调用查询模块-次卧空调开关查询, 次卧空调虚拟地址)
2024-08-13 22:01:12.649 - 01 04 07 E2 00 01 90 88 (查询次卧空调开关状态)
2024-08-13 22:01:12.674 - 01 04 02 70 00 9C F0
2024-08-13 22:01:13.650 - 1A FF 04 00 00 00 00 0F (次卧空调虚拟地址)
2024-08-13 22:01:13.859 - 1A FF 05 00 00 86 86 86 0F (调用查询模块-书房空调开关查询, 书房空调虚拟地址)
2024-08-13 22:01:14.078 - 01 04 07 E8 00 01 B0 8A (查询书房空调开关状态)
2024-08-13 22:01:14.113 - 01 04 02 70 00 9C F0
2024-08-13 22:01:15.078 - 1A FF 05 00 00 00 00 0F (书房空调虚拟地址)
2024-08-13 22:01:15.331 - 1A FF 02 00 00 86 86 86 0F (调用查询模块-餐厅空调开关查询, 餐厅空调虚拟地址)
2024-08-13 22:01:15.554 - 01 04 07 D6 00 01 D1 46 (查询餐厅空调开关状态)
2024-08-13 22:01:15.569 - 01 04 02 70 01 5D 30
2024-08-13 22:01:16.556 - 1A FF 02 00 00 01 00 0F (餐厅空调虚拟地址)
2024-08-13 22:01:16.652 - 1A FF 01 00 00 86 86 86 0F (调用查询模块-客厅空调开关查询, 客厅空调虚拟地址)
2024-08-13 22:01:16.889 - 01 04 07 D0 00 01 31 47 (查询客厅空调开关状态)
2024-08-13 22:01:16.905 - 01 04 02 70 01 5D 30
2024-08-13 22:01:17.892 - 1A FF 01 00 00 01 00 0F (客厅空调虚拟地址)
2024-08-13 22:01:18.058 - 1A 10 00 00 00 86 86 86 0F (调用查询模块-主卧测温转换, 主卧温湿度虚拟地址)
2024-08-13 22:01:18.290 - 1D 03 00 00 00 02 C6 57 (查询主卧温湿度)
2024-08-13 22:01:18.313 - 1D 03 04 01 EB 00 FC 56 7B (主卧温湿度返回)
2024-08-13 22:01:19.313 - 1A 10 00 00 00 00 00 01 00 00 01 00 00 01 00 FC 01 01 EB 01 00 00 01 00 00 01 0F (主卧温湿度虚拟地址)
2024-08-13 22:01:19.484 - 1A 11 00 00 00 86 86 86 0F (调用查询模块-次卧测温转换, 次卧温湿度虚拟地址)
2024-08-13 22:01:19.704 - 11 03 00 00 00 02 C6 9B (查询次卧温湿度)
2024-08-13 22:01:19.737 - 11 03 04 02 1D 01 28 7B C2 (次卧温湿度返回)
2024-08-13 22:01:20.737 - 1A 11 00 00 00 00 00 01 00 00 01 00 00 01 01 28 01 02 1D 01 00 00 01 00 00 01 0F (次卧温湿度虚拟地址)
2024-08-13 22:01:20.928 - 1A 12 00 00 00 86 86 86 0F (调用查询模块-书房测温转换, 书房温湿度虚拟地址)
2024-08-13 22:01:21.143 - 12 03 00 00 00 02 C6 A8 (查询书房温湿度)
2024-08-13 22:01:21.166 - 12 03 04 01 8A 01 1D 39 7D (书房温湿度返回)
2024-08-13 22:01:22.172 - 1A 12 00 00 00 00 00 01 00 00 01 00 00 01 01 1D 01 01 8A 01 00 00 01 00 00 01 0F (书房温湿度虚拟地址)
2024-08-13 22:01:22.360 - 1A 13 00 00 00 86 86 86 0F (调用查询模块-外卫测温转换, 外卫温湿度虚拟地址)
2024-08-13 22:01:22.581 - 13 03 00 00 00 02 C7 79 (查询外卫温湿度)
2024-08-13 22:01:22.601 - 13 03 04 01 94 01 0D 48 77 (外卫温湿度返回)
2024-08-13 22:01:23.603 - 1A 13 00 00 00 00 00 01 00 00 01 00 00 01 01 0D 01 01 94 01 00 00 01 00 00 01 0F (外卫温湿度虚拟地址)
2024-08-13 22:01:23.788 - 1A 14 00 00 00 86 86 86 0F (调用查询模块-内卫测温转换, 内卫温湿度虚拟地址)
2024-08-13 22:01:24.007 - 14 03 00 00 00 02 C6 CE (查询内卫温湿度)
2024-08-13 22:01:24.024 - 14 03 04 01 AB 00 FF 8E AE (内卫温湿度返回)
2024-08-13 22:01:25.036 - 1A 14 00 00 00 00 00 01 00 00 01 00 00 01 00 FF 01 01 AB 01 00 00 01 00 00 01 0F (内卫温湿度虚拟地址)
2024-08-13 22:01:25.213 - 1A 15 00 00 00 86 86 86 0F (调用查询模块-客厅测温转换, 客厅温湿度虚拟地址)
2024-08-13 22:01:25.434 - 15 03 00 00 00 02 C7 1F (查询客厅温湿度)
2024-08-13 22:01:25.456 - 15 03 04 01 CC 00 F2 EE 74 (客厅温湿度返回)
2024-08-13 22:01:26.453 - 1A 15 00 00 00 00 00 01 00 00 01 00 00 01 00 F2 01 01 CC 01 00 00 01 00 00 01 0F (客厅温湿度虚拟地址)
2024-08-13 22:01:26.661 - 1A 16 00 00 00 86 86 86 0F (调用查询模块-机柜测温转换, 机柜温湿度虚拟地址)
2024-08-13 22:01:26.875 - 16 03 00 00 00 02 C7 2C (查询机柜温湿度)
2024-08-13 22:01:26.899 - 16 03 04 01 C7 00 FD EC B2 (机柜温湿度返回)
2024-08-13 22:01:27.899 - 1A 16 00 00 00 00 00 01 00 00 01 00 00 01 00 FD 01 01 C7 01 00 00 01 00 00 01 0F (机柜温湿度虚拟地址)
2024-08-13 22:01:28.090 - 1A 0E 00 00 00 86 86 86 0F (调用查询模块-厨房测温转换, 厨房温湿度虚拟地址)
2024-08-13 22:01:28.312 - 0E 03 00 00 00 02 C4 F4 (查询厨房温湿度)
2024-08-13 22:01:28.335 - 0E 03 04 01 6A 01 26 A4 99 (厨房温湿度返回)
2024-08-13 22:01:29.332 - 1A 0E 00 00 00 00 00 01 00 00 01 00 00 01 01 26 01 01 6A 01 00 00 01 00 00 01 0F (厨房温湿度虚拟地址)
2024-08-13 22:01:29.524 - 1A 0F 00 00 00 86 86 86 0F (调用查询模块-餐厅测温转换, 餐厅温湿度虚拟地址)
2024-08-13 22:01:29.745 - 1C 03 00 00 00 02 C7 86 (查询餐厅温湿度)
2024-08-13 22:01:29.778 - 1C 03 04 01 94 01 0C 76 B7 (餐厅温湿度返回)
2024-08-13 22:01:30.777 - 1A 0F 00 00 00 00 00 01 00 00 01 00 00 01 01 0C 01 01 94 01 00 00 01 00 00 01 0F (餐厅温湿度虚拟地址)
2024-08-13 22:01:30.953 - 1A 20 00 00 00 86 86 86 0F
2024-08-13 22:01:31.187 - 20 03 00 00 00 02 C2 BA
2024-08-13 22:01:32.204 - 1A 20 00 00 00 00 00 01 00 00 01 00 00 01 86 86 01 00 00 01 00 00 01 00 00 01 0F
2024-08-13 22:01:57.145 - 1A FF 03 00 00 86 86 86 0F (调用查询模块-主卧空调开关查询, 主卧空调虚拟地址)
2024-08-13 22:01:57.367 - 01 04 07 DC 00 01 F1 44 (查询主卧空调开关状态)
2024-08-13 22:01:57.396 - 01 04 02 70 01 5D 30
2024-08-13 22:01:58.372 - 1A FF 03 00 00 01 00 0F (主卧空调虚拟地址)
2024-08-13 22:01:58.493 - 1A FF 04 00 00 86 86 86 0F (调用查询模块-次卧空调开关查询, 次卧空调虚拟地址)
2024-08-13 22:01:58.730 - 01 04 07 E2 00 01 90 88 (查询次卧空调开关状态)
2024-08-13 22:01:58.760 - 01 04 02 70 00 9C F0
2024-08-13 22:01:59.735 - 1A FF 04 00 00 00 00 0F (次卧空调虚拟地址)
2024-08-13 22:01:59.937 - 1A FF 05 00 00 86 86 86 0F (调用查询模块-书房空调开关查询, 书房空调虚拟地址)
2024-08-13 22:02:00.159 - 01 04 07 E8 00 01 B0 8A (查询书房空调开关状态)
2024-08-13 22:02:00.193 - 01 04 02 70 00 9C F0
2024-08-13 22:02:01.169 - 1A FF 05 00 00 00 00 0F (书房空调虚拟地址)
2024-08-13 22:02:01.373 - 1A FF 02 00 00 86 86 86 0F (调用查询模块-餐厅空调开关查询, 餐厅空调虚拟地址)
2024-08-13 22:02:01.592 - 01 04 07 D6 00 01 D1 46 (查询餐厅空调开关状态)
2024-08-13 22:02:01.618 - 01 04 02 70 01 5D 30
2024-08-13 22:02:02.602 - 1A FF 02 00 00 01 00 0F (餐厅空调虚拟地址)
2024-08-13 22:02:02.809 - 1A FF 01 00 00 86 86 86 0F (调用查询模块-客厅空调开关查询, 客厅空调虚拟地址)
2024-08-13 22:02:03.030 - 01 04 07 D0 00 01 31 47 (查询客厅空调开关状态)
2024-08-13 22:02:03.051 - 01 04 02 70 01 5D 30
2024-08-13 22:02:04.035 - 1A FF 01 00 00 01 00 0F (客厅空调虚拟地址)
2024-08-13 22:02:04.239 - 1A 10 00 00 00 86 86 86 0F (调用查询模块-主卧测温转换, 主卧温湿度虚拟地址)
2024-08-13 22:02:04.459 - 1D 03 00 00 00 02 C6 57 (查询主卧温湿度)
2024-08-13 22:02:04.484 - 1D 03 04 01 E9 00 FC F7 BB (主卧温湿度返回)
2024-08-13 22:02:05.485 - 1A 10 00 00 00 00 00 01 00 00 01 00 00 01 00 FC 01 01 E9 01 00 00 01 00 00 01 0F (主卧温湿度虚拟地址)
2024-08-13 22:02:05.672 - 1A 11 00 00 00 86 86 86 0F (调用查询模块-次卧测温转换, 次卧温湿度虚拟地址)
2024-08-13 22:02:05.891 - 11 03 00 00 00 02 C6 9B (查询次卧温湿度)
2024-08-13 22:02:05.916 - 11 03 04 02 1D 01 28 7B C2 (次卧温湿度返回)
2024-08-13 22:02:06.579 - 1A FF FF FF 04 (继电器地址-东阳衣架)
2024-08-13 22:02:06.715 - 03
2024-08-13 22:02:06.921 - 1A 11 00 00 00 00 00 01 00 00 01 00 00 01 FC 28 01 FF 04 01 00 00 01 00 00 01 0F (次卧温湿度虚拟地址)
2024-08-13 22:02:07.672 - 1A 12 00 00 00 86 86 86 0F (调用查询模块-书房测温转换, 书房温湿度虚拟地址)
2024-08-13 22:02:07.891 - 12 03 00 00 00 02 C6 A8 (查询书房温湿度)
2024-08-13 22:02:07.925 - 12 03 04 01 8A 01 1D 39 7D (书房温湿度返回)
2024-08-13 22:02:08.924 - 1A 12 00 00 00 00 00 01 00 00 01 00 00 01 01 1D 01 01 8A 01 00 00 01 00 00 01 0F (书房温湿度虚拟地址)
2024-08-13 22:02:09.051 - 1A 13 00 00 00 86 86 86 0F (调用查询模块-外卫测温转换, 外卫温湿度虚拟地址)
2024-08-13 22:02:09.274 - 13 03 00 00 00 02 C7 79 (查询外卫温湿度)
2024-08-13 22:02:09.297 - 13 03 04 01 93 01 0D F9 B6 (外卫温湿度返回)
2024-08-13 22:02:10.298 - 1A 13 00 00 00 00 00 01 00 00 01 00 00 01 01 0D 01 01 93 01 00 00 01 00 00 01 0F (外卫温湿度虚拟地址)
2024-08-13 22:02:10.489 - 1A 14 00 00 00 86 86 86 0F (调用查询模块-内卫测温转换, 内卫温湿度虚拟地址)
2024-08-13 22:02:10.706 - 14 03 00 00 00 02 C6 CE (查询内卫温湿度)
2024-08-13 22:02:10.730 - 14 03 04 01 A8 00 FF 7E AE (内卫温湿度返回)
2024-08-13 22:02:11.731 - 1A 14 00 00 00 00 00 01 00 00 01 00 00 01 00 FF 01 01 A8 01 00 00 01 00 00 01 0F (内卫温湿度虚拟地址)
2024-08-13 22:02:11.922 - 1A 15 00 00 00 86 86 86 0F (调用查询模块-客厅测温转换, 客厅温湿度虚拟地址)
2024-08-13 22:02:12.149 - 15 03 00 00 00 02 C7 1F (查询客厅温湿度)
2024-08-13 22:02:12.166 - 15 03 04 01 CB 00 F1 1F B4 (客厅温湿度返回)
2024-08-13 22:02:13.172 - 1A 15 00 00 00 00 00 01 00 00 01 00 00 01 00 F1 01 01 CB 01 00 00 01 00 00 01 0F (客厅温湿度虚拟地址)
2024-08-13 22:02:13.283 - 1A 16 00 00 00 86 86 86 0F (调用查询模块-机柜测温转换, 机柜温湿度虚拟地址)
2024-08-13 22:02:13.503 - 16 03 00 00 00 02 C7 2C (查询机柜温湿度)
2024-08-13 22:02:13.533 - 16 03 04 01 C5 00 FD 4D 72 (机柜温湿度返回)
2024-08-13 22:02:14.535 - 1A 16 00 00 00 00 00 01 00 00 01 00 00 01 00 FD 01 01 C5 01 00 00 01 00 00 01 0F (机柜温湿度虚拟地址)
2024-08-13 22:02:14.678 - 1A 0E 00 00 00 86 86 86 0F (调用查询模块-厨房测温转换, 厨房温湿度虚拟地址)
2024-08-13 22:02:14.901 - 0E 03 00 00 00 02 C4 F4 (查询厨房温湿度)
2024-08-13 22:02:14.927 - 0E 03 04 01 69 01 26 54 99 (厨房温湿度返回)
2024-08-13 22:02:15.928 - 1A 0E 00 00 00 00 00 01 00 00 01 00 00 01 01 26 01 01 69 01 00 00 01 00 00 01 0F (厨房温湿度虚拟地址)
2024-08-13 22:02:16.157 - 1A 0F 00 00 00 86 86 86 0F (调用查询模块-餐厅测温转换, 餐厅温湿度虚拟地址)
2024-08-13 22:02:16.386 - 1C 03 00 00 00 02 C7 86 (查询餐厅温湿度)
2024-08-13 22:02:16.410 - 1C 03 04 01 9A 01 0C 17 74 (餐厅温湿度返回)
2024-08-13 22:02:17.410 - 1A 0F 00 00 00 00 00 01 00 00 01 00 00 01 01 0C 01 01 9A 01 00 00 01 00 00 01 0F (餐厅温湿度虚拟地址)
2024-08-13 22:02:17.553 - 1A 20 00 00 00 86 86 86 0F
2024-08-13 22:02:17.779 - 20 03 00 00 00 02 C2 BA
2024-08-13 22:02:17.830 - 20 03 04 01 6B 01 19 7B 4B
2024-08-13 22:02:18.806 - 1A 20 00 00 00 00 00 01 00 00 01 00 00 01 01 19 01 01 6B 01 00 00 01 00 00 01 0F
2024-08-13 22:02:18.984 - 1A 20 00 00 01 86 86 86 0F
2024-08-13 22:02:19.203 - 20 03 00 10 00 01 83 7E
2024-08-13 22:02:19.261 - 20 03 02 26 E8 1E 6D
2024-08-13 22:02:20.235 - 1A 20 00 00 01 00 00 01 00 00 01 00 00 01 00 00 01 00 00 01 26 E8 01 00 00 01 0F
2024-08-13 22:02:20.442 - 1A 11 00 00 00 86 86 86 0F (调用查询模块-次卧测温转换, 次卧温湿度虚拟地址)
2024-08-13 22:02:20.662 - 11 03 00 00 00 02 C6 9B (查询次卧温湿度)
2024-08-13 22:02:20.679 - 11 03 04 02 1D 01 28 7B C2 (次卧温湿度返回)
2024-08-13 22:02:21.682 - 1A 11 00 00 00 00 00 01 00 00 01 00 00 01 01 28 01 02 1D 01 00 00 01 00 00 01 0F (次卧温湿度虚拟地址)
2024-08-13 22:02:23.226 - 1A 20 00 00 01 86 86 86 0F
2024-08-13 22:02:23.453 - 20 03 00 10 00 01 83 7E
2024-08-13 22:02:23.505 - 20 03 02 26 E8 1E FD
2024-08-13 22:02:24.474 - 1A 20 00 00 01 00 00 01 00 00 01 00 00 01 00 00 01 00 00 01 26 E8 01 00 00 01 0F
2024-08-13 22:02:28.578 - 1A 20 00 00 01 86 86 86 0F
2024-08-13 22:02:28.799 - 20 03 00 10 00 01 83 7E
2024-08-13 22:02:29.824 - 1A 20 00 00 01 00 00 01 00 00 01 00 00 01 00 00 01 00 00 01 00 01 01 00 00 01 0F
2024-08-13 22:02:32.025 - 1A 20 00 00 01 86 86 86 0F
2024-08-13 22:02:32.251 - 20 03 00 10 00 01 83 7E
2024-08-13 22:02:32.311 - 20 03 02 26 E8 1E 6D
2024-08-13 22:02:33.268 - 1A 20 00 00 01 00 00 01 00 00 01 00 00 01 00 00 01 00 00 01 26 E8 01 00 00 01 0F
2024-08-13 22:02:40.145 - 1A 20 00 00 01 86 86 86 0F
2024-08-13 22:02:40.376 - 20 03 00 10 00 01 83 7E
2024-08-13 22:02:41.400 - 1A 20 00 00 01 00 00 01 00 00 01 00 00 01 00 00 01 00 00 01 00 01 01 00 00 01 0F
2024-08-13 22:02:44.117 - 1A 20 00 00 01 86 86 86 0F
2024-08-13 22:02:44.337 - 20 03 00 10 00 01 83 7E
2024-08-13 22:02:44.473 - 20 03 02 26 E8 1E 6D
2024-08-13 22:02:45.359 - 1A 20 00 00 01 00 00 01 00 00 01 00 00 01 00 00 01 00 00 01 26 E8 01 00 00 01 0F
2024-08-13 22:04:17.008 - 1A 20 00 00 01 86 86 86 0F
2024-08-13 22:04:17.232 - 20 03 00 10 00 01 83 7E
2024-08-13 22:04:18.257 - 1A 20 00 00 01 00 00 01 00 00 01 00 00 01 00 00 01 00 00 01 00 01 01 00 00 01 0F
2024-08-13 22:04:22.872 - 1A 20 00 00 01 86 86 86 0F
2024-08-13 22:04:23.106 - 20 03 00 10 00 01 83 7E
2024-08-13 22:04:23.158 - 20 03 02 26 E8 1E 6D
2024-08-13 22:04:24.129 - 1A 20 00 00 01 00 00 01 00 00 01 00 00 01 00 00 01 00 00 01 26 E8 01 00 00 01 0F
2024-08-13 22:04:25.407 - 1A 20 00 00 00 86 86 86 0F
2024-08-13 22:04:25.641 - 20 03 00 00 00 02 C2 BA
2024-08-13 22:04:26.661 - 1A 20 00 00 00 00 00 01 00 00 01 00 00 01 86 86 01 00 00 01 00 00 01 00 00 01 0F
2024-08-13 22:04:27.898 - 1A 20 00 00 00 86 86 86 0F
2024-08-13 22:04:28.120 - 20 03 00 00 00 02 C2 BA
2024-08-13 22:04:28.172 - 20 03
2024-08-13 22:04:29.141 - 1A 20 00 00 00 00 00 01 00 00 01 00 00 01 86 86 01 00 00 01 00 00 01 00 00 01 0F
2024-08-13 22:04:31.901 - 1A 20 00 00 00 86 86 86 0F
2024-08-13 22:04:32.122 - 20 03 00 00 00 02 C2 BA
2024-08-13 22:04:33.141 - 1A 20 00 00 00 00 00 01 00 00 01 00 00 01 86 86 01 00 00 01 00 00 01 00 00 01 0F
2024-08-13 22:04:34.869 - 1A 20 00 00 00 86 86 86 0F
2024-08-13 22:04:35.090 - 20 03 00 00 00 02 C2 BA
2024-08-13 22:04:35.208 - 68 B4 4C
2024-08-13 22:04:36.110 - 1A 20 00 00 00 00 00 01 00 00 01 00 00 01 86 86 01 00 00 01 00 00 01 00 00 01 0F
2024-08-13 22:04:37.093 - 1A 20 00 00 00 86 86 86 0F
2024-08-13 22:04:37.330 - 20 03 00 00 00 02 C2 BA
2024-08-13 22:04:38.348 - 1A 20 00 00 00 00 00 01 00 00 01 00 00 01 86 86 01 00 00 01 00 00 01 00 00 01 0F
2024-08-13 22:04:39.423 - 1A 20 00 00 00 86 86 86 0F
2024-08-13 22:04:39.647 - 20 03 00 00 00 02 C2 BA
2024-08-13 22:04:39.702 - 20 03 04 01 6B 01 13 FB 4C
2024-08-13 22:04:40.672 - 1A 20 00 00 00 00 00 01 00 00 01 00 00 01 01 13 01 01 6B 01 00 00 01 00 00 01 0F
2024-08-13 22:05:06.577 - 19 08 24 03 DD 00 42 00 01 (调用情景-主卧电视空调)
2024-08-13 22:05:07.126 - EE 00 00 B1 00 00 00 FF FC FF FF (情景执行提示)
2024-08-13 22:05:07.714 - 09 06 00 0F 02 01 78 21 (提示音叮)
2024-08-13 22:05:08.191 - 19 08 24 03 CC 01 54 00 01 (调用内卫感应灯开的按键)
2024-08-13 22:05:08.224 - 1A 0C 02 08 01 FF 45 01 FF 45 01 FF 00 00 0F (调光器地址-内卫射灯, 内卫射灯微光)
2024-08-13 22:05:08.618 - 50 F0 05 (开主卧影视)
2024-08-13 22:05:09.207 - 50 F0 04 (开内卫影视)
2024-08-13 22:05:09.766 - 1A FF FF FF 56 00 00 00 0F (人体红外感应地址-内卫, 关闭内卫感应)
2024-08-13 22:05:10.316 - 1A 22 33 62 0F 00 02 01 0F (正反转地址-内卫卷帘, 内卫卷帘降)
2024-08-13 22:05:10.859 - A5 00 53 FE 01 AA (主卧纱帘关)
2024-08-13 22:05:10.919 - 55 00 53 02 02 22 02 30 AA 55 00 53 02 02 22 02 30 AA (主卧纱帘电机状态返回)
2024-08-13 22:05:11.954 - A5 00 52 FF 00 AA (主卧窗帘关)
2024-08-13 22:05:13.016 - 1A 0C 02 04 FF FF 45 01 FF 45 01 FF 00 00 0F (主卧调光微光)
2024-08-13 22:05:14.212 - 1A 20 07 00 93 00 01 02 0F (自保持开关地址-设备区顶, 设备区顶灯开关)
2024-08-13 22:05:15.848 - 1A 22 33 62 0F 00 00 01 0F (正反转地址-内卫卷帘, 内卫卷帘升)
2024-08-13 22:05:17.104 - 1A 0C 02 08 01 FF 45 01 FF 45 01 FF 00 00 0F (调光器地址-内卫射灯, 内卫射灯微光)
2024-08-13 22:05:17.688 - 50 F1 25 (主卧—有线2)
2024-08-13 22:05:18.234 - A1 11 11 11 42 (主卧空调自动开)
2024-08-13 22:05:18.472 - 19 08 24 03 F0 BB 78 02 02 00
2024-08-13 22:05:18.524 - 23 AA 56 02 16 05 2C 18 08 0D 02 73 65 6F 6B 65 6E 64
2024-08-13 22:05:18.784 - 50 F1 24 (内卫—有线2)
2024-08-13 22:05:19.472 - 01 10 07 D6 00 03 06 70 61 00 02 00 F0 0F 3E (主卧空调冷24度)
2024-08-13 22:05:19.515 - 01 10 07 D6 00 03 06 70 61 00 02 00 F0 0F 3E (主卧空调冷24度)
2024-08-13 22:05:20.830 - AF BF CF DF C2 21 (有线2/快捷-凤凰卫视)
2024-08-13 22:05:21.758 - 55 00 53 00 00 0C 02 30 AA 55 00 53 00 00 0C 02 30 AA (主卧纱帘电机状态返回)
2024-08-13 22:05:22.871 - 1A FF FF FF 60 0B 01 01 0F (红外总线地址-主卧发射设备, 主卧电视电源)
2024-08-13 22:05:23.394 - F0 0B 01 08
2024-08-13 22:05:24.142 - 55 20 20 00 02 09 02 16 AA 55 20 20 00 02 09 02 16 AA (主卧窗帘电机状态返回)
2024-08-13 22:05:30.905 - 09 06 00 0F 02 02 38 20 (提示音咚)
2024-08-13 22:05:31.453 - EE 00 00 B1 00 00 02 FF FC FF FF (情景完成返回主页)
2024-08-13 22:07:27.526 - 00
2024-08-13 22:07:31.828 - 1A 20 07 01 30 00 01 02 0F (自保持开关地址-西阳顶灯, 西阳顶灯开关)
2024-08-13 22:07:32.330 - 1A 20 07 01 30 00 01 02 0F (自保持开关地址-西阳顶灯, 西阳顶灯开关)
2024-08-13 22:07:33.186 - 1A 20 07 01 30 00 01 02 0F (自保持开关地址-西阳顶灯, 西阳顶灯开关)
2024-08-13 22:07:33.567 - 1A 20 07 01 30 00 01 02 0F (自保持开关地址-西阳顶灯, 西阳顶灯开关)
2024-08-13 22:07:52.985 - 1A 20 00 00 00 86 86 86 0F
2024-08-13 22:07:53.205 - 20 03 00 00 00 02 C2 BA
2024-08-13 22:07:53.328 - E9 FF
2024-08-13 22:07:54.234 - 1A 20 00 00 00 00 00 01 00 00 01 00 00 01 86 86 01 00 00 01 00 00 01 00 00 01 0F
2024-08-13 22:07:54.477 - 1A 20 00 00 00 86 86 86 0F
2024-08-13 22:07:54.703 - 20 03 00 00 00 02 C2 BA
2024-08-13 22:07:54.759 - 20 03 04 01 87 01 13 3A F9
2024-08-13 22:07:55.727 - 1A 20 00 00 00 00 00 01 00 00 01 00 00 01 01 13 01 01 87 01 00 00 01 00 00 01 0F
2024-08-13 22:07:56.995 - 1A 20 00 00 00 86 86 86 0F
2024-08-13 22:07:57.223 - 20 03 00 00 00 02 C2 BA
2024-08-13 22:07:57.344 - 40 61 40 A2 B3
2024-08-13 22:07:57.352 - FF
2024-08-13 22:07:58.247 - 1A 20 00 00 00 00 00 01 00 00 01 00 00 01 FF 86 01 A2 B3 01 00 00 01 00 00 01 0F
2024-08-13 22:07:58.947 - 1A 20 00 00 00 86 86 86 0F
2024-08-13 22:07:59.172 - 20 03 00 00 00 02 C2 BA
2024-08-13 22:08:00.192 - 1A 20 00 00 00 00 00 01 00 00 01 00 00 01 86 86 01 00 00 01 00 00 01 00 00 01 0F
2024-08-13 22:08:00.806 - 1A 20 00 00 00 86 86 86 0F
2024-08-13 22:08:01.028 - 20 03 00 00 00 02 C2 BA
2024-08-13 22:08:02.058 - 1A 20 00 00 00 00 00 01 00 00 01 00 00 01 86 86 01 00 00 01 00 00 01 00 00 01 0F
2024-08-13 22:08:02.739 - 1A 20 00 00 00 86 86 86 0F
2024-08-13 22:08:02.958 - 20 03 00 00 00 02 C2 BA
2024-08-13 22:08:03.993 - 1A 20 00 00 00 00 00 01 00 00 01 00 00 01 86 86 01 00 00 01 00 00 01 00 00 01 0F
2024-08-13 22:08:04.683 - 1A 20 00 00 00 86 86 86 0F
2024-08-13 22:08:04.904 - 20 03 00 00 00 02 C2 BA
2024-08-13 22:08:05.922 - 1A 20 00 00 00 00 00 01 00 00 01 00 00 01 86 86 01 00 00 01 00 00 01 00 00 01 0F
2024-08-13 22:08:06.568 - 1A 20 00 00 00 86 86 86 0F
2024-08-13 22:08:06.786 - 20 03 00 00 00 02 C2 BA
2024-08-13 22:08:07.805 - 1A 20 00 00 00 00 00 01 00 00 01 00 00 01 86 86 01 00 00 01 00 00 01 00 00 01 0F
2024-08-13 22:08:08.694 - 1A 20 00 00 00 86 86 86 0F
2024-08-13 22:08:08.922 - 20 03 00 00 00 02 C2 BA
2024-08-13 22:08:09.942 - 1A 20 00 00 00 00 00 01 00 00 01 00 00 01 86 86 01 00 00 01 00 00 01 00 00 01 0F
2024-08-13 22:08:10.601 - 1A 20 00 00 00 86 86 86 0F
2024-08-13 22:08:10.829 - 20 03 00 00 00 02 C2 BA
2024-08-13 22:08:11.843 - 1A 20 00 00 00 00 00 01 00 00 01 00 00 01 86 86 01 00 00 01 00 00 01 00 00 01 0F
2024-08-13 22:08:19.736 - 1A 20 07 01 30 00 01 02 0F (自保持开关地址-西阳顶灯, 西阳顶灯开关)
2024-08-13 22:08:20.484 - 1A 20 07 01 30 00 01 02 0F (自保持开关地址-西阳顶灯, 西阳顶灯开关)
2024-08-13 22:08:25.149 - 1A 20 07 01 30 00 01 02 0F (自保持开关地址-西阳顶灯, 西阳顶灯开关)
2024-08-13 22:08:25.944 - 1A 20 07 01 30 00 01 02 0F (自保持开关地址-西阳顶灯, 西阳顶灯开关)
2024-08-13 22:08:26.687 - 1A 20 07 01 30 00 01 02 0F (自保持开关地址-西阳顶灯, 西阳顶灯开关)
2024-08-13 22:08:27.266 - 1A 20 07 01 30 00 01 02 0F (自保持开关地址-西阳顶灯, 西阳顶灯开关)
2024-08-13 22:08:28.299 - 1A 20 07 01 30 00 01 02 0F (自保持开关地址-西阳顶灯, 西阳顶灯开关)
2024-08-13 22:08:28.834 - 1A 20 07 01 30 00 01 02 0F (自保持开关地址-西阳顶灯, 西阳顶灯开关)
2024-08-13 22:08:31.337 - 1A 20 00 00 00 86 86 86 0F
2024-08-13 22:08:31.559 - 20 03 00 00 00 02 C2 BA
2024-08-13 22:08:32.579 - 1A 20 00 00 00 00 00 01 00 00 01 00 00 01 86 86 01 00 00 01 00 00 01 00 00 01 0F
2024-08-13 22:08:33.675 - 1A 20 00 00 00 86 86 86 0F
2024-08-13 22:08:33.911 - 20 03 00 00 00 02 C2 BA
2024-08-13 22:08:34.935 - 1A 20 00 00 00 00 00 01 00 00 01 00 00 01 86 86 01 00 00 01 00 00 01 00 00 01 0F
2024-08-13 22:08:36.362 - 1A 20 00 00 00 86 86 86 0F
2024-08-13 22:08:36.583 - 20 03 00 00 00 02 C2 BA
2024-08-13 22:08:37.611 - 1A 20 00 00 00 00 00 01 00 00 01 00 00 01 86 86 01 00 00 01 00 00 01 00 00 01 0F
2024-08-13 22:08:38.516 - 1A 20 00 00 00 86 86 86 0F
2024-08-13 22:08:38.735 - 20 03 00 00 00 02 C2 BA
2024-08-13 22:08:39.766 - 1A 20 00 00 00 00 00 01 00 00 01 00 00 01 86 86 01 00 00 01 00 00 01 00 00 01 0F
2024-08-13 22:08:41.023 - 1A 20 00 00 00 86 86 86 0F
2024-08-13 22:08:41.259 - 20 03 00 00 00 02 C2 BA
2024-08-13 22:08:42.278 - 1A 20 00 00 00 00 00 01 00 00 01 00 00 01 86 86 01 00 00 01 00 00 01 00 00 01 0F
2024-08-13 22:08:42.957 - 1A 20 00 00 00 86 86 86 0F
2024-08-13 22:08:43.180 - 20 03 00 00 00 02 C2 BA
2024-08-13 22:08:43.245 - 20 03 04 01 74 01 13 CA
2024-08-13 22:08:44.214 - 1A 20 00 00 00 00 00 01 00 00 01 00 00 01 01 13 01 01 74 01 00 00 01 00 00 01 0F
2024-08-13 22:08:47.692 - 1A 20 00 00 00 86 86 86 0F
2024-08-13 22:08:47.923 - 20 03 00 00 00 02 C2 BA
2024-08-13 22:08:48.945 - 1A 20 00 00 00 00 00 01 00 00 01 00 00 01 86 86 01 00 00 01 00 00 01 00 00 01 0F
2024-08-13 22:08:50.048 - 1A 20 00 00 00 86 86 86 0F
2024-08-13 22:08:50.277 - 20 03 00 00 00 02 C2 BA
2024-08-13 22:08:50.392 - 4E FC
2024-08-13 22:08:51.297 - 1A 20 00 00 00 00 00 01 00 00 01 00 00 01 86 86 01 00 00 01 00 00 01 00 00 01 0F
2024-08-13 22:08:51.309 - 1A 20 00 00 00 86 86 86 0F
2024-08-13 22:08:51.531 - 20 03 00 00 00 02 C2 BA
2024-08-13 22:08:51.594 - 20 03 04 01 74 01 13 CA EA
2024-08-13 22:08:52.560 - 1A 20 00 00 00 00 00 01 00 00 01 00 00 01 01 13 01 01 74 01 00 00 01 00 00 01 0F
2024-08-13 22:08:53.477 - 1A 20 00 00 00 86 86 86 0F
2024-08-13 22:08:53.703 - 20 03 00 00 00 02 C2 BA
2024-08-13 22:08:54.726 - 1A 20 00 00 00 00 00 01 00 00 01 00 00 01 86 86 01 00 00 01 00 00 01 00 00 01 0F
2024-08-13 22:08:56.621 - 1A 20 00 00 00 86 86 86 0F
2024-08-13 22:08:56.860 - 20 03 00 00 00 02 C2 BA
2024-08-13 22:08:57.876 - 1A 20 00 00 00 00 00 01 00 00 01 00 00 01 86 86 01 00 00 01 00 00 01 00 00 01 0F
2024-08-13 22:09:00.328 - 1A 20 00 00 00 86 86 86 0F
2024-08-13 22:09:00.558 - 20 03 00 00 00 02 C2 BA
2024-08-13 22:09:01.578 - 1A 20 00 00 00 00 00 01 00 00 01 00 00 01 86 86 01 00 00 01 00 00 01 00 00 01 0F
2024-08-13 22:09:02.662 - 1A 20 00 00 00 86 86 86 0F
2024-08-13 22:09:02.891 - 20 03 00 00 00 02 C2 BA
2024-08-13 22:09:03.001 - FC
2024-08-13 22:09:03.908 - 1A 20 00 00 00 00 00 01 00 00 01 00 00 01 86 86 01 00 00 01 00 00 01 00 00 01 0F
2024-08-13 22:09:04.628 - 1A 20 00 00 00 86 86 86 0F
2024-08-13 22:09:04.848 - 20 03 00 00 00 02 C2 BA
2024-08-13 22:09:04.971 - F1
2024-08-13 22:09:05.876 - 1A 20 00 00 00 00 00 01 00 00 01 00 00 01 86 86 01 00 00 01 00 00 01 00 00 01 0F
