2025-08-31 22:26:48.748 - 1A 13 00 00 00 86 86 86 0F (调用查询模块-外卫测温转换, 外卫温湿度虚拟地址)
2025-08-31 22:26:48.981 - 13 03 00 00 00 02 C7 79 (查询外卫温湿度)
2025-08-31 22:26:49.003 - 13 03 04 01 BD 01 0A D8 7D (外卫温湿度返回)
2025-08-31 22:26:49.978 - 1A 13 00 00 00 86 86 86 0F (调用查询模块-外卫测温转换, 外卫温湿度虚拟地址)
2025-08-31 22:26:50.012 - 1A 13 00 00 00 00 00 01 00 00 01 00 00 01 01 0A 01 01 BD 01 00 00 01 00 00 01 0F (外卫温湿度虚拟地址)
2025-08-31 22:26:50.207 - 13 03 00 00 00 02 C7 79 (查询外卫温湿度)
2025-08-31 22:26:50.224 - 13 03 04 01 BD 01 0A D8 7D (外卫温湿度返回)
2025-08-31 22:26:51.231 - 1A 13 00 00 00 00 00 01 00 00 01 00 00 01 01 0A 01 01 BD 01 00 00 01 00 00 01 0F (外卫温湿度虚拟地址)
2025-08-31 22:27:10.406 - 19 08 24 03 CC 01 CC 00 01 (调用茶吧感应灯开的按键)
2025-08-31 22:27:10.459 - 1A AA AA AA 88 FF B0 01 FF B0 01 0F (调光器地址-茶吧灯带, 茶吧灯带明亮)
2025-08-31 22:27:30.241 - 19 08 24 03 DD 00 13 00 01 (调用情景-公共区域关)
2025-08-31 22:27:30.764 - EE 00 00 B1 00 00 00 FF FC FF FF (情景执行提示)
2025-08-31 22:27:31.360 - 09 06 00 0F 02 01 78 21 (提示音叮)
2025-08-31 22:27:31.909 - 55 0B 31 00 00 00 01 92 (厨房风扇只关)
2025-08-31 22:27:32.955 - 01 06 07 D3 FF 60 38 9F (餐厅空调关)
2025-08-31 22:27:32.989 - 01 06 07 D3 FF 60 38 9F (餐厅空调关)
2025-08-31 22:27:34.053 - 01 06 07 D0 FF 60 C8 9F (客厅空调关)
2025-08-31 22:27:34.079 - 01 06 07 D0 FF 60 C8 9F (客厅空调关)
2025-08-31 22:27:38.135 - 50 F5 02 (关厨房影视)
2025-08-31 22:27:39.185 - 50 F5 01 (关餐厅影视)
2025-08-31 22:27:40.230 - 50 F5 08 (关客厅影视)
2025-08-31 22:27:41.278 - 50 F5 03 (关外卫影视)
2025-08-31 22:27:42.331 - 55 0A 31 00 00 00 01 91 (厨房顶灯一关)
2025-08-31 22:27:43.373 - 55 0A 31 00 00 00 02 92 (厨房顶灯二关)
2025-08-31 22:27:44.421 - 55 0C 31 00 00 00 01 93 (餐厅顶灯关)
2025-08-31 22:27:45.469 - 1A 18 05 10 31 00 01 00 0F (自保持开关地址-门厅顶灯, 门厅顶灯关)
2025-08-31 22:27:46.514 - 1A 20 07 00 42 00 01 00 0F (自保持开关地址-外卫顶灯, 外卫顶灯关)
2025-08-31 22:27:47.559 - 1A 18 05 21 89 00 01 00 0F (自保持开关地址-客厅顶灯, 客厅顶灯一关)
2025-08-31 22:27:48.609 - 1A 18 05 01 94 00 01 00 0F (自保持开关地址-客厅顶灯, 客厅顶灯二关)
2025-08-31 22:27:49.655 - 1A 20 07 01 30 00 01 00 0F (自保持开关地址-西阳顶灯, 西阳顶灯关)
2025-08-31 22:27:50.707 - 1A FF 01 FF FF FF 00 01 FF 00 01 FF 00 00 0F (调光器地址-公共区域统配地址, 公共区域灯光全关)
2025-08-31 22:27:51.795 - 09 06 00 0F 02 02 38 20 (提示音咚)
2025-08-31 22:27:53.841 - EE 00 00 B1 00 00 02 FF FC FF FF (情景完成返回主页)
2025-08-31 22:27:56.511 - 19 08 24 03 CC 01 CD 00 01 (调用茶吧感应灯关的按键)
2025-08-31 22:27:56.560 - 1A AA AA AA 88 FF 00 01 FF 00 01 0F (调光器地址-茶吧灯带, 茶吧灯带关闭)
2025-08-31 22:30:35.461 - FF FF FF FF 0A (继电器地址-东阳窗帘)
2025-08-31 22:30:36.156 - 1A FF FF FF 04 FC (继电器地址-东阳衣架)
2025-08-31 22:30:36.290 - FC
2025-08-31 22:32:24.236 - 19 08 24 03 DD 00 4F 00 01 (调用情景-内卫使用完毕)
2025-08-31 22:32:24.757 - EE 00 00 B1 00 00 00 FF FC FF FF (情景执行提示)
2025-08-31 22:32:25.353 - 09 06 00 0F 02 01 78 21 (提示音叮)
2025-08-31 22:32:25.908 - 1A 0C 02 08 01 FF 00 01 FF 00 01 FF 00 00 0F (调光器地址-内卫射灯, 内卫感应灯关)
2025-08-31 22:32:29.980 - 50 F5 04 (关内卫影视)
2025-08-31 22:32:30.539 - 1A 20 07 01 40 00 01 00 0F (自保持开关地址-内卫顶灯, 内卫顶灯关)
2025-08-31 22:32:31.084 - 1A FF FF FF 56 00 00 01 0F (人体感应地址-内卫, 打开内卫感应)
2025-08-31 22:32:31.173 - BC BC
2025-08-31 22:32:31.482 - 19 08 24 03 CC 01 54 00 01 (调用内卫感应灯开的按键)
2025-08-31 22:32:31.534 - 1A 0C 02 08 01 FF 45 01 FF 45 01 FF 00 00 0F (调光器地址-内卫射灯, 内卫射灯微光)
2025-08-31 22:32:33.929 - 09 06 00 0F 02 02 38 20 (提示音咚)
2025-08-31 22:32:34.480 - EE 00 00 B1 00 00 02 FF FC FF FF (情景完成返回主页)
2025-08-31 22:33:11.762 - 19 08 24 03 CC 01 55 00 01 (调用内卫感应灯关的按键)
2025-08-31 22:33:11.796 - 1A 0C 02 08 01 FF 00 01 FF 00 01 FF 00 00 0F (调光器地址-内卫射灯, 内卫感应灯关)
2025-08-31 22:34:53.466 - 19 08 24 03 CC 01 54 00 01 (调用内卫感应灯开的按键)
2025-08-31 22:34:53.498 - 1A 0C 02 08 01 FF 45 01 FF 45 01 FF 00 00 0F (调光器地址-内卫射灯, 内卫射灯微光)
2025-08-31 22:35:14.002 - 19 08 24 03 CC 01 55 00 01 (调用内卫感应灯关的按键)
2025-08-31 22:35:14.037 - 1A 0C 02 08 01 FF 00 01 FF 00 01 FF 00 00 0F (调光器地址-内卫射灯, 内卫感应灯关)
2025-08-31 23:07:25.550 - 1A BE B0 DC 09 FC (继电器地址-客厅窗帘)
2025-08-31 23:08:27.496 - 1A BE B0 DC 02 FC (正反转地址-外卫卷帘)
2025-08-31 23:08:27.631 - FF
2025-08-31 23:22:14.962 - 1A BE B0 DC 04 (继电器地址-西阳窗帘)
2025-08-31 23:22:15.096 - FF
2025-08-31 23:41:24.563 - 1A BE B0 DC 0A (继电器地址-客厅纱帘)
2025-08-31 23:41:24.697 - FE
2025-08-31 23:51:56.990 - 19 08 24 03 DD 00 4B 00 01 (调用情景-主卧睡觉)
2025-08-31 23:51:57.553 - EE 00 00 B1 00 00 00 FF FC FF FF (情景执行提示)
2025-08-31 23:51:58.147 - 09 06 00 0F 02 01 78 21 (提示音叮)
2025-08-31 23:51:58.691 - 50 F5 04 (关内卫影视)
2025-08-31 23:51:59.242 - 55 11 1D 03 01 7C 06 (主卧纱帘关)
2025-08-31 23:51:59.286 - 55 11 1D 03 01 7C 06 (主卧纱帘关)
2025-08-31 23:52:00.339 - 55 12 12 03 02 0C 40 (主卧窗帘关)
2025-08-31 23:52:00.380 - 55 12 12 03 02 0C 40 (主卧窗帘关)
2025-08-31 23:52:01.440 - 1A 22 33 62 0F 00 02 01 0F (正反转地址-内卫卷帘, 内卫卷帘降)
2025-08-31 23:52:02.483 - 1A 20 07 01 40 00 01 00 0F (自保持开关地址-内卫顶灯, 内卫顶灯关)
2025-08-31 23:52:03.531 - 1A 20 07 01 55 00 01 00 0F (自保持开关地址-主卧顶灯, 主卧顶灯只关)
2025-08-31 23:52:04.078 - 1A FF FF FF 56 00 00 01 0F (人体感应地址-内卫, 打开内卫感应)
2025-08-31 23:52:04.094 - BC BC
2025-08-31 23:52:07.677 - 1A 0C 02 08 01 FF 00 01 FF 00 01 FF 00 00 0F (调光器地址-内卫射灯, 内卫感应灯关)
2025-08-31 23:52:08.275 - 1A 0C 02 04 01 FF 00 01 FF 00 01 FF 00 00 0F (调光器地址-主卧筒灯, 主卧筒灯关闭)
2025-08-31 23:52:08.873 - 1A 0C 02 04 03 FF 00 01 FF 00 01 FF 00 00 0F (调光器地址-主卧灯带, 主卧灯带关闭)
2025-08-31 23:52:09.471 - 1A 0C 02 04 04 FF 00 01 FF 00 01 FF 00 00 0F (调光器地址-主卧南阅, 主卧南阅关闭)
2025-08-31 23:52:10.069 - 1A 0C 02 04 05 FF 00 01 FF 00 01 FF 00 00 0F (调光器地址-主卧北阅, 主卧北阅关闭)
2025-08-31 23:52:10.666 - 1A 0C 02 04 02 FF 00 01 FF 00 01 FF 00 00 0F (调光器地址-主卧过道, 主卧过道关闭)
2025-08-31 23:52:11.257 - 09 06 00 0F 02 02 38 20 (提示音咚)
2025-08-31 23:52:11.810 - EE 00 00 B1 00 00 02 FF FC FF FF (情景完成返回主页)
2025-09-01 00:30:54.148 - FF FF FF FF 0E FC (继电器地址-西阳小窗帘)
2025-09-01 00:30:54.281 - FF
2025-09-01 01:17:03.133 - 1A BE B0 DC 03 FC (继电器地址-西阳天幕)
2025-09-01 01:27:01.824 - 19 08 24 03 CC 01 54 00 01 (调用内卫感应灯开的按键)
2025-09-01 01:27:01.876 - 1A 0C 02 08 01 FF 45 01 FF 45 01 FF 00 00 0F (调光器地址-内卫射灯, 内卫射灯微光)
2025-09-01 01:27:04.336 - 1A BE B0 DC 01 FC (继电器地址-回水泵点动)
2025-09-01 01:29:14.085 - 19 08 24 03 CC 01 55 00 01 (调用内卫感应灯关的按键)
2025-09-01 01:29:14.137 - 1A 0C 02 08 01 FF 00 01 FF 00 01 FF 00 00 0F (调光器地址-内卫射灯, 内卫感应灯关)
2025-09-01 01:30:55.286 - 19 08 24 03 CC 01 54 00 01 (调用内卫感应灯开的按键)
2025-09-01 01:30:55.337 - 1A 0C 02 08 01 FF 45 01 FF 45 01 FF 00 00 0F (调光器地址-内卫射灯, 内卫射灯微光)
2025-09-01 01:31:16.326 - 19 08 24 03 CC 01 55 00 01 (调用内卫感应灯关的按键)
2025-09-01 01:31:16.361 - 1A 0C 02 08 01 FF 00 01 FF 00 01 FF 00 00 0F (调光器地址-内卫射灯, 内卫感应灯关)
2025-09-01 01:52:36.606 - FF FF FF FF 0A (继电器地址-东阳窗帘)
2025-09-01 01:52:36.740 - FC
2025-09-01 01:53:04.143 - 1A FF FF FF 04 (继电器地址-东阳衣架)
2025-09-01 02:08:19.167 - 19 08 24 03 CC 01 CC 00 01 (调用茶吧感应灯开的按键)
2025-09-01 02:08:19.214 - 1A AA AA AA 88 FF B0 01 FF B0 01 0F (调光器地址-茶吧灯带, 茶吧灯带明亮)
2025-09-01 02:08:26.683 - 19 08 24 03 CC 01 CD 00 01 (调用茶吧感应灯关的按键)
2025-09-01 02:08:26.727 - 1A AA AA AA 88 FF 00 01 FF 00 01 0F (调光器地址-茶吧灯带, 茶吧灯带关闭)
2025-09-01 02:20:05.575 - 19 08 24 03 CC 00 D3 00 01 (调用厨房感应灯开的按键)
2025-09-01 02:20:05.607 - 55 0A 32 00 00 00 01 92 55 0A 32 00 00 00 02 93 (厨房顶灯一开, 厨房顶灯二开)
2025-09-01 02:20:40.644 - 19 08 24 03 CC 00 D4 00 01 (调用厨房感应灯关的按键)
2025-09-01 02:20:40.678 - 55 0A 31 00 00 00 01 91 55 0A 31 00 00 00 02 92 (厨房顶灯一关, 厨房顶灯二关)
2025-09-01 02:28:34.797 - 1A BE B0 DC 09 (继电器地址-客厅窗帘)
2025-09-01 02:28:34.930 - FE
2025-09-01 02:29:41.935 - 1A BE B0 DC 02 (正反转地址-外卫卷帘)
2025-09-01 02:29:42.072 - FF
2025-09-01 02:42:03.753 - 1A BE B0 DC 04 (继电器地址-西阳窗帘)
2025-09-01 02:42:03.891 - FF
2025-09-01 02:59:58.859 - 50 F7 01 (全屋影音全关)
2025-09-01 03:02:41.424 - 1A BE B0 DC 0A (继电器地址-客厅纱帘)
2025-09-01 03:02:41.560 - FE
2025-09-01 03:50:55.293 - FF FF FF FF 0E (继电器地址-西阳小窗帘)
2025-09-01 03:50:55.434 - FF
2025-09-01 04:29:58.627 - EE 00 00 B1 00 00 00 FF FC FF FF (情景执行提示)
2025-09-01 04:29:59.216 - A5 00 A2 FF 00 AA (餐厅纱帘关)
2025-09-01 04:30:00.346 - A5 00 A6 FF 00 AA (餐厅窗帘关)
2025-09-01 04:30:01.411 - A5 00 B7 FF 00 AA 22 0D (书房纱帘关)
2025-09-01 04:30:02.458 - A5 00 D2 FF 00 AA 22 0C (书房窗帘关)
2025-09-01 04:30:03.507 - EE 00 00 B1 00 00 02 FF FC FF FF (情景完成返回主页)
2025-09-01 04:37:56.806 - 1A BE B0 DC 03 (继电器地址-西阳天幕)
2025-09-01 04:48:01.271 - 1A BE B0 DC 01 (继电器地址-回水泵点动)
2025-09-01 04:48:01.407 - FF
2025-09-01 05:12:47.422 - FF FF FF FF 0A (继电器地址-东阳窗帘)
2025-09-01 05:14:01.952 - 1A FF FF FF 04 (继电器地址-东阳衣架)
2025-09-01 05:48:55.761 - 1A BE B0 DC 09 FC (继电器地址-客厅窗帘)
2025-09-01 05:48:55.896 - FF
2025-09-01 05:50:10.907 - 1A BE B0 DC 02 FC (正反转地址-外卫卷帘)
2025-09-01 05:50:11.041 - FF
2025-09-01 06:01:50.001 - 1A BE B0 DC 04 (继电器地址-西阳窗帘)
2025-09-01 06:01:50.136 - FF
2025-09-01 06:13:28.617 - 19 08 24 03 CC 00 D3 00 01 (调用厨房感应灯开的按键)
2025-09-01 06:13:28.671 - 55 0A 32 00 00 00 01 92 55 0A 32 00 00 00 02 93 (厨房顶灯一开, 厨房顶灯二开)
2025-09-01 06:14:03.689 - 19 08 24 03 CC 00 D4 00 01 (调用厨房感应灯关的按键)
2025-09-01 06:14:03.741 - 55 0A 31 00 00 00 01 91 55 0A 31 00 00 00 02 92 (厨房顶灯一关, 厨房顶灯二关)
2025-09-01 06:23:16.287 - 1A BE B0 DC 0A (继电器地址-客厅纱帘)
2025-09-01 06:23:16.420 - FE
2025-09-01 06:44:59.222 - EE 00 00 B1 00 00 00 FF FC FF FF (情景执行提示)
2025-09-01 06:44:59.818 - 09 06 00 0F 02 01 78 21 (提示音叮)
2025-09-01 06:45:00.409 - 50 F0 04 (开内卫影视)
2025-09-01 06:45:00.956 - 50 F0 05 (开主卧影视)
2025-09-01 06:45:01.510 - 55 11 1D 03 01 7C 06 (主卧纱帘关)
2025-09-01 06:45:01.553 - 55 11 1D 03 01 7C 06 (主卧纱帘关)
2025-09-01 06:45:02.108 - 55 11 1D 03 01 7C 06 (主卧纱帘关)
2025-09-01 06:45:02.151 - 55 11 1D 03 01 7C 06 (主卧纱帘关)
2025-09-01 06:45:02.706 - 55 12 12 03 01 4C 41 (主卧窗帘开)
2025-09-01 06:45:02.746 - 55 12 12 03 01 4C 41 (主卧窗帘开)
2025-09-01 06:45:03.802 - 55 12 12 03 01 4C 41 (主卧窗帘开)
2025-09-01 06:45:03.846 - 55 12 12 03 01 4C 41 (主卧窗帘开)
2025-09-01 06:45:04.903 - 1A 22 33 62 0F 00 02 01 0F (正反转地址-内卫卷帘, 内卫卷帘降)
2025-09-01 06:45:05.449 - 1A FF FF FF 56 00 00 00 0F (人体感应地址-内卫, 关闭内卫感应)
2025-09-01 06:45:05.556 - BC BC
2025-09-01 06:45:05.997 - 1A 20 07 01 55 00 01 00 0F (自保持开关地址-主卧顶灯, 主卧顶灯只关)
2025-09-01 06:45:07.050 - 1A 0C 02 08 01 FF F0 01 FF F0 01 FF 00 00 0F (调光器地址-内卫射灯, 内卫射灯明亮)
2025-09-01 06:45:07.649 - 1A 0C 02 04 01 FF 00 01 FF 00 01 FF 00 00 0F (调光器地址-主卧筒灯, 主卧筒灯关闭)
2025-09-01 06:45:08.279 - 1A 0C 02 04 03 FF 45 01 FF 45 01 FF 00 00 0F (调光器地址-主卧灯带, 主卧灯带微光)
2025-09-01 06:45:08.845 - 1A 0C 02 04 02 FF F0 01 FF 00 01 FF 00 00 0F (调光器地址-主卧过道, 主卧过道暖光)
2025-09-01 06:45:09.443 - 1A 0C 02 04 05 FF 00 01 FF 00 01 FF 00 00 0F (调光器地址-主卧北阅, 主卧北阅关闭)
2025-09-01 06:45:10.039 - 1A 0C 02 04 04 FF 00 01 FF 00 01 FF 00 00 0F (调光器地址-主卧南阅, 主卧南阅关闭)
2025-09-01 06:45:11.124 - 50 F1 24 (内卫—有线2)
2025-09-01 06:45:12.169 - 50 F1 25 (主卧—有线2)
2025-09-01 06:45:13.221 - AF BF CF DF C2 21 (有线2/快捷-凤凰卫视)
2025-09-01 06:45:13.769 - 1A FF FF FF 60 0B 01 01 0F (红外总线地址-主卧发射设备, 主卧电视电源)
2025-09-01 06:45:14.287 - F0 0B 01 08
2025-09-01 06:45:14.816 - 1A BE B0 DC 01 00 01 00 (继电器地址-回水泵点动, 回水泵点动)
2025-09-01 06:45:18.856 - 09 06 00 0F 02 02 38 20 (提示音咚)
2025-09-01 06:45:19.408 - EE 00 00 B1 00 00 02 FF FC FF FF (情景完成返回主页)
2025-09-01 06:45:20.498 - A1 11 11 11 11 01 (内卫浴霸取暖判断)
2025-09-01 06:45:20.716 - 14 03 00 00 00 02 C6 CE (查询内卫温湿度)
2025-09-01 06:45:20.741 - 14 03 04 01 AC 01 07 3F 7D (内卫温湿度返回)
2025-09-01 06:50:47.529 - 19 08 24 03 CC 00 D3 00 01 (调用厨房感应灯开的按键)
2025-09-01 06:50:47.586 - 55 0A 32 00 00 00 01 92 55 0A 32 00 00 00 02 93 (厨房顶灯一开, 厨房顶灯二开)
2025-09-01 06:51:22.597 - 19 08 24 03 CC 00 D4 00 01 (调用厨房感应灯关的按键)
2025-09-01 06:51:22.634 - 55 0A 31 00 00 00 01 91 55 0A 31 00 00 00 02 92 (厨房顶灯一关, 厨房顶灯二关)
2025-09-01 07:11:10.316 - FF FF FF FF 0E (继电器地址-西阳小窗帘)
2025-09-01 07:13:28.269 - 19 08 24 03 DD 00 40 00 01 (调用情景-离开主卧)
2025-09-01 07:13:28.798 - EE 00 00 B1 00 00 00 FF FC FF FF (情景执行提示)
2025-09-01 07:13:29.393 - 09 06 00 0F 02 01 78 21 (提示音叮)
2025-09-01 07:13:29.935 - 50 F5 05 (关主卧影视)
2025-09-01 07:13:30.485 - 50 F5 04 (关内卫影视)
2025-09-01 07:13:31.038 - 01 06 07 D6 FF 60 28 9E (主卧空调关)
2025-09-01 07:13:31.070 - 01 06 07 D6 FF 60 28 9E (主卧空调关)
2025-09-01 07:13:31.635 - 55 12 12 03 01 4C 41 (主卧窗帘开)
2025-09-01 07:13:31.676 - 55 12 12 03 01 4C 41 (主卧窗帘开)
2025-09-01 07:13:32.730 - 55 12 12 03 01 4C 41 (主卧窗帘开)
2025-09-01 07:13:32.772 - 55 12 12 03 01 4C 41 (主卧窗帘开)
2025-09-01 07:13:33.827 - 55 11 1D 03 02 3C 07 (主卧纱帘开)
2025-09-01 07:13:33.871 - 55 11 1D 03 02 3C 07 (主卧纱帘开)
2025-09-01 07:13:34.425 - 55 11 1D 03 02 3C 07 (主卧纱帘开)
2025-09-01 07:13:34.464 - 55 11 1D 03 02 3C 07 (主卧纱帘开)
2025-09-01 07:13:35.024 - 1A 22 33 62 0F 00 00 01 0F (正反转地址-内卫卷帘, 内卫卷帘升)
2025-09-01 07:13:36.073 - 1A 20 07 01 40 00 01 00 0F (自保持开关地址-内卫顶灯, 内卫顶灯关)
2025-09-01 07:13:37.117 - 1A 20 07 01 55 00 01 00 0F (自保持开关地址-主卧顶灯, 主卧顶灯只关)
2025-09-01 07:13:37.672 - 1A 0C 02 08 01 FF 00 01 FF 00 01 FF 00 00 0F (调光器地址-内卫射灯, 内卫感应灯关)
2025-09-01 07:13:38.264 - 1A FF FF FF 56 00 00 01 0F (人体感应地址-内卫, 打开内卫感应)
2025-09-01 07:13:38.381 - BE BC
2025-09-01 07:13:38.685 - 19 08 24 03 CC 01 54 00 01 (调用内卫感应灯开的按键)
2025-09-01 07:13:38.738 - 1A 0C 02 08 01 FF 45 01 FF 45 01 FF 00 00 0F (调光器地址-内卫射灯, 内卫射灯微光)
2025-09-01 07:13:42.113 - 1A 0C 02 04 FF FF 00 01 FF 00 01 FF 00 00 0F (主卧调光全关)
2025-09-01 07:13:43.202 - 09 06 00 0F 02 02 38 20 (提示音咚)
2025-09-01 07:13:43.752 - EE 00 00 B1 00 00 02 FF FC FF FF (情景完成返回主页)
2025-09-01 07:14:16.456 - 19 08 24 03 CC 01 CC 00 01 (调用茶吧感应灯开的按键)
2025-09-01 07:14:16.485 - 1A AA AA AA 88 FF B0 01 FF B0 01 0F (调光器地址-茶吧灯带, 茶吧灯带明亮)
2025-09-01 07:14:17.965 - 19 08 24 03 CC 01 55 00 01 (调用内卫感应灯关的按键)
2025-09-01 07:14:17.999 - 1A 0C 02 08 01 FF 00 01 FF 00 01 FF 00 00 0F (调光器地址-内卫射灯, 内卫感应灯关)
2025-09-01 07:15:10.063 - 19 08 24 03 CC 01 CD 00 01 (调用茶吧感应灯关的按键)
2025-09-01 07:15:10.094 - 1A AA AA AA 88 FF 00 01 FF 00 01 0F (调光器地址-茶吧灯带, 茶吧灯带关闭)
2025-09-01 07:15:41.126 - 19 08 24 03 CC 01 54 00 01 (调用内卫感应灯开的按键)
2025-09-01 07:15:41.160 - 1A 0C 02 08 01 FF 45 01 FF 45 01 FF 00 00 0F (调光器地址-内卫射灯, 内卫射灯微光)
2025-09-01 07:16:01.668 - 19 08 24 03 CC 01 55 00 01 (调用内卫感应灯关的按键)
2025-09-01 07:16:01.702 - 1A 0C 02 08 01 FF 00 01 FF 00 01 FF 00 00 0F (调光器地址-内卫射灯, 内卫感应灯关)
2025-09-01 07:16:05.143 - 19 08 24 03 CC 01 52 00 01 (调用外卫感应灯开的按键)
2025-09-01 07:16:05.180 - 1A 0D 01 07 01 FF 45 01 FF 45 01 FF 00 00 0F (调光器地址-外卫射灯, 外卫感应灯开)
2025-09-01 07:16:18.169 - 19 08 24 03 CC 01 53 00 01 (调用外卫感应灯关的按键)
2025-09-01 07:16:18.202 - 1A 0D 01 07 01 FF 00 01 FF 00 01 FF 00 00 0F (调光器地址-外卫射灯, 外卫感应灯关)
2025-09-01 07:42:32.134 - 19 08 24 03 CC 00 D3 00 01 (调用厨房感应灯开的按键)
2025-09-01 07:42:32.169 - 55 0A 32 00 00 00 01 92 55 0A 32 00 00 00 02 93 (厨房顶灯一开, 厨房顶灯二开)
2025-09-01 07:43:07.705 - 19 08 24 03 CC 00 D4 00 01 (调用厨房感应灯关的按键)
2025-09-01 07:43:07.743 - 55 0A 31 00 00 00 01 91 55 0A 31 00 00 00 02 92 (厨房顶灯一关, 厨房顶灯二关)
2025-09-01 07:58:35.340 - 1A 13 00 00 00 86 86 86 0F (调用查询模块-外卫测温转换, 外卫温湿度虚拟地址)
2025-09-01 07:58:35.581 - 13 03 00 00 00 02 C7 79 (查询外卫温湿度)
2025-09-01 07:58:35.602 - 13 03 04 02 2B 01 24 B8 09 (外卫温湿度返回)
2025-09-01 07:58:36.605 - 1A 13 00 00 00 00 00 01 00 00 01 00 00 01 01 24 01 02 2B 01 00 00 01 00 00 01 0F (外卫温湿度虚拟地址)
2025-09-01 07:59:38.702 - 1A BE B0 DC 03 FE (继电器地址-西阳天幕)
2025-09-01 08:09:39.191 - 1A BE B0 DC 01 FF (继电器地址-回水泵点动)
2025-09-01 08:09:39.324 - FF
2025-09-01 08:26:44.018 - 19 08 24 03 CC 01 52 00 01 (调用外卫感应灯开的按键)
2025-09-01 08:26:44.064 - 1A 0D 01 07 01 FF 45 01 FF 45 01 FF 00 00 0F (调光器地址-外卫射灯, 外卫感应灯开)
2025-09-01 08:34:17.407 - 19 08 24 03 CC 01 53 00 01 (调用外卫感应灯关的按键)
2025-09-01 08:34:17.462 - 1A 0D 01 07 01 FF 00 01 FF 00 01 FF 00 00 0F (调光器地址-外卫射灯, 外卫感应灯关)
2025-09-01 08:35:04.117 - 19 08 24 03 DD 00 29 00 01 (调用情景-次卧照明关帘)
2025-09-01 08:35:04.623 - EE 00 00 B1 00 00 00 FF FC FF FF (情景执行提示)
2025-09-01 08:35:05.217 - 09 06 00 0F 02 01 78 21 (提示音叮)
2025-09-01 08:35:05.775 - 1A 0E 03 05 01 FF F0 01 FF F0 01 FF 00 00 0F (调光器地址-次卧射灯, 次卧射灯明亮)
2025-09-01 08:35:06.374 - 1A 0E 03 05 02 FF F0 01 FF F0 01 FF 00 00 0F (调光器地址-次卧灯带, 次卧灯带明亮)
2025-09-01 08:35:06.961 - A5 00 21 FF 00 AA (次卧纱帘关)
2025-09-01 08:35:08.008 - A5 00 76 FF 00 AA (次卧窗帘关)
2025-09-01 08:35:09.064 - 1A 0E 03 05 04 FF F0 01 FF F0 01 FF 00 00 0F (调光器地址-次卧北筒灯, 次卧北筒灯明亮)
2025-09-01 08:35:09.660 - 1A 0E 03 05 05 FF F0 01 FF F0 01 FF 00 00 0F (调光器地址-次卧南筒灯, 次卧南筒灯明亮)
2025-09-01 08:35:10.285 - 09 06 00 0F 02 02 38 20 (提示音咚)
2025-09-01 08:35:10.854 - EE 00 00 B1 00 00 02 FF FC FF FF (情景完成返回主页)
2025-09-01 08:35:15.373 - FF FF FF FF 0A FC (继电器地址-东阳窗帘)
2025-09-01 08:35:15.511 - FF
2025-09-01 08:35:39.005 - 1A FF FF FF 04 (继电器地址-东阳衣架)
2025-09-01 08:38:58.721 - 19 08 24 03 DD 00 28 00 01 (调用情景-离开次卧)
2025-09-01 08:38:59.267 - EE 00 00 B1 00 00 00 FF FC FF FF (情景执行提示)
2025-09-01 08:38:59.861 - 09 06 00 0F 02 01 78 21 (提示音叮)
2025-09-01 08:39:00.406 - 50 F5 06 (关次卧影视)
2025-09-01 08:39:00.958 - 01 06 07 D9 FF 60 18 9D (次卧空调关)
2025-09-01 08:39:00.986 - 01 06 07 D9 FF 60 18 9D (次卧空调关)
2025-09-01 08:39:01.554 - A5 00 76 FE 01 AA (次卧窗帘开)
2025-09-01 08:39:01.613 - 55 00 76 02 01 0E 01 1B AA 55 00 76 02 01 0E 01 1B F5 (次卧窗帘电机状态返回)
2025-09-01 08:39:02.682 - A5 00 21 FE 01 AA (次卧纱帘开)
2025-09-01 08:39:02.733 - 55 00 21 02 01 27 01 34 AA 55 00 21 02 01 27 01 34 AA (次卧纱帘电机状态返回)
2025-09-01 08:39:03.749 - 1A 20 07 00 70 00 01 00 0F (自保持开关地址-次卧顶灯, 次卧顶灯只关)
2025-09-01 08:39:04.304 - 1A 0E 03 05 FF FF 00 01 FF 00 01 FF 00 00 0F (调光器地址-次卧调光统配符, 次卧调光全关)
2025-09-01 08:39:04.895 - 09 06 00 0F 02 02 38 20 (提示音咚)
2025-09-01 08:39:06.944 - EE 00 00 B1 00 00 02 FF FC FF FF (情景完成返回主页)
2025-09-01 08:39:09.917 - 55 00 76 00 00 0D 01 1B AA 55 00 76 00 00 0D 01 1B AA (次卧窗帘电机状态返回)
2025-09-01 08:39:10.613 - 55 00 21 00 00 0D 01 34 AA 55 00 21 00 00 0D 01 34 AA (次卧纱帘电机状态返回)
2025-09-01 08:39:14.504 - 19 08 24 03 CC 01 52 00 01 (调用外卫感应灯开的按键)
2025-09-01 08:39:14.557 - 1A 0D 01 07 01 FF 45 01 FF 45 01 FF 00 00 0F (调光器地址-外卫射灯, 外卫感应灯开)
2025-09-01 08:39:24.545 - 19 08 24 03 CC 01 CC 00 01 (调用茶吧感应灯开的按键)
2025-09-01 08:39:24.573 - 1A AA AA AA 88 FF B0 01 FF B0 01 0F (调光器地址-茶吧灯带, 茶吧灯带明亮)
2025-09-01 08:39:29.534 - 19 08 24 03 CC 01 53 00 01 (调用外卫感应灯关的按键)
2025-09-01 08:39:29.571 - 1A 0D 01 07 01 FF 00 01 FF 00 01 FF 00 00 0F (调光器地址-外卫射灯, 外卫感应灯关)
2025-09-01 08:40:15.964 - 19 08 24 03 CC 00 D3 00 01 (调用厨房感应灯开的按键)
2025-09-01 08:40:16.000 - 55 0A 32 00 00 00 01 92 55 0A 32 00 00 00 02 93 (厨房顶灯一开, 厨房顶灯二开)
2025-09-01 08:40:54.040 - 19 08 24 03 CC 00 D4 00 01 (调用厨房感应灯关的按键)
2025-09-01 08:40:54.074 - 55 0A 31 00 00 00 01 91 55 0A 31 00 00 00 02 92 (厨房顶灯一关, 厨房顶灯二关)
2025-09-01 08:40:54.720 - 19 08 24 03 CC 01 CD 00 01 (调用茶吧感应灯关的按键)
2025-09-01 08:40:54.751 - 1A AA AA AA 88 FF 00 01 FF 00 01 0F (调光器地址-茶吧灯带, 茶吧灯带关闭)
2025-09-01 08:41:24.429 - 19 08 24 03 DD 00 00 00 01 (调用情景-离家（末）)
2025-09-01 08:41:24.946 - EE 00 00 B1 00 00 00 FF FC FF FF (情景执行提示)
2025-09-01 08:41:25.541 - 09 06 00 0F 02 02 38 20 (提示音咚)
2025-09-01 08:41:26.134 - 50 F7 01 (全屋影音全关)
2025-09-01 08:41:26.687 - 01 06 07 D0 FF 60 C8 9F (客厅空调关)
2025-09-01 08:41:26.715 - 01 06 07 D0 FF 60 C8 9F (客厅空调关)
2025-09-01 08:41:27.286 - 01 06 07 D0 FF 60 C8 9F (客厅空调关)
2025-09-01 08:41:27.323 - 01 06 07 D0 FF 60 C8 9F (客厅空调关)
2025-09-01 08:41:27.884 - 01 06 07 D3 FF 60 38 9F (餐厅空调关)
2025-09-01 08:41:27.918 - 01 06 07 D3 FF 60 38 9F (餐厅空调关)
2025-09-01 08:41:28.481 - 01 06 07 D3 FF 60 38 9F (餐厅空调关)
2025-09-01 08:41:28.515 - 01 06 07 D3 FF 60 38 9F (餐厅空调关)
2025-09-01 08:41:29.080 - 01 06 07 D6 FF 60 28 9E (主卧空调关)
2025-09-01 08:41:29.109 - 01 06 07 D6 FF 60 28 9E (主卧空调关)
2025-09-01 08:41:29.679 - 01 06 07 D6 FF 60 28 9E (主卧空调关)
2025-09-01 08:41:29.705 - 01 06 07 D6 FF 60 28 9E (主卧空调关)
2025-09-01 08:41:30.277 - 01 06 07 D9 FF 60 18 9D (次卧空调关)
2025-09-01 08:41:30.309 - 01 06 07 D9 FF 60 18 9D (次卧空调关)
2025-09-01 08:41:30.874 - 01 06 07 D9 FF 60 18 9D (次卧空调关)
2025-09-01 08:41:30.906 - 01 06 07 D9 FF 60 18 9D (次卧空调关)
2025-09-01 08:41:31.473 - 01 06 07 DC FF 60 08 9C (书房空调关)
2025-09-01 08:41:31.502 - 01 06 07 DC FF 60 08 9C (书房空调关)
2025-09-01 08:41:32.069 - 01 06 07 DC FF 60 08 9C (书房空调关)
2025-09-01 08:41:32.097 - 01 06 07 DC FF 60 08 9C (书房空调关)
2025-09-01 08:41:32.669 - 09 06 00 0F 02 02 38 20 (提示音咚)
2025-09-01 08:41:33.216 - 1A FF FF FF 56 00 00 00 0F (人体感应地址-内卫, 关闭内卫感应)
2025-09-01 08:41:33.326 - BC BE
2025-09-01 08:41:33.767 - 1A FF FF FF 55 00 00 00 0F (人体感应地址-外卫, 关闭外卫感应)
2025-09-01 08:41:33.871 - BC BC
2025-09-01 08:41:34.316 - 1A FF FF FF 57 00 00 00 0F (人体感应地址-厨房, 关闭厨房感应)
2025-09-01 08:41:34.417 - BE BF
2025-09-01 08:41:34.861 - 1A FF FF FF 58 00 00 00 0F (人体感应地址-茶吧, 关闭茶吧感应)
2025-09-01 08:41:34.913 - BC BC
2025-09-01 08:41:35.459 - 1A 20 07 00 93 00 01 00 0F (自保持开关地址-设备区顶, 设备区顶灯关)
2025-09-01 08:41:36.507 - 1A 20 07 01 40 00 01 00 0F (自保持开关地址-内卫顶灯, 内卫顶灯关)
2025-09-01 08:41:37.555 - 1A 20 07 01 55 00 01 00 0F (自保持开关地址-主卧顶灯, 主卧顶灯只关)
2025-09-01 08:41:38.600 - 1A 20 07 00 42 00 01 00 0F (自保持开关地址-外卫顶灯, 外卫顶灯关)
2025-09-01 08:41:39.644 - 55 0D 31 00 00 00 01 94 (书房顶灯只关)
2025-09-01 08:41:40.691 - 55 0A 31 00 00 00 01 91 (厨房顶灯一关)
2025-09-01 08:41:41.742 - 55 0A 31 00 00 00 02 92 (厨房顶灯二关)
2025-09-01 08:41:42.785 - 55 0B 31 00 00 00 01 92 (厨房风扇只关)
2025-09-01 08:41:43.830 - 55 0C 31 00 00 00 01 93 (餐厅顶灯关)
2025-09-01 08:41:44.880 - 1A 20 07 01 30 00 01 00 0F (自保持开关地址-西阳顶灯, 西阳顶灯关)
2025-09-01 08:41:45.925 - 1A 18 05 21 89 00 01 00 0F (自保持开关地址-客厅顶灯, 客厅顶灯一关)
2025-09-01 08:41:46.973 - 1A 18 05 01 94 00 01 00 0F (自保持开关地址-客厅顶灯, 客厅顶灯二关)
2025-09-01 08:41:48.020 - 1A 20 07 00 70 00 01 00 0F (自保持开关地址-次卧顶灯, 次卧顶灯只关)
2025-09-01 08:41:49.067 - 1A 18 05 10 31 00 01 00 0F (自保持开关地址-门厅顶灯, 门厅顶灯关)
2025-09-01 08:41:50.110 - 1A FF FF FF 04 00 03 02 (继电器地址-东阳衣架, 东阳衣架照明关)
2025-09-01 08:41:50.657 - 09 06 00 0F 02 02 38 20 (提示音咚)
2025-09-01 08:41:51.257 - A5 00 A6 FE 01 AA (餐厅窗帘开)
2025-09-01 08:41:51.315 - 55 00 A6 02 01 66 01 74 AA 55 00 A6 02 01 66 E1 77 AB (餐厅窗帘电机状态返回)
2025-09-01 08:41:51.856 - FF FF FF FF 0A 00 01 00 (继电器地址-东阳窗帘, 东阳窗帘开)
2025-09-01 08:41:52.404 - 1A BE B0 DC 04 00 01 00 (继电器地址-西阳窗帘, 西阳窗帘开)
2025-09-01 08:41:52.952 - FF FF FF FF 0E 00 01 00 (继电器地址-西阳小窗帘, 西阳小窗帘开)
2025-09-01 08:41:53.503 - 1A 22 33 62 0F 00 00 01 0F (正反转地址-内卫卷帘, 内卫卷帘升)
2025-09-01 08:41:54.048 - 55 12 12 03 01 4C 41 (主卧窗帘开)
2025-09-01 08:41:54.082 - 55 12 12 03 01 4C 41 (主卧窗帘开)
2025-09-01 08:41:54.644 - 55 11 1D 03 02 3C 07 (主卧纱帘开)
2025-09-01 08:41:54.688 - 55 11 1D 03 02 3C 07 (主卧纱帘开)
2025-09-01 08:41:55.241 - A5 00 76 FE 01 AA (次卧窗帘开)
2025-09-01 08:41:55.791 - A5 00 21 FE 01 AA (次卧纱帘开)
2025-09-01 08:41:56.340 - A5 00 D2 FE 01 AA 22 0D (书房窗帘开)
2025-09-01 08:41:56.398 - 55 00 D2 02 00 FE 01 0B AA 55 00 D2 02 00 FE 01 0B BE (书房窗帘电机状态返回)
2025-09-01 08:41:56.940 - 1A BE B0 DC 09 00 01 00 (继电器地址-客厅窗帘, 客厅窗帘开)
2025-09-01 08:41:57.490 - 1A BE B0 DC 0A 00 02 00 (继电器地址-客厅纱帘, 客厅纱帘开)
2025-09-01 08:41:58.034 - 09 06 00 0F 02 02 38 20 (提示音咚)
2025-09-01 08:41:59.082 - 1A EC A0 DC 02 00 00 00 0F (自保持开关地址-天花12V供电, 天花12V 供电关)
2025-09-01 08:41:59.682 - 1A EC A0 DC 02 00 00 00 0F (自保持开关地址-天花12V供电, 天花12V 供电关)
2025-09-01 08:42:00.211 - 55 00 A6 00 00 0E 01 74 AA 55 00 A6 00 00 0E 01 74 AA (餐厅窗帘电机状态返回)
2025-09-01 08:42:00.231 - 1A EC A0 DC 01 00 00 00 0F (自保持开关地址-电视、设备12V供电, 12V 电视供电关)
2025-09-01 08:42:00.828 - 1A EC A0 DC 01 00 00 00 0F (自保持开关地址-电视、设备12V供电, 12V 电视供电关)
2025-09-01 08:42:01.375 - 1A EC A0 DC 04 00 01 00 0F (自保持开关地址-次卧西阳内外卫供电, 内卫外卫关)
2025-09-01 08:42:01.972 - 1A EC A0 DC 04 00 01 00 0F (自保持开关地址-次卧西阳内外卫供电, 内卫外卫关)
2025-09-01 08:42:03.516 - 1A BB BB BB 01 02 00 (开水器电源关)
2025-09-01 08:42:04.051 - 55 00 D2 00 00 0D 01 0B AA 55 00 D2 00 00 0D 01 0B AA (书房窗帘电机状态返回)
2025-09-01 08:42:16.573 - 09 06 00 0F 02 02 38 20 (提示音咚)
2025-09-01 08:42:17.167 - 1A 27 89 12 AA 00 00 00 0F (状态寄存器地址, 无人状态)
2025-09-01 08:42:17.715 - 1A 27 89 12 AA 00 00 00 0F (状态寄存器地址, 无人状态)
2025-09-01 08:42:18.260 - A1 11 11 11 4D (天花供电关闭确认)
2025-09-01 08:42:18.487 - 1A EC A0 DC 02 86 86 86 0F (查询天花供电状态, 自保持开关地址-天花12V供电)
2025-09-01 08:42:18.921 - 1A EC A0 DC 02 00 01 0F (自保持开关地址-天花12V供电)
2025-09-01 08:42:21.397 - A1 11 11 11 4E (卫生供电关闭确认)
2025-09-01 08:42:21.627 - 1A EC A0 DC 04 86 86 86 0F (查询卫生间供电状态, 自保持开关地址-次卧西阳内外卫供电)
2025-09-01 08:42:22.056 - 1A EC A0 DC 04 01 00 0F (自保持开关地址-次卧西阳内外卫供电)
2025-09-01 08:42:24.440 - A1 11 11 11 4F (电视供电关闭确认)
2025-09-01 08:42:24.662 - 1A EC A0 DC 01 86 86 86 0F (查询电视供电状态, 自保持开关地址-电视、设备12V供电)
2025-09-01 08:42:25.095 - 1A EC A0 DC 01 00 01 0F (自保持开关地址-电视、设备12V供电)
2025-09-01 08:42:27.483 - 09 06 00 0F 02 02 38 20 (提示音咚)
2025-09-01 08:42:28.031 - 09 06 00 0F 02 02 38 20 (提示音咚)
2025-09-01 08:42:28.582 - EE 00 00 B1 00 00 02 FF FC FF FF (情景完成返回主页)
2025-09-01 08:42:29.671 - BA BA EE EE BA BA (离家设置信科变量)
2025-09-01 08:42:30.718 - A1 11 11 11 46 (天热离家遮阳)
2025-09-01 08:42:30.938 - 1A 27 89 12 AA 86 86 86 0F (查询寄存器状态, 状态寄存器地址)
2025-09-01 08:42:31.323 - 1A 27 89 12 AA 00 00 00 00 00 00 00 00 00 00 00 01 00 00 00 00 0F (状态寄存器地址)
2025-09-01 08:42:31.944 - 19 08 24 03 DD 00 05 00 01 (调用情景-天热遮阳关帘)
2025-09-01 08:42:32.470 - EE 00 00 B1 00 00 00 FF FC FF FF (情景执行提示)
2025-09-01 08:42:33.062 - 09 06 00 0F 02 01 78 21 (提示音叮)
2025-09-01 08:42:33.609 - A5 00 A2 FF 00 AA (餐厅纱帘关)
2025-09-01 08:42:34.656 - A5 00 A6 FF 00 AA (餐厅窗帘关)
2025-09-01 08:42:34.716 - 55 00 A6 01 00 0E 01 74 AA 55 00 A6 01 00 0E 01 74 AB (餐厅窗帘电机状态返回)
2025-09-01 08:42:35.754 - 55 11 1D 03 01 7C 06 (主卧纱帘关)
2025-09-01 08:42:35.799 - 55 11 1D 03 01 7C 06 (主卧纱帘关)
2025-09-01 08:42:36.849 - 55 12 12 03 02 0C 40 (主卧窗帘关)
2025-09-01 08:42:36.891 - 55 12 12 03 02 0C 40 (主卧窗帘关)
2025-09-01 08:42:37.947 - A5 00 21 FF 00 AA (次卧纱帘关)
2025-09-01 08:42:38.000 - 55 00 21 01 00 0D 01 34 AA 55 00 21 01 00 0D 01 34 AA (次卧纱帘电机状态返回)
2025-09-01 08:42:39.042 - A5 00 76 FF 00 AA (次卧窗帘关)
2025-09-01 08:42:39.099 - 55 00 76 01 00 0D 01 1B AA 55 00 76 01 00 0D 01 DB AB (次卧窗帘电机状态返回)
2025-09-01 08:42:40.139 - A5 00 B7 FF 00 AA 22 0D (书房纱帘关)
2025-09-01 08:42:41.189 - A5 00 D2 FF 00 AA 22 0C (书房窗帘关)
2025-09-01 08:42:41.236 - 55 00 D2 01 00 0D 01 0B AA 55 00 D2 01 00 0D 01 0B AA (书房窗帘电机状态返回)
2025-09-01 08:42:42.811 - 1A 22 33 62 5E 00 02 01 0F (正反转地址-厨房卷帘三, 厨房卷帘一降)
2025-09-01 08:42:43.589 - 55 00 A6 00 01 66 01 74 AA 55 00 A6 00 01 66 01 74 AA (餐厅窗帘电机状态返回)
2025-09-01 08:42:43.879 - 1A 22 33 62 56 00 02 01 0F (正反转地址-厨房卷帘二, 厨房卷帘二降)
2025-09-01 08:42:44.929 - 1A 22 33 62 4F 00 00 01 0F (正反转地址-厨房卷帘一, 厨房卷帘三降)
2025-09-01 08:42:45.445 - 55 00 21 00 01 27 01 34 AA 55 00 21 00 01 27 01 34 AA (次卧纱帘电机状态返回)
2025-09-01 08:42:45.971 - 1A BE B0 DC 04 00 02 00 (继电器地址-西阳窗帘, 西阳窗帘关)
2025-09-01 08:42:47.018 - FF FF FF FF 0E 00 02 00 (继电器地址-西阳小窗帘, 西阳小窗帘关)
2025-09-01 08:42:47.460 - 55 00 76 00 01 0E 01 1B AA 55 00 76 00 01 0E 01 1B AA (次卧窗帘电机状态返回)
2025-09-01 08:42:48.065 - 1A BE B0 DC 03 00 03 00 (继电器地址-西阳天幕, 西阳天幕关)
2025-09-01 08:42:49.112 - 1A BE B0 DC 03 00 03 00 (继电器地址-西阳天幕, 西阳天幕关)
2025-09-01 08:42:49.807 - 55 00 D2 00 00 FE 01 0B AA 55 00 D2 00 00 FE 01 0B AA (书房窗帘电机状态返回)
2025-09-01 08:42:50.156 - 09 06 00 0F 02 02 38 20 (提示音咚)
2025-09-01 08:42:50.710 - EE 00 00 B1 00 00 02 FF FC FF FF (情景完成返回主页)
2025-09-01 09:11:10.040 - 1A BE B0 DC 09 FE (继电器地址-客厅窗帘)
2025-09-01 09:12:07.583 - 1A BE B0 DC 02 (正反转地址-外卫卷帘)
2025-09-01 09:23:00.330 - 1A BE B0 DC 04 FC (继电器地址-西阳窗帘)
2025-09-01 09:23:00.462 - FF
2025-09-01 09:45:07.607 - 1A BE B0 DC 0A FD (继电器地址-客厅纱帘)
2025-09-01 09:45:07.744 - FE
2025-09-01 10:32:39.695 - FF FF FF FF 0E (继电器地址-西阳小窗帘)
2025-09-01 10:32:39.829 - FF
2025-09-01 11:21:07.465 - 1A BE B0 DC 03 FC (继电器地址-西阳天幕)
2025-09-01 11:21:07.599 - FF
2025-09-01 11:31:10.411 - 1A BE B0 DC 01 FC (继电器地址-回水泵点动)
2025-09-01 11:46:25.119 - 1B 03 00 00 00 02 C6 31 (查询室外光线)
2025-09-01 11:46:25.141 - 1B 03 04 00 00 05 00 42 A2 (室外光线返回)
2025-09-01 11:46:25.919 - 1A EC A0 DC 02 00 00 01 0F (自保持开关地址-天花12V供电, 天花12V 供电开)
2025-09-01 11:46:26.218 - 19 08 24 03 DD 00 0C 00 01 (调用情景-信科调用进门亮)
2025-09-01 11:46:26.491 - 1A AA AA AA 88 (调光器地址-茶吧灯带)
2025-09-01 11:46:26.757 - EE 00 00 B1 00 00 00 FF FC FF FF (情景执行提示)
2025-09-01 11:46:27.349 - 09 06 00 0F 02 01 78 21 (提示音叮)
2025-09-01 11:46:27.901 - 1A EC A0 DC 02 00 00 01 0F (自保持开关地址-天花12V供电, 天花12V 供电开)
2025-09-01 11:46:28.447 - 1A EC A0 DC 04 00 01 01 0F (自保持开关地址-次卧西阳内外卫供电, 内卫外卫开)
2025-09-01 11:46:28.994 - 1A EC A0 DC 04 00 01 01 0F (自保持开关地址-次卧西阳内外卫供电, 内卫外卫开)
2025-09-01 11:46:29.543 - 1A EC A0 DC 01 00 00 01 0F (自保持开关地址-电视、设备12V供电, 12V 电视供电开)
2025-09-01 11:46:30.090 - 1A BB BB BB 01 01 00 (开水器电源开)
2025-09-01 11:46:31.637 - 1A 27 89 12 AA 00 00 01 0F (状态寄存器地址, 有人状态)
2025-09-01 11:46:32.184 - 1A 27 89 12 AA 00 00 01 0F (状态寄存器地址, 有人状态)
2025-09-01 11:46:32.738 - 1A 0C 02 08 01 FF 45 01 FF 45 01 FF 00 00 0F (调光器地址-内卫射灯, 内卫射灯微光)
2025-09-01 11:46:33.337 - 1A 0D 01 07 01 FF 45 01 FF 45 01 FF 00 00 0F (调光器地址-外卫射灯, 外卫感应灯开)
2025-09-01 11:46:33.929 - 1A FF FF FF 57 00 00 01 0F (人体感应地址-厨房, 打开厨房感应)
2025-09-01 11:46:34.031 - BF BC
2025-09-01 11:46:34.526 - 1A FF FF FF 57 00 00 01 0F (人体感应地址-厨房, 打开厨房感应)
2025-09-01 11:46:34.540 - BC BC
2025-09-01 11:46:35.126 - 1A FF FF FF 58 00 00 01 0F (人体感应地址-茶吧, 打开茶吧感应)
2025-09-01 11:46:35.178 - BC BC
2025-09-01 11:46:35.721 - 1A BE B0 DC 01 00 01 00 (继电器地址-回水泵点动, 回水泵点动)
2025-09-01 11:46:36.269 - 1A BE B0 DC 01 00 01 00 (继电器地址-回水泵点动, 回水泵点动)
2025-09-01 11:46:36.819 - 09 06 00 0F 02 01 78 21 (提示音叮)
2025-09-01 11:46:37.367 - 09 06 00 0F 02 01 78 21 (提示音叮)
2025-09-01 11:46:37.918 - EE 00 00 B1 00 00 02 FF FC FF FF (情景完成返回主页)
2025-09-01 11:46:38.510 - A1 11 11 11 50 (天花供电打开确认)
2025-09-01 11:46:38.732 - 1A EC A0 DC 02 86 86 86 0F (查询天花供电状态, 自保持开关地址-天花12V供电)
2025-09-01 11:46:39.166 - 1A EC A0 DC 02 01 01 0F (自保持开关地址-天花12V供电)
2025-09-01 11:46:41.051 - A1 11 11 11 51 (卫生供电打开确认)
2025-09-01 11:46:41.276 - 1A EC A0 DC 04 86 86 86 0F (查询卫生间供电状态, 自保持开关地址-次卧西阳内外卫供电)
2025-09-01 11:46:41.709 - 1A EC A0 DC 04 01 01 0F (自保持开关地址-次卧西阳内外卫供电)
2025-09-01 11:46:43.593 - A1 11 11 11 52 (电视供电打开确认)
2025-09-01 11:46:43.815 - 1A EC A0 DC 01 86 86 86 0F (查询电视供电状态, 自保持开关地址-电视、设备12V供电)
2025-09-01 11:46:44.252 - 1A EC A0 DC 01 01 01 0F (自保持开关地址-电视、设备12V供电)
2025-09-01 11:46:48.627 - A1 11 11 11 47 (天热回家开帘)
2025-09-01 11:46:48.848 - 1A 27 89 12 AA 86 86 86 0F (查询寄存器状态, 状态寄存器地址)
2025-09-01 11:46:49.230 - 1A 27 89 12 AA 01 00 00 00 00 00 00 00 00 00 00 01 00 00 00 00 0F (状态寄存器地址)
2025-09-01 11:46:49.852 - 19 08 24 03 DD 00 06 00 01 (调用情景-天热遮阳开帘)
2025-09-01 11:46:50.375 - EE 00 00 B1 00 00 00 FF FC FF FF (情景执行提示)
2025-09-01 11:46:50.972 - 09 06 00 0F 02 01 78 21 (提示音叮)
2025-09-01 11:46:51.517 - A5 00 A6 FE 01 AA (餐厅窗帘开)
2025-09-01 11:46:51.566 - 55 00 A6 02 01 66 01 74 AA 55 00 A6 02 01 66 01 74 AA (餐厅窗帘电机状态返回)
2025-09-01 11:46:52.613 - 55 12 12 03 01 4C 41 (主卧窗帘开)
2025-09-01 11:46:52.652 - 55 12 12 03 01 4C 41 (主卧窗帘开)
2025-09-01 11:46:53.710 - 55 11 1D 03 02 3C 07 (主卧纱帘开)
2025-09-01 11:46:53.752 - 55 11 1D 03 02 3C 07 (主卧纱帘开)
2025-09-01 11:46:54.807 - A5 00 76 FE 01 AA (次卧窗帘开)
2025-09-01 11:46:54.863 - 55 00 76 02 01 0E 01 1B AA 55 00 76 02 01 0E 01 FB AB (次卧窗帘电机状态返回)
2025-09-01 11:46:55.905 - A5 00 21 FE 01 AA (次卧纱帘开)
2025-09-01 11:46:55.954 - 55 00 21 02 01 27 01 34 AA 55 00 21 02 01 27 01 34 AA (次卧纱帘电机状态返回)
2025-09-01 11:46:57.001 - 1A BE B0 DC 04 00 01 00 (继电器地址-西阳窗帘, 西阳窗帘开)
2025-09-01 11:46:58.127 - FF FF FF FF 0E 00 01 00 (继电器地址-西阳小窗帘, 西阳小窗帘开)
2025-09-01 11:46:59.193 - A5 00 D2 FE 01 AA 22 0D (书房窗帘开)
2025-09-01 11:46:59.244 - 55 00 D2 02 00 FE 01 0B AA 55 00 D2 02 00 FE 01 0B AA (书房窗帘电机状态返回)
2025-09-01 11:47:00.291 - 09 06 00 0F 02 02 38 20 (提示音咚)
2025-09-01 11:47:00.392 - 55 FF A7 FE 00 0E F9 74 AB 55 FE A6 FE FE 0E 01 74 AA
2025-09-01 11:47:00.841 - EE 00 00 B1 00 00 02 FF FC FF FF (情景完成返回主页)
2025-09-01 11:47:02.918 - 55 00 76 00 00 0D 01 1B AA 55 00 76 00 00 0D 01 1B AA (次卧窗帘电机状态返回)
2025-09-01 11:47:03.562 - 55 00 21 00 00 0D 01 34 AA 55 00 21 00 00 0D 01 34 AA (次卧纱帘电机状态返回)
2025-09-01 11:47:04.346 - 55 00 A6 00 00 0F 01 74 AA 55 00 A6 00 00 0F 01 74 AA (餐厅窗帘电机状态返回)
2025-09-01 11:47:06.830 - 55 00 D2 00 00 0D 01 0B AA 55 00 D2 00 00 0D 01 0B AA (书房窗帘电机状态返回)
2025-09-01 11:47:43.832 - 19 08 24 03 CC 01 CC 00 01 (调用茶吧感应灯开的按键)
2025-09-01 11:47:43.879 - 1A AA AA AA 88 FF B0 01 FF B0 01 0F (调光器地址-茶吧灯带, 茶吧灯带明亮)
2025-09-01 11:48:05.871 - 19 08 24 03 CC 01 CD 00 01 (调用茶吧感应灯关的按键)
2025-09-01 11:48:05.902 - 1A AA AA AA 88 FF 00 01 FF 00 01 0F (调光器地址-茶吧灯带, 茶吧灯带关闭)
2025-09-01 11:49:40.998 - 19 08 24 03 DD 00 29 00 01 (调用情景-次卧照明关帘)
2025-09-01 11:49:41.511 - EE 00 00 B1 00 00 00 FF FC FF FF (情景执行提示)
2025-09-01 11:49:42.106 - 09 06 00 0F 02 01 78 21 (提示音叮)
2025-09-01 11:49:42.693 - 1A 0E 03 05 01 FF F0 01 FF F0 01 FF 00 00 0F (调光器地址-次卧射灯, 次卧射灯明亮)
2025-09-01 11:49:43.259 - 1A 0E 03 05 02 FF F0 01 FF F0 01 FF 00 00 0F (调光器地址-次卧灯带, 次卧灯带明亮)
2025-09-01 11:49:43.849 - A5 00 21 FF 00 AA (次卧纱帘关)
2025-09-01 11:49:43.904 - 55 00 21 01 00 0D 01 34 AA 55 00 21 01 00 0D 01 B4 AB (次卧纱帘电机状态返回)
2025-09-01 11:49:44.945 - A5 00 76 FF 00 AA (次卧窗帘关)
2025-09-01 11:49:45.004 - 55 00 76 01 00 0D 01 1B AA 55 00 76 01 00 0D FF DB AB (次卧窗帘电机状态返回)
2025-09-01 11:49:46.049 - 1A 0E 03 05 04 FF F0 01 FF F0 01 FF 00 00 0F (调光器地址-次卧北筒灯, 次卧北筒灯明亮)
2025-09-01 11:49:46.649 - 1A 0E 03 05 05 FF F0 01 FF F0 01 FF 00 00 0F (调光器地址-次卧南筒灯, 次卧南筒灯明亮)
2025-09-01 11:49:47.240 - 09 06 00 0F 02 02 38 20 (提示音咚)
2025-09-01 11:49:47.791 - EE 00 00 B1 00 00 02 FF FC FF FF (情景完成返回主页)
2025-09-01 11:49:50.965 - 55 00 21 00 01 28 01 34 AA 55 00 21 00 01 28 01 34 AA (次卧纱帘电机状态返回)
2025-09-01 11:49:52.447 - 55 00 21 00 01 27 01 34 AA 55 00 21 00 01 27 01 34 AA (次卧纱帘电机状态返回)
2025-09-01 11:49:54.431 - 55 00 76 00 01 0E 01 1B AA 55 00 76 00 01 0E 01 1B AA (次卧窗帘电机状态返回)
2025-09-01 11:56:49.618 - 19 08 24 03 DD 00 3E 00 01 (调用情景-外卫照明关帘)
2025-09-01 11:56:50.155 - EE 00 00 B1 00 00 00 FF FC FF FF (情景执行提示)
2025-09-01 11:56:50.754 - 09 06 00 0F 02 01 78 21 (提示音叮)
2025-09-01 11:56:51.309 - 1A FF FF FF 55 00 00 00 0F (人体感应地址-外卫, 关闭外卫感应)
2025-09-01 11:56:51.324 - BC BC
2025-09-01 11:56:52.405 - 1A 0D 01 07 01 FF F0 01 FF F0 01 FF 00 00 0F (调光器地址-外卫射灯, 外卫射灯明亮)
2025-09-01 11:56:52.994 - 09 06 00 0F 02 02 38 20 (提示音咚)
2025-09-01 11:56:53.546 - EE 00 00 B1 00 00 02 FF FC FF FF (情景完成返回主页)
2025-09-01 11:57:13.920 - 1A FF FF FF 04 (继电器地址-东阳衣架)
2025-09-01 11:57:14.059 - 00
2025-09-01 11:58:37.633 - 19 08 24 03 CC 01 CC 00 01 (调用茶吧感应灯开的按键)
2025-09-01 11:58:37.680 - 1A AA AA AA 88 FF B0 01 FF B0 01 0F (调光器地址-茶吧灯带, 茶吧灯带明亮)
2025-09-01 11:59:04.183 - 19 08 24 03 CC 01 CD 00 01 (调用茶吧感应灯关的按键)
2025-09-01 11:59:04.235 - 1A AA AA AA 88 FF 00 01 FF 00 01 0F (调光器地址-茶吧灯带, 茶吧灯带关闭)
2025-09-01 11:59:51.777 - 19 08 24 03 CC 01 CC 00 01 (调用茶吧感应灯开的按键)
2025-09-01 11:59:51.809 - 1A AA AA AA 88 FF B0 01 FF B0 01 0F (调光器地址-茶吧灯带, 茶吧灯带明亮)
2025-09-01 12:01:08.931 - 19 08 24 03 CC 01 CD 00 01 (调用茶吧感应灯关的按键)
2025-09-01 12:01:08.962 - 1A AA AA AA 88 FF 00 01 FF 00 01 0F (调光器地址-茶吧灯带, 茶吧灯带关闭)
2025-09-01 12:01:44.501 - 19 08 24 03 CC 01 CC 00 01 (调用茶吧感应灯开的按键)
2025-09-01 12:01:44.531 - 1A AA AA AA 88 FF B0 01 FF B0 01 0F (调光器地址-茶吧灯带, 茶吧灯带明亮)
2025-09-01 12:04:17.804 - 19 08 24 03 CC 01 CD 00 01 (调用茶吧感应灯关的按键)
2025-09-01 12:04:17.835 - 1A AA AA AA 88 FF 00 01 FF 00 01 0F (调光器地址-茶吧灯带, 茶吧灯带关闭)
2025-09-01 12:15:13.599 - 19 08 24 03 CC 01 CC 00 01 (调用茶吧感应灯开的按键)
2025-09-01 12:15:13.629 - 1A AA AA AA 88 FF B0 01 FF B0 01 0F (调光器地址-茶吧灯带, 茶吧灯带明亮)
2025-09-01 12:16:26.242 - 19 08 24 03 CC 01 CD 00 01 (调用茶吧感应灯关的按键)
2025-09-01 12:16:26.273 - 1A AA AA AA 88 FF 00 01 FF 00 01 0F (调光器地址-茶吧灯带, 茶吧灯带关闭)
2025-09-01 12:27:12.635 - FF FF FF FF 0A FC (继电器地址-东阳窗帘)
2025-09-01 12:27:12.770 - FE
2025-09-01 12:29:44.312 - 19 08 24 03 DD 00 32 00 01 (调用情景-次卧起床)
2025-09-01 12:29:44.842 - EE 00 00 B1 00 00 00 FF FC FF FF (情景执行提示)
2025-09-01 12:29:45.436 - 09 06 00 0F 02 01 78 21 (提示音叮)
2025-09-01 12:29:45.988 - 1A 20 07 00 70 00 01 00 0F (自保持开关地址-次卧顶灯, 次卧顶灯只关)
2025-09-01 12:29:46.233 - 19 08 24 03 DD 00 33 00 01 (调用情景-次卧睡觉)
2025-09-01 12:29:46.540 - 1A 0E 03 05 02 FF 45 01 FF 45 01 FF 00 00 0F (调光器地址-次卧灯带, 次卧灯带微光)
2025-09-01 12:29:47.137 - 1A 0E 03 05 01 FF 45 01 FF 45 01 FF 00 00 0F (调光器地址-次卧射灯, 次卧射灯微光)
2025-09-01 12:29:47.736 - 1A 0E 03 05 04 FF 45 01 FF 45 01 FF 00 00 0F (调光器地址-次卧北筒灯, 次卧北筒灯微光)
2025-09-01 12:29:48.335 - 1A 0E 03 05 05 FF 45 01 FF 45 01 FF 00 00 0F (调光器地址-次卧南筒灯, 次卧南筒灯微光)
2025-09-01 12:29:48.923 - A5 00 76 FE 01 AA (次卧窗帘开)
2025-09-01 12:29:48.975 - 55 00 76 02 01 0E 01 1B AA 55 00 76 02 01 0E 01 1B AA (次卧窗帘电机状态返回)
2025-09-01 12:29:50.049 - A5 00 21 FF 00 AA (次卧纱帘关)
2025-09-01 12:29:51.120 - 1A BE B0 DC 01 00 01 00 (继电器地址-回水泵点动, 回水泵点动)
2025-09-01 12:29:52.164 - 09 06 00 0F 02 02 38 20 (提示音咚)
2025-09-01 12:29:52.715 - EE 00 00 B1 00 00 02 FF FC FF FF (情景完成返回主页)
2025-09-01 12:29:53.314 - EE 00 00 B1 00 00 00 FF FC FF FF (情景执行提示)
2025-09-01 12:29:53.910 - 09 06 00 0F 02 01 78 21 (提示音叮)
2025-09-01 12:29:54.457 - 1A 20 07 00 70 00 01 00 0F (自保持开关地址-次卧顶灯, 次卧顶灯只关)
2025-09-01 12:29:55.003 - A5 00 21 FF 00 AA (次卧纱帘关)
2025-09-01 12:29:56.049 - A5 00 76 FF 00 AA (次卧窗帘关)
2025-09-01 12:29:56.511 - 55 00 76 01 00 0E 01 1B AA 55 00 76 01 00 0E 01 1B AA (次卧窗帘电机状态返回)
2025-09-01 12:29:57.092 - 50 F5 06 (关次卧影视)
2025-09-01 12:29:57.655 - 1A 0E 03 05 03 FF 00 01 FF 00 01 FF 00 00 0F (调光器地址-次卧阅读灯, 次卧阅读关闭)
2025-09-01 12:29:58.252 - 1A 0E 03 05 02 FF 00 01 FF 00 01 FF 00 00 0F (调光器地址-次卧灯带, 次卧灯带关闭)
2025-09-01 12:29:58.850 - 1A 0E 03 05 04 FF 00 01 FF 00 01 FF 00 00 0F (调光器地址-次卧北筒灯, 次卧北筒灯关闭)
2025-09-01 12:29:59.477 - 1A 0E 03 05 05 FF 00 01 FF 00 01 FF 00 00 0F (调光器地址-次卧南筒灯, 次卧南筒灯关闭)
2025-09-01 12:30:00.044 - 1A 0E 03 05 01 FF 00 01 FF 00 01 FF 00 00 0F (调光器地址-次卧射灯, 次卧射灯关闭)
2025-09-01 12:30:00.636 - 09 06 00 0F 02 02 38 20 (提示音咚)
2025-09-01 12:30:01.189 - EE 00 00 B1 00 00 02 FF FC FF FF (情景完成返回主页)
2025-09-01 12:30:05.548 - 55 00 76 00 01 0F 01 1B AA 55 00 76 00 01 0F 01 1B AA (次卧窗帘电机状态返回)
2025-09-01 12:32:19.121 - 1A BE B0 DC 09 FE (继电器地址-客厅窗帘)
2025-09-01 12:32:37.211 - 1A BE B0 DC 02 (正反转地址-外卫卷帘)
2025-09-01 12:42:51.156 - 1A BE B0 DC 04 FC (继电器地址-西阳窗帘)
2025-09-01 12:42:51.290 - FF
2025-09-01 12:46:01.594 - 19 08 24 03 CC 00 D3 00 01 (调用厨房感应灯开的按键)
2025-09-01 12:46:01.648 - 55 0A 32 00 00 00 01 92 55 0A 32 00 00 00 02 93 (厨房顶灯一开, 厨房顶灯二开)
2025-09-01 12:46:37.168 - 19 08 24 03 CC 00 D4 00 01 (调用厨房感应灯关的按键)
2025-09-01 12:46:37.220 - 55 0A 31 00 00 00 01 91 55 0A 31 00 00 00 02 92 (厨房顶灯一关, 厨房顶灯二关)
2025-09-01 12:59:48.903 - 19 08 24 03 CC 01 CC 00 01 (调用茶吧感应灯开的按键)
2025-09-01 12:59:48.932 - 1A AA AA AA 88 FF B0 01 FF B0 01 0F (调光器地址-茶吧灯带, 茶吧灯带明亮)
2025-09-01 13:00:57.039 - 19 08 24 03 CC 01 CD 00 01 (调用茶吧感应灯关的按键)
2025-09-01 13:00:57.071 - 1A AA AA AA 88 FF 00 01 FF 00 01 0F (调光器地址-茶吧灯带, 茶吧灯带关闭)
2025-09-01 13:05:41.625 - 1A BE B0 DC 0A (继电器地址-客厅纱帘)
2025-09-01 13:36:45.282 - 19 08 24 03 CC 01 CC 00 01 (调用茶吧感应灯开的按键)
2025-09-01 13:36:45.331 - 1A AA AA AA 88 FF B0 01 FF B0 01 0F (调光器地址-茶吧灯带, 茶吧灯带明亮)
2025-09-01 13:36:56.604 - 19 08 24 03 CC 00 D3 00 01 (调用厨房感应灯开的按键)
2025-09-01 13:36:56.656 - 55 0A 32 00 00 00 01 92 55 0A 32 00 00 00 02 93 (厨房顶灯一开, 厨房顶灯二开)
2025-09-01 13:36:59.811 - 19 08 24 03 CC 01 CD 00 01 (调用茶吧感应灯关的按键)
2025-09-01 13:36:59.841 - 1A AA AA AA 88 FF 00 01 FF 00 01 0F (调光器地址-茶吧灯带, 茶吧灯带关闭)
2025-09-01 13:38:33.293 - 19 08 24 03 CC 00 D4 00 01 (调用厨房感应灯关的按键)
2025-09-01 13:38:33.328 - 55 0A 31 00 00 00 01 91 55 0A 31 00 00 00 02 92 (厨房顶灯一关, 厨房顶灯二关)
2025-09-01 13:38:47.321 - 19 08 24 03 CC 00 D3 00 01 (调用厨房感应灯开的按键)
2025-09-01 13:38:47.360 - 55 0A 32 00 00 00 01 92 55 0A 32 00 00 00 02 93 (厨房顶灯一开, 厨房顶灯二开)
2025-09-01 13:40:03.172 - 19 08 24 03 CC 01 CC 00 01 (调用茶吧感应灯开的按键)
2025-09-01 13:40:03.202 - 1A AA AA AA 88 FF B0 01 FF B0 01 0F (调光器地址-茶吧灯带, 茶吧灯带明亮)
2025-09-01 13:40:17.199 - 19 08 24 03 CC 01 CD 00 01 (调用茶吧感应灯关的按键)
2025-09-01 13:40:17.231 - 1A AA AA AA 88 FF 00 01 FF 00 01 0F (调光器地址-茶吧灯带, 茶吧灯带关闭)
2025-09-01 13:40:52.567 - 19 08 24 03 CC 00 D4 00 01 (调用厨房感应灯关的按键)
2025-09-01 13:40:52.604 - 55 0A 31 00 00 00 01 91 55 0A 31 00 00 00 02 92 (厨房顶灯一关, 厨房顶灯二关)
2025-09-01 13:41:46.878 - 19 08 24 03 CC 01 CC 00 01 (调用茶吧感应灯开的按键)
2025-09-01 13:41:46.909 - 1A AA AA AA 88 FF B0 01 FF B0 01 0F (调光器地址-茶吧灯带, 茶吧灯带明亮)
2025-09-01 13:41:58.401 - 19 08 24 03 CC 01 CD 00 01 (调用茶吧感应灯关的按键)
2025-09-01 13:41:58.430 - 1A AA AA AA 88 FF 00 01 FF 00 01 0F (调光器地址-茶吧灯带, 茶吧灯带关闭)
2025-09-01 13:52:41.891 - FF FF FF FF 0E FF (继电器地址-西阳小窗帘)
2025-09-01 13:52:42.023 - FF
2025-09-01 13:53:55.188 - 19 08 24 03 DD 00 28 00 01 (调用情景-离开次卧)
2025-09-01 13:53:55.749 - EE 00 00 B1 00 00 00 FF FC FF FF (情景执行提示)
2025-09-01 13:53:56.344 - 09 06 00 0F 02 01 78 21 (提示音叮)
2025-09-01 13:53:56.888 - 50 F5 06 (关次卧影视)
2025-09-01 13:53:57.440 - 01 06 07 D9 FF 60 18 9D (次卧空调关)
2025-09-01 13:53:57.474 - 01 06 07 D9 FF 60 18 9D (次卧空调关)
2025-09-01 13:53:58.038 - A5 00 76 FE 01 AA (次卧窗帘开)
2025-09-01 13:53:58.093 - 55 00 76 02 01 0F 01 1B AA 55 00 76 02 01 0F 01 1B AA (次卧窗帘电机状态返回)
2025-09-01 13:53:59.132 - A5 00 21 FE 01 AA (次卧纱帘开)
2025-09-01 13:53:59.182 - 55 00 21 02 01 27 01 34 AA 55 00 21 02 01 27 01 34 AA (次卧纱帘电机状态返回)
2025-09-01 13:54:00.232 - 1A 20 07 00 70 00 01 00 0F (自保持开关地址-次卧顶灯, 次卧顶灯只关)
2025-09-01 13:54:00.840 - 1A 0E 03 05 FF FF 00 01 FF 00 01 FF 00 00 0F (调光器地址-次卧调光统配符, 次卧调光全关)
2025-09-01 13:54:01.429 - 09 06 00 0F 02 02 38 20 (提示音咚)
2025-09-01 13:54:03.502 - EE 00 00 B1 00 00 02 FF FC FF FF (情景完成返回主页)
2025-09-01 13:54:04.837 - 19 08 24 03 CC 01 CC 00 01 (调用茶吧感应灯开的按键)
2025-09-01 13:54:04.890 - 1A AA AA AA 88 FF B0 01 FF B0 01 0F (调光器地址-茶吧灯带, 茶吧灯带明亮)
2025-09-01 13:54:06.074 - 55 00 76 00 00 0D 01 1B AA 55 00 76 00 00 0D 01 1B AA (次卧窗帘电机状态返回)
2025-09-01 13:54:06.688 - 55 00 21 00 00 0D 01 34 AA 55 00 21 00 00 0D 01 34 AA (次卧纱帘电机状态返回)
2025-09-01 13:54:33.546 - 19 08 24 03 DD 00 00 00 01 (调用情景-离家（末）)
2025-09-01 13:54:34.072 - EE 00 00 B1 00 00 00 FF FC FF FF (情景执行提示)
2025-09-01 13:54:34.666 - 09 06 00 0F 02 02 38 20 (提示音咚)
2025-09-01 13:54:35.211 - 50 F7 01 (全屋影音全关)
2025-09-01 13:54:35.765 - 01 06 07 D0 FF 60 C8 9F (客厅空调关)
2025-09-01 13:54:35.800 - 01 06 07 D0 FF 60 C8 9F (客厅空调关)
2025-09-01 13:54:36.362 - 01 06 07 D0 FF 60 C8 9F (客厅空调关)
2025-09-01 13:54:36.396 - 01 06 07 D0 FF 60 C8 9F (客厅空调关)
2025-09-01 13:54:36.992 - 01 06 07 D3 FF 60 38 9F (餐厅空调关)
2025-09-01 13:54:37.021 - 01 06 07 D3 FF 60 38 9F (餐厅空调关)
2025-09-01 13:54:37.558 - 01 06 07 D3 FF 60 38 9F (餐厅空调关)
2025-09-01 13:54:37.586 - 01 06 07 D3 FF 60 38 9F (餐厅空调关)
2025-09-01 13:54:38.156 - 01 06 07 D6 FF 60 28 9E (主卧空调关)
2025-09-01 13:54:38.194 - 01 06 07 D6 FF 60 28 9E (主卧空调关)
2025-09-01 13:54:38.752 - 01 06 07 D6 FF 60 28 9E (主卧空调关)
2025-09-01 13:54:38.792 - 01 06 07 D6 FF 60 28 9E (主卧空调关)
2025-09-01 13:54:39.352 - 01 06 07 D9 FF 60 18 9D (次卧空调关)
2025-09-01 13:54:39.384 - 01 06 07 D9 FF 60 18 9D (次卧空调关)
2025-09-01 13:54:39.907 - 19 08 24 03 CC 01 CD 00 01 (调用茶吧感应灯关的按键)
2025-09-01 13:54:39.956 - 1A AA AA AA 88 FF 00 01 FF 00 01 0F (调光器地址-茶吧灯带, 茶吧灯带关闭)
2025-09-01 13:54:40.357 - 01 06 07 D9 FF 60 18 9D (次卧空调关)
2025-09-01 13:54:40.383 - 01 06 07 D9 FF 60 18 9D (次卧空调关)
2025-09-01 13:54:40.997 - 01 06 07 DC FF 60 08 9C (书房空调关)
2025-09-01 13:54:41.032 - 01 06 07 DC FF 60 08 9C (书房空调关)
2025-09-01 13:54:41.598 - 01 06 07 DC FF 60 08 9C (书房空调关)
2025-09-01 13:54:41.626 - 01 06 07 DC FF 60 08 9C (书房空调关)
2025-09-01 13:54:42.196 - 09 06 00 0F 02 02 38 20 (提示音咚)
2025-09-01 13:54:42.746 - 1A FF FF FF 56 00 00 00 0F (人体感应地址-内卫, 关闭内卫感应)
2025-09-01 13:54:42.759 - BC BC
2025-09-01 13:54:43.340 - 1A FF FF FF 55 00 00 00 0F (人体感应地址-外卫, 关闭外卫感应)
2025-09-01 13:54:43.352 - BC BC
2025-09-01 13:54:43.939 - 1A FF FF FF 57 00 00 00 0F (人体感应地址-厨房, 关闭厨房感应)
2025-09-01 13:54:44.042 - BE BE
2025-09-01 13:54:44.487 - 1A FF FF FF 58 00 00 00 0F (人体感应地址-茶吧, 关闭茶吧感应)
2025-09-01 13:54:44.538 - BC BC
2025-09-01 13:54:45.084 - 1A 20 07 00 93 00 01 00 0F (自保持开关地址-设备区顶, 设备区顶灯关)
2025-09-01 13:54:46.131 - 1A 20 07 01 40 00 01 00 0F (自保持开关地址-内卫顶灯, 内卫顶灯关)
2025-09-01 13:54:47.180 - 1A 20 07 01 55 00 01 00 0F (自保持开关地址-主卧顶灯, 主卧顶灯只关)
2025-09-01 13:54:48.226 - 1A 20 07 00 42 00 01 00 0F (自保持开关地址-外卫顶灯, 外卫顶灯关)
2025-09-01 13:54:49.271 - 55 0D 31 00 00 00 01 94 (书房顶灯只关)
2025-09-01 13:54:50.314 - 55 0A 31 00 00 00 01 91 (厨房顶灯一关)
2025-09-01 13:54:51.366 - 55 0A 31 00 00 00 02 92 (厨房顶灯二关)
2025-09-01 13:54:52.409 - 55 0B 31 00 00 00 01 92 (厨房风扇只关)
2025-09-01 13:54:53.458 - 55 0C 31 00 00 00 01 93 (餐厅顶灯关)
2025-09-01 13:54:54.504 - 1A 20 07 01 30 00 01 00 0F (自保持开关地址-西阳顶灯, 西阳顶灯关)
2025-09-01 13:54:55.549 - 1A 18 05 21 89 00 01 00 0F (自保持开关地址-客厅顶灯, 客厅顶灯一关)
2025-09-01 13:54:56.597 - 1A 18 05 01 94 00 01 00 0F (自保持开关地址-客厅顶灯, 客厅顶灯二关)
2025-09-01 13:54:57.645 - 1A 20 07 00 70 00 01 00 0F (自保持开关地址-次卧顶灯, 次卧顶灯只关)
2025-09-01 13:54:58.689 - 1A 18 05 10 31 00 01 00 0F (自保持开关地址-门厅顶灯, 门厅顶灯关)
2025-09-01 13:54:59.737 - 1A FF FF FF 04 00 03 02 (继电器地址-东阳衣架, 东阳衣架照明关)
2025-09-01 13:55:00.288 - 09 06 00 0F 02 02 38 20 (提示音咚)
2025-09-01 13:55:00.879 - A5 00 A6 FE 01 AA (餐厅窗帘开)
2025-09-01 13:55:00.934 - 55 00 A6 02 00 0F 01 74 AA 55 00 A6 02 00 0F 01 74 AA (餐厅窗帘电机状态返回)
2025-09-01 13:55:01.480 - FF FF FF FF 0A 00 01 00 (继电器地址-东阳窗帘, 东阳窗帘开)
2025-09-01 13:55:02.029 - 1A BE B0 DC 04 00 01 00 (继电器地址-西阳窗帘, 西阳窗帘开)
2025-09-01 13:55:02.576 - FF FF FF FF 0E 00 01 00 (继电器地址-西阳小窗帘, 西阳小窗帘开)
2025-09-01 13:55:03.010 - 55 00 A6 00 00 0E 01 74 AA 55 00 A6 00 00 0E 01 74 AA (餐厅窗帘电机状态返回)
2025-09-01 13:55:03.126 - 1A 22 33 62 0F 00 00 01 0F (正反转地址-内卫卷帘, 内卫卷帘升)
2025-09-01 13:55:03.671 - 55 12 12 03 01 4C 41 (主卧窗帘开)
2025-09-01 13:55:03.713 - 55 12 12 03 01 4C 41 (主卧窗帘开)
2025-09-01 13:55:04.269 - 55 11 1D 03 02 3C 07 (主卧纱帘开)
2025-09-01 13:55:04.317 - 55 11 1D 03 02 3C 07 (主卧纱帘开)
2025-09-01 13:55:04.867 - A5 00 76 FE 01 AA (次卧窗帘开)
2025-09-01 13:55:05.414 - A5 00 21 FE 01 AA (次卧纱帘开)
2025-09-01 13:55:05.966 - A5 00 D2 FE 01 AA 22 0D (书房窗帘开)
2025-09-01 13:55:06.513 - 1A BE B0 DC 09 00 01 00 (继电器地址-客厅窗帘, 客厅窗帘开)
2025-09-01 13:55:07.061 - 1A BE B0 DC 0A 00 02 00 (继电器地址-客厅纱帘, 客厅纱帘开)
2025-09-01 13:55:07.610 - 09 06 00 0F 02 02 38 20 (提示音咚)
2025-09-01 13:55:08.709 - 1A EC A0 DC 02 00 00 00 0F (自保持开关地址-天花12V供电, 天花12V 供电关)
2025-09-01 13:55:09.307 - 1A EC A0 DC 02 00 00 00 0F (自保持开关地址-天花12V供电, 天花12V 供电关)
2025-09-01 13:55:09.881 - 1A EC A0 DC 01 00 00 00 0F (自保持开关地址-电视、设备12V供电, 12V 电视供电关)
2025-09-01 13:55:10.452 - 1A EC A0 DC 01 00 00 00 0F (自保持开关地址-电视、设备12V供电, 12V 电视供电关)
2025-09-01 13:55:11.000 - 1A EC A0 DC 04 00 01 00 0F (自保持开关地址-次卧西阳内外卫供电, 内卫外卫关)
2025-09-01 13:55:11.549 - 1A EC A0 DC 04 00 01 00 0F (自保持开关地址-次卧西阳内外卫供电, 内卫外卫关)
2025-09-01 13:55:13.091 - 1A BB BB BB 01 02 00 (开水器电源关)
2025-09-01 13:55:26.145 - 09 06 00 0F 02 02 38 20 (提示音咚)
2025-09-01 13:55:26.743 - 1A 27 89 12 AA 00 00 00 0F (状态寄存器地址, 无人状态)
2025-09-01 13:55:27.291 - 1A 27 89 12 AA 00 00 00 0F (状态寄存器地址, 无人状态)
2025-09-01 13:55:27.835 - A1 11 11 11 4D (天花供电关闭确认)
2025-09-01 13:55:28.056 - 1A EC A0 DC 02 86 86 86 0F (查询天花供电状态, 自保持开关地址-天花12V供电)
2025-09-01 13:55:28.490 - 1A EC A0 DC 02 00 01 0F (自保持开关地址-天花12V供电)
2025-09-01 13:55:30.877 - A1 11 11 11 4E (卫生供电关闭确认)
2025-09-01 13:55:31.106 - 1A EC A0 DC 04 86 86 86 0F (查询卫生间供电状态, 自保持开关地址-次卧西阳内外卫供电)
2025-09-01 13:55:31.537 - 1A EC A0 DC 04 01 00 0F (自保持开关地址-次卧西阳内外卫供电)
2025-09-01 13:55:33.915 - A1 11 11 11 4F (电视供电关闭确认)
2025-09-01 13:55:34.144 - 1A EC A0 DC 01 86 86 86 0F (查询电视供电状态, 自保持开关地址-电视、设备12V供电)
2025-09-01 13:55:34.579 - 1A EC A0 DC 01 00 01 0F (自保持开关地址-电视、设备12V供电)
2025-09-01 13:55:36.959 - 09 06 00 0F 02 02 38 20 (提示音咚)
2025-09-01 13:55:37.507 - 09 06 00 0F 02 02 38 20 (提示音咚)
2025-09-01 13:55:38.058 - EE 00 00 B1 00 00 02 FF FC FF FF (情景完成返回主页)
2025-09-01 13:55:39.149 - BA BA EE EE BA BA (离家设置信科变量)
2025-09-01 13:55:40.197 - A1 11 11 11 46 (天热离家遮阳)
2025-09-01 13:55:40.422 - 1A 27 89 12 AA 86 86 86 0F (查询寄存器状态, 状态寄存器地址)
2025-09-01 13:55:40.803 - 1A 27 89 12 AA 00 00 00 00 00 00 00 00 00 00 00 01 00 00 00 00 0F (状态寄存器地址)
2025-09-01 13:55:41.424 - 19 08 24 03 DD 00 05 00 01 (调用情景-天热遮阳关帘)
2025-09-01 13:55:41.996 - EE 00 00 B1 00 00 00 FF FC FF FF (情景执行提示)
2025-09-01 13:55:42.595 - 09 06 00 0F 02 01 78 21 (提示音叮)
2025-09-01 13:55:43.137 - A5 00 A2 FF 00 AA (餐厅纱帘关)
2025-09-01 13:55:44.183 - A5 00 A6 FF 00 AA (餐厅窗帘关)
2025-09-01 13:55:44.241 - 55 00 A6 01 00 0E 01 74 AA 55 00 A6 01 00 0E 01 74 AB (餐厅窗帘电机状态返回)
2025-09-01 13:55:45.281 - 55 11 1D 03 01 7C 06 (主卧纱帘关)
2025-09-01 13:55:45.324 - 55 11 1D 03 01 7C 06 (主卧纱帘关)
2025-09-01 13:55:46.378 - 55 12 12 03 02 0C 40 (主卧窗帘关)
2025-09-01 13:55:46.420 - 55 12 12 03 02 0C 40 (主卧窗帘关)
2025-09-01 13:55:47.471 - A5 00 21 FF 00 AA (次卧纱帘关)
2025-09-01 13:55:47.531 - 55 00 21 01 00 0D 01 34 AA 55 00 21 01 00 0D 01 B4 AB (次卧纱帘电机状态返回)
2025-09-01 13:55:48.571 - A5 00 76 FF 00 AA (次卧窗帘关)
2025-09-01 13:55:48.624 - 55 00 76 01 00 0D 01 1B AA 55 00 76 01 00 0D 01 1B AA (次卧窗帘电机状态返回)
2025-09-01 13:55:49.666 - A5 00 B7 FF 00 AA 22 0D (书房纱帘关)
2025-09-01 13:55:50.716 - A5 00 D2 FF 00 AA 22 0C (书房窗帘关)
2025-09-01 13:55:50.764 - 55 00 D2 01 00 0D 01 0B AA 55 00 D2 01 00 0D 01 0B AA (书房窗帘电机状态返回)
2025-09-01 13:55:52.309 - 1A 22 33 62 5E 00 02 01 0F (正反转地址-厨房卷帘三, 厨房卷帘一降)
2025-09-01 13:55:52.935 - 55 00 A6 00 01 66 01 74 AA 55 00 A6 00 01 66 01 74 AA (餐厅窗帘电机状态返回)
2025-09-01 13:55:53.404 - 1A 22 33 62 56 00 02 01 0F (正反转地址-厨房卷帘二, 厨房卷帘二降)
2025-09-01 13:55:54.504 - 1A 22 33 62 4F 00 00 01 0F (正反转地址-厨房卷帘一, 厨房卷帘三降)
2025-09-01 13:55:54.916 - 55 00 21 00 01 27 01 34 AA 55 00 21 00 01 27 01 34 AA (次卧纱帘电机状态返回)
2025-09-01 13:55:55.598 - 1A BE B0 DC 04 00 02 00 (继电器地址-西阳窗帘, 西阳窗帘关)
2025-09-01 13:55:56.695 - FF FF FF FF 0E 00 02 00 (继电器地址-西阳小窗帘, 西阳小窗帘关)
2025-09-01 13:55:56.767 - 55 00 76 00 01 0E 01 1B AA 55 00 76 00 01 0E 01 1B AA (次卧窗帘电机状态返回)
2025-09-01 13:55:57.820 - 1A BE B0 DC 03 00 03 00 (继电器地址-西阳天幕, 西阳天幕关)
2025-09-01 13:55:58.888 - 1A BE B0 DC 03 00 03 00 (继电器地址-西阳天幕, 西阳天幕关)
2025-09-01 13:55:59.435 - 55 00 D2 00 00 FE 01 0B AA 55 00 D2 00 00 FE 01 0B AA (书房窗帘电机状态返回)
2025-09-01 13:55:59.934 - 09 06 00 0F 02 02 38 20 (提示音咚)
2025-09-01 13:56:00.485 - EE 00 00 B1 00 00 02 FF FC FF FF (情景完成返回主页)
2025-09-01 14:42:20.992 - 1A BE B0 DC 03 FE (继电器地址-西阳天幕)
2025-09-01 14:42:21.126 - FF
2025-09-01 14:52:21.357 - 1A BE B0 DC 01 FC (继电器地址-回水泵点动)
2025-09-01 15:18:26.712 - 1A FF FF FF 04 (继电器地址-东阳衣架)
2025-09-01 15:18:26.849 - 00
2025-09-01 15:48:55.076 - FF FF FF FF 0A FE (继电器地址-东阳窗帘)
2025-09-01 15:48:55.215 - FC
2025-09-01 15:53:04.216 - 1A BE B0 DC 09 (继电器地址-客厅窗帘)
2025-09-01 15:53:04.353 - FF
2025-09-01 15:54:04.041 - 1A BE B0 DC 02 FC (正反转地址-外卫卷帘)
2025-09-01 15:54:04.175 - FF
2025-09-01 16:03:44.307 - 1A BE B0 DC 04 (继电器地址-西阳窗帘)
2025-09-01 16:03:44.443 - FF
2025-09-01 16:27:04.169 - 1A BE B0 DC 0A FC (继电器地址-客厅纱帘)
2025-09-01 16:27:04.304 - FE
2025-09-01 17:13:26.181 - FF FF FF FF 0E FC (继电器地址-西阳小窗帘)
2025-09-01 17:18:48.331 - 1B 03 00 00 00 02 C6 31 (查询室外光线)
2025-09-01 17:18:48.351 - 1B 03 04 00 00 00 F7 00 74 (室外光线返回)
2025-09-01 17:18:49.132 - 1A EC A0 DC 02 00 00 01 0F (自保持开关地址-天花12V供电, 天花12V 供电开)
2025-09-01 17:18:49.430 - 19 08 24 03 DD 00 0C 00 01 (调用情景-信科调用进门亮)
2025-09-01 17:18:49.738 - 1A AA AA AA 88 (调光器地址-茶吧灯带)
2025-09-01 17:18:49.944 - EE 00 00 B1 00 00 00 FF FC FF FF (情景执行提示)
2025-09-01 17:18:50.537 - 09 06 00 0F 02 01 78 21 (提示音叮)
2025-09-01 17:18:51.115 - 1A EC A0 DC 02 00 00 01 0F (自保持开关地址-天花12V供电, 天花12V 供电开)
2025-09-01 17:18:51.683 - 1A EC A0 DC 04 00 01 01 0F (自保持开关地址-次卧西阳内外卫供电, 内卫外卫开)
2025-09-01 17:18:52.231 - 1A EC A0 DC 04 00 01 01 0F (自保持开关地址-次卧西阳内外卫供电, 内卫外卫开)
2025-09-01 17:18:52.780 - 1A EC A0 DC 01 00 00 01 0F (自保持开关地址-电视、设备12V供电, 12V 电视供电开)
2025-09-01 17:18:53.325 - 1A BB BB BB 01 01 00 (开水器电源开)
2025-09-01 17:18:54.873 - 1A 27 89 12 AA 00 00 01 0F (状态寄存器地址, 有人状态)
2025-09-01 17:18:55.422 - 1A 27 89 12 AA 00 00 01 0F (状态寄存器地址, 有人状态)
2025-09-01 17:18:55.975 - 1A 0C 02 08 01 FF 45 01 FF 45 01 FF 00 00 0F (调光器地址-内卫射灯, 内卫射灯微光)
2025-09-01 17:18:56.574 - 1A 0D 01 07 01 FF 45 01 FF 45 01 FF 00 00 0F (调光器地址-外卫射灯, 外卫感应灯开)
2025-09-01 17:18:57.166 - 1A FF FF FF 57 00 00 01 0F (人体感应地址-厨房, 打开厨房感应)
2025-09-01 17:18:57.231 - BF BF
2025-09-01 17:18:57.536 - 19 08 24 03 CC 00 D3 00 01 (调用厨房感应灯开的按键)
2025-09-01 17:18:57.591 - 55 0A 32 00 00 00 01 92 55 0A 32 00 00 00 02 93 (厨房顶灯一开, 厨房顶灯二开)
2025-09-01 17:18:57.993 - 1A FF FF FF 57 00 00 01 0F (人体感应地址-厨房, 打开厨房感应)
2025-09-01 17:18:58.005 - BC BC
2025-09-01 17:18:58.562 - 1A FF FF FF 58 00 00 01 0F (人体感应地址-茶吧, 打开茶吧感应)
2025-09-01 17:18:58.614 - BC BC
2025-09-01 17:18:59.158 - 1A BE B0 DC 01 00 01 00 (继电器地址-回水泵点动, 回水泵点动)
2025-09-01 17:18:59.706 - 1A BE B0 DC 01 00 01 00 (继电器地址-回水泵点动, 回水泵点动)
2025-09-01 17:19:00.254 - 09 06 00 0F 02 01 78 21 (提示音叮)
2025-09-01 17:19:00.801 - 09 06 00 0F 02 01 78 21 (提示音叮)
2025-09-01 17:19:01.402 - EE 00 00 B1 00 00 02 FF FC FF FF (情景完成返回主页)
2025-09-01 17:19:01.998 - A1 11 11 11 50 (天花供电打开确认)
2025-09-01 17:19:02.216 - 1A EC A0 DC 02 86 86 86 0F (查询天花供电状态, 自保持开关地址-天花12V供电)
2025-09-01 17:19:02.650 - 1A EC A0 DC 02 01 01 0F (自保持开关地址-天花12V供电)
2025-09-01 17:19:04.538 - A1 11 11 11 51 (卫生供电打开确认)
2025-09-01 17:19:04.767 - 1A EC A0 DC 04 86 86 86 0F (查询卫生间供电状态, 自保持开关地址-次卧西阳内外卫供电)
2025-09-01 17:19:05.195 - 1A EC A0 DC 04 01 01 0F (自保持开关地址-次卧西阳内外卫供电)
2025-09-01 17:19:07.079 - A1 11 11 11 52 (电视供电打开确认)
2025-09-01 17:19:07.302 - 1A EC A0 DC 01 86 86 86 0F (查询电视供电状态, 自保持开关地址-电视、设备12V供电)
2025-09-01 17:19:07.735 - 1A EC A0 DC 01 01 01 0F (自保持开关地址-电视、设备12V供电)
2025-09-01 17:19:12.112 - A1 11 11 11 47 (天热回家开帘)
2025-09-01 17:19:12.338 - 1A 27 89 12 AA 86 86 86 0F (查询寄存器状态, 状态寄存器地址)
2025-09-01 17:19:12.718 - 1A 27 89 12 AA 01 00 00 00 00 00 00 00 00 00 00 01 00 00 00 00 0F (状态寄存器地址)
2025-09-01 17:19:13.337 - 19 08 24 03 DD 00 06 00 01 (调用情景-天热遮阳开帘)
2025-09-01 17:19:13.862 - EE 00 00 B1 00 00 00 FF FC FF FF (情景执行提示)
2025-09-01 17:19:14.458 - 09 06 00 0F 02 01 78 21 (提示音叮)
2025-09-01 17:19:15.006 - A5 00 A6 FE 01 AA (餐厅窗帘开)
2025-09-01 17:19:15.056 - 55 00 A6 02 01 66 01 74 AA 55 00 A6 02 01 66 01 74 AA (餐厅窗帘电机状态返回)
2025-09-01 17:19:16.101 - 55 12 12 03 01 4C 41 (主卧窗帘开)
2025-09-01 17:19:16.141 - 55 12 12 03 01 4C 41 (主卧窗帘开)
2025-09-01 17:19:17.198 - 55 11 1D 03 02 3C 07 (主卧纱帘开)
2025-09-01 17:19:17.238 - 55 11 1D 03 02 3C 07 (主卧纱帘开)
2025-09-01 17:19:18.323 - A5 00 76 FE 01 AA (次卧窗帘开)
2025-09-01 17:19:18.372 - 55 00 76 02 01 0E 01 1B AA 55 00 76 02 01 0E 01 1B AA (次卧窗帘电机状态返回)
2025-09-01 17:19:19.389 - A5 00 21 FE 01 AA (次卧纱帘开)
2025-09-01 17:19:19.444 - 55 00 21 02 01 27 01 34 AA 55 00 21 02 01 27 01 34 AA (次卧纱帘电机状态返回)
2025-09-01 17:19:20.486 - 1A BE B0 DC 04 00 01 00 (继电器地址-西阳窗帘, 西阳窗帘开)
2025-09-01 17:19:21.534 - FF FF FF FF 0E 00 01 00 (继电器地址-西阳小窗帘, 西阳小窗帘开)
2025-09-01 17:19:22.580 - A5 00 D2 FE 01 AA 22 0D (书房窗帘开)
2025-09-01 17:19:22.631 - 55 00 D2 02 00 FE 01 0B AA 55 00 D2 02 00 FE 01 0B AA (书房窗帘电机状态返回)
2025-09-01 17:19:23.676 - 09 06 00 0F 02 02 38 20 (提示音咚)
2025-09-01 17:19:23.959 - 55 00 A6 00 00 0E 01 74 AA 55 00 A6 00 00 0E 01 74 AA (餐厅窗帘电机状态返回)
2025-09-01 17:19:24.229 - EE 00 00 B1 00 00 02 FF FC FF FF (情景完成返回主页)
2025-09-01 17:19:26.116 - 19 08 24 03 DD 00 29 00 01 (调用情景-次卧照明关帘)
2025-09-01 17:19:26.385 - 55 00 76 00 00 0D 01 1B AA 55 00 76 00 00 0D 01 1B AA (次卧窗帘电机状态返回)
2025-09-01 17:19:26.671 - EE 00 00 B1 00 00 00 FF FC FF FF (情景执行提示)
2025-09-01 17:19:26.977 - 55 00 21 00 00 0D 01 34 AA 55 00 21 00 00 0D 01 34 AA (次卧纱帘电机状态返回)
2025-09-01 17:19:27.268 - 09 06 00 0F 02 01 78 21 (提示音叮)
2025-09-01 17:19:27.852 - 1A 0E 03 05 01 FF F0 01 FF F0 01 FF 00 00 0F (调光器地址-次卧射灯, 次卧射灯明亮)
2025-09-01 17:19:28.419 - 1A 0E 03 05 02 FF F0 01 FF F0 01 FF 00 00 0F (调光器地址-次卧灯带, 次卧灯带明亮)
2025-09-01 17:19:29.008 - A5 00 21 FF 00 AA (次卧纱帘关)
2025-09-01 17:19:29.059 - 55 00 21 01 00 0D 01 34 AA 55 00 21 01 00 0D 01 34 AA (次卧纱帘电机状态返回)
2025-09-01 17:19:30.102 - A5 00 76 FF 00 AA (次卧窗帘关)
2025-09-01 17:19:30.155 - 55 00 76 01 00 0D 01 1B AA 55 00 76 01 00 0D 01 1B AA (次卧窗帘电机状态返回)
2025-09-01 17:19:30.237 - 55 00 D2 00 00 0D 01 0B AA 55 00 D2 00 00 0D 01 0B AA (书房窗帘电机状态返回)
2025-09-01 17:19:31.207 - 1A 0E 03 05 04 FF F0 01 FF F0 01 FF 00 00 0F (调光器地址-次卧北筒灯, 次卧北筒灯明亮)
2025-09-01 17:19:31.806 - 1A 0E 03 05 05 FF F0 01 FF F0 01 FF 00 00 0F (调光器地址-次卧南筒灯, 次卧南筒灯明亮)
2025-09-01 17:19:32.398 - 09 06 00 0F 02 02 38 20 (提示音咚)
2025-09-01 17:19:32.947 - EE 00 00 B1 00 00 02 FF FC FF FF (情景完成返回主页)
2025-09-01 17:19:36.027 - 55 00 21 00 01 28 01 34 AA 55 00 21 00 01 28 01 34 AA (次卧纱帘电机状态返回)
2025-09-01 17:19:37.397 - 55 00 21 00 01 27 01 34 AA 55 00 21 00 01 27 01 34 AA (次卧纱帘电机状态返回)
2025-09-01 17:19:37.444 - 55 00 A6 00 00 0F 01 74 AA 55 00 A6 00 00 EF FD 77 AB (餐厅窗帘电机状态返回)
2025-09-01 17:19:39.265 - 55 00 76 00 01 0E 01 1B AA 55 00 76 00 01 0E 01 1B AA (次卧窗帘电机状态返回)
2025-09-01 17:24:29.914 - 19 08 24 03 CC 00 D4 00 01 (调用厨房感应灯关的按键)
2025-09-01 17:24:29.965 - 55 0A 31 00 00 00 01 91 55 0A 31 00 00 00 02 92 (厨房顶灯一关, 厨房顶灯二关)
2025-09-01 17:25:35.545 - 19 08 24 03 CC 00 D3 00 01 (调用厨房感应灯开的按键)
2025-09-01 17:25:35.576 - 55 0A 32 00 00 00 01 92 55 0A 32 00 00 00 02 93 (厨房顶灯一开, 厨房顶灯二开)
2025-09-01 17:41:58.082 - 19 08 24 03 DD 00 10 00 01 (调用情景-客餐厅空调开)
2025-09-01 17:41:58.617 - EE 00 00 B1 00 00 00 FF FC FF FF (情景执行提示)
2025-09-01 17:41:59.212 - 09 06 00 0F 02 01 78 21 (提示音叮)
2025-09-01 17:41:59.756 - A1 11 11 11 40 (客厅空调自动开)
2025-09-01 17:41:59.983 - 19 08 24 03 F0 BB 78 02 02 00
2025-09-01 17:42:00.035 - 23 AA 56 02 11 2A 04 19 09 01 01 73 65 6F 6B 65 6E 64
2025-09-01 17:42:00.994 - 01 10 07 D0 00 03 06 70 61 00 02 00 FA 6F 26 (客厅空调冷25度)
2025-09-01 17:42:01.026 - 01 10 07 D0 00 03 06 70 61 00 02 00 FA 6F 26 (客厅空调冷25度)
2025-09-01 17:42:03.797 - A1 11 11 11 41 (餐厅空调自动开)
2025-09-01 17:42:04.025 - 19 08 24 03 F0 BB 78 02 02 00
2025-09-01 17:42:04.077 - 23 AA 56 02 11 2A 08 19 09 01 01 73 65 6F 6B 65 6E 64
2025-09-01 17:42:05.034 - 01 10 07 D3 00 03 06 70 61 00 02 00 FA 9F 29 (餐厅空调冷25度)
2025-09-01 17:42:05.077 - 01 10 07 D3 00 03 06 70 61 00 02 00 FA 9F 29 (餐厅空调冷25度)
2025-09-01 17:42:07.834 - 09 06 00 0F 02 02 38 20 (提示音咚)
2025-09-01 17:42:08.389 - EE 00 00 B1 00 00 02 FF FC FF FF (情景完成返回主页)
2025-09-01 17:42:10.426 - 19 08 24 03 DD 00 12 00 01 (调用情景-公共灯光开)
2025-09-01 17:42:10.976 - EE 00 00 B1 00 00 00 FF FC FF FF (情景执行提示)
2025-09-01 17:42:11.573 - 09 06 00 0F 02 01 78 21 (提示音叮)
2025-09-01 17:42:12.179 - 1A 0D 01 01 01 FF 55 01 FF 55 01 FF 00 00 0F (调光器地址-客厅筒灯, 客厅筒灯微光)
2025-09-01 17:42:12.777 - 1A 0D 01 01 03 FF 55 01 FF 55 01 FF 00 00 0F (调光器地址-客厅过道, 客厅过道微光)
2025-09-01 17:42:13.373 - 1A 0D 01 01 02 FF 55 01 FF 55 01 FF 00 00 0F (调光器地址-客厅灯带, 客厅灯带微光)
2025-09-01 17:42:13.971 - 1A 0B 01 02 02 FF 45 01 FF 45 01 FF 00 00 0F (调光器地址-门厅射灯, 门厅背景微光)
2025-09-01 17:42:14.569 - 1A 0B 01 02 01 FF 45 01 FF 45 01 FF 00 00 0F (调光器地址-门厅灯带, 门厅灯带微光)
2025-09-01 17:42:15.169 - 1A 0B 01 03 01 FF 45 01 FF 45 01 FF 00 00 0F (调光器地址-餐厅筒灯, 餐厅筒灯微光)
2025-09-01 17:42:15.766 - 1A 0B 01 03 02 FF 45 01 FF 45 01 FF 00 00 0F (调光器地址-餐桌筒灯, 餐桌筒灯微光)
2025-09-01 17:42:16.364 - 1A 0B 01 03 03 FF 45 01 FF 45 01 FF 00 00 0F (调光器地址-餐厅灯带, 餐厅灯带微光)
2025-09-01 17:42:16.954 - 55 0A 32 00 00 00 01 92 (厨房顶灯一开)
2025-09-01 17:42:17.511 - 55 0A 32 00 00 00 02 93 (厨房顶灯二开)
2025-09-01 17:42:18.100 - 09 06 00 0F 02 02 38 20 (提示音咚)
2025-09-01 17:42:18.652 - EE 00 00 B1 00 00 02 FF FC FF FF (情景完成返回主页)
2025-09-01 17:42:56.310 - 19 08 24 03 DD 00 3E 00 01 (调用情景-外卫照明关帘)
2025-09-01 17:42:56.829 - EE 00 00 B1 00 00 00 FF FC FF FF (情景执行提示)
2025-09-01 17:42:57.420 - 09 06 00 0F 02 01 78 21 (提示音叮)
2025-09-01 17:42:57.971 - 1A FF FF FF 55 00 00 00 0F (人体感应地址-外卫, 关闭外卫感应)
2025-09-01 17:42:57.981 - BC BC
2025-09-01 17:42:59.071 - 1A 0D 01 07 01 FF F0 01 FF F0 01 FF 00 00 0F (调光器地址-外卫射灯, 外卫射灯明亮)
2025-09-01 17:42:59.664 - 09 06 00 0F 02 02 38 20 (提示音咚)
2025-09-01 17:43:00.215 - EE 00 00 B1 00 00 02 FF FC FF FF (情景完成返回主页)
2025-09-01 17:45:07.846 - 19 08 24 03 CC 00 D4 00 01 (调用厨房感应灯关的按键)
2025-09-01 17:45:07.899 - 55 0A 31 00 00 00 01 91 55 0A 31 00 00 00 02 92 (厨房顶灯一关, 厨房顶灯二关)
2025-09-01 18:03:17.297 - 1A BE B0 DC 03 FC (继电器地址-西阳天幕)
2025-09-01 18:03:17.431 - FF
2025-09-01 18:06:54.646 - 19 08 24 03 DD 00 1C 00 01 (调用情景-外卫使用完毕)
2025-09-01 18:06:55.188 - EE 00 00 B1 00 00 00 FF FC FF FF (情景执行提示)
2025-09-01 18:06:55.783 - 09 06 00 0F 02 01 78 21 (提示音叮)
2025-09-01 18:06:56.339 - 1A 0D 01 07 01 FF 00 01 FF 00 01 FF 00 00 0F (调光器地址-外卫射灯, 外卫感应灯关)
2025-09-01 18:06:56.925 - 50 F5 03 (关外卫影视)
2025-09-01 18:06:57.478 - 1A 20 07 00 42 00 01 00 0F (自保持开关地址-外卫顶灯, 外卫顶灯关)
2025-09-01 18:06:58.029 - 1A FF FF FF 55 00 00 01 0F (人体感应地址-外卫, 打开外卫感应)
2025-09-01 18:06:58.132 - BC BC
2025-09-01 18:06:58.440 - 19 08 24 03 CC 01 52 00 01 (调用外卫感应灯开的按键)
2025-09-01 18:06:58.491 - 1A 0D 01 07 01 FF 45 01 FF 45 01 FF 00 00 0F (调光器地址-外卫射灯, 外卫感应灯开)
2025-09-01 18:07:00.869 - 09 06 00 0F 02 02 38 20 (提示音咚)
2025-09-01 18:07:01.422 - EE 00 00 B1 00 00 02 FF FC FF FF (情景完成返回主页)
2025-09-01 18:07:12.669 - 19 08 24 03 CC 01 53 00 01 (调用外卫感应灯关的按键)
2025-09-01 18:07:12.705 - 1A 0D 01 07 01 FF 00 01 FF 00 01 FF 00 00 0F (调光器地址-外卫射灯, 外卫感应灯关)
2025-09-01 18:07:48.949 - EE 00 6E B1 01 00 03 FF FC FF FF
2025-09-01 18:07:49.710 - 1A 18 05 21 89 00 01 02 0F (自保持开关地址-客厅顶灯, 客厅顶灯一开关)
2025-09-01 18:07:50.889 - 1A 18 05 01 94 00 01 02 0F (自保持开关地址-客厅顶灯, 客厅顶灯二开关)
2025-09-01 18:13:59.897 - 1A BE B0 DC 01 (继电器地址-回水泵点动)
2025-09-01 18:40:00.514 - 1A FF FF FF 04 FF (继电器地址-东阳衣架)
2025-09-01 18:46:16.105 - 1A 18 05 21 89 00 01 02 0F (自保持开关地址-客厅顶灯, 客厅顶灯一开关)
2025-09-01 18:46:16.456 - 1A 18 05 01 94 00 01 02 0F (自保持开关地址-客厅顶灯, 客厅顶灯二开关)
2025-09-01 18:46:17.553 - EE 00 6E B1 01 00 02 FF FC FF FF
2025-09-01 19:10:45.431 - FF FF FF FF 0A FC (继电器地址-东阳窗帘)
2025-09-01 19:13:46.577 - 1A BE B0 DC 09 FD (继电器地址-客厅窗帘)
2025-09-01 19:13:46.713 - FF
2025-09-01 19:14:50.001 - 1A BE B0 DC 02 FD (正反转地址-外卫卷帘)
2025-09-01 19:14:50.137 - FE
2025-09-01 19:24:34.164 - 1A BE B0 DC 04 FC (继电器地址-西阳窗帘)
2025-09-01 19:24:34.296 - FF
2025-09-01 19:47:47.590 - 1A BE B0 DC 0A FC (继电器地址-客厅纱帘)
2025-09-01 19:47:47.725 - FF
2025-09-01 20:30:47.877 - 19 08 24 03 CC 01 CC 00 01 (调用茶吧感应灯开的按键)
2025-09-01 20:30:47.923 - 1A AA AA AA 88 FF B0 01 FF B0 01 0F (调光器地址-茶吧灯带, 茶吧灯带明亮)
2025-09-01 20:31:38.978 - 19 08 24 03 CC 01 CD 00 01 (调用茶吧感应灯关的按键)
2025-09-01 20:31:39.029 - 1A AA AA AA 88 FF 00 01 FF 00 01 0F (调光器地址-茶吧灯带, 茶吧灯带关闭)
2025-09-01 20:34:17.818 - FF FF FF FF 0E FD (继电器地址-西阳小窗帘)
2025-09-01 20:44:00.443 - 19 08 24 03 CC 01 CC 00 01 (调用茶吧感应灯开的按键)
2025-09-01 20:44:00.491 - 1A AA AA AA 88 FF B0 01 FF B0 01 0F (调光器地址-茶吧灯带, 茶吧灯带明亮)
2025-09-01 20:44:34.177 - 19 08 24 03 DD 00 42 00 01 (调用情景-主卧电视空调)
2025-09-01 20:44:34.710 - EE 00 00 B1 00 00 00 FF FC FF FF (情景执行提示)
2025-09-01 20:44:35.308 - 09 06 00 0F 02 01 78 21 (提示音叮)
2025-09-01 20:44:35.851 - 50 F0 05 (开主卧影视)
2025-09-01 20:44:36.897 - 50 F0 04 (开内卫影视)
2025-09-01 20:44:37.451 - 1A FF FF FF 56 00 00 00 0F (人体感应地址-内卫, 关闭内卫感应)
2025-09-01 20:44:37.462 - BC BC
2025-09-01 20:44:38.050 - 1A 22 33 62 0F 00 02 01 0F (正反转地址-内卫卷帘, 内卫卷帘降)
2025-09-01 20:44:38.596 - 55 11 1D 03 01 7C 06 (主卧纱帘关)
2025-09-01 20:44:38.639 - 55 11 1D 03 01 7C 06 (主卧纱帘关)
2025-09-01 20:44:39.019 - 19 08 24 03 CC 01 CD 00 01 (调用茶吧感应灯关的按键)
2025-09-01 20:44:39.069 - 1A AA AA AA 88 FF 00 01 FF 00 01 0F (调光器地址-茶吧灯带, 茶吧灯带关闭)
2025-09-01 20:44:39.720 - 55 12 12 03 02 0C 40 (主卧窗帘关)
2025-09-01 20:44:39.764 - 55 12 12 03 02 0C 40 (主卧窗帘关)
2025-09-01 20:44:40.796 - 1A 0C 02 04 FF FF 45 01 FF 45 01 FF 00 00 0F (主卧调光微光)
2025-09-01 20:44:44.883 - 1A 0C 02 08 01 FF 45 01 FF 45 01 FF 00 00 0F (调光器地址-内卫射灯, 内卫射灯微光)
2025-09-01 20:44:45.469 - 50 F1 25 (主卧—有线2)
2025-09-01 20:44:46.047 - A1 11 11 11 42 (主卧空调自动开)
2025-09-01 20:44:46.278 - 19 08 24 03 F0 BB 78 02 02 00
2025-09-01 20:44:46.327 - 23 AA 56 02 14 2C 32 19 09 01 01 73 65 6F 6B 65 6E 64
2025-09-01 20:44:46.614 - 50 F1 24 (内卫—有线2)
2025-09-01 20:44:47.285 - 01 10 07 D6 00 03 06 70 61 00 02 00 F0 0F 3E (主卧空调冷24度)
2025-09-01 20:44:47.323 - 01 10 07 D6 00 03 06 70 61 00 02 00 F0 0F 3E (主卧空调冷24度)
2025-09-01 20:44:48.662 - AF BF CF DF C2 21 (有线2/快捷-凤凰卫视)
2025-09-01 20:44:50.708 - 1A FF FF FF 60 0B 01 01 0F (红外总线地址-主卧发射设备, 主卧电视电源)
2025-09-01 20:44:51.223 - F0 0B 01 08
2025-09-01 20:44:58.734 - 09 06 00 0F 02 02 38 20 (提示音咚)
2025-09-01 20:44:59.287 - EE 00 00 B1 00 00 02 FF FC FF FF (情景完成返回主页)
2025-09-01 21:01:38.197 - 19 08 24 03 DD 00 1B 00 01 (调用情景-外卫使用)
2025-09-01 21:01:38.758 - EE 00 00 B1 00 00 00 FF FC FF FF (情景执行提示)
2025-09-01 21:01:39.354 - 09 06 00 0F 02 01 78 21 (提示音叮)
2025-09-01 21:01:39.896 - 50 F0 03 (开外卫影视)
2025-09-01 21:01:40.501 - 1A FF FF FF 55 00 00 00 0F (人体感应地址-外卫, 关闭外卫感应)
2025-09-01 21:01:40.605 - BF BF
2025-09-01 21:01:41.056 - 1A 0D 01 07 01 FF 45 01 FF 45 01 FF 00 00 0F (调光器地址-外卫射灯, 外卫感应灯开)
2025-09-01 21:01:43.142 - 1A BE B0 DC 01 00 01 00 (继电器地址-回水泵点动, 回水泵点动)
2025-09-01 21:01:44.188 - 1A BE B0 DC 01 00 01 00 (继电器地址-回水泵点动, 回水泵点动)
2025-09-01 21:01:45.235 - 1A BE B0 DC 01 00 01 00 (继电器地址-回水泵点动, 回水泵点动)
2025-09-01 21:01:46.278 - 50 F1 43 (外卫—CH4)
2025-09-01 21:02:03.276 - A1 11 11 11 11 05 (外卫使用浴霸判断)
2025-09-01 21:02:03.498 - 13 03 00 00 00 02 C7 79 (查询外卫温湿度)
2025-09-01 21:02:03.521 - 13 03 04 01 8F 01 10 F8 79 (外卫温湿度返回)
2025-09-01 21:02:05.321 - 09 06 00 0F 02 02 38 20 (提示音咚)
2025-09-01 21:02:07.366 - EE 00 00 B1 00 00 02 FF FC FF FF (情景完成返回主页)
2025-09-01 21:12:54.269 - 19 08 24 03 DD 00 1C 00 01 (调用情景-外卫使用完毕)
2025-09-01 21:12:54.816 - EE 00 00 B1 00 00 00 FF FC FF FF (情景执行提示)
2025-09-01 21:12:55.410 - 09 06 00 0F 02 01 78 21 (提示音叮)
2025-09-01 21:12:55.966 - 1A 0D 01 07 01 FF 00 01 FF 00 01 FF 00 00 0F (调光器地址-外卫射灯, 外卫感应灯关)
2025-09-01 21:12:56.552 - 50 F5 03 (关外卫影视)
2025-09-01 21:12:57.107 - 1A 20 07 00 42 00 01 00 0F (自保持开关地址-外卫顶灯, 外卫顶灯关)
2025-09-01 21:12:57.654 - 1A FF FF FF 55 00 00 01 0F (人体感应地址-外卫, 打开外卫感应)
2025-09-01 21:12:57.761 - BC BC
2025-09-01 21:12:58.070 - 19 08 24 03 CC 01 52 00 01 (调用外卫感应灯开的按键)
2025-09-01 21:12:58.126 - 1A 0D 01 07 01 FF 45 01 FF 45 01 FF 00 00 0F (调光器地址-外卫射灯, 外卫感应灯开)
2025-09-01 21:13:00.548 - 09 06 00 0F 02 02 38 20 (提示音咚)
2025-09-01 21:13:01.099 - EE 00 00 B1 00 00 02 FF FC FF FF (情景完成返回主页)
2025-09-01 21:13:10.293 - 19 08 24 03 CC 01 53 00 01 (调用外卫感应灯关的按键)
2025-09-01 21:13:10.329 - 1A 0D 01 07 01 FF 00 01 FF 00 01 FF 00 00 0F (调光器地址-外卫射灯, 外卫感应灯关)
2025-09-01 21:14:09.516 - 19 08 24 03 CC 01 CC 00 01 (调用茶吧感应灯开的按键)
2025-09-01 21:14:09.546 - 1A AA AA AA 88 FF B0 01 FF B0 01 0F (调光器地址-茶吧灯带, 茶吧灯带明亮)
2025-09-01 21:15:06.630 - 19 08 24 03 CC 01 CD 00 01 (调用茶吧感应灯关的按键)
2025-09-01 21:15:06.660 - 1A AA AA AA 88 FF 00 01 FF 00 01 0F (调光器地址-茶吧灯带, 茶吧灯带关闭)
2025-09-01 21:15:16.150 - 19 08 24 03 CC 01 CC 00 01 (调用茶吧感应灯开的按键)
2025-09-01 21:15:16.177 - 1A AA AA AA 88 FF B0 01 FF B0 01 0F (调光器地址-茶吧灯带, 茶吧灯带明亮)
2025-09-01 21:16:50.836 - 19 08 24 03 CC 01 CD 00 01 (调用茶吧感应灯关的按键)
2025-09-01 21:16:50.865 - 1A AA AA AA 88 FF 00 01 FF 00 01 0F (调光器地址-茶吧灯带, 茶吧灯带关闭)
2025-09-01 21:22:54.447 - 19 08 24 03 CC 01 52 00 01 (调用外卫感应灯开的按键)
2025-09-01 21:22:54.484 - 1A 0D 01 07 01 FF 45 01 FF 45 01 FF 00 00 0F (调光器地址-外卫射灯, 外卫感应灯开)
2025-09-01 21:25:59.197 - 1A BE B0 DC 03 FC (继电器地址-西阳天幕)
2025-09-01 21:25:59.333 - FE
2025-09-01 21:28:02.057 - 19 08 24 03 CC 01 53 00 01 (调用外卫感应灯关的按键)
2025-09-01 21:28:02.120 - 1A 0D 01 07 01 FF 00 01 FF 00 01 FF 00 00 0F (调光器地址-外卫射灯, 外卫感应灯关)
2025-09-01 21:32:59.643 - 19 08 24 03 CC 01 52 00 01 (调用外卫感应灯开的按键)
2025-09-01 21:32:59.698 - 1A 0D 01 07 01 FF 45 01 FF 45 01 FF 00 00 0F (调光器地址-外卫射灯, 外卫感应灯开)
2025-09-01 21:36:59.400 - 1A BE B0 DC 01 (继电器地址-回水泵点动)
2025-09-01 21:36:59.530 - FF
2025-09-01 21:37:28.175 - 19 08 24 03 CC 01 53 00 01 (调用外卫感应灯关的按键)
2025-09-01 21:37:28.224 - 1A 0D 01 07 01 FF 00 01 FF 00 01 FF 00 00 0F (调光器地址-外卫射灯, 外卫感应灯关)
2025-09-01 21:41:28.254 - 19 08 24 03 CC 01 CC 00 01 (调用茶吧感应灯开的按键)
2025-09-01 21:41:28.313 - 1A AA AA AA 88 FF B0 01 FF B0 01 0F (调光器地址-茶吧灯带, 茶吧灯带明亮)
2025-09-01 21:42:30.377 - 19 08 24 03 CC 01 CD 00 01 (调用茶吧感应灯关的按键)
2025-09-01 21:42:30.409 - 1A AA AA AA 88 FF 00 01 FF 00 01 0F (调光器地址-茶吧灯带, 茶吧灯带关闭)
2025-09-01 21:42:36.711 - 19 08 24 03 DD 00 33 00 01 (调用情景-次卧睡觉)
2025-09-01 21:42:37.217 - EE 00 00 B1 00 00 00 FF FC FF FF (情景执行提示)
2025-09-01 21:42:37.810 - 09 06 00 0F 02 01 78 21 (提示音叮)
2025-09-01 21:42:38.363 - 1A 20 07 00 70 00 01 00 0F (自保持开关地址-次卧顶灯, 次卧顶灯只关)
2025-09-01 21:42:38.956 - A5 00 21 FF 00 AA (次卧纱帘关)
2025-09-01 21:42:40.001 - A5 00 76 FF 00 AA (次卧窗帘关)
2025-09-01 21:42:41.049 - 50 F5 06 (关次卧影视)
2025-09-01 21:42:41.607 - 1A 0E 03 05 03 FF 00 01 FF 00 01 FF 00 00 0F (调光器地址-次卧阅读灯, 次卧阅读关闭)
2025-09-01 21:42:42.204 - 1A 0E 03 05 02 FF 00 01 FF 00 01 FF 00 00 0F (调光器地址-次卧灯带, 次卧灯带关闭)
2025-09-01 21:42:42.802 - 1A 0E 03 05 04 FF 00 01 FF 00 01 FF 00 00 0F (调光器地址-次卧北筒灯, 次卧北筒灯关闭)
2025-09-01 21:42:43.401 - 1A 0E 03 05 05 FF 00 01 FF 00 01 FF 00 00 0F (调光器地址-次卧南筒灯, 次卧南筒灯关闭)
2025-09-01 21:42:43.998 - 1A 0E 03 05 01 FF 00 01 FF 00 01 FF 00 00 0F (调光器地址-次卧射灯, 次卧射灯关闭)
2025-09-01 21:42:44.588 - 09 06 00 0F 02 02 38 20 (提示音咚)
2025-09-01 21:42:45.141 - EE 00 00 B1 00 00 02 FF FC FF FF (情景完成返回主页)
2025-09-01 22:02:59.027 - 1A FF FF FF 04 (继电器地址-东阳衣架)
2025-09-01 22:02:59.163 - FF
