2024-10-17 09:29:44.369 - FF FF
2024-10-17 10:20:04.708 - 1B 03 00 00 00 02 C6 31 (查询室外光线)
2024-10-17 10:20:04.725 - 1B 03 04 00 00 02 94 41 3D (室外光线返回)
2024-10-17 10:20:05.506 - 1A EC A0 DC 02 00 00 01 0F (自保持开关地址-天花12V供电, 天花12V 供电开)
2024-10-17 10:20:05.804 - 19 08 24 03 DD 00 0C 00 01 (调用情景-信科调用进门亮)
2024-10-17 10:20:06.087 - 1A AA AA AA 88 (调光器地址-茶吧灯带)
2024-10-17 10:20:06.346 - EE 00 00 B1 00 00 00 FF FC FF FF (情景执行提示)
2024-10-17 10:20:06.942 - 09 06 00 0F 02 01 78 21 (提示音叮)
2024-10-17 10:20:07.490 - 1A EC A0 DC 02 00 00 01 0F (自保持开关地址-天花12V供电, 天花12V 供电开)
2024-10-17 10:20:08.039 - 1A EC A0 DC 04 00 01 01 0F (自保持开关地址-次卧西阳内外卫供电, 内卫外卫开)
2024-10-17 10:20:08.636 - 1A EC A0 DC 04 00 01 01 0F (自保持开关地址-次卧西阳内外卫供电, 内卫外卫开)
2024-10-17 10:20:09.185 - 1A EC A0 DC 01 00 00 01 0F (自保持开关地址-电视、设备12V供电, 12V 电视供电开)
2024-10-17 10:20:09.284 - FF
2024-10-17 10:20:09.731 - 1A BB BB BB 01 01 00 (开水器电源开)
2024-10-17 10:20:11.280 - 1A 27 89 12 AA 00 00 01 0F (状态寄存器地址, 有人状态)
2024-10-17 10:20:11.827 - 1A 27 89 12 AA 00 00 01 0F (状态寄存器地址, 有人状态)
2024-10-17 10:20:12.381 - 1A 0C 02 08 01 FF 45 01 FF 45 01 FF 00 00 0F (调光器地址-内卫射灯, 内卫射灯微光)
2024-10-17 10:20:12.978 - 1A 0D 01 07 01 FF 45 01 FF 45 01 FF 00 00 0F (调光器地址-外卫射灯, 外卫感应灯开)
2024-10-17 10:20:13.572 - 1A FF FF FF 57 00 00 01 0F (人体感应地址-厨房, 打开厨房感应)
2024-10-17 10:20:14.119 - 1A FF FF FF 58 00 00 01 0F (人体感应地址-茶吧, 打开茶吧感应)
2024-10-17 10:20:14.168 - BC BC
2024-10-17 10:20:14.716 - 1A BE B0 DC 01 00 01 00 (继电器地址-回水泵点动, 回水泵点动)
2024-10-17 10:20:15.264 - 1A BE B0 DC 01 00 01 00 (继电器地址-回水泵点动, 回水泵点动)
2024-10-17 10:20:15.814 - 09 06 00 0F 02 01 78 21 (提示音叮)
2024-10-17 10:20:16.359 - 09 06 00 0F 02 01 78 21 (提示音叮)
2024-10-17 10:20:16.910 - EE 00 00 B1 00 00 02 FF FC FF FF (情景完成返回主页)
2024-10-17 10:20:17.530 - A1 11 11 11 50 (天花供电打开确认)
2024-10-17 10:20:17.753 - 1A EC A0 DC 02 86 86 86 0F (查询天花供电状态, 自保持开关地址-天花12V供电)
2024-10-17 10:20:18.188 - 1A EC A0 DC 02 01 01 0F (自保持开关地址-天花12V供电)
2024-10-17 10:20:20.093 - A1 11 11 11 51 (卫生供电打开确认)
2024-10-17 10:20:20.319 - 1A EC A0 DC 04 86 86 86 0F (查询卫生间供电状态, 自保持开关地址-次卧西阳内外卫供电)
2024-10-17 10:20:20.751 - 1A EC A0 DC 04 01 01 0F (自保持开关地址-次卧西阳内外卫供电)
2024-10-17 10:20:22.634 - A1 11 11 11 52 (电视供电打开确认)
2024-10-17 10:20:22.859 - 1A EC A0 DC 01 86 86 86 0F (查询电视供电状态, 自保持开关地址-电视、设备12V供电)
2024-10-17 10:20:23.293 - 1A EC A0 DC 01 01 01 0F (自保持开关地址-电视、设备12V供电)
2024-10-17 10:20:27.668 - A1 11 11 11 47 (天热回家开帘)
2024-10-17 10:20:27.890 - 1A 27 89 12 AA 86 86 86 0F (查询寄存器状态, 状态寄存器地址)
2024-10-17 10:20:28.276 - 1A 27 89 12 AA 01 00 00 00 00 00 00 00 00 00 00 00 00 00 00 00 0F (状态寄存器地址)
