2024-09-12 11:00:20.029 - FF FF FF FF 0A (继电器地址-东阳窗帘)
2024-09-12 11:00:20.162 - FC
2024-09-12 11:42:55.097 - 1A FF FF FF 04 FE (继电器地址-东阳衣架)
2024-09-12 11:42:55.233 - 00
2024-09-12 13:24:55.301 - 1A BE B0 DC 04 FC (继电器地址-西阳窗帘)
2024-09-12 13:34:08.906 - FF FF FF FF 0E FD (继电器地址-西阳小窗帘)
2024-09-12 13:36:42.652 - 1A BE B0 DC 09 FC (继电器地址-客厅窗帘)
2024-09-12 13:36:42.786 - FF
2024-09-12 13:39:51.270 - 1A BE B0 DC 02 (正反转地址-外卫卷帘)
2024-09-12 13:39:51.405 - FF
2024-09-12 13:40:58.210 - 1A BE B0 DC 0A (继电器地址-客厅纱帘)
2024-09-12 13:40:58.344 - FF
2024-09-12 13:45:26.442 - 1A BE B0 DC 01 (继电器地址-回水泵点动)
2024-09-12 13:46:32.197 - 1A BE B0 DC 03 (继电器地址-西阳天幕)
2024-09-12 13:46:32.332 - FE
2024-09-12 14:22:57.952 - FF FF FF FF 0A (继电器地址-东阳窗帘)
2024-09-12 14:22:58.088 - FE
2024-09-12 15:04:24.620 - 1A FF FF FF 04 (继电器地址-东阳衣架)
2024-09-12 15:04:24.758 - 03
2024-09-12 16:45:01.971 - 1A BE B0 DC 04 (继电器地址-西阳窗帘)
2024-09-12 16:54:14.562 - FF FF FF FF 0E FC (继电器地址-西阳小窗帘)
2024-09-12 16:57:05.337 - 1A BE B0 DC 09 FC (继电器地址-客厅窗帘)
2024-09-12 16:57:05.473 - FE
2024-09-12 17:00:22.187 - 1A BE B0 DC 02 FC (正反转地址-外卫卷帘)
2024-09-12 17:00:22.320 - FE
2024-09-12 17:01:30.993 - 1A BE B0 DC 0A FC (继电器地址-客厅纱帘)
2024-09-12 17:06:17.853 - 1A BE B0 DC 01 FC (继电器地址-回水泵点动)
2024-09-12 17:06:17.987 - FF
2024-09-12 17:07:31.073 - 1A BE B0 DC 03 FC (继电器地址-西阳天幕)
2024-09-12 17:07:31.207 - FF
2024-09-12 17:21:37.688 - FF
2024-09-12 17:48:27.570 - FF FF FF FF 0A FC (继电器地址-东阳窗帘)
2024-09-12 17:48:27.706 - FF
2024-09-12 18:02:59.361 - FF
2024-09-12 18:25:40.405 - 1A FF FF FF 04 (继电器地址-东阳衣架)
2024-09-12 18:25:40.542 - 00
2024-09-12 20:05:01.746 - 1A BE B0 DC 04 (继电器地址-西阳窗帘)
2024-09-12 20:05:01.881 - FF
2024-09-12 20:14:19.167 - FF FF FF FF 0E FC (继电器地址-西阳小窗帘)
2024-09-12 20:14:19.301 - FF
2024-09-12 20:17:27.746 - 1A BE B0 DC 09 FF (继电器地址-客厅窗帘)
2024-09-12 20:19:38.214 - EE 00 00 B1 00 00 00 FF FC FF FF (情景执行提示)
2024-09-12 20:19:38.808 - 09 06 00 0F 02 01 78 21 (提示音叮)
2024-09-12 20:19:39.354 - A1 11 11 11 40 (客厅空调自动开)
2024-09-12 20:19:39.582 - 19 08 24 03 F0 BB 78 02 02 00
2024-09-12 20:19:39.631 - 23 AA 56 02 14 13 28 18 09 0C 04 73 65 6F 6B 65 6E 64
2024-09-12 20:19:40.591 - 01 10 07 D0 00 03 06 70 61 00 02 00 FA 6F 26 (客厅空调冷25度)
2024-09-12 20:19:40.631 - 01 10 07 D0 00 03 06 70 61 00 02 00 FA 6F 26 (客厅空调冷25度)
2024-09-12 20:19:43.390 - A1 11 11 11 41 (餐厅空调自动开)
2024-09-12 20:19:43.615 - 19 08 24 03 F0 BB 78 02 02 00
2024-09-12 20:19:43.666 - 23 AA 56 02 14 13 2C 18 09 0C 04 73 65 6F 6B 65 6E 64
2024-09-12 20:19:44.624 - 01 10 07 D3 00 03 06 70 61 00 02 00 FA 9F 29 (餐厅空调冷25度)
2024-09-12 20:19:44.660 - 01 10 07 D3 00 03 06 70 61 00 02 00 FA 9F 29 (餐厅空调冷25度)
2024-09-12 20:19:47.427 - A1 11 11 11 42 (主卧空调自动开)
2024-09-12 20:19:47.657 - 19 08 24 03 F0 BB 78 02 02 00
2024-09-12 20:19:47.747 - 23 AA 56 02 14 13 30 18 09 0C 04 73 65 6F 6B 65 6E 64
2024-09-12 20:19:48.667 - 01 10 07 D6 00 03 06 70 61 00 02 00 F0 0F 3E (主卧空调冷24度)
2024-09-12 20:19:48.710 - 01 10 07 D6 00 03 06 70 61 00 02 00 F0 0F 3E (主卧空调冷24度)
2024-09-12 20:19:49.473 - 09 06 00 0F 02 02 38 20 (提示音咚)
2024-09-12 20:19:50.024 - EE 00 00 B1 00 00 02 FF FC FF FF (情景完成返回主页)
2024-09-12 20:20:52.855 - 1A BE B0 DC 02 FC (正反转地址-外卫卷帘)
2024-09-12 20:20:52.990 - FF
2024-09-12 20:22:04.315 - 1A BE B0 DC 0A (继电器地址-客厅纱帘)
2024-09-12 20:25:48.656 - FF
2024-09-12 20:27:09.312 - 1A BE B0 DC 01 FD (继电器地址-回水泵点动)
2024-09-12 20:27:09.446 - FE
2024-09-12 20:28:28.324 - 1A BE B0 DC 03 FC (继电器地址-西阳天幕)
2024-09-12 20:28:28.457 - FF
2024-09-12 20:45:52.265 - 1B 03 00 00 00 02 C6 31 (查询室外光线)
2024-09-12 20:45:52.284 - 1B 03 04 00 00 00 00 41 F2 (室外光线返回)
2024-09-12 20:45:53.062 - 1A EC A0 DC 02 00 00 01 0F (自保持开关地址-天花12V供电, 天花12V 供电开)
2024-09-12 20:45:53.701 - 1A AA AA AA 88 (调光器地址-茶吧灯带)
2024-09-12 20:45:53.765 - 1A FF 01 FF FF FF 60 03 FF F0 D0 (调光器地址-公共区域统配地址)
2024-09-12 20:45:53.768 - 00 00 0F
2024-09-12 20:45:54.759 - 19 08 24 03 DD 00 0D 00 01 (调用情景-信科调用进门暗)
2024-09-12 20:45:56.800 - 1A FF 01 FF FF FF 60 01 FF 60 01 FF 00 00 0F (调光器地址-公共区域统配地址)
2024-09-12 20:45:58.887 - 1A EC A0 DC 01 00 00 01 0F (自保持开关地址-电视、设备12V供电, 12V 电视供电开)
2024-09-12 20:45:59.435 - 1A EC A0 DC 01 00 00 01 0F (自保持开关地址-电视、设备12V供电, 12V 电视供电开)
2024-09-12 20:45:59.983 - 1A EC A0 DC 04 00 01 01 0F (自保持开关地址-次卧西阳内外卫供电, 内卫外卫开)
2024-09-12 20:46:00.531 - 1A EC A0 DC 04 00 01 01 0F (自保持开关地址-次卧西阳内外卫供电, 内卫外卫开)
2024-09-12 20:46:01.078 - 1A BB BB BB 01 01 00 (开水器电源开)
2024-09-12 20:46:02.624 - 1A 27 89 12 AA 00 00 01 0F (状态寄存器地址, 有人状态)
2024-09-12 20:46:03.172 - 1A 27 89 12 AA 00 00 01 0F (状态寄存器地址, 有人状态)
2024-09-12 20:46:03.718 - 1A BE B0 DC 01 00 01 00 (继电器地址-回水泵点动, 回水泵点动)
2024-09-12 20:46:04.317 - 1A FF FF FF 56 00 00 01 0F (人体感应地址-内卫, 打开内卫感应)
2024-09-12 20:46:04.866 - 1A FF FF FF 55 00 00 01 0F (人体感应地址-外卫, 打开外卫感应)
2024-09-12 20:46:04.962 - BC BC
2024-09-12 20:46:05.413 - 1A FF FF FF 57 00 00 01 0F (人体感应地址-厨房, 打开厨房感应)
2024-09-12 20:46:05.962 - 1A FF FF FF 58 00 00 01 0F (人体感应地址-茶吧, 打开茶吧感应)
2024-09-12 20:46:06.011 - BC BC
2024-09-12 20:46:06.559 - 1A BE B0 DC 01 00 01 00 (继电器地址-回水泵点动, 回水泵点动)
2024-09-12 20:46:07.108 - A5 00 B7 FF 00 AA 22 0D (书房纱帘关)
2024-09-12 20:46:07.653 - A5 00 A2 FF 00 AA (餐厅纱帘关)
2024-09-12 20:46:08.204 - 09 06 00 0F 02 01 78 21 (提示音叮)
2024-09-12 20:46:08.751 - 09 06 00 0F 02 01 78 21 (提示音叮)
2024-09-12 20:46:09.304 - EE 00 00 B1 00 00 02 FF FC FF FF (情景完成返回主页)
2024-09-12 20:46:09.894 - A1 11 11 11 50 (天花供电打开确认)
2024-09-12 20:46:10.120 - 1A EC A0 DC 02 86 86 86 0F (查询天花供电状态, 自保持开关地址-天花12V供电)
2024-09-12 20:46:10.553 - 1A EC A0 DC 02 01 01 0F (自保持开关地址-天花12V供电)
2024-09-12 20:46:12.436 - A1 11 11 11 51 (卫生供电打开确认)
2024-09-12 20:46:12.657 - 1A EC A0 DC 04 86 86 86 0F (查询卫生间供电状态, 自保持开关地址-次卧西阳内外卫供电)
2024-09-12 20:46:13.088 - 1A EC A0 DC 04 01 01 0F (自保持开关地址-次卧西阳内外卫供电)
2024-09-12 20:46:14.459 - 19 08 24 03 CC 01 54 00 01 (调用内卫感应灯开的按键)
2024-09-12 20:46:14.512 - 1A 0C 02 08 01 FF 45 01 FF 45 01 FF 00 00 0F (调光器地址-内卫射灯, 内卫射灯微光)
2024-09-12 20:46:14.977 - A1 11 11 11 52 (电视供电打开确认)
2024-09-12 20:46:15.204 - 1A EC A0 DC 01 86 86 86 0F (查询电视供电状态, 自保持开关地址-电视、设备12V供电)
2024-09-12 20:46:15.636 - 1A EC A0 DC 01 01 01 0F (自保持开关地址-电视、设备12V供电)
2024-09-12 20:46:20.010 - A1 11 11 11 47 (天热回家开帘)
2024-09-12 20:46:20.239 - 1A 27 89 12 AA 86 86 86 0F (查询寄存器状态, 状态寄存器地址)
2024-09-12 20:46:20.621 - 1A 27 89 12 AA 01 00 00 00 00 00 00 00 00 00 00 01 00 00 00 00 0F (状态寄存器地址)
2024-09-12 20:46:21.243 - 19 08 24 03 DD 00 06 00 01 (调用情景-天热遮阳开帘)
2024-09-12 20:46:21.810 - EE 00 00 B1 00 00 00 FF FC FF FF (情景执行提示)
2024-09-12 20:46:22.405 - 09 06 00 0F 02 01 78 21 (提示音叮)
2024-09-12 20:46:22.951 - A5 00 A6 FE 01 AA (餐厅窗帘开)
2024-09-12 20:46:23.007 - 55 00 A6 02 01 66 01 74 AA 55 00 A6 02 01 66 01 74 EA (餐厅窗帘电机状态返回)
2024-09-12 20:46:24.047 - A5 00 52 FE 01 AA (主卧窗帘开)
2024-09-12 20:46:25.093 - A5 00 53 FF 00 AA (主卧纱帘开)
2024-09-12 20:46:25.146 - 55 00 53 01 00 0C 02 30 AA 55 00 53 01 00 0C 02 30 AA (主卧纱帘电机状态返回)
2024-09-12 20:46:26.189 - A5 00 76 FE 01 AA (次卧窗帘开)
2024-09-12 20:46:26.246 - 55 00 76 02 01 0E 01 1B AA 55 00 76 02 01 0E 01 1B EA (次卧窗帘电机状态返回)
2024-09-12 20:46:27.286 - A5 00 21 FE 01 AA (次卧纱帘开)
2024-09-12 20:46:27.339 - 55 00 21 02 01 27 01 34 AA 55 00 21 02 01 27 01 34 AA (次卧纱帘电机状态返回)
2024-09-12 20:46:28.385 - 1A BE B0 DC 04 00 01 00 (继电器地址-西阳窗帘, 西阳窗帘开)
2024-09-12 20:46:29.431 - FF FF FF FF 0E 00 01 00 (继电器地址-西阳小窗帘, 西阳小窗帘开)
2024-09-12 20:46:30.477 - A5 00 D2 FE 01 AA 22 0D (书房窗帘开)
2024-09-12 20:46:30.532 - 55 00 D2 02 00 FE 01 0B AA 55 00 D2 02 00 FE 01 FF (书房窗帘电机状态返回)
2024-09-12 20:46:31.574 - 09 06 00 0F 02 02 38 20 (提示音咚)
2024-09-12 20:46:32.125 - EE 00 00 B1 00 00 02 FF FC FF FF (情景完成返回主页)
2024-09-12 20:46:33.224 - 55 00 76 00 00 0E 01 1B AA 55 00 76 00 00 0E 01 1B AA (次卧窗帘电机状态返回)
2024-09-12 20:46:34.833 - 55 00 21 00 00 0D 01 34 AA 55 00 21 00 00 0D 01 34 AA (次卧纱帘电机状态返回)
2024-09-12 20:46:36.324 - 55 00 53 00 02 23 02 30 AA 55 00 53 00 02 23 02 30 AA (主卧纱帘电机状态返回)
2024-09-12 20:46:36.532 - 55 20 20 00 00 0F 02 16 AA 55 20 20 00 00 0F 02 16 AA (主卧窗帘电机状态返回)
2024-09-12 20:46:37.794 - 55 00 53 00 02 22 02 30 AA 55 00 53 00 02 22 02 30 AA (主卧纱帘电机状态返回)
2024-09-12 20:46:38.627 - 55 00 D2 00 00 0D 01 0B AA 55 00 D2 00 00 0D 01 0B AA (书房窗帘电机状态返回)
2024-09-12 20:46:52.539 - 19 08 24 03 CC 01 55 00 01 (调用内卫感应灯关的按键)
2024-09-12 20:46:52.592 - 1A 0C 02 08 01 FF 00 01 FF 00 01 FF 00 00 0F (调光器地址-内卫射灯, 内卫感应灯关)
2024-09-12 20:47:11.672 - 19 08 24 03 CC 01 CC 00 01 (调用茶吧感应灯开的按键)
2024-09-12 20:47:11.702 - 1A AA AA AA 88 FF B0 01 FF B0 01 0F (调光器地址-茶吧灯带, 茶吧灯带明亮)
2024-09-12 20:47:30.207 - 19 08 24 03 CC 00 D3 00 01 (调用厨房感应灯开的按键)
2024-09-12 20:47:30.244 - 55 0A 32 00 00 00 01 92 55 0A 32 00 00 00 02 93 (厨房顶灯一开, 厨房顶灯二开)
2024-09-12 20:48:22.812 - 19 08 24 03 CC 01 CD 00 01 (调用茶吧感应灯关的按键)
2024-09-12 20:48:22.842 - 1A AA AA AA 88 FF 00 01 FF 00 01 0F (调光器地址-茶吧灯带, 茶吧灯带关闭)
2024-09-12 20:48:28.823 - 19 08 24 03 CC 00 D4 00 01 (调用厨房感应灯关的按键)
2024-09-12 20:48:28.859 - 55 0A 31 00 00 00 01 91 55 0A 31 00 00 00 02 92 (厨房顶灯一关, 厨房顶灯二关)
2024-09-12 20:49:01.388 - 19 08 24 03 CC 01 CC 00 01 (调用茶吧感应灯开的按键)
2024-09-12 20:49:01.419 - 1A AA AA AA 88 FF B0 01 FF B0 01 0F (调光器地址-茶吧灯带, 茶吧灯带明亮)
2024-09-12 20:49:03.892 - 19 08 24 03 CC 00 D3 00 01 (调用厨房感应灯开的按键)
2024-09-12 20:49:03.928 - 55 0A 32 00 00 00 01 92 55 0A 32 00 00 00 02 93 (厨房顶灯一开, 厨房顶灯二开)
2024-09-12 20:49:19.423 - 19 08 24 03 CC 01 CD 00 01 (调用茶吧感应灯关的按键)
2024-09-12 20:49:19.454 - 1A AA AA AA 88 FF 00 01 FF 00 01 0F (调光器地址-茶吧灯带, 茶吧灯带关闭)
2024-09-12 20:49:28.009 - 1A 20 07 01 55 00 01 02 0F (自保持开关地址-主卧顶灯, 主卧顶灯开关)
2024-09-12 20:49:46.477 - 19 08 24 03 CC 00 D4 00 01 (调用厨房感应灯关的按键)
2024-09-12 20:49:46.513 - 55 0A 31 00 00 00 01 91 55 0A 31 00 00 00 02 92 (厨房顶灯一关, 厨房顶灯二关)
2024-09-12 20:51:12.317 - 1A 20 07 01 55 00 01 02 0F (自保持开关地址-主卧顶灯, 主卧顶灯开关)
2024-09-12 20:52:08.221 - 19 08 24 03 DD 00 42 00 01 (调用情景-主卧电视空调)
2024-09-12 20:52:08.744 - EE 00 00 B1 00 00 00 FF FC FF FF (情景执行提示)
2024-09-12 20:52:09.339 - 09 06 00 0F 02 01 78 21 (提示音叮)
2024-09-12 20:52:09.882 - 50 F0 05 (开主卧影视)
2024-09-12 20:52:10.928 - 50 F0 04 (开内卫影视)
2024-09-12 20:52:11.484 - 1A FF FF FF 56 00 00 00 0F (人体感应地址-内卫, 关闭内卫感应)
2024-09-12 20:52:12.032 - 1A 22 33 62 0F 00 02 01 0F (正反转地址-内卫卷帘, 内卫卷帘降)
2024-09-12 20:52:12.577 - A5 00 53 FE 01 AA (主卧纱帘关)
2024-09-12 20:52:12.629 - 55 00 53 02 02 22 02 30 AA 55 00 53 02 02 22 02 30 AA (主卧纱帘电机状态返回)
2024-09-12 20:52:13.674 - A5 00 52 FF 00 AA (主卧窗帘关)
2024-09-12 20:52:14.807 - 1A 0C 02 04 FF FF 45 01 FF 45 01 FF 00 00 0F (主卧调光微光)
2024-09-12 20:52:18.865 - 1A 0C 02 08 01 FF 45 01 FF 45 01 FF 00 00 0F (调光器地址-内卫射灯, 内卫射灯微光)
2024-09-12 20:52:19.501 - 50 F1 25 (主卧—有线2)
2024-09-12 20:52:20.051 - A1 11 11 11 42 (主卧空调自动开)
2024-09-12 20:52:20.275 - 19 08 24 03 F0 BB 78 02 02 00
2024-09-12 20:52:20.324 - 23 AA 56 02 14 34 15 18 09 0C 04 73 65 6F 6B 65 6E 64
2024-09-12 20:52:20.597 - 50 F1 24 (内卫—有线2)
2024-09-12 20:52:21.282 - 01 10 07 D6 00 03 06 70 61 00 02 00 F0 0F 3E (主卧空调冷24度)
2024-09-12 20:52:21.324 - 01 10 07 D6 00 03 06 70 61 00 02 00 F0 0F 3E (主卧空调冷24度)
2024-09-12 20:52:22.644 - AF BF CF DF C2 21 (有线2/快捷-凤凰卫视)
2024-09-12 20:52:23.463 - 55 00 53 00 00 0C 02 30 AA 55 00 53 00 00 0C 02 30 AA (主卧纱帘电机状态返回)
2024-09-12 20:52:24.690 - 1A FF FF FF 60 0B 01 01 0F (红外总线地址-主卧发射设备, 主卧电视电源)
2024-09-12 20:52:24.716 - FF 55 20 20 00 02 09 02 16 AA 55 20 20 00 02 09 02 16 AA (主卧窗帘电机状态返回)
2024-09-12 20:52:32.764 - 09 06 00 0F 02 02 38 20 (提示音咚)
2024-09-12 20:52:33.317 - EE 00 00 B1 00 00 02 FF FC FF FF (情景完成返回主页)
2024-09-12 21:09:54.108 - FF FF FF FF 0A (继电器地址-东阳窗帘)
2024-09-12 21:09:54.244 - FE
2024-09-12 21:10:04.753 - 19 08 24 03 DD 00 1B 00 01 (调用情景-外卫使用)
2024-09-12 21:10:05.302 - EE 00 00 B1 00 00 00 FF FC FF FF (情景执行提示)
2024-09-12 21:10:05.898 - 09 06 00 0F 02 01 78 21 (提示音叮)
2024-09-12 21:10:06.445 - 1A BE B0 DC 02 00 01 00 (正反转地址-外卫卷帘, 外卫卷帘降)
2024-09-12 21:10:06.989 - 50 F0 03 (开外卫影视)
2024-09-12 21:10:07.543 - 1A FF FF FF 55 00 00 00 0F (人体感应地址-外卫, 关闭外卫感应)
2024-09-12 21:10:08.098 - 1A 0D 01 07 01 FF 45 01 FF 45 01 FF 00 00 0F (调光器地址-外卫射灯, 外卫感应灯开)
2024-09-12 21:10:10.184 - 1A BE B0 DC 01 00 01 00 (继电器地址-回水泵点动, 回水泵点动)
2024-09-12 21:10:11.280 - 1A BE B0 DC 01 00 01 00 (继电器地址-回水泵点动, 回水泵点动)
2024-09-12 21:10:12.327 - 1A BE B0 DC 01 00 01 00 (继电器地址-回水泵点动, 回水泵点动)
2024-09-12 21:10:13.367 - 50 F1 43 (外卫—CH4)
2024-09-12 21:10:17.661 - A1 11 11 11 11 05 (外卫使用浴霸判断)
2024-09-12 21:10:17.885 - 13 03 00 00 00 02 C7 79 (查询外卫温湿度)
2024-09-12 21:10:17.907 - 13 03 04 01 A6 01 11 E8 71 (外卫温湿度返回)
2024-09-12 21:10:19.755 - 09 06 00 0F 02 02 38 20 (提示音咚)
2024-09-12 21:10:21.850 - EE 00 00 B1 00 00 02 FF FC FF FF (情景完成返回主页)
2024-09-12 21:10:38.303 - EE 00 6E B1 01 00 03 FF FC FF FF
2024-09-12 21:10:38.838 - EE 00 6E B1 01 00 08 FF FC FF FF
2024-09-12 21:10:39.197 - 1A BE B0 DC 0A 00 01 00 (继电器地址-客厅纱帘, 客厅纱帘关)
2024-09-12 21:21:52.795 - 19 08 24 03 DD 00 1C 00 01 (调用情景-外卫使用完毕)
2024-09-12 21:21:53.326 - EE 00 00 B1 00 00 00 FF FC FF FF (情景执行提示)
2024-09-12 21:21:53.921 - 09 06 00 0F 02 01 78 21 (提示音叮)
2024-09-12 21:21:54.476 - 1A 0D 01 07 01 FF 00 01 FF 00 01 FF 00 00 0F (调光器地址-外卫射灯, 外卫感应灯关)
2024-09-12 21:21:55.061 - 50 F5 03 (关外卫影视)
2024-09-12 21:21:55.615 - 1A 20 07 00 42 00 01 00 0F (自保持开关地址-外卫顶灯, 外卫顶灯关)
2024-09-12 21:21:56.165 - 1A FF FF FF 55 00 00 01 0F (人体感应地址-外卫, 打开外卫感应)
2024-09-12 21:21:56.220 - BC BC
2024-09-12 21:21:56.528 - 19 08 24 03 CC 01 52 00 01 (调用外卫感应灯开的按键)
2024-09-12 21:21:56.582 - 1A 0D 01 07 01 FF 45 01 FF 45 01 FF 00 00 0F (调光器地址-外卫射灯, 外卫感应灯开)
2024-09-12 21:21:59.036 - 09 06 00 0F 02 02 38 20 (提示音咚)
2024-09-12 21:21:59.608 - EE 00 00 B1 00 00 02 FF FC FF FF (情景完成返回主页)
2024-09-12 21:22:06.248 - 19 08 24 03 CC 01 53 00 01 (调用外卫感应灯关的按键)
2024-09-12 21:22:06.282 - 1A 0D 01 07 01 FF 00 01 FF 00 01 FF 00 00 0F (调光器地址-外卫射灯, 外卫感应灯关)
2024-09-12 21:23:13.469 - 19 08 24 03 CC 01 CC 00 01 (调用茶吧感应灯开的按键)
2024-09-12 21:23:13.500 - 1A AA AA AA 88 FF B0 01 FF B0 01 0F (调光器地址-茶吧灯带, 茶吧灯带明亮)
2024-09-12 21:23:38.513 - 19 08 24 03 CC 00 D3 00 01 (调用厨房感应灯开的按键)
2024-09-12 21:23:38.548 - 55 0A 32 00 00 00 01 92 55 0A 32 00 00 00 02 93 (厨房顶灯一开, 厨房顶灯二开)
2024-09-12 21:24:20.115 - 19 08 24 03 CC 01 CD 00 01 (调用茶吧感应灯关的按键)
2024-09-12 21:24:20.146 - 1A AA AA AA 88 FF 00 01 FF 00 01 0F (调光器地址-茶吧灯带, 茶吧灯带关闭)
2024-09-12 21:24:49.653 - 19 08 24 03 CC 00 D4 00 01 (调用厨房感应灯关的按键)
2024-09-12 21:24:49.687 - 55 0A 31 00 00 00 01 91 55 0A 31 00 00 00 02 92 (厨房顶灯一关, 厨房顶灯二关)
2024-09-12 21:26:29.271 - FF
2024-09-12 21:33:09.661 - 19 08 24 03 CC 01 CC 00 01 (调用茶吧感应灯开的按键)
2024-09-12 21:33:09.709 - 1A AA AA AA 88 FF B0 01 FF B0 01 0F (调光器地址-茶吧灯带, 茶吧灯带明亮)
2024-09-12 21:33:17.151 - 19 08 24 03 CC 00 D3 00 01 (调用厨房感应灯开的按键)
2024-09-12 21:33:17.204 - 55 0A 32 00 00 00 01 92 55 0A 32 00 00 00 02 93 (厨房顶灯一开, 厨房顶灯二开)
2024-09-12 21:33:39.171 - 1A 22 33 62 0F 00 00 01 0F (正反转地址-内卫卷帘, 内卫卷帘升)
2024-09-12 21:33:42.225 - 19 08 24 03 CC 01 CD 00 01 (调用茶吧感应灯关的按键)
2024-09-12 21:33:42.256 - 1A AA AA AA 88 FF 00 01 FF 00 01 0F (调光器地址-茶吧灯带, 茶吧灯带关闭)
2024-09-12 21:33:42.834 - 1A 20 07 00 93 00 01 02 0F (自保持开关地址-设备区顶, 设备区顶灯开关)
2024-09-12 21:34:08.251 - 19 08 24 03 CC 00 D4 00 01 (调用厨房感应灯关的按键)
2024-09-12 21:34:08.285 - 55 0A 31 00 00 00 01 91 55 0A 31 00 00 00 02 92 (厨房顶灯一关, 厨房顶灯二关)
2024-09-12 21:39:26.507 - 1A 22 33 62 0F 00 02 01 0F (正反转地址-内卫卷帘, 内卫卷帘降)
2024-09-12 21:39:28.564 - 1A 20 07 00 93 00 01 02 0F (自保持开关地址-设备区顶, 设备区顶灯开关)
2024-09-12 21:41:15.297 - 19 08 24 03 DD 00 3B 00 01 (调用情景-书房照明关帘)
2024-09-12 21:41:15.827 - EE 00 00 B1 00 00 00 FF FC FF FF (情景执行提示)
2024-09-12 21:41:16.422 - 09 06 00 0F 02 01 78 21 (提示音叮)
2024-09-12 21:41:16.977 - 1A 0A 04 06 01 FF F0 01 FF F0 01 FF 00 00 0F (调光器地址-书房射灯, 书房射灯明亮)
2024-09-12 21:41:21.057 - A5 00 B7 FF 00 AA 22 0D (书房纱帘关)
2024-09-12 21:41:22.102 - A5 00 D2 FF 00 AA 22 0C (书房窗帘关)
2024-09-12 21:41:22.152 - 55 00 D2 01 00 0D 01 0B AA 55 00 D2 01 00 0D 01 0B AA (书房窗帘电机状态返回)
2024-09-12 21:41:23.200 - 09 06 00 0F 02 02 38 20 (提示音咚)
2024-09-12 21:41:23.751 - EE 00 00 B1 00 00 02 FF FC FF FF (情景完成返回主页)
2024-09-12 21:41:31.445 - 55 00 D2 00 00 FE 01 0B AA 55 00 D2 00 00 FE 01 0B AA (书房窗帘电机状态返回)
2024-09-12 21:46:46.865 - 1A FF FF FF 04 (继电器地址-东阳衣架)
2024-09-12 21:46:47.002 - FE
2024-09-12 21:54:47.221 - 19 08 24 03 CC 01 CC 00 01 (调用茶吧感应灯开的按键)
2024-09-12 21:54:47.270 - 1A AA AA AA 88 FF B0 01 FF B0 01 0F (调光器地址-茶吧灯带, 茶吧灯带明亮)
2024-09-12 21:54:51.694 - 19 08 24 03 CC 00 D3 00 01 (调用厨房感应灯开的按键)
2024-09-12 21:54:51.748 - 55 0A 32 00 00 00 01 92 55 0A 32 00 00 00 02 93 (厨房顶灯一开, 厨房顶灯二开)
2024-09-12 21:55:01.750 - 19 08 24 03 CC 01 CD 00 01 (调用茶吧感应灯关的按键)
2024-09-12 21:55:01.781 - 1A AA AA AA 88 FF 00 01 FF 00 01 0F (调光器地址-茶吧灯带, 茶吧灯带关闭)
2024-09-12 21:59:11.436 - FF
2024-09-12 22:00:33.405 - 19 08 24 03 CC 01 CC 00 01 (调用茶吧感应灯开的按键)
2024-09-12 22:00:33.453 - 1A AA AA AA 88 FF B0 01 FF B0 01 0F (调光器地址-茶吧灯带, 茶吧灯带明亮)
2024-09-12 22:00:48.936 - 19 08 24 03 CC 01 CD 00 01 (调用茶吧感应灯关的按键)
2024-09-12 22:00:48.985 - 1A AA AA AA 88 FF 00 01 FF 00 01 0F (调光器地址-茶吧灯带, 茶吧灯带关闭)
2024-09-12 22:01:13.445 - 19 08 24 03 CC 00 D4 00 01 (调用厨房感应灯关的按键)
2024-09-12 22:09:35.476 - 19 08 24 03 CC 01 CC 00 01 (调用茶吧感应灯开的按键)
2024-09-12 22:09:35.523 - 1A AA AA AA 88 FF B0 01 FF B0 01 0F (调光器地址-茶吧灯带, 茶吧灯带明亮)
2024-09-12 22:09:36.433 - 19 08 24 03 CC 00 D3 00 01 (调用厨房感应灯开的按键)
2024-09-12 22:09:36.487 - 55 0A 32 00 00 00 01 92 55 0A 32 00 00 00 02 93 (厨房顶灯一开, 厨房顶灯二开)
2024-09-12 22:09:54.011 - 19 08 24 03 CC 01 CD 00 01 (调用茶吧感应灯关的按键)
2024-09-12 22:09:54.042 - 1A AA AA AA 88 FF 00 01 FF 00 01 0F (调光器地址-茶吧灯带, 茶吧灯带关闭)
2024-09-12 22:13:29.937 - 19 08 24 03 CC 01 CC 00 01 (调用茶吧感应灯开的按键)
2024-09-12 22:13:29.968 - 1A AA AA AA 88 FF B0 01 FF B0 01 0F (调光器地址-茶吧灯带, 茶吧灯带明亮)
2024-09-12 22:13:40.458 - 19 08 24 03 CC 01 CD 00 01 (调用茶吧感应灯关的按键)
2024-09-12 22:13:40.490 - 1A AA AA AA 88 FF 00 01 FF 00 01 0F (调光器地址-茶吧灯带, 茶吧灯带关闭)
2024-09-12 22:15:25.165 - 19 08 24 03 CC 01 CC 00 01 (调用茶吧感应灯开的按键)
2024-09-12 22:15:25.195 - 1A AA AA AA 88 FF B0 01 FF B0 01 0F (调光器地址-茶吧灯带, 茶吧灯带明亮)
2024-09-12 22:15:37.690 - 19 08 24 03 CC 01 CD 00 01 (调用茶吧感应灯关的按键)
2024-09-12 22:15:37.720 - 1A AA AA AA 88 FF 00 01 FF 00 01 0F (调光器地址-茶吧灯带, 茶吧灯带关闭)
2024-09-12 22:15:43.201 - 19 08 24 03 CC 01 CC 00 01 (调用茶吧感应灯开的按键)
2024-09-12 22:15:43.231 - 1A AA AA AA 88 FF B0 01 FF B0 01 0F (调光器地址-茶吧灯带, 茶吧灯带明亮)
2024-09-12 22:15:56.227 - 19 08 24 03 CC 01 CD 00 01 (调用茶吧感应灯关的按键)
2024-09-12 22:15:56.258 - 1A AA AA AA 88 FF 00 01 FF 00 01 0F (调光器地址-茶吧灯带, 茶吧灯带关闭)
2024-09-12 22:16:29.792 - 19 08 24 03 CC 01 CC 00 01 (调用茶吧感应灯开的按键)
2024-09-12 22:16:29.823 - 1A AA AA AA 88 FF B0 01 FF B0 01 0F (调光器地址-茶吧灯带, 茶吧灯带明亮)
2024-09-12 22:16:41.268 - 19 08 24 03 CC 00 D4 00 01 (调用厨房感应灯关的按键)
2024-09-12 22:16:41.303 - 55 0A 31 00 00 00 01 91 55 0A 31 00 00 00 02 92 (厨房顶灯一关, 厨房顶灯二关)
2024-09-12 22:16:42.325 - 19 08 24 03 CC 01 CD 00 01 (调用茶吧感应灯关的按键)
2024-09-12 22:16:42.356 - 1A AA AA AA 88 FF 00 01 FF 00 01 0F (调光器地址-茶吧灯带, 茶吧灯带关闭)
2024-09-12 22:27:50.477 - FF
2024-09-12 22:31:54.624 - 19 08 24 03 CC 01 CC 00 01 (调用茶吧感应灯开的按键)
2024-09-12 22:31:54.672 - 1A AA AA AA 88 FF B0 01 FF B0 01 0F (调光器地址-茶吧灯带, 茶吧灯带明亮)
2024-09-12 22:31:55.065 - 19 08 24 03 CC 00 D3 00 01 (调用厨房感应灯开的按键)
2024-09-12 22:31:55.149 - 55 0A 32 00 00 00 01 92 55 0A 32 00 00 00 02 93 (厨房顶灯一开, 厨房顶灯二开)
2024-09-12 22:32:06.148 - 19 08 24 03 CC 01 CD 00 01 (调用茶吧感应灯关的按键)
2024-09-12 22:32:06.179 - 1A AA AA AA 88 FF 00 01 FF 00 01 0F (调光器地址-茶吧灯带, 茶吧灯带关闭)
2024-09-12 22:32:42.511 - CA 40 6C
2024-09-12 22:32:42.514 - AC 56 E9
2024-09-12 22:32:42.516 - FF
2024-09-12 22:32:43.091 - B4 48 81 EC C9
2024-09-12 22:32:43.093 - 68 31
2024-09-12 22:32:44.501 - C8 24 4E
2024-09-12 22:32:44.510 - F8 28 90 68 6C 64 D8
2024-09-12 22:32:44.521 - F0 42 28 60 9E FC
2024-09-12 22:32:44.681 - C8 64 4F
2024-09-12 22:32:44.690 - B2 6A 81 68 6C 45 B4
2024-09-12 22:32:44.701 - EC 43 1A 60 BC FD
2024-09-12 22:32:44.803 - 64 65 76 69 63 65 43 6F 64 65 3A 31 41 46 46 46 46 46 46 35 37 0D 0A 70 61 73 73 77 6F 72 64 30
2024-09-12 22:32:44.832 - 32 33 2D 31 32 2D 30 37 32 0D 0A 6D 6F 64 62 75 73 41 64 64 3D 37 32 0D 0A
2024-09-12 22:33:58.654 - C8 64 4F
2024-09-12 22:33:58.658 - 74 6A FD
2024-09-12 22:36:02.613 - 19 08 24 03 CC 01 CC 00 01 (调用茶吧感应灯开的按键)
2024-09-12 22:36:02.662 - 1A AA AA AA 88 FF B0 01 FF B0 01 0F (调光器地址-茶吧灯带, 茶吧灯带明亮)
2024-09-12 22:36:22.153 - 19 08 24 03 CC 01 CD 00 01 (调用茶吧感应灯关的按键)
2024-09-12 22:36:22.184 - 1A AA AA AA 88 FF 00 01 FF 00 01 0F (调光器地址-茶吧灯带, 茶吧灯带关闭)
2024-09-12 22:41:17.737 - 19 08 24 03 CC 01 CC 00 01 (调用茶吧感应灯开的按键)
2024-09-12 22:41:17.766 - 1A AA AA AA 88 FF B0 01 FF B0 01 0F (调光器地址-茶吧灯带, 茶吧灯带明亮)
2024-09-12 22:41:39.780 - 19 08 24 03 CC 01 CD 00 01 (调用茶吧感应灯关的按键)
2024-09-12 22:41:39.810 - 1A AA AA AA 88 FF 00 01 FF 00 01 0F (调光器地址-茶吧灯带, 茶吧灯带关闭)
2024-09-12 22:42:14.848 - 19 08 24 03 CC 01 CC 00 01 (调用茶吧感应灯开的按键)
2024-09-12 22:42:14.881 - 1A AA AA AA 88 FF B0 01 FF B0 01 0F (调光器地址-茶吧灯带, 茶吧灯带明亮)
2024-09-12 22:42:26.371 - 19 08 24 03 CC 01 CD 00 01 (调用茶吧感应灯关的按键)
2024-09-12 22:42:26.403 - 1A AA AA AA 88 FF 00 01 FF 00 01 0F (调光器地址-茶吧灯带, 茶吧灯带关闭)
2024-09-12 22:42:47.425 - FF
2024-09-12 22:43:01.852 - 55 32 32 00 00 00 01 BA
2024-09-12 22:43:09.179 - 55 32 32 00 00 00 01 BA
2024-09-12 22:43:10.137 - 55 32 32 00 00 00 01 BA
2024-09-12 22:43:33.328 - 55 32 31 00 00 00 01 B9
2024-09-12 22:43:42.020 - 19 08 24 03 CC 01 CC 00 01 (调用茶吧感应灯开的按键)
2024-09-12 22:43:42.070 - 1A AA AA AA 88 FF B0 01 FF B0 01 0F (调光器地址-茶吧灯带, 茶吧灯带明亮)
2024-09-12 22:43:54.044 - 19 08 24 03 CC 01 CD 00 01 (调用茶吧感应灯关的按键)
2024-09-12 22:43:54.076 - 1A AA AA AA 88 FF 00 01 FF 00 01 0F (调光器地址-茶吧灯带, 茶吧灯带关闭)
2024-09-12 22:44:16.589 - 19 08 24 03 CC 01 CC 00 01 (调用茶吧感应灯开的按键)
2024-09-12 22:44:16.620 - 1A AA AA AA 88 FF B0 01 FF B0 01 0F (调光器地址-茶吧灯带, 茶吧灯带明亮)
2024-09-12 22:44:28.613 - 19 08 24 03 CC 01 CD 00 01 (调用茶吧感应灯关的按键)
2024-09-12 22:44:28.645 - 1A AA AA AA 88 FF 00 01 FF 00 01 0F (调光器地址-茶吧灯带, 茶吧灯带关闭)
2024-09-12 22:44:30.286 - 55 32 32 00 00 00 01 BA
2024-09-12 22:44:35.586 - 55 32 31 00 00 00 01 B9
2024-09-12 22:44:43.140 - 19 08 24 03 CC 01 CC 00 01 (调用茶吧感应灯开的按键)
2024-09-12 22:44:43.192 - 1A AA AA AA 88 FF B0 01 FF B0 01 0F (调光器地址-茶吧灯带, 茶吧灯带明亮)
2024-09-12 22:44:55.166 - 19 08 24 03 CC 01 CD 00 01 (调用茶吧感应灯关的按键)
2024-09-12 22:44:55.223 - 1A AA AA AA 88 FF 00 01 FF 00 01 0F (调光器地址-茶吧灯带, 茶吧灯带关闭)
2024-09-12 22:47:39.990 - 19 08 24 03 CC 01 CC 00 01 (调用茶吧感应灯开的按键)
2024-09-12 22:47:40.020 - 1A AA AA AA 88 FF B0 01 FF B0 01 0F (调光器地址-茶吧灯带, 茶吧灯带明亮)
2024-09-12 22:47:52.014 - 19 08 24 03 CC 01 CD 00 01 (调用茶吧感应灯关的按键)
2024-09-12 22:47:52.076 - 1A AA AA AA 88 FF 00 01 FF 00 01 0F (调光器地址-茶吧灯带, 茶吧灯带关闭)
2024-09-12 22:48:49.137 - 55 32 32 00 00 00 01 BA
2024-09-12 22:48:50.148 - 55 32 31 00 00 00 01 B9
2024-09-12 22:48:51.362 - 55 32 32 00 00 00 01 BA
2024-09-12 22:48:52.559 - 55 32 31 00 00 00 01 B9
2024-09-12 22:49:48.758 - FF
2024-09-12 22:49:52.115 - 55 0A 31 00 00 00 01 91 (厨房顶灯一关)
2024-09-12 22:49:53.110 - 55 0A 31 00 00 00 02 92 (厨房顶灯二关)
2024-09-12 22:50:05.277 - 19 08 24 03 CC 01 CC 00 01 (调用茶吧感应灯开的按键)
2024-09-12 22:50:05.325 - 1A AA AA AA 88 FF B0 01 FF B0 01 0F (调光器地址-茶吧灯带, 茶吧灯带明亮)
2024-09-12 22:50:12.750 - 55 0A 32 00 00 00 01 92 (厨房顶灯一开)
2024-09-12 22:50:13.421 - 55 0A 32 00 00 00 02 93 (厨房顶灯二开)
2024-09-12 22:50:24.314 - 19 08 24 03 CC 01 CD 00 01 (调用茶吧感应灯关的按键)
2024-09-12 22:50:24.364 - 1A AA AA AA 88 FF 00 01 FF 00 01 0F (调光器地址-茶吧灯带, 茶吧灯带关闭)
2024-09-12 22:50:32.685 - C8 24 4E
2024-09-12 22:50:32.692 - F8 2C 90 43 C8 24
2024-09-12 22:50:32.694 - D8
2024-09-12 22:50:32.703 - 07 5A E0 A4 45 F9
2024-09-12 22:50:32.833 - 16 92 9A 6A 8A 92 6A 82 BA 92 6A 0A 6D 6F 64 62 75 73 41 64 64 3D 37 32 0D 0A
2024-09-12 22:50:41.962 - 19 08 24 03 CC 00 D3 00 01 (调用厨房感应灯开的按键)
2024-09-12 22:50:42.016 - 55 0A 32 00 00 00 01 92 55 0A 32 00 00 00 02 93 (厨房顶灯一开, 厨房顶灯二开)
2024-09-12 22:51:07.722 - CA 48 6C
2024-09-12 22:51:07.732 - AC 56 D9 24 48 59 F8
2024-09-12 22:51:07.742 - 06 5A E0 A4 45 F9
2024-09-12 22:51:07.870 - 30 32 33 2D 31 32 2D 30 37 32 0D 0A 6D 6F 64 62 75 73 41 64 64 3D 37 32 0D 0A
2024-09-12 22:51:16.214 - A4 48 12 CD 6B 03 60 47 59 8D
2024-09-12 22:51:16.225 - 44 78 4F 68 64 C6
2024-09-12 22:51:16.327 - B2
2024-09-12 22:51:16.353 - 92 9A 6A 8A 92 6A 82 BA 92 6A 0A 6D 6F 64 62 75 73 41 64 64 3D 37 32 CD
2024-09-12 22:51:16.473 - B4 48 51 D9 34 60 4D 2C E0 85
2024-09-12 22:51:16.482 - 40 7A 4F 48 D6 D6
2024-09-12 22:51:17.435 - A4 48 41 D9 34 50
2024-09-12 22:51:17.436 - FF
2024-09-12 22:51:23.601 - B6 0C 70 C8 24 B8 CB
2024-09-12 22:51:24.358 - C8 64 4F
2024-09-12 22:51:24.359 - 78
2024-09-12 22:51:24.361 - 88
2024-09-12 22:51:24.366 - 68 6C 44
2024-09-12 22:51:24.366 - D8
2024-09-12 22:51:24.379 - 6C 43 1E 60 BC FD
2024-09-12 22:51:24.507 - 16 92 9A 6A 8A 92 6A 82 BA 92 6A 0A 6D 6F 64 62 75 73 41 64 64 3D 37 32 0D 0A
2024-09-12 22:51:24.606 - 1A 44
2024-09-12 22:51:24.609 - F0 58
2024-09-12 22:51:24.611 - B0 3C
2024-09-12 22:51:24.617 - 49 70 5B F9
2024-09-12 22:51:24.623 - EC
2024-09-12 22:51:24.627 - 68 60 7A DA
2024-09-12 22:51:25.004 - B6 45
2024-09-12 22:51:25.006 - 74 49
2024-09-12 22:51:25.009 - B0 3C
2024-09-12 22:51:25.013 - C9 70 5B FD
2024-09-12 22:51:25.023 - EC 43 1A 60 BC FD
2024-09-12 22:51:25.152 - 92 9A 6A 8A 92 6A 82 BA 92 6A 0A 6D 6F 64 62 75 73 41 64 64 3D 37 32 0D 0A
2024-09-12 22:51:25.614 - CA 40 6C
2024-09-12 22:51:25.622 - A8 56 D9 1A 78 CD D8
2024-09-12 22:51:25.633 - 07 58 E0 A4 45 F9
2024-09-12 22:51:25.834 - C8 64 4F
2024-09-12 22:51:25.836 - 78
2024-09-12 22:51:25.838 - A8
2024-09-12 22:51:25.841 - 68 6C 44
2024-09-12 22:51:25.843 - D8
2024-09-12 22:51:25.851 - F0 FA
2024-09-12 22:51:25.983 - B4 48 51 C9 34 60 4D
2024-09-12 22:51:25.988 - 2C E0 85
2024-09-12 22:51:25.998 - 40 7A 4F 68 24 C6
2024-09-12 22:51:26.127 - C1 32 33 2D 31 32 2D 30 37 32 0D 0A 6D 6F 64 62 75 73 41 64 64 3D 37 32 0D 0A
2024-09-12 22:51:26.485 - B4 48 41 D9 34 40 4D 58 EC 8C
2024-09-12 22:51:26.497 - 04 78 E0 68 64 C6
2024-09-12 22:51:26.627 - C8 24 4E
2024-09-12 22:51:26.635 - 78 47 E4 68 6C 64
2024-09-12 22:51:26.635 - D8
2024-09-12 22:51:26.646 - F0 62 28 62 E8 FF
2024-09-12 22:51:26.754 - C1 32 33 2D 31 FA
2024-09-12 22:51:32.903 - CA 40 6C
2024-09-12 22:51:32.908 - A8 56 E9 E4
2024-09-12 22:51:34.466 - B4 41
2024-09-12 22:51:34.473 - 50 C8 A4 B8 CB
2024-09-12 22:51:35.443 - C8 24 6E
2024-09-12 22:51:35.448 - 7A 57 E9 E4
2024-09-12 22:52:24.661 - 19 08 24 03 CC 01 CC 00 01 (调用茶吧感应灯开的按键)
2024-09-12 22:52:24.711 - 1A AA AA AA 88 FF B0 01 FF B0 01 0F (调光器地址-茶吧灯带, 茶吧灯带明亮)
2024-09-12 22:52:59.228 - 19 08 24 03 CC 01 CD 00 01 (调用茶吧感应灯关的按键)
2024-09-12 22:52:59.259 - 1A AA AA AA 88 FF 00 01 FF 00 01 0F (调光器地址-茶吧灯带, 茶吧灯带关闭)
2024-09-12 22:53:00.810 - 55 32 32 00 00 00 01 BA
2024-09-12 22:53:01.860 - 55 32 31 00 00 00 01 B9
2024-09-12 22:53:02.955 - 55 32 32 00 00 00 01 BA
2024-09-12 22:53:04.579 - 55 32 31 00 00 00 01 B9
2024-09-12 22:53:12.560 - 55 0A 31 00 00 00 01 91 (厨房顶灯一关)
2024-09-12 22:53:13.783 - 55 0A 31 00 00 00 02 92 (厨房顶灯二关)
2024-09-12 22:53:22.775 - 19 08 24 03 CC 01 CC 00 01 (调用茶吧感应灯开的按键)
2024-09-12 22:53:22.806 - 1A AA AA AA 88 FF B0 01 FF B0 01 0F (调光器地址-茶吧灯带, 茶吧灯带明亮)
2024-09-12 22:53:26.230 - 55 0A 32 00 00 00 01 92 (厨房顶灯一开)
2024-09-12 22:53:26.520 - 55 0A 32 00 00 00 02 93 (厨房顶灯二开)
2024-09-12 22:53:37.805 - 19 08 24 03 CC 01 CD 00 01 (调用茶吧感应灯关的按键)
2024-09-12 22:53:37.854 - 1A AA AA AA 88 FF 00 01 FF 00 01 0F (调光器地址-茶吧灯带, 茶吧灯带关闭)
2024-09-12 22:54:28.322 - B2 45
2024-09-12 22:54:28.326 - 74 58
2024-09-12 22:54:28.334 - B8 3C 45 68 F8 E8
2024-09-12 22:54:28.343 - EC 43 1A 60 BC FD
2024-09-12 22:54:28.472 - 98 A6 A6 29 92 6A 82 BA 92 6A 0A 6D 6F 64 62 75 73 41 64 64 3D 37 32 0D 0A
2024-09-12 22:54:37.578 - 19 08 24 03 CC 00 D3 00 01 (调用厨房感应灯开的按键)
2024-09-12 22:54:37.633 - 55 0A 32 00 00 00 01 92 55 0A 32 00 00 00 02 93 (厨房顶灯一开, 厨房顶灯二开)
2024-09-12 22:55:10.831 - FF
2024-09-12 22:55:20.601 - CA 40 6C
2024-09-12 22:55:20.610 - AC 74 41 08 7C EC 8D
2024-09-12 22:55:20.620 - 44 78 4F 68 24 D6
2024-09-12 22:55:20.750 - 72 64 30 32 33 2D 31 32 2D 30 37 32 0D 0A 6D 6F 64 62 75 73 41 64 64 3D 37 32 0D 0A
2024-09-12 22:55:29.811 - 19 08 24 03 CC 00 D3 00 01 (调用厨房感应灯开的按键)
2024-09-12 22:55:29.866 - 55 0A 32 00 00 00 01 92 55 0A 32 00 00 00 02 93 (厨房顶灯一开, 厨房顶灯二开)
2024-09-12 22:56:08.603 - 19 08 24 03 CC 01 CC 00 01 (调用茶吧感应灯开的按键)
2024-09-12 22:56:08.633 - 1A AA AA AA 88 FF B0 01 FF B0 01 0F (调光器地址-茶吧灯带, 茶吧灯带明亮)
2024-09-12 22:56:52.975 - 19 08 24 03 CC 00 D4 00 01 (调用厨房感应灯关的按键)
2024-09-12 22:56:53.009 - 55 0A 31 00 00 00 01 91 55 0A 31 00 00 00 02 92 (厨房顶灯一关, 厨房顶灯二关)
2024-09-12 22:56:56.481 - 19 08 24 03 CC 00 D3 00 01 (调用厨房感应灯开的按键)
2024-09-12 22:56:56.515 - 55 0A 32 00 00 00 01 92 55 0A 32 00 00 00 02 93 (厨房顶灯一开, 厨房顶灯二开)
2024-09-12 22:57:06.717 - 19 08 24 03 CC 01 CD 00 01 (调用茶吧感应灯关的按键)
2024-09-12 22:57:06.748 - 1A AA AA AA 88 FF 00 01 FF 00 01 0F (调光器地址-茶吧灯带, 茶吧灯带关闭)
2024-09-12 22:58:25.205 - FF
2024-09-12 22:58:25.373 - 19 08 24 03 CC 01 CC 00 01 (调用茶吧感应灯开的按键)
2024-09-12 22:58:25.422 - 1A AA AA AA 88 FF B0 01 FF B0 01 0F (调光器地址-茶吧灯带, 茶吧灯带明亮)
2024-09-12 22:58:40.403 - 19 08 24 03 CC 01 CD 00 01 (调用茶吧感应灯关的按键)
2024-09-12 22:58:40.453 - 1A AA AA AA 88 FF 00 01 FF 00 01 0F (调光器地址-茶吧灯带, 茶吧灯带关闭)
2024-09-12 22:58:50.422 - 19 08 24 03 CC 01 CC 00 01 (调用茶吧感应灯开的按键)
2024-09-12 22:58:50.454 - 1A AA AA AA 88 FF B0 01 FF B0 01 0F (调光器地址-茶吧灯带, 茶吧灯带明亮)
2024-09-12 22:59:00.968 - 19 08 24 03 CC 01 38 00 01
2024-09-12 22:59:00.995 - 55 32 32 00 00 00 01 BA
2024-09-12 22:59:01.819 - 19 08 24 03 CC 01 39 00 01
2024-09-12 22:59:01.847 - 55 32 31 00 00 00 01 B9
2024-09-12 22:59:04.232 - 19 08 24 03 CC 00 D4 00 01 (调用厨房感应灯关的按键)
2024-09-12 22:59:04.267 - 55 0A 31 00 00 00 01 91 55 0A 31 00 00 00 02 92 (厨房顶灯一关, 厨房顶灯二关)
2024-09-12 22:59:07.739 - 19 08 24 03 CC 00 D3 00 01 (调用厨房感应灯开的按键)
2024-09-12 22:59:07.773 - 55 0A 32 00 00 00 01 92 55 0A 32 00 00 00 02 93 (厨房顶灯一开, 厨房顶灯二开)
2024-09-12 22:59:56.334 - 19 08 24 03 CC 00 D4 00 01 (调用厨房感应灯关的按键)
2024-09-12 22:59:56.369 - 55 0A 31 00 00 00 01 91 55 0A 31 00 00 00 02 92 (厨房顶灯一关, 厨房顶灯二关)
2024-09-12 23:00:15.090 - 19 08 24 03 CC 01 CD 00 01 (调用茶吧感应灯关的按键)
2024-09-12 23:00:15.119 - 1A AA AA AA 88 FF 00 01 FF 00 01 0F (调光器地址-茶吧灯带, 茶吧灯带关闭)
2024-09-12 23:00:22.604 - 19 08 24 03 CC 01 CC 00 01 (调用茶吧感应灯开的按键)
2024-09-12 23:00:22.636 - 1A AA AA AA 88 FF B0 01 FF B0 01 0F (调光器地址-茶吧灯带, 茶吧灯带明亮)
2024-09-12 23:00:42.425 - 19 08 24 03 CC 00 D3 00 01 (调用厨房感应灯开的按键)
2024-09-12 23:00:42.461 - 55 0A 32 00 00 00 01 92 55 0A 32 00 00 00 02 93 (厨房顶灯一开, 厨房顶灯二开)
2024-09-12 23:00:53.667 - 19 08 24 03 CC 01 CD 00 01 (调用茶吧感应灯关的按键)
2024-09-12 23:00:53.696 - 1A AA AA AA 88 FF 00 01 FF 00 01 0F (调光器地址-茶吧灯带, 茶吧灯带关闭)
2024-09-12 23:02:24.346 - 19 08 24 03 CC 01 CC 00 01 (调用茶吧感应灯开的按键)
2024-09-12 23:02:24.375 - 1A AA AA AA 88 FF B0 01 FF B0 01 0F (调光器地址-茶吧灯带, 茶吧灯带明亮)
2024-09-12 23:02:45.887 - 19 08 24 03 CC 01 CD 00 01 (调用茶吧感应灯关的按键)
2024-09-12 23:02:45.918 - 1A AA AA AA 88 FF 00 01 FF 00 01 0F (调光器地址-茶吧灯带, 茶吧灯带关闭)
2024-09-12 23:03:39.492 - 19 08 24 03 CC 01 CC 00 01 (调用茶吧感应灯开的按键)
2024-09-12 23:03:39.524 - 1A AA AA AA 88 FF B0 01 FF B0 01 0F (调光器地址-茶吧灯带, 茶吧灯带明亮)
2024-09-12 23:03:51.797 - 19 08 24 03 CC 00 D4 00 01 (调用厨房感应灯关的按键)
2024-09-12 23:03:51.833 - 55 0A 31 00 00 00 01 91 55 0A 31 00 00 00 02 92 (厨房顶灯一关, 厨房顶灯二关)
2024-09-12 23:04:03.039 - 19 08 24 03 CC 01 CD 00 01 (调用茶吧感应灯关的按键)
2024-09-12 23:04:03.070 - 1A AA AA AA 88 FF 00 01 FF 00 01 0F (调光器地址-茶吧灯带, 茶吧灯带关闭)
2024-09-12 23:04:22.684 - FF
