2025-09-11 17:25:23.365 - 02 AF 06 17 44 10 FF (关锁)
2025-09-11 18:36:37.309 - 02 AF 06 17 47 10 00 23 FF (用户开锁)
2025-09-12 07:16:00.670 - 02 AF 06 17 44 10 FF (关锁)
2025-09-12 17:05:53.711 - 02 AF 06 17 44 10 FF (关锁)
2025-09-12 18:37:27.452 - 02 AF 06 17 07 10 00 E3 FF (用户开锁)
2025-09-12 18:37:31.164 - 02 AF 06 17 47 10 00 23 FF (用户开锁)
2025-09-12 21:41:30.978 - 02 AF 06 17 47 08 00 1B FF (用户开锁)
2025-09-13 10:16:34.632 - 02 AF 06 17 44 10 FF (关锁)
2025-09-13 17:25:11.260 - 02 AF 06 17 44 10 FF (关锁)
2025-09-13 18:37:35.766 - 02 AF 06 17 07 10 00 E3 FF (用户开锁)
2025-09-13 18:37:39.526 - 02 AF 06 17 47 10 00 23 FF (用户开锁)
2025-09-13 20:22:51.188 - 02 AF 06 17 07 08 00 DB FF (用户开锁)
2025-09-13 20:22:54.871 - 02 AF 06 17 47 08 00 1B FF (用户开锁)
2025-09-14 08:15:36.887 - 02 AF 06 17 44 10 FF (关锁)
2025-09-14 12:13:07.520 - 02 AF 06 17 07 10 00 E3 FF (用户开锁)
2025-09-14 12:13:11.279 - 02 AF 06 17 47 10 00 23 FF (用户开锁)
2025-09-14 15:26:06.604 - 02 AF 06 17 07 08 00 DB FF (用户开锁)
2025-09-14 15:26:10.363 - 02 AF 06 17 47 08 00 1B FF (用户开锁)
2025-09-14 15:38:13.704 - 02 AF 06 17 44 10 FF (关锁)
2025-09-14 18:43:28.816 - 02 AF 06 17 07 10 00 E3 FF (用户开锁)
2025-09-14 18:43:32.605 - 02 AF 06 17 47 10 00 23 FF (用户开锁)
2025-09-14 18:48:52.764 - 02 AF 06 17 44 10 FF (关锁)
2025-09-14 20:43:33.597 - 02 AF 06 17 47 08 00 1B FF (用户开锁)
2025-09-15 07:18:07.345 - 02 AF 06 17 44 10 FF (关锁)
2025-09-15 17:27:42.786 - 02 AF 06 17 44 10 FF (关锁)
2025-09-15 18:38:40.318 - 02 AF 06 17 47 10 00 23 FF (用户开锁)
2025-09-15 20:50:56.679 - 02 AF 06 17 07 08 00 DB FF (用户开锁)
2025-09-15 20:51:00.480 - 02 AF 06 17 47 08 00 1B FF (用户开锁)
2025-09-16 07:14:17.763 - 02 AF 06 17 44 10 FF (关锁)
2025-09-16 17:27:08.801 - 02 AF 06 17 44 10 FF (关锁)
2025-09-16 18:38:02.665 - 02 AF 06 17 07 10 00 E3 FF (用户开锁)
2025-09-16 18:38:06.428 - 02 AF 06 17 47 10 00 23 FF (用户开锁)
2025-09-16 20:55:57.674 - 02 AF 06 17 07 08 00 DB FF (用户开锁)
2025-09-16 20:56:01.355 - 02 AF 06 17 47 08 00 1B FF (用户开锁)
