2025-09-01 07:16:39.378 - 02 AF 06 17 44 10 FF (关锁)
2025-09-01 08:41:49.600 - 02 AF 06 17 44 10 FF (关锁)
2025-09-01 11:46:25.096 - 02 AF 06 17 07 10 00 E3 FF (用户开锁)
2025-09-01 11:46:28.855 - 02 AF 06 17 47 10 00 23 FF (用户开锁)
2025-09-01 13:54:58.227 - 02 AF 06 17 44 10 FF (关锁)
2025-09-01 17:18:48.316 - 02 AF 06 17 07 10 00 E3 FF (用户开锁)
2025-09-01 17:18:51.738 - 02 AF 06 17 47 10 00 23 FF (用户开锁)
2025-09-01 20:43:30.657 - 02 AF 06 17 47 08 00 1B FF (用户开锁)
2025-09-02 07:16:29.498 - 02 AF 06 17 44 10 FF (关锁)
2025-09-02 08:43:30.480 - 02 AF 06 17 44 10 FF (关锁)
2025-09-02 11:37:22.520 - 02 AF 06 17 07 10 00 E3 FF (用户开锁)
2025-09-02 11:37:26.319 - 02 AF 06 17 47 10 00 23 FF (用户开锁)
2025-09-02 13:50:28.109 - 02 AF 06 17 44 10 FF (关锁)
2025-09-02 17:27:43.088 - 02 AF 06 17 07 10 00 E3 FF (用户开锁)
2025-09-02 17:27:46.389 - 02 AF 06 17 47 10 00 23 FF (用户开锁)
2025-09-02 20:41:58.052 - 02 AF 06 17 47 08 00 1B FF (用户开锁)
2025-09-03 07:09:29.447 - 02 AF 06 17 44 10 FF (关锁)
2025-09-03 08:45:37.320 - 02 AF 06 17 44 10 FF (关锁)
2025-09-03 11:47:18.456 - 02 AF 06 17 47 10 00 23 FF (用户开锁)
2025-09-03 13:48:10.434 - 02 AF 06 17 44 10 FF (关锁)
2025-09-03 17:12:37.661 - 02 AF 06 17 07 10 00 E3 FF (用户开锁)
2025-09-03 17:12:41.420 - 02 AF 06 17 47 10 00 23 FF (用户开锁)
2025-09-03 20:00:11.308 - 02 AF 06 17 07 08 00 DB FF (用户开锁)
2025-09-03 20:00:14.814 - 02 AF 06 17 47 08 00 1B FF (用户开锁)
2025-09-04 07:14:13.486 - 02 AF 06 17 44 10 FF (关锁)
2025-09-04 08:46:42.872 - 02 AF 06 17 44 10 FF (关锁)
2025-09-04 11:39:03.835 - 02 AF 06 17 07 10 00 E3 FF (用户开锁)
2025-09-04 11:39:07.638 - 02 AF 06 17 47 10 00 23 FF (用户开锁)
2025-09-04 13:47:52.475 - 02 AF 06 17 44 10 FF (关锁)
2025-09-04 17:05:46.381 - 02 AF 06 17 07 10 00 E3 FF (用户开锁)
2025-09-04 17:05:50.139 - 02 AF 06 17 47 10 00 23 FF (用户开锁)
2025-09-04 17:31:09.064 - 02 AF 06 17 44 10 FF (关锁)
2025-09-04 18:20:14.271 - 02 AF 06 17 07 10 00 E3 FF (用户开锁)
2025-09-04 18:20:18.032 - 02 AF 06 17 47 10 00 23 FF (用户开锁)
2025-09-04 20:38:23.727 - 02 AF 06 17 07 08 00 DB FF (用户开锁)
2025-09-04 20:38:27.264 - 02 AF 06 17 47 08 00 1B FF (用户开锁)
2025-09-05 07:17:07.050 - 02 AF 06 17 44 10 FF (关锁)
2025-09-05 08:42:56.852 - 02 AF 06 17 44 10 FF (关锁)
2025-09-05 11:55:19.902 - 02 AF 06 17 07 10 00 E3 FF (用户开锁)
2025-09-05 11:55:23.655 - 02 AF 06 17 47 10 00 23 FF (用户开锁)
2025-09-05 18:14:52.615 - 02 AF 06 17 44 10 FF (关锁)
2025-09-05 19:28:38.997 - 02 AF 06 17 07 10 00 E3 FF (用户开锁)
2025-09-05 19:28:42.761 - 02 AF 06 17 47 10 00 23 FF (用户开锁)
2025-09-05 19:33:54.909 - 02 AF 06 17 47 08 00 1B FF (用户开锁)
