2025-09-18 21:30:05.774 - 02 AF 06 17 01 CD FF (门锁开门指令)
2025-09-18 21:30:57.220 - 02 AF 06 17 44 10 FF (关锁)
2025-09-18 21:31:03.243 - 02 AF 06 17 07 08 00 DB FF (用户开锁)
2025-09-18 21:31:06.737 - 02 AF 06 17 47 08 00 1B FF (用户开锁)
2025-09-18 21:31:30.501 - 02 AF 06 17 01 CD FF (门锁开门指令)
2025-09-18 21:49:43.160 - 02 13 51 73 32 FF
2025-09-18 21:49:50.342 - 02 13 05 17 03 32 FF
2025-09-18 21:51:05.307 - 02 AF 06 17 03 CF FF
2025-09-18 21:52:33.417 - 02 AF 06 17 03 CF FF
2025-09-18 21:58:58.508 - 00
2025-09-18 21:59:24.934 - 02 AF 06 17 03 CF FF
2025-09-18 22:07:46.435 - 02 AF 06 17 01 CD FF (门锁开门指令)
2025-09-18 22:07:50.266 - 02 AF 06 17 07 09 80 5C FF (用户开锁)
2025-09-18 22:07:54.225 - 02 AF 06 17 47 09 80 9C FF (用户开锁)
2025-09-18 22:08:09.673 - 02 AF 06 17 01 CD FF (门锁开门指令)
2025-09-18 22:08:13.374 - 02 AF 06 17 07 09 80 5C FF (用户开锁)
2025-09-18 22:08:17.137 - 02 AF 06 17 47 09 80 9C FF (用户开锁)
2025-09-18 22:08:17.644 - 02 AF 06 17 02 CE FF (门锁关锁指令)
2025-09-18 22:08:19.859 - 02 AF 06 17 02 CE FF (门锁关锁指令)
2025-09-18 22:08:24.835 - 02 AF 06 17 44 09 80 99 FF
