2024-08-19 07:02:52.275 - 02 AF 06 17 44 10 FF
2024-08-19 19:04:56.849 - 02 AF 06 17 07 08 00 DB FF (用户开锁)
2024-08-19 19:05:00.608 - 02 AF 06 17 47 08 00 1B FF (用户开锁)
2024-08-19 19:47:22.911 - 02 AF 06 17 07 03 00 D6 FF (用户开锁)
2024-08-19 19:47:26.674 - 02 AF 06 17 47 03 00 16 FF (用户开锁)
2024-08-19 21:50:42.895 - 02 AF 06 17 07 03 00 D6 FF (用户开锁)
2024-08-19 21:50:46.656 - 02 AF 06 17 47 03 00 16 FF (用户开锁)
2024-08-19 21:51:33.283 - 02 AF 06 17 44 10 FF
2024-08-20 07:13:18.525 - 02 AF 06 17 44 10 FF
2024-08-20 22:47:10.231 - 00
2024-08-20 22:47:10.343 - 00
2024-08-20 22:48:16.633 - 00
2024-08-20 22:48:16.703 - 00
2024-08-20 22:48:17.720 - 00
2024-08-20 22:48:17.736 - 00
2024-08-20 22:48:20.190 - 00
2024-08-20 22:48:26.974 - 00
2024-08-20 22:48:27.083 - 00
2024-08-20 22:48:35.834 - 00
2024-08-20 22:48:35.859 - 00
2024-08-20 22:48:39.256 - 00
2024-08-20 22:49:09.438 - 00
2024-08-20 22:49:09.455 - 00
2024-08-20 22:49:13.128 - 00
2024-08-20 22:50:51.147 - 02 AF 06 17 01 CD FF (门锁开门指令)
2024-08-20 22:50:54.755 - 02 AF 06 17 07 09 80 5C FF (用户开锁)
2024-08-20 22:50:58.518 - 02 AF 06 17 47 09 80 9C FF (用户开锁)
2024-08-20 22:52:02.103 - 02 AF 06 17 02 CE FF (门锁关锁指令)
2024-08-20 22:52:05.268 - 02 AF 06 17 44 09 80 99 FF
2024-08-21 07:13:04.564 - 02 AF 06 17 44 10 FF
2024-08-21 10:42:16.534 - 02 AF 06 17 07 03 00 D6 FF (用户开锁)
2024-08-21 10:42:20.293 - 02 AF 06 17 47 03 00 16 FF (用户开锁)
2024-08-21 10:51:15.036 - 02 AF 06 17 44 10 FF
2024-08-21 20:57:35.179 - 02 AF 06 17 07 03 00 D6 FF (用户开锁)
2024-08-21 20:57:38.939 - 02 AF 06 17 47 03 00 16 FF (用户开锁)
2024-08-21 21:25:01.121 - 02 AF 06 17 44 10 FF
2024-08-22 07:30:56.392 - 02 AF 06 17 44 10 FF
2024-08-22 18:23:32.628 - 02 AF 06 17 07 03 00 D6 FF (用户开锁)
2024-08-22 18:23:36.387 - 02 AF 06 17 47 03 00 16 FF (用户开锁)
2024-08-22 19:10:51.925 - 02 AF 06 17 44 10 FF
2024-08-22 19:21:45.995 - 02 AF 06 17 07 03 00 D6 FF (用户开锁)
2024-08-22 19:21:49.759 - 02 AF 06 17 47 03 00 16 FF (用户开锁)
2024-08-22 19:24:57.133 - 02 AF 06 17 07 08 00 DB FF (用户开锁)
2024-08-22 19:25:00.906 - 02 AF 06 17 47 08 00 1B FF (用户开锁)
2024-08-22 20:09:51.918 - 02 AF 06 17 44 10 FF
2024-08-22 20:51:24.876 - 02 AF 06 17 07 08 00 DB FF (用户开锁)
2024-08-22 20:51:28.635 - 02 AF 06 17 47 08 00 1B FF (用户开锁)
2024-08-23 07:23:12.871 - 02 AF 06 17 44 10 FF
2024-08-23 20:56:00.358 - 02 AF 06 17 07 08 00 DB FF (用户开锁)
2024-08-23 20:56:04.116 - 02 AF 06 17 47 08 00 1B FF (用户开锁)
2024-08-24 07:19:38.944 - 02 AF 06 17 07 03 00 D6 FF (用户开锁)
2024-08-24 07:19:42.709 - 02 AF 06 17 47 03 00 16 FF (用户开锁)
2024-08-24 10:08:37.668 - 02 AF 06 17 07 08 00 DB FF (用户开锁)
2024-08-24 10:08:41.432 - 02 AF 06 17 47 08 00 1B FF (用户开锁)
2024-08-24 10:08:44.272 - 02 AF 06 17 07 08 00 DB FF (用户开锁)
2024-08-24 10:08:48.022 - 02 AF 06 17 47 08 00 1B FF (用户开锁)
2024-08-24 15:28:16.374 - 02 AF 06 17 44 10 FF
2024-08-24 21:53:46.201 - 02 AF 06 17 07 08 00 DB FF (用户开锁)
2024-08-24 21:53:49.972 - 02 AF 06 17 47 08 00 1B FF (用户开锁)
2024-08-25 11:22:25.170 - 02 AF 06 17 44 10 FF
2024-08-25 11:28:50.672 - 02 AF 06 17 07 08 00 DB FF (用户开锁)
2024-08-25 11:28:54.437 - 02 AF 06 17 47 08 00 1B FF (用户开锁)
2024-08-25 12:10:09.264 - 02 AF 06 17 44 10 FF
2024-08-25 16:15:51.402 - 02 AF 06 17 07 08 00 DB FF (用户开锁)
2024-08-25 16:15:55.153 - 02 AF 06 17 47 08 00 1B FF (用户开锁)
2024-08-25 16:34:55.651 - 02 AF 06 17 07 03 00 D6 FF (用户开锁)
2024-08-25 16:34:59.411 - 02 AF 06 17 47 03 00 16 FF (用户开锁)
2024-08-25 16:35:02.570 - 02 AF 06 17 07 03 00 D6 FF (用户开锁)
2024-08-25 16:35:06.333 - 02 AF 06 17 47 03 00 16 FF (用户开锁)
2024-08-25 17:24:29.104 - 02 AF 06 17 07 08 00 DB FF (用户开锁)
2024-08-25 17:24:32.864 - 02 AF 06 17 47 08 00 1B FF (用户开锁)
2024-08-25 17:24:35.797 - 02 AF 06 17 07 08 00 DB FF (用户开锁)
2024-08-25 17:24:39.548 - 02 AF 06 17 47 08 00 1B FF (用户开锁)
2024-08-26 07:16:07.428 - 02 AF 06 17 44 10 FF
2024-08-26 22:42:59.833 - 02 AF 06 17 07 08 00 DB FF (用户开锁)
2024-08-26 22:43:03.592 - 02 AF 06 17 47 08 00 1B FF (用户开锁)
2024-08-27 07:23:46.645 - 02 AF 06 17 44 10 FF
2024-08-27 10:05:28.398 - 02 AF 06 17 07 08 00 DB FF (用户开锁)
2024-08-27 10:05:32.148 - 02 AF 06 17 47 08 00 1B FF (用户开锁)
2024-08-27 13:02:10.277 - 02 AF 06 17 44 10 FF
