2025-09-22 20:45:17.457 - 1A 13 00 00 00 86 86 86 0F (调用查询模块-外卫测温转换, 外卫温湿度虚拟地址)
2025-09-22 20:45:28.507 - 1A 0C 02 08 01 86 86 86 0F (调光器地址-内卫射灯)
2025-09-22 20:46:58.975 - 00
2025-09-22 20:46:58.993 - 00
2025-09-22 20:46:59.015 - 20
2025-09-22 20:46:59.015 - 4A C8
2025-09-22 20:46:59.032 - FF
2025-09-22 20:47:00.759 - 00
2025-09-22 20:47:05.183 - 02 AF 06 17 DD A9 FF
2025-09-22 20:47:33.444 - 02 AF 06 17 06 D2 FF
2025-09-22 20:47:35.906 - 02 AF 06 17 05 09 00 DA FF
2025-09-22 20:48:05.926 - 02 AF 06 17 05 12 00 E3 FF
2025-09-22 20:48:36.620 - 02 AF 06 17 07 01 80 54 FF (用户开锁)
2025-09-22 20:48:40.383 - 02 AF 06 17 47 01 80 94 FF (用户开锁)
2025-09-22 20:50:07.791 - 02 AF 06 17 07 12 00 E5 FF (用户开锁)
2025-09-22 20:50:11.554 - 02 AF 06 17 47 12 00 25 FF (用户开锁)
2025-09-22 20:50:29.910 - 02 AF 06 17 01 CD FF (门锁开门指令)
2025-09-22 20:50:33.679 - 02 AF 06 17 07 09 00 DC FF (用户开锁)
2025-09-22 20:50:37.440 - 02 AF 06 17 47 09 00 1C FF (用户开锁)
2025-09-22 20:50:48.127 - 02 AF 06 17 02 CE FF (门锁关锁指令)
2025-09-22 20:50:52.979 - 02 AF 06 17 44 09 00 19 FF
2025-09-22 20:55:48.740 - 02 AF 06 17 03 CF FF
2025-09-22 20:55:49.973 - 02 AF 06 17 47 09 00 1C FF (用户开锁)
