2024-09-25 20:29:30.822 - 02 AF 06 17 07 08 00 DB FF (用户开锁)
2024-09-25 20:29:34.584 - 02 AF 06 17 47 08 00 1B FF (用户开锁)
2024-09-26 07:22:38.756 - 02 AF 06 17 44 10 FF (关锁)
2024-09-26 22:33:23.021 - 02 AF 06 17 07 08 00 DB FF (用户开锁)
2024-09-26 22:33:26.782 - 02 AF 06 17 47 08 00 1B FF (用户开锁)
2024-09-27 07:10:05.837 - 02 AF 06 17 44 10 FF (关锁)
2024-09-27 17:57:37.382 - 02 AF 06 17 07 08 00 DB FF (用户开锁)
2024-09-27 17:57:41.143 - 02 AF 06 17 47 08 00 1B FF (用户开锁)
2024-09-27 20:45:50.964 - 02 AF 06 17 44 10 FF (关锁)
2024-09-28 08:27:16.372 - 02 AF 06 17 44 10 FF (关锁)
2024-09-28 17:53:04.368 - 02 AF 06 17 07 08 00 DB FF (用户开锁)
2024-09-28 17:53:08.130 - 02 AF 06 17 47 08 00 1B FF (用户开锁)
2024-09-29 07:25:06.065 - 02 AF 06 17 44 10 FF (关锁)
2024-09-29 22:47:07.847 - 02 AF 06 17 07 08 00 DB FF (用户开锁)
2024-09-29 22:47:11.607 - 02 AF 06 17 47 08 00 1B FF (用户开锁)
2024-09-30 07:28:31.697 - 02 AF 06 17 44 10 FF (关锁)
2024-09-30 18:00:00.016 - 02 AF 06 17 07 08 00 DB FF (用户开锁)
2024-09-30 18:00:03.775 - 02 AF 06 17 47 08 00 1B FF (用户开锁)
2024-09-30 19:12:09.754 - 02 AF 06 17 07 03 00 D6 FF (用户开锁)
2024-09-30 19:12:13.514 - 02 AF 06 17 47 03 00 16 FF (用户开锁)
2024-10-01 07:35:15.415 - 02 AF 06 17 44 10 FF (关锁)
2024-10-02 00:19:35.513 - 02 AF 06 17 07 08 00 DB FF (用户开锁)
2024-10-02 00:19:39.274 - 02 AF 06 17 47 08 00 1B FF (用户开锁)
2024-10-02 14:40:43.114 - 02 AF 06 17 44 10 FF (关锁)
2024-10-02 18:19:47.102 - 02 AF 06 17 07 08 00 DB FF (用户开锁)
2024-10-02 18:19:50.862 - 02 AF 06 17 47 08 00 1B FF (用户开锁)
2024-10-02 18:33:48.283 - 02 AF 06 17 44 10 FF (关锁)
2024-10-02 20:46:26.320 - 02 AF 06 17 07 08 00 DB FF (用户开锁)
2024-10-02 20:46:30.079 - 02 AF 06 17 47 08 00 1B FF (用户开锁)
