2025-09-18 21:30:05.774 - 02 AF 06 17 01 CD FF (门锁开门指令)
2025-09-18 21:30:57.220 - 02 AF 06 17 44 10 FF (关锁)
2025-09-18 21:31:03.243 - 02 AF 06 17 07 08 00 DB FF (用户开锁)
2025-09-18 21:31:06.737 - 02 AF 06 17 47 08 00 1B FF (用户开锁)
2025-09-18 21:31:30.501 - 02 AF 06 17 01 CD FF (门锁开门指令)
2025-09-18 21:49:43.160 - 02 13 51 73 32 FF
2025-09-18 21:49:50.342 - 02 13 05 17 03 32 FF
2025-09-18 21:51:05.307 - 02 AF 06 17 03 CF FF
2025-09-18 21:52:33.417 - 02 AF 06 17 03 CF FF
2025-09-18 21:58:58.508 - 00
2025-09-18 21:59:24.934 - 02 AF 06 17 03 CF FF
2025-09-18 22:07:46.435 - 02 AF 06 17 01 CD FF (门锁开门指令)
2025-09-18 22:07:50.266 - 02 AF 06 17 07 09 80 5C FF (用户开锁)
2025-09-18 22:07:54.225 - 02 AF 06 17 47 09 80 9C FF (用户开锁)
2025-09-18 22:08:09.673 - 02 AF 06 17 01 CD FF (门锁开门指令)
2025-09-18 22:08:13.374 - 02 AF 06 17 07 09 80 5C FF (用户开锁)
2025-09-18 22:08:17.137 - 02 AF 06 17 47 09 80 9C FF (用户开锁)
2025-09-18 22:08:17.644 - 02 AF 06 17 02 CE FF (门锁关锁指令)
2025-09-18 22:08:19.859 - 02 AF 06 17 02 CE FF (门锁关锁指令)
2025-09-18 22:08:24.835 - 02 AF 06 17 44 09 80 99 FF
2025-09-19 07:13:12.292 - 02 AF 06 17 44 10 FF (关锁)
2025-09-19 07:41:44.472 - 02 AF 06 17 44 10 FF (关锁)
2025-09-19 19:16:09.446 - 02 AF 06 17 07 10 00 E3 FF (用户开锁)
2025-09-19 19:16:13.208 - 02 AF 06 17 47 10 00 23 FF (用户开锁)
2025-09-19 21:43:20.035 - 02 AF 06 17 07 08 00 DB FF (用户开锁)
2025-09-19 21:43:23.789 - 02 AF 06 17 47 08 00 1B FF (用户开锁)
2025-09-20 09:45:57.900 - 02 AF 06 17 44 10 FF (关锁)
2025-09-20 12:55:28.954 - 02 AF 06 17 07 10 00 E3 FF (用户开锁)
2025-09-20 12:55:32.715 - 02 AF 06 17 47 10 00 23 FF (用户开锁)
2025-09-20 17:21:24.476 - 02 AF 06 17 44 10 FF (关锁)
2025-09-20 18:59:05.698 - 02 AF 06 17 07 10 00 E3 FF (用户开锁)
2025-09-20 18:59:09.462 - 02 AF 06 17 47 10 00 23 FF (用户开锁)
2025-09-20 21:43:12.727 - 3E AF 06 17 07 08 00 DB FF
2025-09-20 21:43:16.487 - 02 AF 06 17 47 08 00 1B FF (用户开锁)
