2024-09-22 16:46:11.493 - 02 AF 06 17 07 08 00 DB FF (用户开锁)
2024-09-22 16:46:15.255 - 02 AF 06 17 47 08 00 1B FF (用户开锁)
2024-09-22 17:27:18.242 - 02 AF 06 17 44 10 FF (关锁)
2024-09-22 18:10:25.691 - 02 AF 06 17 07 03 00 D6 FF (用户开锁)
2024-09-22 18:10:29.453 - 02 AF 06 17 47 03 00 16 FF (用户开锁)
2024-09-22 18:17:34.487 - 02 AF 06 17 44 10 FF (关锁)
2024-09-22 19:52:43.183 - 02 AF 06 17 07 08 00 DB FF (用户开锁)
2024-09-22 19:52:46.947 - 02 AF 06 17 47 08 00 1B FF (用户开锁)
2024-09-23 19:47:04.703 - 02 AF 06 17 07 08 00 DB FF (用户开锁)
2024-09-23 19:47:08.462 - 02 AF 06 17 47 08 00 1B FF (用户开锁)
2024-09-24 07:51:02.284 - 02 AF 06 17 44 10 FF (关锁)
2024-09-24 12:10:57.253 - 02 AF 06 17 07 03 00 D6 FF (用户开锁)
2024-09-24 12:11:01.015 - 02 AF 06 17 47 03 00 16 FF (用户开锁)
2024-09-24 12:16:31.885 - 02 AF 06 17 44 10 FF (关锁)
2024-09-24 12:16:44.007 - 02 AF 06 17 07 03 00 D6 FF (用户开锁)
2024-09-24 12:16:47.767 - 02 AF 06 17 47 03 00 16 FF (用户开锁)
2024-09-24 12:17:55.647 - 02 AF 06 17 44 10 FF (关锁)
2024-09-24 17:11:22.589 - 02 AF 06 17 07 03 00 D6 FF (用户开锁)
2024-09-24 17:11:26.351 - 02 AF 06 17 47 03 00 16 FF (用户开锁)
2024-09-24 18:12:40.507 - 02 AF 06 17 07 08 00 DB FF (用户开锁)
2024-09-24 18:12:44.269 - 02 AF 06 17 47 08 00 1B FF (用户开锁)
2024-09-24 20:36:10.383 - 02 AF 06 17 44 10 FF (关锁)
