2025-09-21 15:50:24.642 - FF FF FF FF 0E FC (继电器地址-西阳小窗帘)
2025-09-21 15:50:24.775 - FF
2025-09-21 15:50:26.306 - 1A 0C 02 08 01 86 86 86 0F (调光器地址-内卫射灯)
2025-09-21 15:50:26.332 - 1A 0C 02 08 01 00 4C 00 00 4C 00 00 5E 01 0F (调光器地址-内卫射灯)
2025-09-21 15:50:26.419 - FF
2025-09-21 15:51:08.912 - 1A 0C 02 08 01 86 86 86 0F (调光器地址-内卫射灯)
2025-09-21 15:51:08.939 - 1A 0C 02 08 01 00 4C 00 00 4C 00 00 5E 01 0F (调光器地址-内卫射灯)
2025-09-21 15:51:09.027 - 3D
2025-09-21 15:51:12.034 - 1A 0C 02 08 01 86 86 86 0F (调光器地址-内卫射灯)
2025-09-21 15:51:12.064 - 1A 0C 02 08 01 00 4C 00 00 4C 00 00 5E 01 0F (调光器地址-内卫射灯)
2025-09-21 15:51:12.659 - 1A 0C 02 08 01 FF 40 01 FF 40 01 FF 00 00 0F (调光器地址-内卫射灯)
2025-09-21 15:51:15.666 - 1A 0C 02 08 01 86 86 86 0F (调光器地址-内卫射灯)
2025-09-21 15:51:15.714 - 1A 0C 02 08 01 00 19 01 00 19 01 00 5E 01 0F (调光器地址-内卫射灯)
2025-09-21 15:51:18.885 - 1A 0C 02 08 01 FF 80 01 FF 80 01 FF 00 00 0F (调光器地址-内卫射灯)
2025-09-21 15:51:21.901 - 1A 0C 02 08 01 86 86 86 0F (调光器地址-内卫射灯)
2025-09-21 15:51:21.947 - 1A 0C 02 08 01 00 32 01 00 32 01 00 5E 01 0F (调光器地址-内卫射灯)
2025-09-21 15:51:25.118 - 1A 0C 02 08 01 FF C0 01 FF C0 01 FF 00 00 0F (调光器地址-内卫射灯)
2025-09-21 15:51:28.122 - 1A 0C 02 08 01 86 86 86 0F (调光器地址-内卫射灯)
2025-09-21 15:51:28.169 - 1A 0C 02 08 01 00 4B 01 00 4B 01 00 5E 01 0F (调光器地址-内卫射灯)
2025-09-21 15:51:31.333 - 1A 0C 02 08 01 FF FF 01 FF FF 01 FF 00 00 0F (调光器地址-内卫射灯)
2025-09-21 15:51:34.339 - 1A 0C 02 08 01 86 86 86 0F (调光器地址-内卫射灯)
2025-09-21 15:51:34.386 - 1A 0C 02 08 01 00 63 01 00 63 01 00 5E 01 0F (调光器地址-内卫射灯)
2025-09-21 15:51:37.551 - 1A 0C 02 08 01 FF 80 01 FF 80 01 FF 00 00 0F (调光器地址-内卫射灯)
2025-09-21 15:51:40.558 - 1A 0C 02 08 01 86 86 86 0F (调光器地址-内卫射灯)
2025-09-21 15:51:40.605 - 1A 0C 02 08 01 00 32 01 00 32 01 00 5E 01 0F (调光器地址-内卫射灯)
2025-09-21 15:51:43.768 - 1A 0C 02 08 01 FF 00 01 FF 00 01 FF 00 00 0F (调光器地址-内卫射灯, 内卫感应灯关)
2025-09-21 15:51:46.771 - 1A 0C 02 08 01 86 86 86 0F (调光器地址-内卫射灯)
2025-09-21 15:51:46.822 - 1A 0C 02 08 01 00 4C 00 00 4C 00 00 5E 01 0F (调光器地址-内卫射灯)
