2025-09-24 22:01:52.536 - 1A 18 05 10 31 86 86 86 0F (自保持开关地址-门厅顶灯)
2025-09-24 22:01:52.688 - 1A 18 05 10 31 00 00 00 00 0F (自保持开关地址-门厅顶灯)
2025-09-24 22:02:12.420 - 1A 18 05 10 31 00 01 02 0F (自保持开关地址-门厅顶灯, 门厅顶灯开关)
2025-09-24 22:02:14.900 - 1A 18 05 10 31 00 01 02 0F (自保持开关地址-门厅顶灯, 门厅顶灯开关)
2025-09-24 22:02:17.185 - 1A 18 05 10 31 00 01 02 0F (自保持开关地址-门厅顶灯, 门厅顶灯开关)
2025-09-24 22:02:59.199 - 1A 18 05 10 31 86 86 86 0F (自保持开关地址-门厅顶灯)
2025-09-24 22:02:59.347 - 1A 18 05 10 31 00 01 00 00 0F (自保持开关地址-门厅顶灯)
2025-09-24 22:03:48.380 - 1A 18 05 10 31 00 01 01 0F (自保持开关地址-门厅顶灯, 门厅顶灯开)
2025-09-24 22:04:04.981 - 1A 18 05 10 31 00 01 00 0F (自保持开关地址-门厅顶灯, 门厅顶灯关)
2025-09-24 22:04:20.528 - 1A 18 05 10 31 86 86 86 0F (自保持开关地址-门厅顶灯)
2025-09-24 22:04:20.675 - 1A 18 05 10 31 00 00 00 00 0F (自保持开关地址-门厅顶灯)
2025-09-24 22:23:35.473 - 1A BE B0 DC 04 FC (继电器地址-西阳窗帘)
2025-09-24 22:35:05.620 - 55 32 32 00 00 00 01 BA (厨房上柜消毒开)
2025-09-24 22:35:07.549 - 55 32 31 00 00 00 01 B9 (厨房上柜消毒关)
2025-09-24 22:35:08.648 - 55 32 31 00 00 00 01 B9 (厨房上柜消毒关)
2025-09-24 22:35:11.936 - 55 32 32 00 00 00 01 BA (厨房上柜消毒开)
2025-09-24 22:35:13.538 - 55 32 31 00 00 00 01 B9 (厨房上柜消毒关)
2025-09-24 22:35:14.398 - 55 32 32 00 00 00 01 BA (厨房上柜消毒开)
2025-09-24 22:35:16.165 - 55 32 31 00 00 00 01 B9 (厨房上柜消毒关)
2025-09-24 22:35:32.559 - 19 08 24 03 CC 01 CC 00 01 (调用茶吧感应灯开的按键)
2025-09-24 22:35:32.608 - 1A AA AA AA 88 FF B0 01 FF B0 01 0F (调光器地址-茶吧灯带, 茶吧灯带明亮)
2025-09-24 22:35:39.155 - 55 32 32 00 00 00 01 BA (厨房上柜消毒开)
2025-09-24 22:36:00.394 - 19 08 24 03 CC 00 D3 00 01 (调用厨房感应灯开的按键)
2025-09-24 22:36:00.447 - 55 0A 32 00 00 00 01 92 55 0A 32 00 00 00 02 93 (厨房顶灯一开, 厨房顶灯二开)
2025-09-24 22:36:11.637 - 19 08 24 03 CC 01 CD 00 01 (调用茶吧感应灯关的按键)
2025-09-24 22:36:11.667 - 1A AA AA AA 88 FF 00 01 FF 00 01 0F (调光器地址-茶吧灯带, 茶吧灯带关闭)
2025-09-24 22:36:16.645 - 19 08 24 03 CC 01 CC 00 01 (调用茶吧感应灯开的按键)
2025-09-24 22:36:16.677 - 1A AA AA AA 88 FF B0 01 FF B0 01 0F (调光器地址-茶吧灯带, 茶吧灯带明亮)
2025-09-24 22:36:23.183 - 55 32 31 00 00 00 01 B9 (厨房上柜消毒关)
2025-09-24 22:36:25.443 - 55 32 31 00 00 00 01 B9 (厨房上柜消毒关)
2025-09-24 22:36:29.170 - 19 08 24 03 CC 01 CD 00 01 (调用茶吧感应灯关的按键)
2025-09-24 22:36:29.201 - 1A AA AA AA 88 FF 00 01 FF 00 01 0F (调光器地址-茶吧灯带, 茶吧灯带关闭)
2025-09-24 22:36:56.004 - 19 08 24 03 CC 00 D4 00 01 (调用厨房感应灯关的按键)
2025-09-24 22:36:56.037 - 55 0A 31 00 00 00 01 91 55 0A 31 00 00 00 02 92 (厨房顶灯一关, 厨房顶灯二关)
2025-09-24 22:40:08.649 - 55 32 21 09 27 C0 01 99 22 32 21 00 00 00 01 76
