2025-09-11 12:07:19.505 - 1A 13 00 00 00 86 86 86 0F (调用查询模块-外卫测温转换, 外卫温湿度虚拟地址)
2025-09-11 12:07:19.741 - 13 03 00 00 00 02 C7 79 (查询外卫温湿度)
2025-09-11 12:07:19.765 - 13 03 04 01 D9 01 1D D9 AC (外卫温湿度返回)
2025-09-11 12:07:20.766 - 1A 13 00 00 00 00 00 01 00 00 01 00 00 01 01 1D 01 01 D9 01 00 00 01 00 00 01 0F (外卫温湿度虚拟地址)
2025-09-11 12:08:37.321 - 01 04 07 D0 00 06 70 85
2025-09-11 12:08:37.356 - 01 04 0C 70 01 42 02 00 FA 00 00 01 18 00 00 B1 BE
2025-09-11 12:08:37.486 - 01 04 07 D6 00 06 90 84
2025-09-11 12:08:37.516 - 01 04 0C 70 00 42 02 00 FA 00 00 01 22 00 00 95 4F
2025-09-11 12:08:37.644 - 01 04 07 DC 00 06 B0 86
2025-09-11 12:08:37.678 - 01 04 0C 50 00 42 02 01 04 00 00 01 18 00 00 EA FE
2025-09-11 12:08:37.803 - 01 04 07 E2 00 06 D1 4A
2025-09-11 12:08:37.840 - 01 04 0C 70 00 42 02 00 FA 00 00 01 04 00 00 74 84
2025-09-11 12:08:37.959 - 01 04 07 E8 00 06 F1 48
2025-09-11 12:08:37.992 - 01 04 0C 70 00 42 02 00 FA 00 00 01 22 00 00 95 4F
2025-09-11 12:26:22.336 - 19 08 24 03 CC 00 D3 00 01 (调用厨房感应灯开的按键)
2025-09-11 12:26:22.388 - 55 0A 32 00 00 00 01 92 55 0A 32 00 00 00 02 93 (厨房顶灯一开, 厨房顶灯二开)
2025-09-11 12:32:08.517 - 19 08 24 03 CC 00 D4 00 01 (调用厨房感应灯关的按键)
2025-09-11 12:32:08.550 - 55 0A 31 00 00 00 01 91 55 0A 31 00 00 00 02 92 (厨房顶灯一关, 厨房顶灯二关)
2025-09-11 12:41:10.838 - FF FF FF FF 0A (继电器地址-东阳窗帘)
2025-09-11 12:41:10.975 - FF
2025-09-11 12:55:05.223 - 19 08 24 03 CC 00 D3 00 01 (调用厨房感应灯开的按键)
2025-09-11 12:55:05.277 - 55 0A 32 00 00 00 01 92 55 0A 32 00 00 00 02 93 (厨房顶灯一开, 厨房顶灯二开)
2025-09-11 12:57:26.000 - 19 08 24 03 CC 00 D4 00 01 (调用厨房感应灯关的按键)
2025-09-11 12:57:26.057 - 55 0A 31 00 00 00 01 91 55 0A 31 00 00 00 02 92 (厨房顶灯一关, 厨房顶灯二关)
2025-09-11 13:19:37.843 - 1A BE B0 DC 03 FC (继电器地址-西阳天幕)
2025-09-11 13:24:37.942 - 1A BE B0 DC 04 (继电器地址-西阳窗帘)
2025-09-11 13:24:38.075 - FF
2025-09-11 13:32:37.572 - 1A BE B0 DC 01 (继电器地址-回水泵点动)
2025-09-11 13:32:37.712 - FF
2025-09-11 13:45:37.187 - 19 08 24 03 CC 00 D3 00 01 (调用厨房感应灯开的按键)
2025-09-11 13:45:37.255 - 55 0A 32 00 00 00 01 92 55 0A 32 00 00 00 02 93 (厨房顶灯一开, 厨房顶灯二开)
2025-09-11 13:47:04.860 - 19 08 24 03 CC 00 D4 00 01 (调用厨房感应灯关的按键)
2025-09-11 13:47:04.913 - 55 0A 31 00 00 00 01 91 55 0A 31 00 00 00 02 92 (厨房顶灯一关, 厨房顶灯二关)
2025-09-11 14:04:47.168 - 1A FF FF FF 04 (继电器地址-东阳衣架)
2025-09-11 14:05:45.564 - 19 08 24 03 CC 01 52 00 01 (调用外卫感应灯开的按键)
2025-09-11 14:05:45.615 - 1A 0D 01 07 01 FF 45 01 FF 45 01 FF 00 00 0F (调光器地址-外卫射灯, 外卫感应灯开)
2025-09-11 14:07:20.753 - 19 08 24 03 CC 00 D3 00 01 (调用厨房感应灯开的按键)
2025-09-11 14:07:20.804 - 55 0A 32 00 00 00 01 92 55 0A 32 00 00 00 02 93 (厨房顶灯一开, 厨房顶灯二开)
2025-09-11 14:07:44.341 - 1A BE B0 DC 02 (正反转地址-外卫卷帘)
2025-09-11 14:07:44.475 - FF
2025-09-11 14:09:42.031 - 19 08 24 03 CC 00 D4 00 01 (调用厨房感应灯关的按键)
2025-09-11 14:09:42.083 - 55 0A 31 00 00 00 01 91 55 0A 31 00 00 00 02 92 (厨房顶灯一关, 厨房顶灯二关)
2025-09-11 14:11:28.706 - 1A BE B0 DC 09 FC (继电器地址-客厅窗帘)
2025-09-11 14:14:46.629 - 19 08 24 03 CC 00 D3 00 01 (调用厨房感应灯开的按键)
2025-09-11 14:14:46.681 - 55 0A 32 00 00 00 01 92 55 0A 32 00 00 00 02 93 (厨房顶灯一开, 厨房顶灯二开)
2025-09-11 14:17:17.928 - 19 08 24 03 CC 00 D4 00 01 (调用厨房感应灯关的按键)
2025-09-11 14:17:17.979 - 55 0A 31 00 00 00 01 91 55 0A 31 00 00 00 02 92 (厨房顶灯一关, 厨房顶灯二关)
2025-09-11 14:21:16.904 - 19 08 24 03 CC 01 53 00 01 (调用外卫感应灯关的按键)
2025-09-11 14:21:16.936 - 1A 0D 01 07 01 FF 00 01 FF 00 01 FF 00 00 0F (调光器地址-外卫射灯, 外卫感应灯关)
2025-09-11 14:21:35.935 - 19 08 24 03 CC 00 D3 00 01 (调用厨房感应灯开的按键)
2025-09-11 14:21:35.970 - 55 0A 32 00 00 00 01 92 55 0A 32 00 00 00 02 93 (厨房顶灯一开, 厨房顶灯二开)
2025-09-11 14:25:38.410 - 19 08 24 03 CC 00 D4 00 01 (调用厨房感应灯关的按键)
2025-09-11 14:25:38.446 - 55 0A 31 00 00 00 01 91 55 0A 31 00 00 00 02 92 (厨房顶灯一关, 厨房顶灯二关)
2025-09-11 14:41:07.239 - 19 08 24 03 CC 00 D3 00 01 (调用厨房感应灯开的按键)
2025-09-11 14:41:07.273 - 55 0A 32 00 00 00 01 92 55 0A 32 00 00 00 02 93 (厨房顶灯一开, 厨房顶灯二开)
2025-09-11 14:42:55.452 - 19 08 24 03 CC 00 D4 00 01 (调用厨房感应灯关的按键)
2025-09-11 14:42:55.504 - 55 0A 31 00 00 00 01 91 55 0A 31 00 00 00 02 92 (厨房顶灯一关, 厨房顶灯二关)
2025-09-11 14:45:52.580 - 1A BE B0 DC 0A FF (继电器地址-客厅纱帘)
2025-09-11 14:51:38.543 - FF FF FF FF 0E FC (继电器地址-西阳小窗帘)
2025-09-11 14:51:38.679 - FC
2025-09-11 14:56:07.508 - 19 08 24 03 CC 00 D3 00 01 (调用厨房感应灯开的按键)
2025-09-11 14:56:07.562 - 55 0A 32 00 00 00 01 92 55 0A 32 00 00 00 02 93 (厨房顶灯一开, 厨房顶灯二开)
2025-09-11 15:00:31.527 - 19 08 24 03 CC 00 D4 00 01 (调用厨房感应灯关的按键)
2025-09-11 15:00:31.583 - 55 0A 31 00 00 00 01 91 55 0A 31 00 00 00 02 92 (厨房顶灯一关, 厨房顶灯二关)
2025-09-11 15:03:22.865 - 19 08 24 03 CC 00 D3 00 01 (调用厨房感应灯开的按键)
2025-09-11 15:03:22.900 - 55 0A 32 00 00 00 01 92 55 0A 32 00 00 00 02 93 (厨房顶灯一开, 厨房顶灯二开)
2025-09-11 15:06:39.251 - 19 08 24 03 CC 00 D4 00 01 (调用厨房感应灯关的按键)
2025-09-11 15:06:39.287 - 55 0A 31 00 00 00 01 91 55 0A 31 00 00 00 02 92 (厨房顶灯一关, 厨房顶灯二关)
2025-09-11 15:08:09.430 - 19 08 24 03 CC 00 D3 00 01 (调用厨房感应灯开的按键)
2025-09-11 15:08:09.465 - 55 0A 32 00 00 00 01 92 55 0A 32 00 00 00 02 93 (厨房顶灯一开, 厨房顶灯二开)
2025-09-11 15:11:50.865 - 19 08 24 03 CC 00 D4 00 01 (调用厨房感应灯关的按键)
2025-09-11 15:11:50.900 - 55 0A 31 00 00 00 01 91 55 0A 31 00 00 00 02 92 (厨房顶灯一关, 厨房顶灯二关)
2025-09-11 15:12:02.388 - 19 08 24 03 CC 00 D3 00 01 (调用厨房感应灯开的按键)
2025-09-11 15:12:02.423 - 55 0A 32 00 00 00 01 92 55 0A 32 00 00 00 02 93 (厨房顶灯一开, 厨房顶灯二开)
2025-09-11 15:13:09.020 - 19 08 24 03 CC 00 D4 00 01 (调用厨房感应灯关的按键)
2025-09-11 15:13:09.054 - 55 0A 31 00 00 00 01 91 55 0A 31 00 00 00 02 92 (厨房顶灯一关, 厨房顶灯二关)
2025-09-11 15:18:11.614 - 19 08 24 03 CC 00 D3 00 01 (调用厨房感应灯开的按键)
2025-09-11 15:18:11.650 - 55 0A 32 00 00 00 01 92 55 0A 32 00 00 00 02 93 (厨房顶灯一开, 厨房顶灯二开)
2025-09-11 15:21:30.005 - 19 08 24 03 CC 00 D4 00 01 (调用厨房感应灯关的按键)
2025-09-11 15:21:30.038 - 55 0A 31 00 00 00 01 91 55 0A 31 00 00 00 02 92 (厨房顶灯一关, 厨房顶灯二关)
2025-09-11 15:26:17.069 - 19 08 24 03 CC 00 D3 00 01 (调用厨房感应灯开的按键)
2025-09-11 15:26:17.103 - 55 0A 32 00 00 00 01 92 55 0A 32 00 00 00 02 93 (厨房顶灯一开, 厨房顶灯二开)
2025-09-11 15:29:42.472 - 19 08 24 03 CC 00 D4 00 01 (调用厨房感应灯关的按键)
2025-09-11 15:29:42.509 - 55 0A 31 00 00 00 01 91 55 0A 31 00 00 00 02 92 (厨房顶灯一关, 厨房顶灯二关)
2025-09-11 15:37:02.841 - 19 08 24 03 CC 00 D3 00 01 (调用厨房感应灯开的按键)
2025-09-11 15:37:02.874 - 55 0A 32 00 00 00 01 92 55 0A 32 00 00 00 02 93 (厨房顶灯一开, 厨房顶灯二开)
2025-09-11 15:38:54.559 - 19 08 24 03 CC 00 D4 00 01 (调用厨房感应灯关的按键)
2025-09-11 15:38:54.593 - 55 0A 31 00 00 00 01 91 55 0A 31 00 00 00 02 92 (厨房顶灯一关, 厨房顶灯二关)
2025-09-11 15:39:02.074 - 19 08 24 03 CC 00 D3 00 01 (调用厨房感应灯开的按键)
2025-09-11 15:39:02.109 - 55 0A 32 00 00 00 01 92 55 0A 32 00 00 00 02 93 (厨房顶灯一开, 厨房顶灯二开)
2025-09-11 15:42:24.473 - 19 08 24 03 CC 00 D4 00 01 (调用厨房感应灯关的按键)
2025-09-11 15:42:24.507 - 55 0A 31 00 00 00 01 91 55 0A 31 00 00 00 02 92 (厨房顶灯一关, 厨房顶灯二关)
2025-09-11 15:44:38.737 - 19 08 24 03 CC 00 D3 00 01 (调用厨房感应灯开的按键)
2025-09-11 15:44:38.772 - 55 0A 32 00 00 00 01 92 55 0A 32 00 00 00 02 93 (厨房顶灯一开, 厨房顶灯二开)
2025-09-11 15:46:18.936 - 19 08 24 03 CC 00 D4 00 01 (调用厨房感应灯关的按键)
2025-09-11 15:46:18.969 - 55 0A 31 00 00 00 01 91 55 0A 31 00 00 00 02 92 (厨房顶灯一关, 厨房顶灯二关)
2025-09-11 15:47:04.524 - 19 08 24 03 CC 00 D3 00 01 (调用厨房感应灯开的按键)
2025-09-11 15:47:04.560 - 55 0A 32 00 00 00 01 92 55 0A 32 00 00 00 02 93 (厨房顶灯一开, 厨房顶灯二开)
2025-09-11 15:48:09.151 - 19 08 24 03 CC 00 D4 00 01 (调用厨房感应灯关的按键)
2025-09-11 15:48:09.185 - 55 0A 31 00 00 00 01 91 55 0A 31 00 00 00 02 92 (厨房顶灯一关, 厨房顶灯二关)
2025-09-11 15:50:21.911 - 19 08 24 03 CC 00 D3 00 01 (调用厨房感应灯开的按键)
2025-09-11 15:50:21.947 - 55 0A 32 00 00 00 01 92 55 0A 32 00 00 00 02 93 (厨房顶灯一开, 厨房顶灯二开)
2025-09-11 15:52:39.683 - 19 08 24 03 CC 00 D4 00 01 (调用厨房感应灯关的按键)
2025-09-11 15:52:39.720 - 55 0A 31 00 00 00 01 91 55 0A 31 00 00 00 02 92 (厨房顶灯一关, 厨房顶灯二关)
2025-09-11 15:59:10.451 - 19 08 24 03 CC 00 D3 00 01 (调用厨房感应灯开的按键)
2025-09-11 15:59:10.489 - 55 0A 32 00 00 00 01 92 55 0A 32 00 00 00 02 93 (厨房顶灯一开, 厨房顶灯二开)
2025-09-11 16:00:17.083 - 19 08 24 03 CC 00 D4 00 01 (调用厨房感应灯关的按键)
2025-09-11 16:00:17.117 - 55 0A 31 00 00 00 01 91 55 0A 31 00 00 00 02 92 (厨房顶灯一关, 厨房顶灯二关)
2025-09-11 16:01:01.169 - 19 08 24 03 CC 00 D3 00 01 (调用厨房感应灯开的按键)
2025-09-11 16:01:01.204 - 55 0A 32 00 00 00 01 92 55 0A 32 00 00 00 02 93 (厨房顶灯一开, 厨房顶灯二开)
2025-09-11 16:02:12.906 - FF FF FF FF 0A (继电器地址-东阳窗帘)
2025-09-11 16:02:13.042 - FF
2025-09-11 16:02:13.814 - 19 08 24 03 CC 00 D4 00 01 (调用厨房感应灯关的按键)
2025-09-11 16:02:13.885 - 55 0A 31 00 00 00 01 91 55 0A 31 00 00 00 02 92 (厨房顶灯一关, 厨房顶灯二关)
2025-09-11 16:02:57.898 - 19 08 24 03 CC 00 D3 00 01 (调用厨房感应灯开的按键)
2025-09-11 16:02:57.953 - 55 0A 32 00 00 00 01 92 55 0A 32 00 00 00 02 93 (厨房顶灯一开, 厨房顶灯二开)
2025-09-11 16:04:31.581 - 19 08 24 03 CC 00 D4 00 01 (调用厨房感应灯关的按键)
2025-09-11 16:04:31.619 - 55 0A 31 00 00 00 01 91 55 0A 31 00 00 00 02 92 (厨房顶灯一关, 厨房顶灯二关)
2025-09-11 16:09:29.169 - 19 08 24 03 CC 00 D3 00 01 (调用厨房感应灯开的按键)
2025-09-11 16:09:29.204 - 55 0A 32 00 00 00 01 92 55 0A 32 00 00 00 02 93 (厨房顶灯一开, 厨房顶灯二开)
2025-09-11 16:10:40.810 - 19 08 24 03 CC 00 D4 00 01 (调用厨房感应灯关的按键)
2025-09-11 16:10:40.844 - 55 0A 31 00 00 00 01 91 55 0A 31 00 00 00 02 92 (厨房顶灯一关, 厨房顶灯二关)
2025-09-11 16:15:09.337 - 19 08 24 03 CC 00 D3 00 01 (调用厨房感应灯开的按键)
2025-09-11 16:15:09.372 - 55 0A 32 00 00 00 01 92 55 0A 32 00 00 00 02 93 (厨房顶灯一开, 厨房顶灯二开)
2025-09-11 16:16:42.020 - 19 08 24 03 CC 00 D4 00 01 (调用厨房感应灯关的按键)
2025-09-11 16:16:42.056 - 55 0A 31 00 00 00 01 91 55 0A 31 00 00 00 02 92 (厨房顶灯一关, 厨房顶灯二关)
2025-09-11 16:17:13.080 - 19 08 24 03 CC 00 D3 00 01 (调用厨房感应灯开的按键)
2025-09-11 16:17:13.117 - 55 0A 32 00 00 00 01 92 55 0A 32 00 00 00 02 93 (厨房顶灯一开, 厨房顶灯二开)
2025-09-11 16:19:09.809 - 19 08 24 03 CC 00 D4 00 01 (调用厨房感应灯关的按键)
2025-09-11 16:19:09.845 - 55 0A 31 00 00 00 01 91 55 0A 31 00 00 00 02 92 (厨房顶灯一关, 厨房顶灯二关)
2025-09-11 16:19:22.335 - 19 08 24 03 CC 00 D3 00 01 (调用厨房感应灯开的按键)
2025-09-11 16:19:22.371 - 55 0A 32 00 00 00 01 92 55 0A 32 00 00 00 02 93 (厨房顶灯一开, 厨房顶灯二开)
2025-09-11 16:20:49.507 - 19 08 24 03 CC 00 D4 00 01 (调用厨房感应灯关的按键)
2025-09-11 16:20:49.543 - 55 0A 31 00 00 00 01 91 55 0A 31 00 00 00 02 92 (厨房顶灯一关, 厨房顶灯二关)
2025-09-11 16:21:25.076 - 19 08 24 03 CC 00 D3 00 01 (调用厨房感应灯开的按键)
2025-09-11 16:21:25.112 - 55 0A 32 00 00 00 01 92 55 0A 32 00 00 00 02 93 (厨房顶灯一开, 厨房顶灯二开)
2025-09-11 16:22:15.176 - 19 08 24 03 CC 00 D4 00 01 (调用厨房感应灯关的按键)
2025-09-11 16:22:15.211 - 55 0A 31 00 00 00 01 91 55 0A 31 00 00 00 02 92 (厨房顶灯一关, 厨房顶灯二关)
2025-09-11 16:22:27.201 - 19 08 24 03 CC 00 D3 00 01 (调用厨房感应灯开的按键)
2025-09-11 16:22:27.235 - 55 0A 32 00 00 00 01 92 55 0A 32 00 00 00 02 93 (厨房顶灯一开, 厨房顶灯二开)
2025-09-11 16:25:36.071 - 19 08 24 03 CC 00 D4 00 01 (调用厨房感应灯关的按键)
2025-09-11 16:25:36.105 - 55 0A 31 00 00 00 01 91 55 0A 31 00 00 00 02 92 (厨房顶灯一关, 厨房顶灯二关)
2025-09-11 16:26:29.677 - 19 08 24 03 CC 00 D3 00 01 (调用厨房感应灯开的按键)
2025-09-11 16:26:29.710 - 55 0A 32 00 00 00 01 92 55 0A 32 00 00 00 02 93 (厨房顶灯一开, 厨房顶灯二开)
2025-09-11 16:27:12.760 - 19 08 24 03 CC 00 D4 00 01 (调用厨房感应灯关的按键)
2025-09-11 16:27:12.796 - 55 0A 31 00 00 00 01 91 55 0A 31 00 00 00 02 92 (厨房顶灯一关, 厨房顶灯二关)
2025-09-11 16:28:23.900 - 19 08 24 03 CC 00 D3 00 01 (调用厨房感应灯开的按键)
2025-09-11 16:28:23.936 - 55 0A 32 00 00 00 01 92 55 0A 32 00 00 00 02 93 (厨房顶灯一开, 厨房顶灯二开)
2025-09-11 16:35:36.753 - 19 08 24 03 CC 00 D4 00 01 (调用厨房感应灯关的按键)
2025-09-11 16:35:36.788 - 55 0A 31 00 00 00 01 91 55 0A 31 00 00 00 02 92 (厨房顶灯一关, 厨房顶灯二关)
2025-09-11 16:36:42.883 - 19 08 24 03 CC 00 D3 00 01 (调用厨房感应灯开的按键)
2025-09-11 16:36:42.918 - 55 0A 32 00 00 00 01 92 55 0A 32 00 00 00 02 93 (厨房顶灯一开, 厨房顶灯二开)
2025-09-11 16:40:30.887 - 1A BE B0 DC 03 (继电器地址-西阳天幕)
2025-09-11 16:40:31.019 - FF
2025-09-11 16:40:48.365 - 19 08 24 03 CC 00 D4 00 01 (调用厨房感应灯关的按键)
2025-09-11 16:40:48.422 - 55 0A 31 00 00 00 01 91 55 0A 31 00 00 00 02 92 (厨房顶灯一关, 厨房顶灯二关)
2025-09-11 16:41:02.894 - 19 08 24 03 CC 00 D3 00 01 (调用厨房感应灯开的按键)
2025-09-11 16:41:02.948 - 55 0A 32 00 00 00 01 92 55 0A 32 00 00 00 02 93 (厨房顶灯一开, 厨房顶灯二开)
2025-09-11 16:44:31.439 - 1A BE B0 DC 04 FC (继电器地址-西阳窗帘)
2025-09-11 16:46:54.083 - 19 08 24 03 CC 00 D4 00 01 (调用厨房感应灯关的按键)
2025-09-11 16:46:54.137 - 55 0A 31 00 00 00 01 91 55 0A 31 00 00 00 02 92 (厨房顶灯一关, 厨房顶灯二关)
2025-09-11 16:46:57.591 - 19 08 24 03 CC 00 D3 00 01 (调用厨房感应灯开的按键)
2025-09-11 16:46:57.645 - 55 0A 32 00 00 00 01 92 55 0A 32 00 00 00 02 93 (厨房顶灯一开, 厨房顶灯二开)
2025-09-11 16:47:32.662 - 19 08 24 03 CC 00 D4 00 01 (调用厨房感应灯关的按键)
2025-09-11 16:47:32.695 - 55 0A 31 00 00 00 01 91 55 0A 31 00 00 00 02 92 (厨房顶灯一关, 厨房顶灯二关)
2025-09-11 16:48:26.268 - 19 08 24 03 CC 00 D3 00 01 (调用厨房感应灯开的按键)
2025-09-11 16:48:26.302 - 55 0A 32 00 00 00 01 92 55 0A 32 00 00 00 02 93 (厨房顶灯一开, 厨房顶灯二开)
2025-09-11 16:51:33.133 - 19 08 24 03 CC 00 D4 00 01 (调用厨房感应灯关的按键)
2025-09-11 16:51:33.169 - 55 0A 31 00 00 00 01 91 55 0A 31 00 00 00 02 92 (厨房顶灯一关, 厨房顶灯二关)
2025-09-11 16:52:17.722 - 19 08 24 03 CC 00 D3 00 01 (调用厨房感应灯开的按键)
2025-09-11 16:52:17.755 - 55 0A 32 00 00 00 01 92 55 0A 32 00 00 00 02 93 (厨房顶灯一开, 厨房顶灯二开)
2025-09-11 16:53:14.331 - 19 08 24 03 CC 00 D4 00 01 (调用厨房感应灯关的按键)
2025-09-11 16:53:14.368 - 55 0A 31 00 00 00 01 91 55 0A 31 00 00 00 02 92 (厨房顶灯一关, 厨房顶灯二关)
2025-09-11 16:53:30.980 - 1A BE B0 DC 01 FC (继电器地址-回水泵点动)
2025-09-11 16:53:31.115 - FF
2025-09-11 16:54:34.491 - 19 08 24 03 CC 00 D3 00 01 (调用厨房感应灯开的按键)
2025-09-11 16:54:34.544 - 55 0A 32 00 00 00 01 92 55 0A 32 00 00 00 02 93 (厨房顶灯一开, 厨房顶灯二开)
2025-09-11 16:57:04.787 - 19 08 24 03 CC 00 D4 00 01 (调用厨房感应灯关的按键)
2025-09-11 16:57:04.840 - 55 0A 31 00 00 00 01 91 55 0A 31 00 00 00 02 92 (厨房顶灯一关, 厨房顶灯二关)
2025-09-11 16:57:13.805 - 19 08 24 03 CC 00 D3 00 01 (调用厨房感应灯开的按键)
2025-09-11 16:57:13.838 - 55 0A 32 00 00 00 01 92 55 0A 32 00 00 00 02 93 (厨房顶灯一开, 厨房顶灯二开)
2025-09-11 16:58:25.445 - 19 08 24 03 CC 00 D4 00 01 (调用厨房感应灯关的按键)
2025-09-11 16:58:25.478 - 55 0A 31 00 00 00 01 91 55 0A 31 00 00 00 02 92 (厨房顶灯一关, 厨房顶灯二关)
2025-09-11 16:58:36.467 - 19 08 24 03 CC 00 D3 00 01 (调用厨房感应灯开的按键)
2025-09-11 16:58:36.501 - 55 0A 32 00 00 00 01 92 55 0A 32 00 00 00 02 93 (厨房顶灯一开, 厨房顶灯二开)
2025-09-11 17:00:31.692 - 19 08 24 03 CC 00 D4 00 01 (调用厨房感应灯关的按键)
2025-09-11 17:00:31.728 - 55 0A 31 00 00 00 01 91 55 0A 31 00 00 00 02 92 (厨房顶灯一关, 厨房顶灯二关)
2025-09-11 17:00:32.195 - 19 08 24 03 CC 00 D3 00 01 (调用厨房感应灯开的按键)
2025-09-11 17:00:32.228 - 55 0A 32 00 00 00 01 92 55 0A 32 00 00 00 02 93 (厨房顶灯一开, 厨房顶灯二开)
2025-09-11 17:01:34.816 - 19 08 24 03 CC 00 D4 00 01 (调用厨房感应灯关的按键)
2025-09-11 17:01:34.851 - 55 0A 31 00 00 00 01 91 55 0A 31 00 00 00 02 92 (厨房顶灯一关, 厨房顶灯二关)
2025-09-11 17:03:54.091 - 19 08 24 03 CC 00 D3 00 01 (调用厨房感应灯开的按键)
2025-09-11 17:03:54.127 - 55 0A 32 00 00 00 01 92 55 0A 32 00 00 00 02 93 (厨房顶灯一开, 厨房顶灯二开)
2025-09-11 17:04:54.208 - 19 08 24 03 CC 00 D4 00 01 (调用厨房感应灯关的按键)
2025-09-11 17:04:54.256 - 55 0A 31 00 00 00 01 91 55 0A 31 00 00 00 02 92 (厨房顶灯一关, 厨房顶灯二关)
2025-09-11 17:05:47.815 - 19 08 24 03 CC 00 D3 00 01 (调用厨房感应灯开的按键)
2025-09-11 17:05:47.849 - 55 0A 32 00 00 00 01 92 55 0A 32 00 00 00 02 93 (厨房顶灯一开, 厨房顶灯二开)
2025-09-11 17:09:47.788 - 19 08 24 03 CC 00 D4 00 01 (调用厨房感应灯关的按键)
2025-09-11 17:09:47.822 - 55 0A 31 00 00 00 01 91 55 0A 31 00 00 00 02 92 (厨房顶灯一关, 厨房顶灯二关)
2025-09-11 17:14:41.383 - 01 04 07 D0 00 06 70 85
2025-09-11 17:14:41.414 - 01 04 0C 70 01 42 02 00 FA 00 00 01 04 00 00 70 78
2025-09-11 17:14:41.529 - 01 04 07 D6 00 06 90 84
2025-09-11 17:14:41.556 - 01 04 0C 70 00 42 02 00 FA 00 00 01 18 00 00 B5 42
2025-09-11 17:14:41.669 - 01 04 07 DC 00 06 B0 86
2025-09-11 17:14:41.707 - 01 04 0C 50 00 42 02 01 04 00 00 01 22 00 00 CA F3
2025-09-11 17:14:41.828 - 01 04 07 E2 00 06 D1 4A
2025-09-11 17:14:41.859 - 01 04 0C 70 00 42 02 00 FA 00 00 01 04 00 00 74 84
2025-09-11 17:14:41.985 - 01 04 07 E8 00 06 F1 48
2025-09-11 17:14:42.021 - 01 04 0C 70 00 42 02 00 FA 00 00 01 18 00 00 B5 42
2025-09-11 17:15:35.972 - 19 08 24 03 CC 00 D3 00 01 (调用厨房感应灯开的按键)
2025-09-11 17:15:36.027 - 55 0A 32 00 00 00 01 92 55 0A 32 00 00 00 02 93 (厨房顶灯一开, 厨房顶灯二开)
2025-09-11 17:17:38.213 - 19 08 24 03 CC 00 D4 00 01 (调用厨房感应灯关的按键)
2025-09-11 17:17:38.246 - 55 0A 31 00 00 00 01 91 55 0A 31 00 00 00 02 92 (厨房顶灯一关, 厨房顶灯二关)
2025-09-11 17:17:55.248 - 19 08 24 03 CC 00 D3 00 01 (调用厨房感应灯开的按键)
2025-09-11 17:17:55.307 - 55 0A 32 00 00 00 01 92 55 0A 32 00 00 00 02 93 (厨房顶灯一开, 厨房顶灯二开)
2025-09-11 17:18:37.328 - 19 08 24 03 CC 00 D4 00 01 (调用厨房感应灯关的按键)
2025-09-11 17:18:37.364 - 55 0A 31 00 00 00 01 91 55 0A 31 00 00 00 02 92 (厨房顶灯一关, 厨房顶灯二关)
2025-09-11 17:18:42.338 - 19 08 24 03 CC 00 D3 00 01 (调用厨房感应灯开的按键)
2025-09-11 17:18:42.374 - 55 0A 32 00 00 00 01 92 55 0A 32 00 00 00 02 93 (厨房顶灯一开, 厨房顶灯二开)
2025-09-11 17:19:38.950 - 19 08 24 03 CC 00 D4 00 01 (调用厨房感应灯关的按键)
2025-09-11 17:19:38.985 - 55 0A 31 00 00 00 01 91 55 0A 31 00 00 00 02 92 (厨房顶灯一关, 厨房顶灯二关)
2025-09-11 17:20:02.997 - 19 08 24 03 CC 00 D3 00 01 (调用厨房感应灯开的按键)
2025-09-11 17:20:03.033 - 55 0A 32 00 00 00 01 92 55 0A 32 00 00 00 02 93 (厨房顶灯一开, 厨房顶灯二开)
2025-09-11 17:20:48.086 - 19 08 24 03 CC 00 D4 00 01 (调用厨房感应灯关的按键)
2025-09-11 17:20:48.120 - 55 0A 31 00 00 00 01 91 55 0A 31 00 00 00 02 92 (厨房顶灯一关, 厨房顶灯二关)
2025-09-11 17:21:18.144 - 19 08 24 03 CC 00 D3 00 01 (调用厨房感应灯开的按键)
2025-09-11 17:21:18.180 - 55 0A 32 00 00 00 01 92 55 0A 32 00 00 00 02 93 (厨房顶灯一开, 厨房顶灯二开)
2025-09-11 17:22:45.818 - 19 08 24 03 CC 00 D4 00 01 (调用厨房感应灯关的按键)
2025-09-11 17:22:45.852 - 55 0A 31 00 00 00 01 91 55 0A 31 00 00 00 02 92 (厨房顶灯一关, 厨房顶灯二关)
2025-09-11 17:22:46.615 - 19 08 24 03 DD 00 29 00 01 (调用情景-次卧照明关帘)
2025-09-11 17:22:47.137 - EE 00 00 B1 00 00 00 FF FC FF FF (情景执行提示)
2025-09-11 17:22:47.732 - 09 06 00 0F 02 01 78 21 (提示音叮)
2025-09-11 17:22:48.286 - 1A 0E 03 05 01 FF F0 01 FF F0 01 FF 00 00 0F (调光器地址-次卧射灯, 次卧射灯明亮)
2025-09-11 17:22:48.885 - 1A 0E 03 05 02 FF F0 01 FF F0 01 FF 00 00 0F (调光器地址-次卧灯带, 次卧灯带明亮)
2025-09-11 17:22:49.474 - A5 00 21 FF 00 AA (次卧纱帘关)
2025-09-11 17:22:49.527 - 55 00 21 01 00 0D 01 34 AA 55 00 21 01 00 0D 01 34 AA (次卧纱帘电机状态返回)
2025-09-11 17:22:50.570 - A5 00 76 FF 00 AA (次卧窗帘关)
2025-09-11 17:22:50.624 - 55 00 76 01 00 0E 01 1B AA 55 00 76 01 00 0E 01 1B AA (次卧窗帘电机状态返回)
2025-09-11 17:22:51.675 - 1A 0E 03 05 04 FF F0 01 FF F0 01 FF 00 00 0F (调光器地址-次卧北筒灯, 次卧北筒灯明亮)
2025-09-11 17:22:52.273 - 1A 0E 03 05 05 FF F0 01 FF F0 01 FF 00 00 0F (调光器地址-次卧南筒灯, 次卧南筒灯明亮)
2025-09-11 17:22:52.865 - 09 06 00 0F 02 02 38 20 (提示音咚)
2025-09-11 17:22:53.465 - EE 00 00 B1 00 00 02 FF FC FF FF (情景完成返回主页)
2025-09-11 17:22:56.698 - 55 00 21 00 01 27 01 34 AA 55 00 21 00 01 27 01 34 AA (次卧纱帘电机状态返回)
2025-09-11 17:22:58.497 - 55 00 76 00 01 0E 01 1B AA 55 00 76 00 01 0E 01 1B AA (次卧窗帘电机状态返回)
2025-09-11 17:22:59.846 - 19 08 24 03 CC 00 D3 00 01 (调用厨房感应灯开的按键)
2025-09-11 17:22:59.899 - 55 0A 32 00 00 00 01 92 55 0A 32 00 00 00 02 93 (厨房顶灯一开, 厨房顶灯二开)
2025-09-11 17:24:32.526 - 19 08 24 03 CC 00 D4 00 01 (调用厨房感应灯关的按键)
2025-09-11 17:24:32.563 - 55 0A 31 00 00 00 01 91 55 0A 31 00 00 00 02 92 (厨房顶灯一关, 厨房顶灯二关)
2025-09-11 17:24:45.052 - 19 08 24 03 CC 00 D3 00 01 (调用厨房感应灯开的按键)
2025-09-11 17:24:45.088 - 55 0A 32 00 00 00 01 92 55 0A 32 00 00 00 02 93 (厨房顶灯一开, 厨房顶灯二开)
2025-09-11 17:25:01.770 - 19 08 24 03 DD 00 00 00 01 (调用情景-离家（末）)
2025-09-11 17:25:02.317 - EE 00 00 B1 00 00 00 FF FC FF FF (情景执行提示)
2025-09-11 17:25:02.914 - 09 06 00 0F 02 02 38 20 (提示音咚)
2025-09-11 17:25:03.456 - 50 F7 01 (全屋影音全关)
2025-09-11 17:25:04.009 - 01 06 07 D0 FF 60 C8 9F (客厅空调关)
2025-09-11 17:25:04.045 - 01 06 07 D0 FF 60 C8 9F (客厅空调关)
2025-09-11 17:25:04.608 - 01 06 07 D0 FF 60 C8 9F (客厅空调关)
2025-09-11 17:25:04.642 - 01 06 07 D0 FF 60 C8 9F (客厅空调关)
2025-09-11 17:25:05.206 - 01 06 07 D3 FF 60 38 9F (餐厅空调关)
2025-09-11 17:25:05.236 - 01 06 07 D3 FF 60 38 9F (餐厅空调关)
2025-09-11 17:25:05.803 - 01 06 07 D3 FF 60 38 9F (餐厅空调关)
2025-09-11 17:25:05.832 - 01 06 07 D3 FF 60 38 9F (餐厅空调关)
2025-09-11 17:25:06.430 - 01 06 07 D6 FF 60 28 9E (主卧空调关)
2025-09-11 17:25:06.459 - 01 06 07 D6 FF 60 28 9E (主卧空调关)
2025-09-11 17:25:07.000 - 01 06 07 D6 FF 60 28 9E (主卧空调关)
2025-09-11 17:25:07.033 - 01 06 07 D6 FF 60 28 9E (主卧空调关)
2025-09-11 17:25:07.596 - 01 06 07 D9 FF 60 18 9D (次卧空调关)
2025-09-11 17:25:07.630 - 01 06 07 D9 FF 60 18 9D (次卧空调关)
2025-09-11 17:25:08.195 - 01 06 07 D9 FF 60 18 9D (次卧空调关)
2025-09-11 17:25:08.226 - 01 06 07 D9 FF 60 18 9D (次卧空调关)
2025-09-11 17:25:08.792 - 01 06 07 DC FF 60 08 9C (书房空调关)
2025-09-11 17:25:08.821 - 01 06 07 DC FF 60 08 9C (书房空调关)
2025-09-11 17:25:09.391 - 01 06 07 DC FF 60 08 9C (书房空调关)
2025-09-11 17:25:09.418 - 01 06 07 DC FF 60 08 9C (书房空调关)
2025-09-11 17:25:10.040 - 09 06 00 0F 02 02 38 20 (提示音咚)
2025-09-11 17:25:10.617 - 1A FF FF FF 56 00 00 00 0F (人体感应地址-内卫, 关闭内卫感应)
2025-09-11 17:25:10.727 - BF BF
2025-09-11 17:25:11.186 - 1A FF FF FF 55 00 00 00 0F (人体感应地址-外卫, 关闭外卫感应)
2025-09-11 17:25:11.295 - BC BC
2025-09-11 17:25:11.736 - 1A FF FF FF 57 00 00 00 0F (人体感应地址-厨房, 关闭厨房感应)
2025-09-11 17:25:11.842 - BF BF
2025-09-11 17:25:12.284 - 1A FF FF FF 58 00 00 00 0F (人体感应地址-茶吧, 关闭茶吧感应)
2025-09-11 17:25:12.333 - BC BC
2025-09-11 17:25:12.881 - 1A 20 07 00 93 00 01 00 0F (自保持开关地址-设备区顶, 设备区顶灯关)
2025-09-11 17:25:13.927 - 1A 20 07 01 40 00 01 00 0F (自保持开关地址-内卫顶灯, 内卫顶灯关)
2025-09-11 17:25:14.974 - 1A 20 07 01 55 00 01 00 0F (自保持开关地址-主卧顶灯, 主卧顶灯只关)
2025-09-11 17:25:16.023 - 1A 20 07 00 42 00 01 00 0F (自保持开关地址-外卫顶灯, 外卫顶灯关)
2025-09-11 17:25:17.064 - 55 0D 31 00 00 00 01 94 (书房顶灯只关)
2025-09-11 17:25:18.112 - 55 0A 31 00 00 00 01 91 (厨房顶灯一关)
2025-09-11 17:25:19.159 - 55 0A 31 00 00 00 02 92 (厨房顶灯二关)
2025-09-11 17:25:20.206 - 55 0B 31 00 00 00 01 92 (厨房风扇只关)
2025-09-11 17:25:21.249 - 55 0C 31 00 00 00 01 93 (餐厅顶灯关)
2025-09-11 17:25:22.298 - 1A 20 07 01 30 00 01 00 0F (自保持开关地址-西阳顶灯, 西阳顶灯关)
2025-09-11 17:25:23.345 - 1A 18 05 21 89 00 01 00 0F (自保持开关地址-客厅顶灯, 客厅顶灯一关)
2025-09-11 17:25:24.392 - 1A 18 05 01 94 00 01 00 0F (自保持开关地址-客厅顶灯, 客厅顶灯二关)
2025-09-11 17:25:25.440 - 1A 20 07 00 70 00 01 00 0F (自保持开关地址-次卧顶灯, 次卧顶灯只关)
2025-09-11 17:25:26.484 - 1A 18 05 10 31 00 01 00 0F (自保持开关地址-门厅顶灯, 门厅顶灯关)
2025-09-11 17:25:27.529 - 1A FF FF FF 04 00 03 02 (继电器地址-东阳衣架, 东阳衣架照明关)
2025-09-11 17:25:28.077 - 09 06 00 0F 02 02 38 20 (提示音咚)
2025-09-11 17:25:28.626 - A5 00 A6 FE 01 AA (餐厅窗帘开)
2025-09-11 17:25:28.679 - 55 00 A6 02 01 66 01 74 AA 55 00 A6 02 01 66 01 74 AA (餐厅窗帘电机状态返回)
2025-09-11 17:25:29.224 - FF FF FF FF 0A 00 01 00 (继电器地址-东阳窗帘, 东阳窗帘开)
2025-09-11 17:25:29.773 - 1A BE B0 DC 04 00 01 00 (继电器地址-西阳窗帘, 西阳窗帘开)
2025-09-11 17:25:30.319 - FF FF FF FF 0E 00 01 00 (继电器地址-西阳小窗帘, 西阳小窗帘开)
2025-09-11 17:25:30.869 - 1A 22 33 62 0F 00 00 01 0F (正反转地址-内卫卷帘, 内卫卷帘升)
2025-09-11 17:25:31.415 - 55 12 12 03 01 4C 41 (主卧窗帘开)
2025-09-11 17:25:31.461 - 55 12 12 03 01 4C 41 (主卧窗帘开)
2025-09-11 17:25:32.012 - 55 11 1D 03 02 3C 07 (主卧纱帘开)
2025-09-11 17:25:32.056 - 55 11 1D 03 02 3C 07 (主卧纱帘开)
2025-09-11 17:25:32.610 - A5 00 76 FE 01 AA (次卧窗帘开)
2025-09-11 17:25:32.661 - 55 00 76 02 01 0E 01 1B AA 55 00 76 02 01 0E 01 1B AA (次卧窗帘电机状态返回)
2025-09-11 17:25:33.209 - A5 00 21 FE 01 AA (次卧纱帘开)
2025-09-11 17:25:33.259 - 55 00 21 02 01 27 01 34 AA 55 00 21 02 01 27 01 34 AA (次卧纱帘电机状态返回)
2025-09-11 17:25:33.807 - A5 00 D2 FE 01 AA 22 0D (书房窗帘开)
2025-09-11 17:25:33.862 - 55 00 D2 02 00 FE 01 0B AA 55 00 D2 02 00 FE 01 0B AA (书房窗帘电机状态返回)
2025-09-11 17:25:34.406 - 1A BE B0 DC 09 00 01 00 (继电器地址-客厅窗帘, 客厅窗帘开)
2025-09-11 17:25:34.955 - 1A BE B0 DC 0A 00 02 00 (继电器地址-客厅纱帘, 客厅纱帘开)
2025-09-11 17:25:35.503 - 09 06 00 0F 02 02 38 20 (提示音咚)
2025-09-11 17:25:36.550 - 1A EC A0 DC 02 00 00 00 0F (自保持开关地址-天花12V供电, 天花12V 供电关)
2025-09-11 17:25:37.097 - 1A EC A0 DC 02 00 00 00 0F (自保持开关地址-天花12V供电, 天花12V 供电关)
2025-09-11 17:25:37.646 - 1A EC A0 DC 01 00 00 00 0F (自保持开关地址-电视、设备12V供电, 12V 电视供电关)
2025-09-11 17:25:37.745 - 55 00 A6 00 00 0E 01 74 AA 55 00 A6 00 00 0E 01 74 AA (餐厅窗帘电机状态返回)
2025-09-11 17:25:38.195 - 1A EC A0 DC 01 00 00 00 0F (自保持开关地址-电视、设备12V供电, 12V 电视供电关)
2025-09-11 17:25:38.742 - 1A EC A0 DC 04 00 01 00 0F (自保持开关地址-次卧西阳内外卫供电, 内卫外卫关)
2025-09-11 17:25:39.290 - 1A EC A0 DC 04 00 01 00 0F (自保持开关地址-次卧西阳内外卫供电, 内卫外卫关)
2025-09-11 17:25:39.305 - 0E 01 1B AA 55 00 76 00 00 0E 01 1B AA (次卧窗帘电机状态返回)
2025-09-11 17:25:40.086 - 55 00 21 00 00 0D 01 34 AA 55 00 21 00 00 0D 01 34 AA (次卧纱帘电机状态返回)
2025-09-11 17:25:40.884 - 1A BB BB BB 01 02 00 (开水器电源关)
2025-09-11 17:25:41.448 - 55 00 D2 00 00 0E 01 0B AA 55 00 D2 00 00 0E 01 0B AA (书房窗帘电机状态返回)
2025-09-11 17:25:53.982 - 09 06 00 0F 02 02 38 20 (提示音咚)
2025-09-11 17:25:54.581 - 1A 27 89 12 AA 00 00 00 0F (状态寄存器地址, 无人状态)
2025-09-11 17:25:55.130 - 1A 27 89 12 AA 00 00 00 0F (状态寄存器地址, 无人状态)
2025-09-11 17:25:55.673 - A1 11 11 11 4D (天花供电关闭确认)
2025-09-11 17:25:55.900 - 1A EC A0 DC 02 86 86 86 0F (查询天花供电状态, 自保持开关地址-天花12V供电)
2025-09-11 17:25:56.333 - 1A EC A0 DC 02 00 01 0F (自保持开关地址-天花12V供电)
2025-09-11 17:25:58.712 - A1 11 11 11 4E (卫生供电关闭确认)
2025-09-11 17:25:58.939 - 1A EC A0 DC 04 86 86 86 0F (查询卫生间供电状态, 自保持开关地址-次卧西阳内外卫供电)
2025-09-11 17:25:59.368 - 1A EC A0 DC 04 01 00 0F (自保持开关地址-次卧西阳内外卫供电)
2025-09-11 17:26:01.751 - A1 11 11 11 4F (电视供电关闭确认)
2025-09-11 17:26:01.974 - 1A EC A0 DC 01 86 86 86 0F (查询电视供电状态, 自保持开关地址-电视、设备12V供电)
2025-09-11 17:26:02.411 - 1A EC A0 DC 01 00 01 0F (自保持开关地址-电视、设备12V供电)
2025-09-11 17:26:04.795 - 09 06 00 0F 02 02 38 20 (提示音咚)
2025-09-11 17:26:05.344 - 09 06 00 0F 02 02 38 20 (提示音咚)
2025-09-11 17:26:05.895 - EE 00 00 B1 00 00 02 FF FC FF FF (情景完成返回主页)
2025-09-11 17:26:06.985 - BA BA EE EE BA BA (离家设置信科变量)
2025-09-11 17:26:08.031 - A1 11 11 11 46 (天热离家遮阳)
2025-09-11 17:26:08.257 - 1A 27 89 12 AA 86 86 86 0F (查询寄存器状态, 状态寄存器地址)
2025-09-11 17:26:08.641 - 1A 27 89 12 AA 00 00 00 00 00 00 00 00 00 00 00 01 00 00 00 00 0F (状态寄存器地址)
2025-09-11 17:26:09.260 - 19 08 24 03 DD 00 05 00 01 (调用情景-天热遮阳关帘)
2025-09-11 17:26:09.831 - EE 00 00 B1 00 00 00 FF FC FF FF (情景执行提示)
2025-09-11 17:26:10.425 - 09 06 00 0F 02 01 78 21 (提示音叮)
2025-09-11 17:26:10.973 - A5 00 A2 FF 00 AA (餐厅纱帘关)
2025-09-11 17:26:12.018 - A5 00 A6 FF 00 AA (餐厅窗帘关)
2025-09-11 17:26:12.069 - 55 00 A6 01 00 0E 01 74 AA 55 00 A6 01 00 0E 01 74 AA (餐厅窗帘电机状态返回)
2025-09-11 17:26:13.115 - 55 11 1D 03 01 7C 06 (主卧纱帘关)
2025-09-11 17:26:13.158 - 55 11 1D 03 01 7C 06 (主卧纱帘关)
2025-09-11 17:26:14.211 - 55 12 12 03 02 0C 40 (主卧窗帘关)
2025-09-11 17:26:14.254 - 55 12 12 03 02 0C 40 (主卧窗帘关)
2025-09-11 17:26:15.305 - A5 00 21 FF 00 AA (次卧纱帘关)
2025-09-11 17:26:15.360 - 55 00 21 01 00 0D 01 34 AA 55 00 21 01 00 0D 01 34 AA (次卧纱帘电机状态返回)
2025-09-11 17:26:16.402 - A5 00 76 FF 00 AA (次卧窗帘关)
2025-09-11 17:26:16.457 - 55 00 76 01 00 0E 01 1B AA 55 00 76 01 00 0E 01 1B AA (次卧窗帘电机状态返回)
2025-09-11 17:26:17.501 - A5 00 B7 FF 00 AA 22 0D (书房纱帘关)
2025-09-11 17:26:18.549 - A5 00 D2 FF 00 AA 22 0C (书房窗帘关)
2025-09-11 17:26:18.603 - 55 00 D2 01 00 0E 01 0B AA 55 00 D2 01 00 0E 01 0B AA (书房窗帘电机状态返回)
2025-09-11 17:26:20.144 - 1A 22 33 62 5E 00 02 01 0F (正反转地址-厨房卷帘三, 厨房卷帘一降)
2025-09-11 17:26:21.014 - 55 00 A6 00 01 66 01 74 AA 55 00 A6 00 01 66 01 74 AA (餐厅窗帘电机状态返回)
2025-09-11 17:26:21.239 - 1A 22 33 62 56 00 02 01 0F (正反转地址-厨房卷帘二, 厨房卷帘二降)
2025-09-11 17:26:22.336 - 1A 22 33 62 4F 00 00 01 0F (正反转地址-厨房卷帘一, 厨房卷帘三降)
2025-09-11 17:26:22.603 - 55 00 21 00 01 27 01 34 AA 55 00 21 00 01 27 01 34 AA (次卧纱帘电机状态返回)
2025-09-11 17:26:23.305 - 55 00 76 00 01 0E 01 1B AA 55 00 76 00 01 0E 01 1B AA (次卧窗帘电机状态返回)
2025-09-11 17:26:23.431 - 1A BE B0 DC 04 00 02 00 (继电器地址-西阳窗帘, 西阳窗帘关)
2025-09-11 17:26:24.554 - FF FF FF FF 0E 00 02 00 (继电器地址-西阳小窗帘, 西阳小窗帘关)
2025-09-11 17:26:25.625 - 1A BE B0 DC 03 00 03 00 (继电器地址-西阳天幕, 西阳天幕关)
2025-09-11 17:26:26.669 - 1A BE B0 DC 03 00 03 00 (继电器地址-西阳天幕, 西阳天幕关)
2025-09-11 17:26:27.488 - 55 00 D2 00 00 FE 01 0B AA 55 00 D2 00 00 FE 01 0B AA (书房窗帘电机状态返回)
2025-09-11 17:26:27.717 - 09 06 00 0F 02 02 38 20 (提示音咚)
2025-09-11 17:26:28.267 - EE 00 00 B1 00 00 02 FF FC FF FF (情景完成返回主页)
2025-09-11 17:26:49.665 - 1A FF FF FF 04 (继电器地址-东阳衣架)
2025-09-11 17:28:49.190 - 1A BE B0 DC 02 FE (正反转地址-外卫卷帘)
2025-09-11 17:28:49.324 - FF
2025-09-11 17:32:51.558 - 1A BE B0 DC 09 (继电器地址-客厅窗帘)
2025-09-11 17:32:51.692 - FE
2025-09-11 18:06:47.842 - 1A BE B0 DC 0A (继电器地址-客厅纱帘)
2025-09-11 18:12:36.286 - FF FF FF FF 0E (继电器地址-西阳小窗帘)
2025-09-11 18:36:37.332 - 1B 03 00 00 00 02 C6 31 (查询室外光线)
2025-09-11 18:36:37.349 - 1B 03 04 00 00 00 00 41 F2 (室外光线返回)
2025-09-11 18:36:38.131 - 1A EC A0 DC 02 00 00 01 0F (自保持开关地址-天花12V供电, 天花12V 供电开)
2025-09-11 18:36:38.655 - 1A AA AA AA 88 (调光器地址-茶吧灯带)
2025-09-11 18:36:38.838 - 1A FF 01 FF FF FF 60 01 FF 60 01 FF 00 00 0F (调光器地址-公共区域统配地址)
2025-09-11 18:36:39.826 - 19 08 24 03 DD 00 0D 00 01 (调用情景-信科调用进门暗)
2025-09-11 18:36:41.871 - 1A FF 01 FF FF FF 60 01 FF 60 01 FF 00 00 0F (调光器地址-公共区域统配地址)
2025-09-11 18:36:43.984 - 1A EC A0 DC 01 00 00 01 0F (自保持开关地址-电视、设备12V供电, 12V 电视供电开)
2025-09-11 18:36:44.553 - 1A EC A0 DC 01 00 00 01 0F (自保持开关地址-电视、设备12V供电, 12V 电视供电开)
2025-09-11 18:36:45.103 - 1A EC A0 DC 04 00 01 01 0F (自保持开关地址-次卧西阳内外卫供电, 内卫外卫开)
2025-09-11 18:36:45.652 - 1A EC A0 DC 04 00 01 01 0F (自保持开关地址-次卧西阳内外卫供电, 内卫外卫开)
2025-09-11 18:36:46.197 - 1A BB BB BB 01 01 00 (开水器电源开)
2025-09-11 18:36:47.743 - 1A 27 89 12 AA 00 00 01 0F (状态寄存器地址, 有人状态)
2025-09-11 18:36:48.293 - 1A 27 89 12 AA 00 00 01 0F (状态寄存器地址, 有人状态)
2025-09-11 18:36:48.840 - 1A BE B0 DC 01 00 01 00 (继电器地址-回水泵点动, 回水泵点动)
2025-09-11 18:36:49.389 - 1A FF FF FF 56 00 00 01 0F (人体感应地址-内卫, 打开内卫感应)
2025-09-11 18:36:49.499 - BF BF
2025-09-11 18:36:49.937 - 1A FF FF FF 55 00 00 01 0F (人体感应地址-外卫, 打开外卫感应)
2025-09-11 18:36:50.044 - BC BC
2025-09-11 18:36:50.483 - 1A FF FF FF 57 00 00 01 0F (人体感应地址-厨房, 打开厨房感应)
2025-09-11 18:36:50.592 - BF BF
2025-09-11 18:36:51.033 - 1A FF FF FF 57 00 00 01 0F (人体感应地址-厨房, 打开厨房感应)
2025-09-11 18:36:51.044 - BC BC
2025-09-11 18:36:51.634 - 1A FF FF FF 58 00 00 01 0F (人体感应地址-茶吧, 打开茶吧感应)
2025-09-11 18:36:51.683 - BC BC
2025-09-11 18:36:52.229 - 1A BE B0 DC 01 00 01 00 (继电器地址-回水泵点动, 回水泵点动)
2025-09-11 18:36:52.825 - A5 00 B7 FF 00 AA 22 0D (书房纱帘关)
2025-09-11 18:36:53.371 - A5 00 A2 FF 00 AA (餐厅纱帘关)
2025-09-11 18:36:53.921 - 09 06 00 0F 02 01 78 21 (提示音叮)
2025-09-11 18:36:54.470 - 09 06 00 0F 02 01 78 21 (提示音叮)
2025-09-11 18:36:55.020 - EE 00 00 B1 00 00 02 FF FC FF FF (情景完成返回主页)
2025-09-11 18:36:55.612 - A1 11 11 11 50 (天花供电打开确认)
2025-09-11 18:36:55.840 - 1A EC A0 DC 02 86 86 86 0F (查询天花供电状态, 自保持开关地址-天花12V供电)
2025-09-11 18:36:56.271 - 1A EC A0 DC 02 01 01 0F (自保持开关地址-天花12V供电)
2025-09-11 18:36:58.156 - A1 11 11 11 51 (卫生供电打开确认)
2025-09-11 18:36:58.382 - 1A EC A0 DC 04 86 86 86 0F (查询卫生间供电状态, 自保持开关地址-次卧西阳内外卫供电)
2025-09-11 18:36:58.814 - 1A EC A0 DC 04 01 01 0F (自保持开关地址-次卧西阳内外卫供电)
2025-09-11 18:37:00.695 - A1 11 11 11 52 (电视供电打开确认)
2025-09-11 18:37:00.923 - 1A EC A0 DC 01 86 86 86 0F (查询电视供电状态, 自保持开关地址-电视、设备12V供电)
2025-09-11 18:37:01.354 - 1A EC A0 DC 01 01 01 0F (自保持开关地址-电视、设备12V供电)
2025-09-11 18:37:05.778 - A1 11 11 11 47 (天热回家开帘)
2025-09-11 18:37:06.004 - 1A 27 89 12 AA 86 86 86 0F (查询寄存器状态, 状态寄存器地址)
2025-09-11 18:37:06.387 - 1A 27 89 12 AA 01 00 00 00 00 00 00 00 00 00 00 01 00 00 00 00 0F (状态寄存器地址)
2025-09-11 18:37:07.009 - 19 08 24 03 DD 00 06 00 01 (调用情景-天热遮阳开帘)
2025-09-11 18:37:07.528 - EE 00 00 B1 00 00 00 FF FC FF FF (情景执行提示)
2025-09-11 18:37:08.127 - 09 06 00 0F 02 01 78 21 (提示音叮)
2025-09-11 18:37:08.670 - A5 00 A6 FE 01 AA (餐厅窗帘开)
2025-09-11 18:37:08.723 - 55 00 A6 02 01 66 01 74 AA 55 00 A6 02 01 66 01 74 AA (餐厅窗帘电机状态返回)
2025-09-11 18:37:09.767 - 55 12 12 03 01 4C 41 (主卧窗帘开)
2025-09-11 18:37:09.810 - 55 12 12 03 01 4C 41 (主卧窗帘开)
2025-09-11 18:37:10.866 - 55 11 1D 03 02 3C 07 (主卧纱帘开)
2025-09-11 18:37:10.906 - 55 11 1D 03 02 3C 07 (主卧纱帘开)
2025-09-11 18:37:11.958 - A5 00 76 FE 01 AA (次卧窗帘开)
2025-09-11 18:37:12.011 - 55 00 76 02 01 0E 01 1B AA 55 00 76 02 01 0E 01 1B AA (次卧窗帘电机状态返回)
2025-09-11 18:37:13.058 - A5 00 21 FE 01 AA (次卧纱帘开)
2025-09-11 18:37:13.113 - 55 00 21 02 01 27 01 34 AA 55 00 21 02 01 27 F1 (次卧纱帘电机状态返回)
2025-09-11 18:37:13.115 - FF
2025-09-11 18:37:14.153 - 1A BE B0 DC 04 00 01 00 (继电器地址-西阳窗帘, 西阳窗帘开)
2025-09-11 18:37:15.199 - FF FF FF FF 0E 00 01 00 (继电器地址-西阳小窗帘, 西阳小窗帘开)
2025-09-11 18:37:16.245 - A5 00 D2 FE 01 AA 22 0D (书房窗帘开)
2025-09-11 18:37:16.299 - 55 00 D2 02 00 FE 01 0B AA 55 00 D2 02 00 FE 01 0B AA (书房窗帘电机状态返回)
2025-09-11 18:37:17.342 - 09 06 00 0F 02 02 38 20 (提示音咚)
2025-09-11 18:37:17.729 - 55 00 A6 00 00 0E 01 74 AA 55 00 A6 00 00 0E 01 74 AA (餐厅窗帘电机状态返回)
2025-09-11 18:37:17.943 - EE 00 00 B1 00 00 02 FF FC FF FF (情景完成返回主页)
2025-09-11 18:37:18.899 - 55 00 76 00 00 0E 01 1B AA 55 00 76 00 00 0E 01 1B AA (次卧窗帘电机状态返回)
2025-09-11 18:37:20.629 - 55 00 21 00 00 0D 01 34 AA 55 00 21 00 00 0D 01 34 AA (次卧纱帘电机状态返回)
2025-09-11 18:37:20.667 - 19 08 24 03 CC 00 D4 00 01 (调用厨房感应灯关的按键)
2025-09-11 18:37:20.724 - 55 0A 31 00 00 00 01 91 55 0A 31 00 00 00 02 92 (厨房顶灯一关, 厨房顶灯二关)
2025-09-11 18:37:21.542 - 55 00 A6 00 00 0F 01 74 AA 55 00 A6 00 00 0F 01 74 AA (餐厅窗帘电机状态返回)
2025-09-11 18:37:24.016 - 55 00 D2 00 00 0E 01 0B AA 55 00 D2 00 00 0E 01 0B AA (书房窗帘电机状态返回)
2025-09-11 18:38:50.256 - 19 08 24 03 DD 00 29 00 01 (调用情景-次卧照明关帘)
2025-09-11 18:38:50.786 - EE 00 00 B1 00 00 00 FF FC FF FF (情景执行提示)
2025-09-11 18:38:51.378 - 09 06 00 0F 02 01 78 21 (提示音叮)
2025-09-11 18:38:51.934 - 1A 0E 03 05 01 FF F0 01 FF F0 01 FF 00 00 0F (调光器地址-次卧射灯, 次卧射灯明亮)
2025-09-11 18:38:52.532 - 1A 0E 03 05 02 FF F0 01 FF F0 01 FF 00 00 0F (调光器地址-次卧灯带, 次卧灯带明亮)
2025-09-11 18:38:53.120 - A5 00 21 FF 00 AA (次卧纱帘关)
2025-09-11 18:38:53.174 - 55 00 21 01 00 0D 01 34 AA 55 00 21 01 00 0D 01 34 AA (次卧纱帘电机状态返回)
2025-09-11 18:38:54.218 - A5 00 76 FF 00 AA (次卧窗帘关)
2025-09-11 18:38:54.271 - 55 00 76 01 00 0E 01 1B AA 55 00 76 01 00 0E 01 1B AA (次卧窗帘电机状态返回)
2025-09-11 18:38:55.325 - 1A 0E 03 05 04 FF F0 01 FF F0 01 FF 00 00 0F (调光器地址-次卧北筒灯, 次卧北筒灯明亮)
2025-09-11 18:38:55.921 - 1A 0E 03 05 05 FF F0 01 FF F0 01 FF 00 00 0F (调光器地址-次卧南筒灯, 次卧南筒灯明亮)
2025-09-11 18:38:56.511 - 09 06 00 0F 02 02 38 20 (提示音咚)
2025-09-11 18:38:57.065 - EE 00 00 B1 00 00 02 FF FC FF FF (情景完成返回主页)
2025-09-11 18:39:00.306 - 55 00 21 00 01 27 01 34 AA 55 00 21 00 01 27 01 34 AA (次卧纱帘电机状态返回)
2025-09-11 18:39:01.339 - 55 00 76 00 01 0E 01 1B AA 55 00 76 00 01 0E 01 1B AA (次卧窗帘电机状态返回)
2025-09-11 18:42:34.786 - 19 08 24 03 CC 00 D3 00 01 (调用厨房感应灯开的按键)
2025-09-11 18:42:34.839 - 55 0A 32 00 00 00 01 92 55 0A 32 00 00 00 02 93 (厨房顶灯一开, 厨房顶灯二开)
2025-09-11 18:43:22.882 - 19 08 24 03 CC 00 D4 00 01 (调用厨房感应灯关的按键)
2025-09-11 18:43:22.917 - 55 0A 31 00 00 00 01 91 55 0A 31 00 00 00 02 92 (厨房顶灯一关, 厨房顶灯二关)
2025-09-11 18:47:45.898 - 19 08 24 03 CC 00 D3 00 01 (调用厨房感应灯开的按键)
2025-09-11 18:47:45.934 - 55 0A 32 00 00 00 01 92 55 0A 32 00 00 00 02 93 (厨房顶灯一开, 厨房顶灯二开)
2025-09-11 18:48:42.512 - 19 08 24 03 CC 00 D4 00 01 (调用厨房感应灯关的按键)
2025-09-11 18:48:42.547 - 55 0A 31 00 00 00 01 91 55 0A 31 00 00 00 02 92 (厨房顶灯一关, 厨房顶灯二关)
2025-09-11 19:10:34.058 - 19 08 24 03 CC 01 52 00 01 (调用外卫感应灯开的按键)
2025-09-11 19:10:34.110 - 1A 0D 01 07 01 FF 45 01 FF 45 01 FF 00 00 0F (调光器地址-外卫射灯, 外卫感应灯开)
2025-09-11 19:10:38.650 - 19 08 24 03 DD 00 3E 00 01 (调用情景-外卫照明关帘)
2025-09-11 19:10:39.190 - EE 00 00 B1 00 00 00 FF FC FF FF (情景执行提示)
2025-09-11 19:10:39.790 - 09 06 00 0F 02 01 78 21 (提示音叮)
2025-09-11 19:10:40.366 - 1A FF FF FF 55 00 00 00 0F (人体感应地址-外卫, 关闭外卫感应)
2025-09-11 19:10:40.471 - BF BF
2025-09-11 19:10:41.438 - 1A 0D 01 07 01 FF F0 01 FF F0 01 FF 00 00 0F (调光器地址-外卫射灯, 外卫射灯明亮)
2025-09-11 19:10:42.029 - 09 06 00 0F 02 02 38 20 (提示音咚)
2025-09-11 19:10:42.578 - EE 00 00 B1 00 00 02 FF FC FF FF (情景完成返回主页)
2025-09-11 19:14:20.402 - 19 08 24 03 DD 00 10 00 01 (调用情景-客餐厅空调开)
2025-09-11 19:14:20.968 - EE 00 00 B1 00 00 00 FF FC FF FF (情景执行提示)
2025-09-11 19:14:21.565 - 09 06 00 0F 02 01 78 21 (提示音叮)
2025-09-11 19:14:22.108 - A1 11 11 11 40 (客厅空调自动开)
2025-09-11 19:14:22.335 - 19 08 24 03 F0 BB 78 02 02 00
2025-09-11 19:14:22.387 - 23 AA 56 02 13 0E 17 19 09 0B 04 73 65 6F 6B 65 6E 64
2025-09-11 19:14:23.344 - 01 10 07 D0 00 03 06 70 61 00 02 00 FA 6F 26 (客厅空调冷25度)
2025-09-11 19:14:23.385 - 01 10 07 D0 00 03 06 70 61 00 02 00 FA 6F 26 (客厅空调冷25度)
2025-09-11 19:14:26.196 - A1 11 11 11 41 (餐厅空调自动开)
2025-09-11 19:14:26.424 - 19 08 24 03 F0 BB 78 02 02 00
2025-09-11 19:14:26.475 - 23 AA 56 02 13 0E 1B 19 09 0B 04 73 65 6F 6B 65 6E 64
2025-09-11 19:14:27.433 - 01 10 07 D3 00 03 06 70 61 00 02 00 FA 9F 29 (餐厅空调冷25度)
2025-09-11 19:14:27.477 - 01 10 07 D3 00 03 06 70 61 00 02 00 FA 9F 29 (餐厅空调冷25度)
2025-09-11 19:14:30.238 - 09 06 00 0F 02 02 38 20 (提示音咚)
2025-09-11 19:14:30.787 - EE 00 00 B1 00 00 02 FF FC FF FF (情景完成返回主页)
2025-09-11 19:35:32.006 - 19 08 24 03 DD 00 1C 00 01 (调用情景-外卫使用完毕)
2025-09-11 19:35:32.566 - EE 00 00 B1 00 00 00 FF FC FF FF (情景执行提示)
2025-09-11 19:35:33.164 - 09 06 00 0F 02 01 78 21 (提示音叮)
2025-09-11 19:35:33.715 - 1A 0D 01 07 01 FF 00 01 FF 00 01 FF 00 00 0F (调光器地址-外卫射灯, 外卫感应灯关)
2025-09-11 19:35:34.302 - 50 F5 03 (关外卫影视)
2025-09-11 19:35:34.906 - 1A 20 07 00 42 00 01 00 0F (自保持开关地址-外卫顶灯, 外卫顶灯关)
2025-09-11 19:35:35.459 - 1A FF FF FF 55 00 00 01 0F (人体感应地址-外卫, 打开外卫感应)
2025-09-11 19:35:35.541 - BC BC
2025-09-11 19:35:37.998 - 09 06 00 0F 02 02 38 20 (提示音咚)
2025-09-11 19:35:38.549 - EE 00 00 B1 00 00 02 FF FC FF FF (情景完成返回主页)
2025-09-11 19:35:48.589 - 19 08 24 03 CC 01 53 00 01 (调用外卫感应灯关的按键)
2025-09-11 19:35:48.642 - 1A 0D 01 07 01 FF 00 01 FF 00 01 FF 00 00 0F (调光器地址-外卫射灯, 外卫感应灯关)
2025-09-11 19:36:34.299 - 19 08 24 03 CC 01 CC 00 01 (调用茶吧感应灯开的按键)
2025-09-11 19:36:34.331 - 1A AA AA AA 88 FF B0 01 FF B0 01 0F (调光器地址-茶吧灯带, 茶吧灯带明亮)
2025-09-11 19:37:28.406 - 19 08 24 03 CC 01 CD 00 01 (调用茶吧感应灯关的按键)
2025-09-11 19:37:28.440 - 1A AA AA AA 88 FF 00 01 FF 00 01 0F (调光器地址-茶吧灯带, 茶吧灯带关闭)
2025-09-11 19:38:36.330 - FF FF FF FF 0A FD (继电器地址-东阳窗帘)
2025-09-11 19:38:36.464 - FF
2025-09-11 19:56:36.542 - 19 08 24 03 CC 00 D3 00 01 (调用厨房感应灯开的按键)
2025-09-11 19:56:36.594 - 55 0A 32 00 00 00 01 92 55 0A 32 00 00 00 02 93 (厨房顶灯一开, 厨房顶灯二开)
2025-09-11 19:57:46.681 - 19 08 24 03 CC 00 D4 00 01 (调用厨房感应灯关的按键)
2025-09-11 19:57:46.736 - 55 0A 31 00 00 00 01 91 55 0A 31 00 00 00 02 92 (厨房顶灯一关, 厨房顶灯二关)
2025-09-11 20:00:34.511 - 19 08 24 03 CC 00 D3 00 01 (调用厨房感应灯开的按键)
2025-09-11 20:00:34.547 - 55 0A 32 00 00 00 01 92 55 0A 32 00 00 00 02 93 (厨房顶灯一开, 厨房顶灯二开)
2025-09-11 20:02:04.689 - 19 08 24 03 CC 00 D4 00 01 (调用厨房感应灯关的按键)
2025-09-11 20:02:04.724 - 55 0A 31 00 00 00 01 91 55 0A 31 00 00 00 02 92 (厨房顶灯一关, 厨房顶灯二关)
2025-09-11 20:02:36.134 - 1A BE B0 DC 03 (继电器地址-西阳天幕)
2025-09-11 20:02:36.268 - FF
2025-09-11 20:05:26.445 - 1A BE B0 DC 04 FC (继电器地址-西阳窗帘)
2025-09-11 20:05:26.577 - FF
2025-09-11 20:15:35.848 - 1A BE B0 DC 01 FC (继电器地址-回水泵点动)
2025-09-11 20:15:35.982 - FF
2025-09-11 20:18:01.569 - 19 08 24 03 CC 00 D3 00 01 (调用厨房感应灯开的按键)
2025-09-11 20:18:01.624 - 55 0A 32 00 00 00 01 92 55 0A 32 00 00 00 02 93 (厨房顶灯一开, 厨房顶灯二开)
2025-09-11 20:19:51.787 - 19 08 24 03 CC 00 D4 00 01 (调用厨房感应灯关的按键)
2025-09-11 20:19:51.840 - 55 0A 31 00 00 00 01 91 55 0A 31 00 00 00 02 92 (厨房顶灯一关, 厨房顶灯二关)
2025-09-11 20:27:05.140 - 19 08 24 03 CC 00 D3 00 01 (调用厨房感应灯开的按键)
2025-09-11 20:27:05.175 - 55 0A 32 00 00 00 01 92 55 0A 32 00 00 00 02 93 (厨房顶灯一开, 厨房顶灯二开)
2025-09-11 20:28:06.760 - 19 08 24 03 CC 00 D4 00 01 (调用厨房感应灯关的按键)
2025-09-11 20:28:06.796 - 55 0A 31 00 00 00 01 91 55 0A 31 00 00 00 02 92 (厨房顶灯一关, 厨房顶灯二关)
2025-09-11 20:31:20.142 - 19 08 24 03 CC 00 D3 00 01 (调用厨房感应灯开的按键)
2025-09-11 20:31:20.178 - 55 0A 32 00 00 00 01 92 55 0A 32 00 00 00 02 93 (厨房顶灯一开, 厨房顶灯二开)
2025-09-11 20:34:08.973 - 19 08 24 03 CC 00 D4 00 01 (调用厨房感应灯关的按键)
2025-09-11 20:34:09.011 - 55 0A 31 00 00 00 01 91 55 0A 31 00 00 00 02 92 (厨房顶灯一关, 厨房顶灯二关)
2025-09-11 20:42:12.928 - 19 08 24 03 CC 00 D3 00 01 (调用厨房感应灯开的按键)
2025-09-11 20:42:12.961 - 55 0A 32 00 00 00 01 92 55 0A 32 00 00 00 02 93 (厨房顶灯一开, 厨房顶灯二开)
2025-09-11 20:43:15.047 - 19 08 24 03 CC 00 D4 00 01 (调用厨房感应灯关的按键)
2025-09-11 20:43:15.084 - 55 0A 31 00 00 00 01 91 55 0A 31 00 00 00 02 92 (厨房顶灯一关, 厨房顶灯二关)
2025-09-11 20:43:54.127 - 19 08 24 03 CC 00 D3 00 01 (调用厨房感应灯开的按键)
2025-09-11 20:43:54.159 - 55 0A 32 00 00 00 01 92 55 0A 32 00 00 00 02 93 (厨房顶灯一开, 厨房顶灯二开)
2025-09-11 20:45:36.326 - 19 08 24 03 CC 00 D4 00 01 (调用厨房感应灯关的按键)
2025-09-11 20:45:36.360 - 55 0A 31 00 00 00 01 91 55 0A 31 00 00 00 02 92 (厨房顶灯一关, 厨房顶灯二关)
2025-09-11 20:46:04.882 - 19 08 24 03 CC 00 D3 00 01 (调用厨房感应灯开的按键)
2025-09-11 20:46:04.918 - 55 0A 32 00 00 00 01 92 55 0A 32 00 00 00 02 93 (厨房顶灯一开, 厨房顶灯二开)
2025-09-11 20:48:13.133 - 19 08 24 03 CC 00 D4 00 01 (调用厨房感应灯关的按键)
2025-09-11 20:48:13.168 - 55 0A 31 00 00 00 01 91 55 0A 31 00 00 00 02 92 (厨房顶灯一关, 厨房顶灯二关)
2025-09-11 20:48:36.211 - 1A FF FF FF 04 (继电器地址-东阳衣架)
2025-09-11 20:49:17.260 - 19 08 24 03 CC 00 D3 00 01 (调用厨房感应灯开的按键)
2025-09-11 20:49:17.314 - 55 0A 32 00 00 00 01 92 55 0A 32 00 00 00 02 93 (厨房顶灯一开, 厨房顶灯二开)
2025-09-11 20:49:25.070 - 1A BE B0 DC 02 FC (正反转地址-外卫卷帘)
2025-09-11 20:50:19.883 - 19 08 24 03 CC 00 D4 00 01 (调用厨房感应灯关的按键)
2025-09-11 20:50:19.936 - 55 0A 31 00 00 00 01 91 55 0A 31 00 00 00 02 92 (厨房顶灯一关, 厨房顶灯二关)
2025-09-11 20:50:22.390 - 19 08 24 03 CC 00 D3 00 01 (调用厨房感应灯开的按键)
2025-09-11 20:50:22.441 - 55 0A 32 00 00 00 01 92 55 0A 32 00 00 00 02 93 (厨房顶灯一开, 厨房顶灯二开)
2025-09-11 20:51:23.509 - 19 08 24 03 CC 00 D4 00 01 (调用厨房感应灯关的按键)
2025-09-11 20:51:23.566 - 55 0A 31 00 00 00 01 91 55 0A 31 00 00 00 02 92 (厨房顶灯一关, 厨房顶灯二关)
2025-09-11 20:51:46.554 - 19 08 24 03 CC 00 D3 00 01 (调用厨房感应灯开的按键)
2025-09-11 20:51:46.588 - 55 0A 32 00 00 00 01 92 55 0A 32 00 00 00 02 93 (厨房顶灯一开, 厨房顶灯二开)
2025-09-11 20:53:20.741 - 1A BE B0 DC 09 (继电器地址-客厅窗帘)
2025-09-11 20:53:20.875 - FF
2025-09-11 20:53:22.244 - 19 08 24 03 CC 00 D4 00 01 (调用厨房感应灯关的按键)
2025-09-11 20:53:22.294 - 55 0A 31 00 00 00 01 91 55 0A 31 00 00 00 02 92 (厨房顶灯一关, 厨房顶灯二关)
2025-09-11 20:53:58.952 - 01 04 07 D0 00 06 70 85
2025-09-11 20:53:58.981 - 01 04 0C 70 01 42 02 00 FA 00 00 00 FA 00 00 10 74
2025-09-11 20:53:59.108 - 01 04 07 D6 00 06 90 84
2025-09-11 20:53:59.143 - 01 04 0C 70 01 42 02 00 FA 00 00 01 0E 00 00 50 7A
2025-09-11 20:53:59.269 - 01 04 07 DC 00 06 B0 86
2025-09-11 20:53:59.296 - 01 04 0C 50 00 42 02 01 04 00 00 01 22 00 00 CA F3
2025-09-11 20:53:59.408 - 01 04 07 E2 00 06 D1 4A
2025-09-11 20:53:59.447 - 01 04 0C 70 01 42 02 00 FA 00 00 00 FA 00 00 10 74
2025-09-11 20:53:59.566 - 01 04 07 E8 00 06 F1 48
2025-09-11 20:53:59.598 - 01 04 0C 70 00 42 02 00 FA 00 00 01 18 00 00 B5 42
2025-09-11 20:54:21.105 - 01 10 07 D6 00 03 06 50 61 00 02 00 DC 09 83
2025-09-11 20:54:21.147 - 01 10 07 D6 00 03 06 50 61 00 02 00 DC 09 83
2025-09-11 20:54:22.475 - 01 04 07 DC 00 06 B0 86
2025-09-11 20:54:22.513 - 01 04 0C 50 01 42 02 00 DC 00 00 01 22 00 00 57 CE
2025-09-11 20:54:41.455 - 01 04 07 D0 00 06 70 85
2025-09-11 20:54:41.489 - 01 04 0C 70 01 42 02 00 FA 00 00 00 FA 00 00 10 74
2025-09-11 20:54:41.619 - 01 04 07 D6 00 06 90 84
2025-09-11 20:54:41.650 - 01 04 0C 70 01 42 02 00 FA 00 00 01 0E 00 00 50 7A
2025-09-11 20:54:41.772 - 01 04 07 DC 00 06 B0 86
2025-09-11 20:54:41.801 - 01 04 0C 50 01 42 02 00 DC 00 00 01 22 00 00 57 CE
2025-09-11 20:54:41.931 - 01 04 07 E2 00 06 D1 4A
2025-09-11 20:54:41.962 - 01 04 0C 70 01 42 02 00 FA 00 00 00 FA 00 00 10 74
2025-09-11 20:54:42.089 - 01 04 07 E8 00 06 F1 48
2025-09-11 20:54:42.124 - 01 04 0C 70 00 42 02 00 FA 00 00 01 18 00 00 B5 42
2025-09-11 21:03:35.617 - 19 08 24 03 CC 01 CC 00 01 (调用茶吧感应灯开的按键)
2025-09-11 21:03:35.670 - 1A AA AA AA 88 FF B0 01 FF B0 01 0F (调光器地址-茶吧灯带, 茶吧灯带明亮)
2025-09-11 21:03:42.964 - 19 08 24 03 CC 00 D3 00 01 (调用厨房感应灯开的按键)
2025-09-11 21:03:42.999 - 55 0A 32 00 00 00 01 92 55 0A 32 00 00 00 02 93 (厨房顶灯一开, 厨房顶灯二开)
2025-09-11 21:04:55.105 - 19 08 24 03 CC 00 D4 00 01 (调用厨房感应灯关的按键)
2025-09-11 21:04:55.140 - 55 0A 31 00 00 00 01 91 55 0A 31 00 00 00 02 92 (厨房顶灯一关, 厨房顶灯二关)
2025-09-11 21:05:33.351 - 19 08 24 03 CC 01 CD 00 01 (调用茶吧感应灯关的按键)
2025-09-11 21:05:33.383 - 1A AA AA AA 88 FF 00 01 FF 00 01 0F (调光器地址-茶吧灯带, 茶吧灯带关闭)
2025-09-11 21:05:33.564 - 19 08 24 03 DD 00 41 00 01 (调用情景-主卧照明电视)
2025-09-11 21:05:38.623 - 19 08 24 03 CC 01 54 00 01 (调用内卫感应灯开的按键)
2025-09-11 21:05:38.657 - 1A 0C 02 08 01 FF 45 01 FF 45 01 FF 00 00 0F (调光器地址-内卫射灯, 内卫射灯微光)
2025-09-11 21:05:58.249 - 19 08 24 03 DD 00 41 00 01 (调用情景-主卧照明电视)
2025-09-11 21:05:58.753 - EE 00 00 B1 00 00 00 FF FC FF FF (情景执行提示)
2025-09-11 21:05:59.348 - 09 06 00 0F 02 01 78 21 (提示音叮)
2025-09-11 21:05:59.892 - 50 F0 05 (开主卧影视)
2025-09-11 21:06:00.489 - 50 F0 04 (开内卫影视)
2025-09-11 21:06:01.044 - 1A FF FF FF 56 00 00 00 0F (人体感应地址-内卫, 关闭内卫感应)
2025-09-11 21:06:01.154 - BF BF
2025-09-11 21:06:01.593 - 1A 22 33 62 0F 00 02 01 0F (正反转地址-内卫卷帘, 内卫卷帘降)
2025-09-11 21:06:02.137 - 55 11 1D 03 01 7C 06 (主卧纱帘关)
2025-09-11 21:06:02.184 - 55 11 1D 03 01 7C 06 (主卧纱帘关)
2025-09-11 21:06:03.232 - 55 12 12 03 02 0C 40 (主卧窗帘关)
2025-09-11 21:06:03.278 - 55 12 12 03 02 0C 40 (主卧窗帘关)
2025-09-11 21:06:04.339 - 1A 0C 02 04 FF FF 45 01 FF 45 01 FF 00 00 0F (主卧调光微光)
2025-09-11 21:06:10.416 - 1A 0C 02 08 01 FF 45 01 FF 45 01 FF 00 00 0F (调光器地址-内卫射灯, 内卫射灯微光)
2025-09-11 21:06:11.001 - 50 F1 25 (主卧—有线2)
2025-09-11 21:06:11.580 - 50 F1 24 (内卫—有线2)
2025-09-11 21:06:13.679 - AF BF CF DF C2 21 (有线2/快捷-凤凰卫视)
2025-09-11 21:06:15.771 - 1A FF FF FF 60 0B 01 01 0F (红外总线地址-主卧发射设备, 主卧电视电源)
2025-09-11 21:06:16.289 - F0 0B 01 08
2025-09-11 21:06:23.818 - 09 06 00 0F 02 02 38 20 (提示音咚)
2025-09-11 21:06:24.368 - EE 00 00 B1 00 00 02 FF FC FF FF (情景完成返回主页)
2025-09-11 21:28:29.598 - 19 08 24 03 DD 00 1B 00 01 (调用情景-外卫使用)
2025-09-11 21:28:30.155 - EE 00 00 B1 00 00 00 FF FC FF FF (情景执行提示)
2025-09-11 21:28:30.751 - 09 06 00 0F 02 01 78 21 (提示音叮)
2025-09-11 21:28:31.292 - 50 F0 03 (开外卫影视)
2025-09-11 21:28:31.847 - 1A FF FF FF 55 00 00 00 0F (人体感应地址-外卫, 关闭外卫感应)
2025-09-11 21:28:31.953 - BF BF
2025-09-11 21:28:32.402 - 1A 0D 01 07 01 FF 45 01 FF 45 01 FF 00 00 0F (调光器地址-外卫射灯, 外卫感应灯开)
2025-09-11 21:28:34.487 - 1A BE B0 DC 01 00 01 00 (继电器地址-回水泵点动, 回水泵点动)
2025-09-11 21:28:35.535 - 1A BE B0 DC 01 00 01 00 (继电器地址-回水泵点动, 回水泵点动)
2025-09-11 21:28:36.581 - 1A BE B0 DC 01 00 01 00 (继电器地址-回水泵点动, 回水泵点动)
2025-09-11 21:28:37.622 - 50 F1 43 (外卫—CH4)
2025-09-11 21:28:54.624 - A1 11 11 11 11 05 (外卫使用浴霸判断)
2025-09-11 21:28:54.845 - 13 03 00 00 00 02 C7 79 (查询外卫温湿度)
2025-09-11 21:28:54.867 - 13 03 04 01 8E 01 09 68 73 (外卫温湿度返回)
2025-09-11 21:28:56.670 - 09 06 00 0F 02 02 38 20 (提示音咚)
2025-09-11 21:28:58.713 - EE 00 00 B1 00 00 02 FF FC FF FF (情景完成返回主页)
2025-09-11 21:29:53.485 - 1A BE B0 DC 0A (继电器地址-客厅纱帘)
2025-09-11 21:33:52.134 - FF FF FF FF 0E (继电器地址-西阳小窗帘)
2025-09-11 21:33:52.270 - FF
2025-09-11 21:40:16.147 - 19 08 24 03 DD 00 1C 00 01 (调用情景-外卫使用完毕)
2025-09-11 21:40:16.705 - EE 00 00 B1 00 00 00 FF FC FF FF (情景执行提示)
2025-09-11 21:40:17.298 - 09 06 00 0F 02 01 78 21 (提示音叮)
2025-09-11 21:40:17.854 - 1A 0D 01 07 01 FF 00 01 FF 00 01 FF 00 00 0F (调光器地址-外卫射灯, 外卫感应灯关)
2025-09-11 21:40:18.439 - 50 F5 03 (关外卫影视)
2025-09-11 21:40:18.997 - 1A 20 07 00 42 00 01 00 0F (自保持开关地址-外卫顶灯, 外卫顶灯关)
2025-09-11 21:40:19.542 - 1A FF FF FF 55 00 00 01 0F (人体感应地址-外卫, 打开外卫感应)
2025-09-11 21:40:19.650 - BC BC
2025-09-11 21:40:19.957 - 19 08 24 03 CC 01 52 00 01 (调用外卫感应灯开的按键)
2025-09-11 21:40:20.008 - 1A 0D 01 07 01 FF 45 01 FF 45 01 FF 00 00 0F (调光器地址-外卫射灯, 外卫感应灯开)
2025-09-11 21:40:22.462 - 09 06 00 0F 02 02 38 20 (提示音咚)
2025-09-11 21:40:23.035 - EE 00 00 B1 00 00 02 FF FC FF FF (情景完成返回主页)
2025-09-11 21:40:32.185 - 19 08 24 03 CC 01 53 00 01 (调用外卫感应灯关的按键)
2025-09-11 21:40:32.222 - 1A 0D 01 07 01 FF 00 01 FF 00 01 FF 00 00 0F (调光器地址-外卫射灯, 外卫感应灯关)
2025-09-11 21:40:36.025 - 19 08 24 03 CC 01 CC 00 01 (调用茶吧感应灯开的按键)
2025-09-11 21:40:36.057 - 1A AA AA AA 88 FF B0 01 FF B0 01 0F (调光器地址-茶吧灯带, 茶吧灯带明亮)
2025-09-11 21:40:38.359 - 19 08 24 03 CC 00 D3 00 01 (调用厨房感应灯开的按键)
2025-09-11 21:40:38.393 - 55 0A 32 00 00 00 01 92 55 0A 32 00 00 00 02 93 (厨房顶灯一开, 厨房顶灯二开)
2025-09-11 21:40:48.551 - 19 08 24 03 CC 01 CD 00 01 (调用茶吧感应灯关的按键)
2025-09-11 21:40:48.582 - 1A AA AA AA 88 FF 00 01 FF 00 01 0F (调光器地址-茶吧灯带, 茶吧灯带关闭)
2025-09-11 21:41:13.098 - 19 08 24 03 CC 01 CC 00 01 (调用茶吧感应灯开的按键)
2025-09-11 21:41:13.131 - 1A AA AA AA 88 FF B0 01 FF B0 01 0F (调光器地址-茶吧灯带, 茶吧灯带明亮)
2025-09-11 21:42:10.657 - 19 08 24 03 DD 00 3B 00 01 (调用情景-书房照明关帘)
2025-09-11 21:42:11.167 - EE 00 00 B1 00 00 00 FF FC FF FF (情景执行提示)
2025-09-11 21:42:11.761 - 09 06 00 0F 02 01 78 21 (提示音叮)
2025-09-11 21:42:12.317 - 1A 0A 04 06 01 FF F0 01 FF F0 01 FF 00 00 0F (调光器地址-书房射灯, 书房射灯明亮)
2025-09-11 21:42:16.395 - A5 00 B7 FF 00 AA 22 0D (书房纱帘关)
2025-09-11 21:42:17.443 - A5 00 D2 FF 00 AA 22 0C (书房窗帘关)
2025-09-11 21:42:17.498 - 55 00 D2 01 00 0E 01 0B AA 55 00 D2 01 00 0E 01 FB (书房窗帘电机状态返回)
2025-09-11 21:42:18.540 - 09 06 00 0F 02 02 38 20 (提示音咚)
2025-09-11 21:42:19.191 - EE 00 00 B1 00 00 02 FF FC FF FF (情景完成返回主页)
2025-09-11 21:42:20.733 - 19 08 24 03 CC 01 CD 00 01 (调用茶吧感应灯关的按键)
2025-09-11 21:42:20.783 - 1A AA AA AA 88 FF 00 01 FF 00 01 0F (调光器地址-茶吧灯带, 茶吧灯带关闭)
2025-09-11 21:42:26.314 - 55 00 D2 00 00 FE 01 0B AA 55 00 D2 00 00 FE 01 0B AA (书房窗帘电机状态返回)
2025-09-11 21:43:23.186 - 19 08 24 03 CC 00 D4 00 01 (调用厨房感应灯关的按键)
2025-09-11 21:43:23.237 - 55 0A 31 00 00 00 01 91 55 0A 31 00 00 00 02 92 (厨房顶灯一关, 厨房顶灯二关)
2025-09-11 22:13:27.084 - 19 08 24 03 CC 01 52 00 01 (调用外卫感应灯开的按键)
2025-09-11 22:13:27.120 - 1A 0D 01 07 01 FF 45 01 FF 45 01 FF 00 00 0F (调光器地址-外卫射灯, 外卫感应灯开)
2025-09-11 22:13:35.929 - 19 08 24 03 DD 00 3E 00 01 (调用情景-外卫照明关帘)
2025-09-11 22:13:36.446 - EE 00 00 B1 00 00 00 FF FC FF FF (情景执行提示)
2025-09-11 22:13:37.040 - 09 06 00 0F 02 01 78 21 (提示音叮)
2025-09-11 22:13:37.594 - 1A FF FF FF 55 00 00 00 0F (人体感应地址-外卫, 关闭外卫感应)
2025-09-11 22:13:37.699 - BF BF
2025-09-11 22:13:38.644 - 1A 0D 01 07 01 FF F0 01 FF F0 01 FF 00 00 0F (调光器地址-外卫射灯, 外卫射灯明亮)
2025-09-11 22:13:39.232 - 09 06 00 0F 02 02 38 20 (提示音咚)
2025-09-11 22:13:39.835 - EE 00 00 B1 00 00 02 FF FC FF FF (情景完成返回主页)
2025-09-11 22:28:26.202 - 19 08 24 03 CC 01 CC 00 01 (调用茶吧感应灯开的按键)
2025-09-11 22:28:26.251 - 1A AA AA AA 88 FF B0 01 FF B0 01 0F (调光器地址-茶吧灯带, 茶吧灯带明亮)
2025-09-11 22:28:47.639 - 19 08 24 03 DD 00 3A 00 01 (调用情景-离开书房)
2025-09-11 22:28:48.180 - EE 00 00 B1 00 00 00 FF FC FF FF (情景执行提示)
2025-09-11 22:28:48.776 - 09 06 00 0F 02 01 78 21 (提示音叮)
2025-09-11 22:28:49.322 - 01 06 07 DC FF 60 08 9C (书房空调关)
2025-09-11 22:28:49.392 - 01 06 07 DC FF 60 08 9C (书房空调关)
2025-09-11 22:28:49.915 - 50 F5 07 (关书房影视)
2025-09-11 22:28:50.468 - A5 00 D2 FE 01 AA 22 0D (书房窗帘开)
2025-09-11 22:28:50.521 - 55 00 D2 02 00 FE 01 0B AA 55 00 D2 02 00 FE 01 0B AA (书房窗帘电机状态返回)
2025-09-11 22:28:51.565 - A5 00 B7 FF 00 AA 22 0D (书房纱帘关)
2025-09-11 22:28:52.613 - 55 0D 31 00 00 00 01 94 (书房顶灯只关)
2025-09-11 22:28:53.667 - 1A 0A 04 06 01 FF 00 01 FF 00 01 FF 00 00 0F (调光器地址-书房射灯, 书房射灯关闭)
2025-09-11 22:28:57.706 - 55 00 D2 00 00 0E 01 0B AA 55 00 D2 00 00 0E 01 0B AA (书房窗帘电机状态返回)
2025-09-11 22:28:57.745 - 09 06 00 0F 02 02 38 20 (提示音咚)
2025-09-11 22:28:58.298 - EE 00 00 B1 00 00 02 FF FC FF FF (情景完成返回主页)
2025-09-11 22:29:04.277 - 19 08 24 03 CC 01 CD 00 01 (调用茶吧感应灯关的按键)
2025-09-11 22:29:04.326 - 1A AA AA AA 88 FF 00 01 FF 00 01 0F (调光器地址-茶吧灯带, 茶吧灯带关闭)
2025-09-11 22:29:37.764 - 19 08 24 03 DD 00 4F 00 01 (调用情景-内卫使用完毕)
2025-09-11 22:29:38.313 - EE 00 00 B1 00 00 00 FF FC FF FF (情景执行提示)
2025-09-11 22:29:38.904 - 09 06 00 0F 02 01 78 21 (提示音叮)
2025-09-11 22:29:39.461 - 1A 0C 02 08 01 FF 00 01 FF 00 01 FF 00 00 0F (调光器地址-内卫射灯, 内卫感应灯关)
2025-09-11 22:29:43.535 - 50 F5 04 (关内卫影视)
2025-09-11 22:29:44.091 - 1A 20 07 01 40 00 01 00 0F (自保持开关地址-内卫顶灯, 内卫顶灯关)
2025-09-11 22:29:44.639 - 1A FF FF FF 56 00 00 01 0F (人体感应地址-内卫, 打开内卫感应)
2025-09-11 22:29:44.750 - BC BC
2025-09-11 22:29:47.180 - 09 06 00 0F 02 02 38 20 (提示音咚)
2025-09-11 22:29:47.732 - EE 00 00 B1 00 00 02 FF FC FF FF (情景完成返回主页)
2025-09-11 22:29:57.288 - 19 08 24 03 CC 01 55 00 01 (调用内卫感应灯关的按键)
2025-09-11 22:29:57.337 - 1A 0C 02 08 01 FF 00 01 FF 00 01 FF 00 00 0F (调光器地址-内卫射灯, 内卫感应灯关)
2025-09-11 22:32:20.657 - 19 08 24 03 DD 00 33 00 01 (调用情景-次卧睡觉)
2025-09-11 22:32:21.163 - EE 00 00 B1 00 00 00 FF FC FF FF (情景执行提示)
2025-09-11 22:32:21.755 - 09 06 00 0F 02 01 78 21 (提示音叮)
2025-09-11 22:32:22.305 - 1A 20 07 00 70 00 01 00 0F (自保持开关地址-次卧顶灯, 次卧顶灯只关)
2025-09-11 22:32:22.900 - A5 00 21 FF 00 AA (次卧纱帘关)
2025-09-11 22:32:23.947 - A5 00 76 FF 00 AA (次卧窗帘关)
2025-09-11 22:32:24.989 - 50 F5 06 (关次卧影视)
2025-09-11 22:32:25.549 - 1A 0E 03 05 03 FF 00 01 FF 00 01 FF 00 00 0F (调光器地址-次卧阅读灯, 次卧阅读关闭)
2025-09-11 22:32:26.147 - 1A 0E 03 05 02 FF 00 01 FF 00 01 FF 00 00 0F (调光器地址-次卧灯带, 次卧灯带关闭)
2025-09-11 22:32:26.745 - 1A 0E 03 05 04 FF 00 01 FF 00 01 FF 00 00 0F (调光器地址-次卧北筒灯, 次卧北筒灯关闭)
2025-09-11 22:32:27.345 - 1A 0E 03 05 05 FF 00 01 FF 00 01 FF 00 00 0F (调光器地址-次卧南筒灯, 次卧南筒灯关闭)
2025-09-11 22:32:27.940 - 1A 0E 03 05 01 FF 00 01 FF 00 01 FF 00 00 0F (调光器地址-次卧射灯, 次卧射灯关闭)
2025-09-11 22:32:28.533 - 09 06 00 0F 02 02 38 20 (提示音咚)
2025-09-11 22:32:29.084 - EE 00 00 B1 00 00 02 FF FC FF FF (情景完成返回主页)
2025-09-11 22:32:46.730 - 19 08 24 03 CC 01 CC 00 01 (调用茶吧感应灯开的按键)
2025-09-11 22:32:46.762 - 1A AA AA AA 88 FF B0 01 FF B0 01 0F (调光器地址-茶吧灯带, 茶吧灯带明亮)
2025-09-11 22:33:39.834 - 19 08 24 03 CC 01 CD 00 01 (调用茶吧感应灯关的按键)
2025-09-11 22:33:39.866 - 1A AA AA AA 88 FF 00 01 FF 00 01 0F (调光器地址-茶吧灯带, 茶吧灯带关闭)
2025-09-11 22:34:02.315 - 19 08 24 03 DD 00 13 00 01 (调用情景-公共区域关)
2025-09-11 22:34:02.818 - EE 00 00 B1 00 00 00 FF FC FF FF (情景执行提示)
2025-09-11 22:34:03.413 - 09 06 00 0F 02 01 78 21 (提示音叮)
2025-09-11 22:34:03.962 - 55 0B 31 00 00 00 01 92 (厨房风扇只关)
2025-09-11 22:34:05.008 - 01 06 07 D3 FF 60 38 9F (餐厅空调关)
2025-09-11 22:34:05.034 - 01 06 07 D3 FF 60 38 9F (餐厅空调关)
2025-09-11 22:34:06.104 - 01 06 07 D0 FF 60 C8 9F (客厅空调关)
2025-09-11 22:34:06.135 - 01 06 07 D0 FF 60 C8 9F (客厅空调关)
2025-09-11 22:34:10.187 - 50 F5 02 (关厨房影视)
2025-09-11 22:34:11.236 - 50 F5 01 (关餐厅影视)
2025-09-11 22:34:12.282 - 50 F5 08 (关客厅影视)
2025-09-11 22:34:13.328 - 50 F5 03 (关外卫影视)
2025-09-11 22:34:14.379 - 55 0A 31 00 00 00 01 91 (厨房顶灯一关)
2025-09-11 22:34:15.427 - 55 0A 31 00 00 00 02 92 (厨房顶灯二关)
2025-09-11 22:34:16.472 - 55 0C 31 00 00 00 01 93 (餐厅顶灯关)
2025-09-11 22:34:17.520 - 1A 18 05 10 31 00 01 00 0F (自保持开关地址-门厅顶灯, 门厅顶灯关)
2025-09-11 22:34:18.566 - 1A 20 07 00 42 00 01 00 0F (自保持开关地址-外卫顶灯, 外卫顶灯关)
2025-09-11 22:34:19.614 - 1A 18 05 21 89 00 01 00 0F (自保持开关地址-客厅顶灯, 客厅顶灯一关)
2025-09-11 22:34:20.658 - 1A 18 05 01 94 00 01 00 0F (自保持开关地址-客厅顶灯, 客厅顶灯二关)
2025-09-11 22:34:21.704 - 1A 20 07 01 30 00 01 00 0F (自保持开关地址-西阳顶灯, 西阳顶灯关)
2025-09-11 22:34:22.759 - 1A FF 01 FF FF FF 00 01 FF 00 01 FF 00 00 0F (调光器地址-公共区域统配地址, 公共区域灯光全关)
2025-09-11 22:34:23.845 - 09 06 00 0F 02 02 38 20 (提示音咚)
2025-09-11 22:34:25.895 - EE 00 00 B1 00 00 02 FF FC FF FF (情景完成返回主页)
2025-09-11 22:52:11.135 - 19 08 24 03 CC 00 89 00 01
2025-09-11 22:52:11.188 - 1A 0E 03 05 02 FF F0 01 FF F0 01 FF 00 00 0F (调光器地址-次卧灯带, 次卧灯带明亮)
2025-09-11 22:55:00.880 - 19 08 24 03 CC 00 88 00 01
2025-09-11 22:55:00.914 - 1A 0E 03 05 02 FF 00 01 FF 00 01 FF 00 00 0F (调光器地址-次卧灯带, 次卧灯带关闭)
2025-09-11 23:02:01.338 - FF FF FF FF 0A FC (继电器地址-东阳窗帘)
2025-09-11 23:26:06.526 - 1A BE B0 DC 03 FD (继电器地址-西阳天幕)
2025-09-11 23:26:06.660 - FF
2025-09-11 23:27:48.441 - 1A BE B0 DC 04 (继电器地址-西阳窗帘)
2025-09-11 23:27:48.575 - FF
2025-09-11 23:39:05.940 - 1A BE B0 DC 01 (继电器地址-回水泵点动)
2025-09-12 00:12:05.673 - 1A FF FF FF 04 (继电器地址-东阳衣架)
2025-09-12 00:12:05.809 - FF
2025-09-12 00:12:51.829 - 1A BE B0 DC 02 (正反转地址-外卫卷帘)
2025-09-12 00:12:51.963 - FF
2025-09-12 00:17:46.498 - 1A BE B0 DC 09 (继电器地址-客厅窗帘)
2025-09-12 00:17:46.630 - FF
2025-09-12 00:34:27.654 - 19 08 24 03 CC 01 CC 00 01 (调用茶吧感应灯开的按键)
2025-09-12 00:34:27.704 - 1A AA AA AA 88 FF B0 01 FF B0 01 0F (调光器地址-茶吧灯带, 茶吧灯带明亮)
2025-09-12 00:34:34.668 - 19 08 24 03 CC 01 CD 00 01 (调用茶吧感应灯关的按键)
2025-09-12 00:34:34.719 - 1A AA AA AA 88 FF 00 01 FF 00 01 0F (调光器地址-茶吧灯带, 茶吧灯带关闭)
2025-09-12 00:48:14.163 - 19 08 24 03 DD 00 3E 00 01 (调用情景-外卫照明关帘)
2025-09-12 00:48:14.694 - EE 00 00 B1 00 00 00 FF FC FF FF (情景执行提示)
2025-09-12 00:48:15.287 - 09 06 00 0F 02 01 78 21 (提示音叮)
2025-09-12 00:48:15.840 - 1A FF FF FF 55 00 00 00 0F (人体感应地址-外卫, 关闭外卫感应)
2025-09-12 00:48:15.849 - BC BC
2025-09-12 00:48:16.938 - 1A 0D 01 07 01 FF F0 01 FF F0 01 FF 00 00 0F (调光器地址-外卫射灯, 外卫射灯明亮)
2025-09-12 00:48:17.530 - 09 06 00 0F 02 02 38 20 (提示音咚)
2025-09-12 00:48:18.082 - EE 00 00 B1 00 00 02 FF FC FF FF (情景完成返回主页)
2025-09-12 00:51:50.681 - 1A BE B0 DC 0A FC (继电器地址-客厅纱帘)
2025-09-12 00:51:50.817 - FE
2025-09-12 00:55:08.543 - 19 08 24 03 DD 00 1C 00 01 (调用情景-外卫使用完毕)
2025-09-12 00:55:09.066 - EE 00 00 B1 00 00 00 FF FC FF FF (情景执行提示)
2025-09-12 00:55:09.660 - 09 06 00 0F 02 01 78 21 (提示音叮)
2025-09-12 00:55:10.217 - 1A 0D 01 07 01 FF 00 01 FF 00 01 FF 00 00 0F (调光器地址-外卫射灯, 外卫感应灯关)
2025-09-12 00:55:10.803 - 50 F5 03 (关外卫影视)
2025-09-12 00:55:11.358 - 1A 20 07 00 42 00 01 00 0F (自保持开关地址-外卫顶灯, 外卫顶灯关)
2025-09-12 00:55:11.905 - 1A FF FF FF 55 00 00 01 0F (人体感应地址-外卫, 打开外卫感应)
2025-09-12 00:55:12.015 - BC BC
2025-09-12 00:55:14.448 - 09 06 00 0F 02 02 38 20 (提示音咚)
2025-09-12 00:55:15.000 - EE 00 00 B1 00 00 02 FF FC FF FF (情景完成返回主页)
2025-09-12 00:55:42.083 - 19 08 24 03 CC 01 53 00 01 (调用外卫感应灯关的按键)
2025-09-12 00:55:42.136 - 1A 0D 01 07 01 FF 00 01 FF 00 01 FF 00 00 0F (调光器地址-外卫射灯, 外卫感应灯关)
2025-09-12 00:56:13.192 - FF FF FF FF 0E (继电器地址-西阳小窗帘)
2025-09-12 00:56:13.325 - FF
2025-09-12 01:17:33.764 - 19 08 24 03 CC 01 CC 00 01 (调用茶吧感应灯开的按键)
2025-09-12 01:17:33.815 - 1A AA AA AA 88 FF B0 01 FF B0 01 0F (调光器地址-茶吧灯带, 茶吧灯带明亮)
2025-09-12 01:17:41.279 - 19 08 24 03 CC 01 CD 00 01 (调用茶吧感应灯关的按键)
2025-09-12 01:17:41.328 - 1A AA AA AA 88 FF 00 01 FF 00 01 0F (调光器地址-茶吧灯带, 茶吧灯带关闭)
2025-09-12 02:09:49.815 - 19 08 24 03 CC 01 54 00 01 (调用内卫感应灯开的按键)
2025-09-12 02:09:49.849 - 1A 0C 02 08 01 FF 45 01 FF 45 01 FF 00 00 0F (调光器地址-内卫射灯, 内卫射灯微光)
2025-09-12 02:11:36.982 - 19 08 24 03 DD 00 4B 00 01 (调用情景-主卧睡觉)
2025-09-12 02:11:37.531 - EE 00 00 B1 00 00 00 FF FC FF FF (情景执行提示)
2025-09-12 02:11:38.123 - 09 06 00 0F 02 01 78 21 (提示音叮)
2025-09-12 02:11:38.668 - 50 F5 04 (关内卫影视)
2025-09-12 02:11:39.221 - 55 11 1D 03 01 7C 06 (主卧纱帘关)
2025-09-12 02:11:39.263 - 55 11 1D 03 01 7C 06 (主卧纱帘关)
2025-09-12 02:11:40.316 - 55 12 12 03 02 0C 40 (主卧窗帘关)
2025-09-12 02:11:40.358 - 55 12 12 03 02 0C 40 (主卧窗帘关)
2025-09-12 02:11:41.415 - 1A 22 33 62 0F 00 02 01 0F (正反转地址-内卫卷帘, 内卫卷帘降)
2025-09-12 02:11:42.460 - 1A 20 07 01 40 00 01 00 0F (自保持开关地址-内卫顶灯, 内卫顶灯关)
2025-09-12 02:11:43.508 - 1A 20 07 01 55 00 01 00 0F (自保持开关地址-主卧顶灯, 主卧顶灯只关)
2025-09-12 02:11:44.056 - 1A FF FF FF 56 00 00 01 0F (人体感应地址-内卫, 打开内卫感应)
2025-09-12 02:11:44.070 - BC BC
2025-09-12 02:11:47.653 - 1A 0C 02 08 01 FF 00 01 FF 00 01 FF 00 00 0F (调光器地址-内卫射灯, 内卫感应灯关)
2025-09-12 02:11:48.251 - 1A 0C 02 04 01 FF 00 01 FF 00 01 FF 00 00 0F (调光器地址-主卧筒灯, 主卧筒灯关闭)
2025-09-12 02:11:48.851 - 1A 0C 02 04 03 FF 00 01 FF 00 01 FF 00 00 0F (调光器地址-主卧灯带, 主卧灯带关闭)
2025-09-12 02:11:49.447 - 1A 0C 02 04 04 FF 00 01 FF 00 01 FF 00 00 0F (调光器地址-主卧南阅, 主卧南阅关闭)
2025-09-12 02:11:50.046 - 1A 0C 02 04 05 FF 00 01 FF 00 01 FF 00 00 0F (调光器地址-主卧北阅, 主卧北阅关闭)
2025-09-12 02:11:50.643 - 1A 0C 02 04 02 FF 00 01 FF 00 01 FF 00 00 0F (调光器地址-主卧过道, 主卧过道关闭)
2025-09-12 02:11:51.234 - 09 06 00 0F 02 02 38 20 (提示音咚)
2025-09-12 02:11:51.566 - 19 08 24 03 CC 01 55 00 01 (调用内卫感应灯关的按键)
2025-09-12 02:11:51.620 - 1A 0C 02 08 01 FF 00 01 FF 00 01 FF 00 00 0F (调光器地址-内卫射灯, 内卫感应灯关)
2025-09-12 02:11:52.023 - EE 00 00 B1 00 00 02 FF FC FF FF (情景完成返回主页)
2025-09-12 02:23:42.664 - FF FF FF FF 0A FC (继电器地址-东阳窗帘)
2025-09-12 02:23:42.800 - FE
2025-09-12 02:47:44.312 - 1A BE B0 DC 03 FE (继电器地址-西阳天幕)
2025-09-12 02:47:44.444 - FF
2025-09-12 02:49:31.692 - 1A BE B0 DC 04 FE (继电器地址-西阳窗帘)
2025-09-12 02:49:31.825 - FF
2025-09-12 03:00:00.060 - 50 F7 01 (全屋影音全关)
2025-09-12 03:00:43.918 - 1A BE B0 DC 01 FC (继电器地址-回水泵点动)
2025-09-12 03:00:44.051 - FF
2025-09-12 03:32:44.805 - 19 08 24 03 CC 01 CC 00 01 (调用茶吧感应灯开的按键)
2025-09-12 03:32:44.854 - 1A AA AA AA 88 FF B0 01 FF B0 01 0F (调光器地址-茶吧灯带, 茶吧灯带明亮)
2025-09-12 03:32:51.817 - 19 08 24 03 CC 01 CD 00 01 (调用茶吧感应灯关的按键)
2025-09-12 03:32:51.866 - 1A AA AA AA 88 FF 00 01 FF 00 01 0F (调光器地址-茶吧灯带, 茶吧灯带关闭)
2025-09-12 03:33:43.678 - 1A FF FF FF 04 (继电器地址-东阳衣架)
2025-09-12 03:33:43.813 - FF
2025-09-12 03:34:32.164 - 1A BE B0 DC 02 (正反转地址-外卫卷帘)
2025-09-12 03:39:28.167 - 1A BE B0 DC 09 FC (继电器地址-客厅窗帘)
2025-09-12 03:39:28.303 - FF
2025-09-12 03:53:57.316 - 19 08 24 03 CC 01 CC 00 01 (调用茶吧感应灯开的按键)
2025-09-12 03:53:57.366 - 1A AA AA AA 88 FF B0 01 FF B0 01 0F (调光器地址-茶吧灯带, 茶吧灯带明亮)
2025-09-12 03:54:04.330 - 19 08 24 03 CC 01 CD 00 01 (调用茶吧感应灯关的按键)
2025-09-12 03:54:04.380 - 1A AA AA AA 88 FF 00 01 FF 00 01 0F (调光器地址-茶吧灯带, 茶吧灯带关闭)
2025-09-12 04:13:29.732 - 1A BE B0 DC 0A (继电器地址-客厅纱帘)
2025-09-12 04:17:09.136 - FF FF FF FF 0E (继电器地址-西阳小窗帘)
2025-09-12 04:30:00.294 - EE 00 00 B1 00 00 00 FF FC FF FF (情景执行提示)
2025-09-12 04:30:00.915 - A5 00 A2 FF 00 AA (餐厅纱帘关)
2025-09-12 04:30:01.980 - A5 00 A6 FF 00 AA (餐厅窗帘关)
2025-09-12 04:30:02.039 - 55 00 A6 01 00 0F 01 74 AA 55 00 A6 01 00 0F 01 74 AA (餐厅窗帘电机状态返回)
2025-09-12 04:30:03.079 - A5 00 B7 FF 00 AA 22 0D (书房纱帘关)
2025-09-12 04:30:04.126 - A5 00 D2 FF 00 AA 22 0C (书房窗帘关)
2025-09-12 04:30:04.178 - 55 00 D2 01 00 0E 01 0B AA 55 00 D2 01 00 0E 01 0B AA (书房窗帘电机状态返回)
2025-09-12 04:30:05.226 - EE 00 00 B1 00 00 02 FF FC FF FF (情景完成返回主页)
2025-09-12 04:30:10.743 - 55 00 A6 00 01 66 01 74 AA 55 00 A6 00 01 66 01 74 AA (餐厅窗帘电机状态返回)
2025-09-12 04:30:13.453 - 55 00 D2 00 00 FE 01 0B AA 55 00 D2 00 00 FE 01 0B AA (书房窗帘电机状态返回)
2025-09-12 05:05:27.372 - 19 08 24 03 CC 00 D3 00 01 (调用厨房感应灯开的按键)
2025-09-12 05:05:27.425 - 55 0A 32 00 00 00 01 92 55 0A 32 00 00 00 02 93 (厨房顶灯一开, 厨房顶灯二开)
2025-09-12 05:06:02.938 - 19 08 24 03 CC 00 D4 00 01 (调用厨房感应灯关的按键)
2025-09-12 05:06:02.973 - 55 0A 31 00 00 00 01 91 55 0A 31 00 00 00 02 92 (厨房顶灯一关, 厨房顶灯二关)
2025-09-12 05:43:52.615 - FF FF FF FF 0A (继电器地址-东阳窗帘)
2025-09-12 05:43:52.747 - FC
2025-09-12 06:08:37.323 - 1A BE B0 DC 03 (继电器地址-西阳天幕)
2025-09-12 06:08:37.460 - FF
2025-09-12 06:09:17.492 - 1A BE B0 DC 04 FE (继电器地址-西阳窗帘)
2025-09-12 06:21:37.022 - 1A BE B0 DC 01 (继电器地址-回水泵点动)
2025-09-12 06:21:37.158 - FF
2025-09-12 06:27:18.258 - 19 08 24 03 CC 01 54 00 01 (调用内卫感应灯开的按键)
2025-09-12 06:27:18.312 - 1A 0C 02 08 01 FF 45 01 FF 45 01 FF 00 00 0F (调光器地址-内卫射灯, 内卫射灯微光)
2025-09-12 06:29:24.507 - 19 08 24 03 CC 01 55 00 01 (调用内卫感应灯关的按键)
2025-09-12 06:29:24.560 - 1A 0C 02 08 01 FF 00 01 FF 00 01 FF 00 00 0F (调光器地址-内卫射灯, 内卫感应灯关)
2025-09-12 06:31:06.709 - 19 08 24 03 CC 01 54 00 01 (调用内卫感应灯开的按键)
2025-09-12 06:31:06.745 - 1A 0C 02 08 01 FF 45 01 FF 45 01 FF 00 00 0F (调光器地址-内卫射灯, 内卫射灯微光)
2025-09-12 06:31:26.750 - 19 08 24 03 CC 01 55 00 01 (调用内卫感应灯关的按键)
2025-09-12 06:31:26.783 - 1A 0C 02 08 01 FF 00 01 FF 00 01 FF 00 00 0F (调光器地址-内卫射灯, 内卫感应灯关)
2025-09-12 06:44:59.969 - EE 00 00 B1 00 00 00 FF FC FF FF (情景执行提示)
2025-09-12 06:45:00.562 - 09 06 00 0F 02 01 78 21 (提示音叮)
2025-09-12 06:45:01.154 - 50 F0 04 (开内卫影视)
2025-09-12 06:45:01.703 - 50 F0 05 (开主卧影视)
2025-09-12 06:45:02.258 - 55 11 1D 03 01 7C 06 (主卧纱帘关)
2025-09-12 06:45:02.295 - 55 11 1D 03 01 7C 06 (主卧纱帘关)
2025-09-12 06:45:02.853 - 55 11 1D 03 01 7C 06 (主卧纱帘关)
2025-09-12 06:45:02.895 - 55 11 1D 03 01 7C 06 (主卧纱帘关)
2025-09-12 06:45:03.451 - 55 12 12 03 01 4C 41 (主卧窗帘开)
2025-09-12 06:45:03.490 - 55 12 12 03 01 4C 41 (主卧窗帘开)
2025-09-12 06:45:04.548 - 55 12 12 03 01 4C 41 (主卧窗帘开)
2025-09-12 06:45:04.590 - 55 12 12 03 01 4C 41 (主卧窗帘开)
2025-09-12 06:45:05.646 - 1A 22 33 62 0F 00 02 01 0F (正反转地址-内卫卷帘, 内卫卷帘降)
2025-09-12 06:45:06.194 - 1A FF FF FF 56 00 00 00 0F (人体感应地址-内卫, 关闭内卫感应)
2025-09-12 06:45:06.307 - BC BC
2025-09-12 06:45:06.741 - 1A 20 07 01 55 00 01 00 0F (自保持开关地址-主卧顶灯, 主卧顶灯只关)
2025-09-12 06:45:07.793 - 1A 0C 02 08 01 FF F0 01 FF F0 01 FF 00 00 0F (调光器地址-内卫射灯, 内卫射灯明亮)
2025-09-12 06:45:08.394 - 1A 0C 02 04 01 FF 00 01 FF 00 01 FF 00 00 0F (调光器地址-主卧筒灯, 主卧筒灯关闭)
2025-09-12 06:45:09.020 - 1A 0C 02 04 03 FF 45 01 FF 45 01 FF 00 00 0F (调光器地址-主卧灯带, 主卧灯带微光)
2025-09-12 06:45:09.588 - 1A 0C 02 04 02 FF F0 01 FF 00 01 FF 00 00 0F (调光器地址-主卧过道, 主卧过道暖光)
2025-09-12 06:45:10.190 - 1A 0C 02 04 05 FF 00 01 FF 00 01 FF 00 00 0F (调光器地址-主卧北阅, 主卧北阅关闭)
2025-09-12 06:45:10.785 - 1A 0C 02 04 04 FF 00 01 FF 00 01 FF 00 00 0F (调光器地址-主卧南阅, 主卧南阅关闭)
2025-09-12 06:45:11.868 - 50 F1 24 (内卫—有线2)
2025-09-12 06:45:12.919 - 50 F1 25 (主卧—有线2)
2025-09-12 06:45:13.964 - AF BF CF DF C2 21 (有线2/快捷-凤凰卫视)
2025-09-12 06:45:14.519 - 1A FF FF FF 60 0B 01 01 0F (红外总线地址-主卧发射设备, 主卧电视电源)
2025-09-12 06:45:15.035 - F0 0B 01 08
2025-09-12 06:45:15.562 - 1A BE B0 DC 01 00 01 00 (继电器地址-回水泵点动, 回水泵点动)
2025-09-12 06:45:19.603 - 09 06 00 0F 02 02 38 20 (提示音咚)
2025-09-12 06:45:20.154 - EE 00 00 B1 00 00 02 FF FC FF FF (情景完成返回主页)
2025-09-12 06:45:21.246 - A1 11 11 11 11 01 (内卫浴霸取暖判断)
2025-09-12 06:45:21.472 - 14 03 00 00 00 02 C6 CE (查询内卫温湿度)
2025-09-12 06:45:21.490 - 14 03 04 01 B7 01 01 CF 78 (内卫温湿度返回)
2025-09-12 06:55:16.993 - 1A BE B0 DC 02 FC (正反转地址-外卫卷帘)
2025-09-12 06:55:17.125 - FE
2025-09-12 06:55:18.378 - 1A FF FF FF 04 (继电器地址-东阳衣架)
2025-09-12 06:55:18.516 - FF
2025-09-12 07:00:15.690 - 1A BE B0 DC 09 FC (继电器地址-客厅窗帘)
2025-09-12 07:00:15.826 - FE
2025-09-12 07:13:45.579 - 19 08 24 03 DD 00 40 00 01 (调用情景-离开主卧)
2025-09-12 07:13:46.106 - EE 00 00 B1 00 00 00 FF FC FF FF (情景执行提示)
2025-09-12 07:13:46.701 - 09 06 00 0F 02 01 78 21 (提示音叮)
2025-09-12 07:13:47.245 - 50 F5 05 (关主卧影视)
2025-09-12 07:13:47.841 - 50 F5 04 (关内卫影视)
2025-09-12 07:13:48.396 - 01 06 07 D6 FF 60 28 9E (主卧空调关)
2025-09-12 07:13:48.451 - 01 06 07 D6 FF 60 28 9E (主卧空调关)
2025-09-12 07:13:48.992 - 55 12 12 03 01 4C 41 (主卧窗帘开)
2025-09-12 07:13:49.035 - 55 12 12 03 01 4C 41 (主卧窗帘开)
2025-09-12 07:13:50.092 - 55 12 12 03 01 4C 41 (主卧窗帘开)
2025-09-12 07:13:50.313 - 55 12 12 03 01 4C 41 (主卧窗帘开)
2025-09-12 07:13:51.136 - 55 11 1D 03 02 3C 07 (主卧纱帘开)
2025-09-12 07:13:51.177 - 55 11 1D 03 02 3C 07 (主卧纱帘开)
2025-09-12 07:13:51.735 - 55 11 1D 03 02 3C 07 (主卧纱帘开)
2025-09-12 07:13:51.776 - 55 11 1D 03 02 3C 07 (主卧纱帘开)
2025-09-12 07:13:52.333 - 1A 22 33 62 0F 00 00 01 0F (正反转地址-内卫卷帘, 内卫卷帘升)
2025-09-12 07:13:53.384 - 1A 20 07 01 40 00 01 00 0F (自保持开关地址-内卫顶灯, 内卫顶灯关)
2025-09-12 07:13:54.427 - 1A 20 07 01 55 00 01 00 0F (自保持开关地址-主卧顶灯, 主卧顶灯只关)
2025-09-12 07:13:54.981 - 1A 0C 02 08 01 FF 00 01 FF 00 01 FF 00 00 0F (调光器地址-内卫射灯, 内卫感应灯关)
2025-09-12 07:13:55.573 - 1A FF FF FF 56 00 00 01 0F (人体感应地址-内卫, 打开内卫感应)
2025-09-12 07:13:55.661 - BF BF
2025-09-12 07:13:55.968 - 19 08 24 03 CC 01 54 00 01 (调用内卫感应灯开的按键)
2025-09-12 07:13:56.023 - 1A 0C 02 08 01 FF 45 01 FF 45 01 FF 00 00 0F (调光器地址-内卫射灯, 内卫射灯微光)
2025-09-12 07:13:59.420 - 1A 0C 02 04 FF FF 00 01 FF 00 01 FF 00 00 0F (主卧调光全关)
2025-09-12 07:14:00.510 - 09 06 00 0F 02 02 38 20 (提示音咚)
2025-09-12 07:14:01.064 - EE 00 00 B1 00 00 02 FF FC FF FF (情景完成返回主页)
2025-09-12 07:14:34.245 - 19 08 24 03 CC 01 55 00 01 (调用内卫感应灯关的按键)
2025-09-12 07:14:34.280 - 1A 0C 02 08 01 FF 00 01 FF 00 01 FF 00 00 0F (调光器地址-内卫射灯, 内卫感应灯关)
2025-09-12 07:14:58.166 - 19 08 24 03 CC 01 CC 00 01 (调用茶吧感应灯开的按键)
2025-09-12 07:14:58.196 - 1A AA AA AA 88 FF B0 01 FF B0 01 0F (调光器地址-茶吧灯带, 茶吧灯带明亮)
2025-09-12 07:15:45.387 - 19 08 24 03 CC 01 54 00 01 (调用内卫感应灯开的按键)
2025-09-12 07:15:45.419 - 1A 0C 02 08 01 FF 45 01 FF 45 01 FF 00 00 0F (调光器地址-内卫射灯, 内卫射灯微光)
2025-09-12 07:15:46.262 - 19 08 24 03 CC 01 CD 00 01 (调用茶吧感应灯关的按键)
2025-09-12 07:15:46.290 - 1A AA AA AA 88 FF 00 01 FF 00 01 0F (调光器地址-茶吧灯带, 茶吧灯带关闭)
2025-09-12 07:15:51.788 - 19 08 24 03 CC 00 D3 00 01 (调用厨房感应灯开的按键)
2025-09-12 07:15:51.826 - 55 0A 32 00 00 00 01 92 55 0A 32 00 00 00 02 93 (厨房顶灯一开, 厨房顶灯二开)
2025-09-12 07:16:06.427 - 19 08 24 03 CC 01 55 00 01 (调用内卫感应灯关的按键)
2025-09-12 07:16:06.461 - 1A 0C 02 08 01 FF 00 01 FF 00 01 FF 00 00 0F (调光器地址-内卫射灯, 内卫感应灯关)
2025-09-12 07:16:32.871 - 19 08 24 03 CC 00 D4 00 01 (调用厨房感应灯关的按键)
2025-09-12 07:16:32.905 - 55 0A 31 00 00 00 01 91 55 0A 31 00 00 00 02 92 (厨房顶灯一关, 厨房顶灯二关)
2025-09-12 07:34:54.755 - 1A BE B0 DC 0A (继电器地址-客厅纱帘)
2025-09-12 07:38:50.130 - FF FF FF FF 0E FE (继电器地址-西阳小窗帘)
2025-09-12 07:38:50.264 - FC
2025-09-12 09:20:56.181 - 19 08 24 03 CC 01 54 00 01 (调用内卫感应灯开的按键)
2025-09-12 09:20:56.233 - 1A 0C 02 08 01 FF 45 01 FF 45 01 FF 00 00 0F (调光器地址-内卫射灯, 内卫射灯微光)
2025-09-12 09:21:13.215 - 19 08 24 03 CC 01 55 00 01 (调用内卫感应灯关的按键)
2025-09-12 09:21:13.268 - 1A 0C 02 08 01 FF 00 01 FF 00 01 FF 00 00 0F (调光器地址-内卫射灯, 内卫感应灯关)
2025-09-12 09:21:30.750 - 19 08 24 03 CC 01 54 00 01 (调用内卫感应灯开的按键)
2025-09-12 09:21:30.784 - 1A 0C 02 08 01 FF 45 01 FF 45 01 FF 00 00 0F (调光器地址-内卫射灯, 内卫射灯微光)
2025-09-12 09:22:35.879 - 19 08 24 03 CC 01 55 00 01 (调用内卫感应灯关的按键)
2025-09-12 09:22:35.914 - 1A 0C 02 08 01 FF 00 01 FF 00 01 FF 00 00 0F (调光器地址-内卫射灯, 内卫感应灯关)
2025-09-12 09:23:07.441 - 19 08 24 03 CC 01 54 00 01 (调用内卫感应灯开的按键)
2025-09-12 09:23:07.478 - 1A 0C 02 08 01 FF 45 01 FF 45 01 FF 00 00 0F (调光器地址-内卫射灯, 内卫射灯微光)
2025-09-12 09:23:25.479 - 19 08 24 03 CC 01 55 00 01 (调用内卫感应灯关的按键)
2025-09-12 09:23:25.514 - 1A 0C 02 08 01 FF 00 01 FF 00 01 FF 00 00 0F (调光器地址-内卫射灯, 内卫感应灯关)
2025-09-12 09:23:58.543 - 19 08 24 03 CC 01 54 00 01 (调用内卫感应灯开的按键)
2025-09-12 09:23:58.577 - 1A 0C 02 08 01 FF 45 01 FF 45 01 FF 00 00 0F (调光器地址-内卫射灯, 内卫射灯微光)
2025-09-12 09:24:50.144 - 19 08 24 03 CC 01 55 00 01 (调用内卫感应灯关的按键)
2025-09-12 09:24:50.178 - 1A 0C 02 08 01 FF 00 01 FF 00 01 FF 00 00 0F (调光器地址-内卫射灯, 内卫感应灯关)
2025-09-12 09:30:07.249 - 1A BE B0 DC 04 FE (继电器地址-西阳窗帘)
2025-09-12 09:30:07.383 - FE
2025-09-12 09:30:52.706 - 1A BE B0 DC 03 FE (继电器地址-西阳天幕)
2025-09-12 09:30:52.842 - FF
2025-09-12 09:32:23.316 - 19 08 24 03 CC 01 52 00 01 (调用外卫感应灯开的按键)
2025-09-12 09:32:23.365 - 1A 0D 01 07 01 FF 45 01 FF 45 01 FF 00 00 0F (调光器地址-外卫射灯, 外卫感应灯开)
2025-09-12 09:34:54.680 - FF FF FF FF 0A FC (继电器地址-东阳窗帘)
2025-09-12 09:34:54.811 - FF
2025-09-12 09:36:06.756 - 19 08 24 03 CC 01 53 00 01 (调用外卫感应灯关的按键)
2025-09-12 09:36:06.807 - 1A 0D 01 07 01 FF 00 01 FF 00 01 FF 00 00 0F (调光器地址-外卫射灯, 外卫感应灯关)
2025-09-12 09:43:52.861 - 1A BE B0 DC 01 FC (继电器地址-回水泵点动)
2025-09-12 09:43:52.994 - FF
2025-09-12 10:16:27.731 - 1A BE B0 DC 02 (正反转地址-外卫卷帘)
2025-09-12 10:16:55.153 - 1A FF FF FF 04 FC (继电器地址-东阳衣架)
2025-09-12 10:16:55.287 - FF
2025-09-12 10:19:08.915 - 19 08 24 03 CC 00 D3 00 01 (调用厨房感应灯开的按键)
2025-09-12 10:19:08.968 - 55 0A 32 00 00 00 01 92 55 0A 32 00 00 00 02 93 (厨房顶灯一开, 厨房顶灯二开)
2025-09-12 10:19:43.984 - 19 08 24 03 CC 00 D4 00 01 (调用厨房感应灯关的按键)
2025-09-12 10:19:44.038 - 55 0A 31 00 00 00 01 91 55 0A 31 00 00 00 02 92 (厨房顶灯一关, 厨房顶灯二关)
2025-09-12 10:21:20.138 - 1A BE B0 DC 09 FC (继电器地址-客厅窗帘)
2025-09-12 10:21:20.274 - FF
2025-09-12 10:48:48.917 - 19 08 24 03 CC 00 D3 00 01 (调用厨房感应灯开的按键)
2025-09-12 10:48:48.968 - 55 0A 32 00 00 00 01 92 55 0A 32 00 00 00 02 93 (厨房顶灯一开, 厨房顶灯二开)
2025-09-12 10:49:23.988 - 19 08 24 03 CC 00 D4 00 01 (调用厨房感应灯关的按键)
2025-09-12 10:49:24.041 - 55 0A 31 00 00 00 01 91 55 0A 31 00 00 00 02 92 (厨房顶灯一关, 厨房顶灯二关)
2025-09-12 10:50:19.045 - 19 08 24 03 CC 01 52 00 01 (调用外卫感应灯开的按键)
2025-09-12 10:50:19.076 - 1A 0D 01 07 01 FF 45 01 FF 45 01 FF 00 00 0F (调光器地址-外卫射灯, 外卫感应灯开)
2025-09-12 10:55:28.579 - 1A BE B0 DC 0A FC (继电器地址-客厅纱帘)
2025-09-12 10:55:28.712 - FF
2025-09-12 10:58:52.034 - FF FF FF FF 0E FC (继电器地址-西阳小窗帘)
2025-09-12 10:58:52.167 - FC
2025-09-12 11:01:36.881 - 19 08 24 03 CC 01 53 00 01 (调用外卫感应灯关的按键)
2025-09-12 11:01:36.934 - 1A 0D 01 07 01 FF 00 01 FF 00 01 FF 00 00 0F (调光器地址-外卫射灯, 外卫感应灯关)
2025-09-12 11:13:44.473 - 19 08 24 03 CC 01 CC 00 01 (调用茶吧感应灯开的按键)
2025-09-12 11:13:44.520 - 1A AA AA AA 88 FF B0 01 FF B0 01 0F (调光器地址-茶吧灯带, 茶吧灯带明亮)
2025-09-12 11:14:58.120 - 19 08 24 03 CC 01 CD 00 01 (调用茶吧感应灯关的按键)
2025-09-12 11:14:58.150 - 1A AA AA AA 88 FF 00 01 FF 00 01 0F (调光器地址-茶吧灯带, 茶吧灯带关闭)
2025-09-12 11:22:31.862 - 19 08 24 03 CC 01 52 00 01 (调用外卫感应灯开的按键)
2025-09-12 11:22:31.893 - 1A 0D 01 07 01 FF 45 01 FF 45 01 FF 00 00 0F (调光器地址-外卫射灯, 外卫感应灯开)
2025-09-12 11:22:34.811 - 19 08 24 03 DD 00 3E 00 01 (调用情景-外卫照明关帘)
2025-09-12 11:22:35.340 - EE 00 00 B1 00 00 00 FF FC FF FF (情景执行提示)
2025-09-12 11:22:35.933 - 09 06 00 0F 02 01 78 21 (提示音叮)
2025-09-12 11:22:36.480 - 1A FF FF FF 55 00 00 00 0F (人体感应地址-外卫, 关闭外卫感应)
2025-09-12 11:22:36.591 - BF BF
2025-09-12 11:22:37.535 - 1A 0D 01 07 01 FF F0 01 FF F0 01 FF 00 00 0F (调光器地址-外卫射灯, 外卫射灯明亮)
2025-09-12 11:22:38.125 - 09 06 00 0F 02 02 38 20 (提示音咚)
2025-09-12 11:22:38.676 - EE 00 00 B1 00 00 02 FF FC FF FF (情景完成返回主页)
2025-09-12 11:30:18.437 - 19 08 24 03 CC 01 CC 00 01 (调用茶吧感应灯开的按键)
2025-09-12 11:30:18.524 - 1A AA AA AA 88 FF B0 01 FF B0 01 0F (调光器地址-茶吧灯带, 茶吧灯带明亮)
2025-09-12 11:32:05.149 - 19 08 24 03 CC 01 CD 00 01 (调用茶吧感应灯关的按键)
2025-09-12 11:32:05.179 - 1A AA AA AA 88 FF 00 01 FF 00 01 0F (调光器地址-茶吧灯带, 茶吧灯带关闭)
2025-09-12 11:44:00.149 - 19 08 24 03 DD 00 28 00 01 (调用情景-离开次卧)
2025-09-12 11:44:00.654 - EE 00 00 B1 00 00 00 FF FC FF FF (情景执行提示)
2025-09-12 11:44:01.247 - 09 06 00 0F 02 01 78 21 (提示音叮)
2025-09-12 11:44:01.789 - 50 F5 06 (关次卧影视)
2025-09-12 11:44:02.343 - 01 06 07 D9 FF 60 18 9D (次卧空调关)
2025-09-12 11:44:02.370 - 01 06 07 D9 FF 60 18 9D (次卧空调关)
2025-09-12 11:44:02.940 - A5 00 76 FE 01 AA (次卧窗帘开)
2025-09-12 11:44:02.991 - 55 00 76 02 01 0E 01 1B AA 55 00 76 02 01 0E 01 1B AA (次卧窗帘电机状态返回)
2025-09-12 11:44:04.036 - A5 00 21 FE 01 AA (次卧纱帘开)
2025-09-12 11:44:04.088 - 55 00 21 02 01 27 01 34 AA 55 00 21 02 01 27 01 34 AA (次卧纱帘电机状态返回)
2025-09-12 11:44:05.138 - 1A 20 07 00 70 00 01 00 0F (自保持开关地址-次卧顶灯, 次卧顶灯只关)
2025-09-12 11:44:05.690 - 1A 0E 03 05 FF FF 00 01 FF 00 01 FF 00 00 0F (调光器地址-次卧调光统配符, 次卧调光全关)
2025-09-12 11:44:06.281 - 09 06 00 0F 02 02 38 20 (提示音咚)
2025-09-12 11:44:08.329 - EE 00 00 B1 00 00 02 FF FC FF FF (情景完成返回主页)
2025-09-12 11:44:10.010 - 55 00 76 00 00 0E 01 1B AA 55 00 76 00 00 0E 01 1B AA (次卧窗帘电机状态返回)
2025-09-12 11:44:11.653 - 55 00 21 00 00 0D 01 34 AA 55 00 21 00 00 0D 01 34 AA (次卧纱帘电机状态返回)
2025-09-12 11:45:30.737 - 19 08 24 03 CC 01 CC 00 01 (调用茶吧感应灯开的按键)
2025-09-12 11:45:30.788 - 1A AA AA AA 88 FF B0 01 FF B0 01 0F (调光器地址-茶吧灯带, 茶吧灯带明亮)
2025-09-12 11:46:22.842 - 19 08 24 03 CC 01 CD 00 01 (调用茶吧感应灯关的按键)
2025-09-12 11:46:22.869 - 1A AA AA AA 88 FF 00 01 FF 00 01 0F (调光器地址-茶吧灯带, 茶吧灯带关闭)
2025-09-12 11:49:04.050 - 19 08 24 03 CC 00 D3 00 01 (调用厨房感应灯开的按键)
2025-09-12 11:49:04.088 - 55 0A 32 00 00 00 01 92 55 0A 32 00 00 00 02 93 (厨房顶灯一开, 厨房顶灯二开)
2025-09-12 11:49:49.642 - 19 08 24 03 CC 00 D4 00 01 (调用厨房感应灯关的按键)
2025-09-12 11:49:49.675 - 55 0A 31 00 00 00 01 91 55 0A 31 00 00 00 02 92 (厨房顶灯一关, 厨房顶灯二关)
2025-09-12 11:59:20.878 - 19 08 24 03 CC 01 CC 00 01 (调用茶吧感应灯开的按键)
2025-09-12 11:59:20.908 - 1A AA AA AA 88 FF B0 01 FF B0 01 0F (调光器地址-茶吧灯带, 茶吧灯带明亮)
2025-09-12 11:59:32.287 - 19 08 24 03 CC 00 D3 00 01 (调用厨房感应灯开的按键)
2025-09-12 11:59:32.321 - 55 0A 32 00 00 00 01 92 55 0A 32 00 00 00 02 93 (厨房顶灯一开, 厨房顶灯二开)
2025-09-12 11:59:35.405 - 19 08 24 03 CC 01 CD 00 01 (调用茶吧感应灯关的按键)
2025-09-12 11:59:35.439 - 1A AA AA AA 88 FF 00 01 FF 00 01 0F (调光器地址-茶吧灯带, 茶吧灯带关闭)
2025-09-12 12:01:14.489 - 19 08 24 03 CC 00 D4 00 01 (调用厨房感应灯关的按键)
2025-09-12 12:01:14.523 - 55 0A 31 00 00 00 01 91 55 0A 31 00 00 00 02 92 (厨房顶灯一关, 厨房顶灯二关)
2025-09-12 12:01:15.603 - 19 08 24 03 CC 01 CC 00 01 (调用茶吧感应灯开的按键)
2025-09-12 12:01:15.636 - 1A AA AA AA 88 FF B0 01 FF B0 01 0F (调光器地址-茶吧灯带, 茶吧灯带明亮)
2025-09-12 12:01:31.521 - 19 08 24 03 CC 00 D3 00 01 (调用厨房感应灯开的按键)
2025-09-12 12:01:31.557 - 55 0A 32 00 00 00 01 92 55 0A 32 00 00 00 02 93 (厨房顶灯一开, 厨房顶灯二开)
2025-09-12 12:01:35.143 - 19 08 24 03 CC 01 CD 00 01 (调用茶吧感应灯关的按键)
2025-09-12 12:01:35.175 - 1A AA AA AA 88 FF 00 01 FF 00 01 0F (调光器地址-茶吧灯带, 茶吧灯带关闭)
2025-09-12 12:02:55.301 - 19 08 24 03 CC 01 CC 00 01 (调用茶吧感应灯开的按键)
2025-09-12 12:02:55.331 - 1A AA AA AA 88 FF B0 01 FF B0 01 0F (调光器地址-茶吧灯带, 茶吧灯带明亮)
2025-09-12 12:03:13.336 - 19 08 24 03 CC 01 CD 00 01 (调用茶吧感应灯关的按键)
2025-09-12 12:03:13.369 - 1A AA AA AA 88 FF 00 01 FF 00 01 0F (调光器地址-茶吧灯带, 茶吧灯带关闭)
2025-09-12 12:03:17.729 - 19 08 24 03 CC 00 D4 00 01 (调用厨房感应灯关的按键)
2025-09-12 12:03:17.766 - 55 0A 31 00 00 00 01 91 55 0A 31 00 00 00 02 92 (厨房顶灯一关, 厨房顶灯二关)
2025-09-12 12:03:22.238 - 19 08 24 03 CC 00 D3 00 01 (调用厨房感应灯开的按键)
2025-09-12 12:03:22.276 - 55 0A 32 00 00 00 01 92 55 0A 32 00 00 00 02 93 (厨房顶灯一开, 厨房顶灯二开)
2025-09-12 12:06:06.181 - 19 08 24 03 CC 01 CC 00 01 (调用茶吧感应灯开的按键)
2025-09-12 12:06:06.214 - 1A AA AA AA 88 FF B0 01 FF B0 01 0F (调光器地址-茶吧灯带, 茶吧灯带明亮)
2025-09-12 12:06:20.707 - 19 08 24 03 CC 01 CD 00 01 (调用茶吧感应灯关的按键)
2025-09-12 12:06:20.737 - 1A AA AA AA 88 FF 00 01 FF 00 01 0F (调光器地址-茶吧灯带, 茶吧灯带关闭)
2025-09-12 12:06:40.630 - 19 08 24 03 CC 00 D4 00 01 (调用厨房感应灯关的按键)
2025-09-12 12:06:40.664 - 55 0A 31 00 00 00 01 91 55 0A 31 00 00 00 02 92 (厨房顶灯一关, 厨房顶灯二关)
