2024-09-09 20:41:09.179 - 19 08 24 03 CC 01 CC 00 01 (调用茶吧感应灯开的按键)
2024-09-09 20:41:10.127 - 1A AA AA AA 88 FF B0 01 FF B0 01 0F (调光器地址-茶吧灯带, 茶吧灯带明亮)
2024-09-09 20:41:47.915 - 00
2024-09-09 20:42:58.101 - 1A BB BB BB 01 01 00
2024-09-09 20:43:19.750 - 1A BB BB BB 01 02 00
2024-09-09 20:43:28.442 - 1A BB BB BB 01 03 00
2024-09-09 20:43:30.040 - 1A BB BB BB 01 03 00
2024-09-09 20:43:31.126 - 1A BB BB BB 01 03 00
2024-09-09 20:43:32.273 - 1A BB BB BB 01 03 00
2024-09-09 20:44:38.658 - 19 08 24 03 CC 01 54 00 01 (调用内卫感应灯开的按键)
2024-09-09 20:44:38.711 - 1A 0C 02 08 01 FF 45 01 FF 45 01 FF 00 00 0F (调光器地址-内卫射灯, 内卫射灯微光)
2024-09-09 20:44:44.612 - 19 08 24 03 CC 01 CD 00 01 (调用茶吧感应灯关的按键)
2024-09-09 20:44:44.642 - 1A AA AA AA 88 FF 00 01 FF 00 01 0F (调光器地址-茶吧灯带, 茶吧灯带关闭)
2024-09-09 20:45:21.744 - 19 08 24 03 CC 01 55 00 01 (调用内卫感应灯关的按键)
2024-09-09 20:45:21.778 - 1A 0C 02 08 01 FF 00 01 FF 00 01 FF 00 00 0F (调光器地址-内卫射灯, 内卫感应灯关)
2024-09-09 20:45:22.747 - 19 08 24 03 CC 01 54 00 01 (调用内卫感应灯开的按键)
2024-09-09 20:45:22.781 - 1A 0C 02 08 01 FF 45 01 FF 45 01 FF 00 00 0F (调光器地址-内卫射灯, 内卫射灯微光)
2024-09-09 20:45:37.216 - 19 08 24 03 CC 01 CC 00 01 (调用茶吧感应灯开的按键)
2024-09-09 20:45:37.247 - 1A AA AA AA 88 FF B0 01 FF B0 01 0F (调光器地址-茶吧灯带, 茶吧灯带明亮)
2024-09-09 20:45:44.731 - 19 08 24 03 CC 01 CD 00 01 (调用茶吧感应灯关的按键)
2024-09-09 20:45:44.763 - 1A AA AA AA 88 FF 00 01 FF 00 01 0F (调光器地址-茶吧灯带, 茶吧灯带关闭)
2024-09-09 20:45:51.803 - 19 08 24 03 CC 01 55 00 01 (调用内卫感应灯关的按键)
2024-09-09 20:45:51.838 - 1A 0C 02 08 01 FF 00 01 FF 00 01 FF 00 00 0F (调光器地址-内卫射灯, 内卫感应灯关)
2024-09-09 20:46:17.795 - 19 08 24 03 CC 01 CC 00 01 (调用茶吧感应灯开的按键)
2024-09-09 20:46:17.826 - 1A AA AA AA 88 FF B0 01 FF B0 01 0F (调光器地址-茶吧灯带, 茶吧灯带明亮)
2024-09-09 20:47:33.003 - 19 08 24 03 CC 01 54 00 01 (调用内卫感应灯开的按键)
2024-09-09 20:47:33.037 - 1A 0C 02 08 01 FF 45 01 FF 45 01 FF 00 00 0F (调光器地址-内卫射灯, 内卫射灯微光)
2024-09-09 20:47:58.553 - 19 08 24 03 CC 01 55 00 01 (调用内卫感应灯关的按键)
2024-09-09 20:47:58.587 - 1A 0C 02 08 01 FF 00 01 FF 00 01 FF 00 00 0F (调光器地址-内卫射灯, 内卫感应灯关)
2024-09-09 20:49:20.019 - FF
2024-09-09 20:49:20.029 - 00
2024-09-09 20:49:20.206 - 00
2024-09-09 20:49:20.345 - 11 D4 35 AC 8C
2024-09-09 20:49:20.350 - 2C CC BC
2024-09-09 20:49:20.355 - BB 56
2024-09-09 20:49:20.357 - CE
2024-09-09 20:49:20.360 - F5 9C
2024-09-09 20:56:01.504 - 19 08 24 03 CC 01 54 00 01 (调用内卫感应灯开的按键)
2024-09-09 20:56:01.560 - 1A 0C 02 08 01 FF 45 01 FF 45 01 FF 00 00 0F (调光器地址-内卫射灯, 内卫射灯微光)
2024-09-09 20:56:07.460 - 19 08 24 03 CC 01 CD 00 01 (调用茶吧感应灯关的按键)
2024-09-09 20:56:07.492 - 1A AA AA AA 88 FF 00 01 FF 00 01 0F (调光器地址-茶吧灯带, 茶吧灯带关闭)
2024-09-09 20:56:28.557 - 19 08 24 03 CC 01 55 00 01 (调用内卫感应灯关的按键)
2024-09-09 20:56:28.590 - 1A 0C 02 08 01 FF 00 01 FF 00 01 FF 00 00 0F (调光器地址-内卫射灯, 内卫感应灯关)
2024-09-09 20:56:50.098 - 19 08 24 03 CC 01 54 00 01 (调用内卫感应灯开的按键)
2024-09-09 20:56:50.134 - 1A 0C 02 08 01 FF 45 01 FF 45 01 FF 00 00 0F (调光器地址-内卫射灯, 内卫射灯微光)
2024-09-09 20:57:17.653 - 19 08 24 03 CC 01 55 00 01 (调用内卫感应灯关的按键)
2024-09-09 20:57:17.687 - 1A 0C 02 08 01 FF 00 01 FF 00 01 FF 00 00 0F (调光器地址-内卫射灯, 内卫感应灯关)
2024-09-09 20:57:24.112 - 19 08 24 03 CC 01 CC 00 01 (调用茶吧感应灯开的按键)
2024-09-09 20:57:24.141 - 1A AA AA AA 88 FF B0 01 FF B0 01 0F (调光器地址-茶吧灯带, 茶吧灯带明亮)
2024-09-09 20:58:58.351 - 19 08 24 03 CC 01 54 00 01 (调用内卫感应灯开的按键)
2024-09-09 20:58:58.386 - 1A 0C 02 08 01 FF 45 01 FF 45 01 FF 00 00 0F (调光器地址-内卫射灯, 内卫射灯微光)
2024-09-09 20:59:23.901 - 19 08 24 03 CC 01 55 00 01 (调用内卫感应灯关的按键)
2024-09-09 20:59:23.952 - 1A 0C 02 08 01 FF 00 01 FF 00 01 FF 00 00 0F (调光器地址-内卫射灯, 内卫感应灯关)
2024-09-09 21:02:45.891 - FF FF FF FF 0E (继电器地址-西阳小窗帘)
2024-09-09 21:03:41.838 - 1A BE B0 DC 04 FC (继电器地址-西阳窗帘)
2024-09-09 21:03:41.972 - FF
2024-09-09 21:03:54.472 - 1A BE B0 DC 09 FC (继电器地址-客厅窗帘)
2024-09-09 21:03:54.605 - FF
2024-09-09 21:04:59.872 - 1A BE B0 DC 02 FE (正反转地址-外卫卷帘)
2024-09-09 21:05:00.006 - FF
2024-09-09 21:05:00.333 - 1A BE B0 DC 0A FE (继电器地址-客厅纱帘)
2024-09-09 21:05:00.467 - FF
2024-09-09 21:05:16.935 - 1A BB BB BB 01 03 00
2024-09-09 21:06:11.468 - 1A BE B0 DC 01 (继电器地址-回水泵点动)
2024-09-09 21:06:11.605 - FF
2024-09-09 21:06:15.467 - 1A BE B0 DC 03 FF (继电器地址-西阳天幕)
2024-09-09 21:06:15.602 - FF
2024-09-09 21:08:51.091 - 19 08 24 03 CC 00 D3 00 01 (调用厨房感应灯开的按键)
2024-09-09 21:08:51.146 - 55 0A 32 00 00 00 01 92 55 0A 32 00 00 00 02 93 (厨房顶灯一开, 厨房顶灯二开)
2024-09-09 21:09:10.505 - 19 08 24 03 CC 01 CD 00 01 (调用茶吧感应灯关的按键)
2024-09-09 21:09:10.555 - 1A AA AA AA 88 FF 00 01 FF 00 01 0F (调光器地址-茶吧灯带, 茶吧灯带关闭)
2024-09-09 21:09:35.679 - 19 08 24 03 CC 00 D4 00 01 (调用厨房感应灯关的按键)
2024-09-09 21:09:35.713 - 55 0A 31 00 00 00 01 91 55 0A 31 00 00 00 02 92 (厨房顶灯一关, 厨房顶灯二关)
2024-09-09 21:11:13.426 - 1A BB BB BB 01 02 00
2024-09-09 21:11:15.054 - 1A BB BB BB 01 01 00
2024-09-09 21:14:51.080 - FF FF FF FF 0A FE (继电器地址-东阳窗帘)
2024-09-09 21:14:51.214 - FF
