2024-09-01 20:23:42.347 - 19 08 24 03 CC 01 CC 00 01 (调用茶吧感应灯开的按键)
2024-09-01 20:23:42.396 - 1A AA AA AA 88 FF B0 01 FF B0 01 0F (调光器地址-茶吧灯带, 茶吧灯带明亮)
2024-09-01 20:23:59.833 - 19 08 24 03 CC 00 D3 00 01 (调用厨房感应灯开的按键)
2024-09-01 20:23:59.887 - 55 0A 32 00 00 00 01 92 55 0A 32 00 00 00 02 93 (厨房顶灯一开, 厨房顶灯二开)
2024-09-01 20:24:11.398 - 19 08 24 03 CC 01 CD 00 01 (调用茶吧感应灯关的按键)
2024-09-01 20:24:11.430 - 1A AA AA AA 88 FF 00 01 FF 00 01 0F (调光器地址-茶吧灯带, 茶吧灯带关闭)
2024-09-01 20:25:02.498 - 19 08 24 03 CC 01 CC 00 01 (调用茶吧感应灯开的按键)
2024-09-01 20:25:02.530 - 1A AA AA AA 88 FF B0 01 FF B0 01 0F (调光器地址-茶吧灯带, 茶吧灯带明亮)
2024-09-01 20:26:12.321 - 19 08 24 03 DD 00 3B 00 01 (调用情景-书房照明关帘)
2024-09-01 20:26:12.830 - EE 00 00 B1 00 00 00 FF FC FF FF (情景执行提示)
2024-09-01 20:26:13.424 - 09 06 00 0F 02 01 78 21 (提示音叮)
2024-09-01 20:26:13.985 - 1A 0A 04 06 01 FF F0 01 FF F0 01 FF 00 00 0F (调光器地址-书房射灯, 书房射灯明亮)
2024-09-01 20:26:18.067 - A5 00 B7 FF 00 AA 22 0D (书房纱帘关)
2024-09-01 20:26:18.101 - 19 08 24 03 CC 00 D4 00 01 (调用厨房感应灯关的按键)
2024-09-01 20:26:18.189 - 55 0A 31 00 00 00 01 91 55 0A 31 00 00 00 02 92 (厨房顶灯一关, 厨房顶灯二关)
2024-09-01 20:26:19.562 - A5 00 D2 FF 00 AA 22 0C (书房窗帘关)
2024-09-01 20:26:19.616 - 55 00 D2 01 00 0E 00 F2 AA 55 00 D2 01 00 0E 00 F2 AA (书房窗帘电机状态返回)
2024-09-01 20:26:20.653 - 09 06 00 0F 02 02 38 20 (提示音咚)
2024-09-01 20:26:21.254 - EE 00 00 B1 00 00 02 FF FC FF FF (情景完成返回主页)
2024-09-01 20:26:22.661 - 19 08 24 03 CC 01 CD 00 01 (调用茶吧感应灯关的按键)
2024-09-01 20:26:22.712 - 1A AA AA AA 88 FF 00 01 FF 00 01 0F (调光器地址-茶吧灯带, 茶吧灯带关闭)
2024-09-01 20:26:23.168 - 19 08 24 03 DD 00 42 00 01 (调用情景-主卧电视空调)
2024-09-01 20:26:23.699 - EE 00 00 B1 00 00 00 FF FC FF FF (情景执行提示)
2024-09-01 20:26:24.294 - 09 06 00 0F 02 01 78 21 (提示音叮)
2024-09-01 20:26:24.839 - 50 F0 05 (开主卧影视)
2024-09-01 20:26:25.385 - 50 F0 04 (开内卫影视)
2024-09-01 20:26:25.943 - 1A FF FF FF 56 00 00 00 0F (人体感应地址-内卫, 关闭内卫感应)
2024-09-01 20:26:26.488 - 1A 22 33 62 0F 00 02 01 0F (正反转地址-内卫卷帘, 内卫卷帘降)
2024-09-01 20:26:27.032 - A5 00 53 FE 01 AA (主卧纱帘关)
2024-09-01 20:26:27.083 - 55 00 53 02 02 22 02 30 AA 55 00 53 02 02 22 02 30 AA (主卧纱帘电机状态返回)
2024-09-01 20:26:27.442 - 55 00 D2 00 00 E5 00 F2 AA 55 00 D2 00 00 E5 00 F2 AA (书房窗帘电机状态返回)
2024-09-01 20:26:28.128 - A5 00 52 FF 00 AA (主卧窗帘关)
2024-09-01 20:26:29.180 - 1A 0C 02 04 FF FF 45 01 FF 45 01 FF 00 00 0F (主卧调光微光)
2024-09-01 20:26:33.264 - 1A 0C 02 08 01 FF 45 01 FF 45 01 FF 00 00 0F (调光器地址-内卫射灯, 内卫射灯微光)
2024-09-01 20:26:33.567 - FF
2024-09-01 20:26:33.855 - 50 F1 25 (主卧—有线2)
2024-09-01 20:26:34.397 - A1 11 11 11 42 (主卧空调自动开)
2024-09-01 20:26:34.621 - 19 08 24 03 F0 BB 78 02 02 00
2024-09-01 20:26:34.684 - 23 AA 56 02 14 1B 0A 18 09 01 07 73 65 6F 6B 65 6E 64
2024-09-01 20:26:34.955 - 50 F1 24 (内卫—有线2)
2024-09-01 20:26:35.642 - 01 10 07 D6 00 03 06 70 61 00 02 00 F0 0F 3E (主卧空调冷24度)
2024-09-01 20:26:35.674 - 01 10 07 D6 00 03 06 70 61 00 02 00 F0 0F 3E (主卧空调冷24度)
2024-09-01 20:26:36.999 - AF BF CF DF C2 21 (有线2/快捷-凤凰卫视)
2024-09-01 20:26:37.869 - 55 00 53 00 00 0C 02 30 AA 55 00 53 00 00 0C 02 30 AA (主卧纱帘电机状态返回)
2024-09-01 20:26:39.049 - 1A FF FF FF 60 0B 01 01 0F (红外总线地址-主卧发射设备, 主卧电视电源)
2024-09-01 20:26:39.566 - F0 0B 01 08
2024-09-01 20:26:40.310 - 55 20 20 00 02 09 02 16 AA 55 20 20 00 02 09 02 16 AA (主卧窗帘电机状态返回)
2024-09-01 20:26:42.099 - 19 08 24 03 CC 01 52 00 01 (调用外卫感应灯开的按键)
2024-09-01 20:26:42.150 - 1A 0D 01 07 01 FF 45 01 FF 45 01 FF 00 00 0F (调光器地址-外卫射灯, 外卫感应灯开)
2024-09-01 20:26:47.073 - 09 06 00 0F 02 02 38 20 (提示音咚)
2024-09-01 20:26:47.675 - EE 00 00 B1 00 00 02 FF FC FF FF (情景完成返回主页)
2024-09-01 20:26:49.115 - 19 08 24 03 CC 01 53 00 01 (调用外卫感应灯关的按键)
2024-09-01 20:26:49.148 - 1A 0D 01 07 01 FF 00 01 FF 00 01 FF 00 00 0F (调光器地址-外卫射灯, 外卫感应灯关)
2024-09-01 20:27:48.985 - 1A 22 33 62 0F 00 00 01 0F (正反转地址-内卫卷帘, 内卫卷帘升)
2024-09-01 20:27:51.615 - 1A 20 07 00 93 00 01 02 0F (自保持开关地址-设备区顶, 设备区顶灯开关)
2024-09-01 20:31:49.647 - 1A 20 07 00 93 00 01 02 0F (自保持开关地址-设备区顶, 设备区顶灯开关)
2024-09-01 20:31:50.428 - 1A 22 33 62 0F 00 02 01 0F (正反转地址-内卫卷帘, 内卫卷帘降)
2024-09-01 20:33:40.066 - 19 08 24 03 DD 00 3A 00 01 (调用情景-离开书房)
2024-09-01 20:33:40.608 - EE 00 00 B1 00 00 00 FF FC FF FF (情景执行提示)
2024-09-01 20:33:41.199 - 09 06 00 0F 02 01 78 21 (提示音叮)
2024-09-01 20:33:41.749 - 01 06 07 DC FF 60 08 9C (书房空调关)
2024-09-01 20:33:41.773 - 01 06 07 DC FF 60 08 9C (书房空调关)
2024-09-01 20:33:42.345 - 50 F5 07 (关书房影视)
2024-09-01 20:33:42.889 - A5 00 D2 FE 01 AA 22 0D (书房窗帘开)
2024-09-01 20:33:42.953 - 55 00 D2 02 00 E5 00 F2 AA 55 00 D2 02 00 E5 00 F2 AA (书房窗帘电机状态返回)
2024-09-01 20:33:43.552 - 19 08 24 03 CC 01 CC 00 01 (调用茶吧感应灯开的按键)
2024-09-01 20:33:43.591 - 1A AA AA AA 88 FF B0 01 FF B0 01 0F (调光器地址-茶吧灯带, 茶吧灯带明亮)
2024-09-01 20:33:43.994 - A5 00 B7 FF 00 AA 22 0D (书房纱帘关)
2024-09-01 20:33:45.091 - 55 0D 31 00 00 00 01 94 (书房顶灯只关)
2024-09-01 20:33:46.192 - 1A 0A 04 06 01 FF 00 01 FF 00 01 FF 00 00 0F (调光器地址-书房射灯, 书房射灯关闭)
2024-09-01 20:33:48.026 - 19 08 24 03 CC 00 D3 00 01 (调用厨房感应灯开的按键)
2024-09-01 20:33:48.058 - 55 0A 32 00 00 00 01 92 55 0A 32 00 00 00 02 93 (厨房顶灯一开, 厨房顶灯二开)
2024-09-01 20:33:49.812 - 55 00 D2 00 00 0E 00 F2 AA 55 00 D2 00 00 0E 00 F2 AA (书房窗帘电机状态返回)
2024-09-01 20:33:50.270 - 09 06 00 0F 02 02 38 20 (提示音咚)
2024-09-01 20:33:50.818 - EE 00 00 B1 00 00 02 FF FC FF FF (情景完成返回主页)
2024-09-01 20:34:40.129 - 19 08 24 03 CC 00 D4 00 01 (调用厨房感应灯关的按键)
2024-09-01 20:34:40.183 - 55 0A 31 00 00 00 01 91 55 0A 31 00 00 00 02 92 (厨房顶灯一关, 厨房顶灯二关)
2024-09-01 20:35:35.740 - 19 08 24 03 CC 00 D3 00 01 (调用厨房感应灯开的按键)
2024-09-01 20:35:35.774 - 55 0A 32 00 00 00 01 92 55 0A 32 00 00 00 02 93 (厨房顶灯一开, 厨房顶灯二开)
2024-09-01 20:35:47.835 - 19 08 24 03 CC 01 CD 00 01 (调用茶吧感应灯关的按键)
2024-09-01 20:35:47.864 - 1A AA AA AA 88 FF 00 01 FF 00 01 0F (调光器地址-茶吧灯带, 茶吧灯带关闭)
2024-09-01 20:35:58.345 - 19 08 24 03 CC 01 CC 00 01 (调用茶吧感应灯开的按键)
2024-09-01 20:35:58.379 - 1A AA AA AA 88 FF B0 01 FF B0 01 0F (调光器地址-茶吧灯带, 茶吧灯带明亮)
2024-09-01 20:36:15.209 - EE 00 6E B1 01 00 03 FF FC FF FF
2024-09-01 20:36:16.886 - EE 00 6E B1 01 00 08 FF FC FF FF
2024-09-01 20:36:17.329 - 1A BE B0 DC 0A 00 01 00 (继电器地址-客厅纱帘, 客厅纱帘关)
2024-09-01 20:36:17.379 - D9
2024-09-01 20:36:42.362 - 19 08 24 03 CC 00 D4 00 01 (调用厨房感应灯关的按键)
2024-09-01 20:36:42.422 - 55 0A 31 00 00 00 01 91 55 0A 31 00 00 00 02 92 (厨房顶灯一关, 厨房顶灯二关)
2024-09-01 20:49:59.697 - 19 08 24 03 DD 00 1B 00 01 (调用情景-外卫使用)
2024-09-01 20:50:00.238 - EE 00 00 B1 00 00 00 FF FC FF FF (情景执行提示)
2024-09-01 20:50:00.830 - 09 06 00 0F 02 01 78 21 (提示音叮)
2024-09-01 20:50:01.420 - 1A BE B0 DC 02 00 01 00 (正反转地址-外卫卷帘, 外卫卷帘降)
2024-09-01 20:50:01.978 - 50 F0 03 (开外卫影视)
2024-09-01 20:50:02.531 - 1A FF FF FF 55 00 00 00 0F (人体感应地址-外卫, 关闭外卫感应)
2024-09-01 20:50:03.080 - 1A 0D 01 07 01 FF 45 01 FF 45 01 FF 00 00 0F (调光器地址-外卫射灯, 外卫感应灯开)
2024-09-01 20:50:05.169 - 1A BE B0 DC 01 00 01 00 (继电器地址-回水泵点动, 回水泵点动)
2024-09-01 20:50:06.222 - 1A BE B0 DC 01 00 01 00 (继电器地址-回水泵点动, 回水泵点动)
2024-09-01 20:50:07.262 - 1A BE B0 DC 01 00 01 00 (继电器地址-回水泵点动, 回水泵点动)
2024-09-01 20:50:08.298 - 50 F1 43 (外卫—CH4)
2024-09-01 20:50:25.305 - A1 11 11 11 11 05 (外卫使用浴霸判断)
2024-09-01 20:50:25.526 - 13 03 00 00 00 02 C7 79 (查询外卫温湿度)
2024-09-01 20:50:25.543 - 13 03 04 01 CA 01 0B A9 A7 (外卫温湿度返回)
2024-09-01 20:50:27.346 - 09 06 00 0F 02 02 38 20 (提示音咚)
2024-09-01 20:50:29.389 - EE 00 00 B1 00 00 02 FF FC FF FF (情景完成返回主页)
2024-09-01 21:04:59.032 - 19 08 24 03 DD 00 1C 00 01 (调用情景-外卫使用完毕)
2024-09-01 21:04:59.559 - EE 00 00 B1 00 00 00 FF FC FF FF (情景执行提示)
2024-09-01 21:05:00.155 - 09 06 00 0F 02 01 78 21 (提示音叮)
2024-09-01 21:05:00.706 - 1A 0D 01 07 01 FF 00 01 FF 00 01 FF 00 00 0F (调光器地址-外卫射灯, 外卫感应灯关)
2024-09-01 21:05:01.296 - 50 F5 03 (关外卫影视)
2024-09-01 21:05:01.891 - 1A 20 07 00 42 00 01 00 0F (自保持开关地址-外卫顶灯, 外卫顶灯关)
2024-09-01 21:05:02.445 - 1A FF FF FF 55 00 00 01 0F (人体感应地址-外卫, 打开外卫感应)
2024-09-01 21:05:02.541 - BC BC
2024-09-01 21:05:02.843 - 19 08 24 03 CC 01 52 00 01 (调用外卫感应灯开的按键)
2024-09-01 21:05:02.895 - 1A 0D 01 07 01 FF 45 01 FF 45 01 FF 00 00 0F (调光器地址-外卫射灯, 外卫感应灯开)
2024-09-01 21:05:05.293 - 09 06 00 0F 02 02 38 20 (提示音咚)
2024-09-01 21:05:05.893 - EE 00 00 B1 00 00 02 FF FC FF FF (情景完成返回主页)
2024-09-01 21:05:11.065 - 19 08 24 03 CC 01 53 00 01 (调用外卫感应灯关的按键)
2024-09-01 21:05:11.097 - 1A 0D 01 07 01 FF 00 01 FF 00 01 FF 00 00 0F (调光器地址-外卫射灯, 外卫感应灯关)
2024-09-01 21:05:27.852 - 19 08 24 03 CC 01 CC 00 01 (调用茶吧感应灯开的按键)
2024-09-01 21:05:27.886 - 1A AA AA AA 88 FF B0 01 FF B0 01 0F (调光器地址-茶吧灯带, 茶吧灯带明亮)
2024-09-01 21:06:11.867 - 19 08 24 03 CC 00 D3 00 01 (调用厨房感应灯开的按键)
2024-09-01 21:06:11.901 - 55 0A 32 00 00 00 01 92 55 0A 32 00 00 00 02 93 (厨房顶灯一开, 厨房顶灯二开)
2024-09-01 21:06:31.480 - 19 08 24 03 CC 01 CD 00 01 (调用茶吧感应灯关的按键)
2024-09-01 21:06:31.501 - 1A AA AA AA 88 FF 00 01 FF 00 01 0F (调光器地址-茶吧灯带, 茶吧灯带关闭)
2024-09-01 21:06:53.449 - 19 08 24 03 CC 00 D4 00 01 (调用厨房感应灯关的按键)
2024-09-01 21:06:53.481 - 55 0A 31 00 00 00 01 91 55 0A 31 00 00 00 02 92 (厨房顶灯一关, 厨房顶灯二关)
2024-09-01 21:07:03.645 - 1A BE B0 DC 04 (继电器地址-西阳窗帘)
2024-09-01 21:07:03.780 - FF
2024-09-01 21:07:18.609 - 19 08 24 03 DD 00 1A 00 01 (调用情景-客厅电视播放)
2024-09-01 21:07:19.142 - EE 00 00 B1 00 00 00 FF FC FF FF (情景执行提示)
2024-09-01 21:07:19.738 - 09 06 00 0F 02 01 78 21 (提示音叮)
2024-09-01 21:07:20.284 - 50 F0 08 (开客厅影视)
2024-09-01 21:07:29.349 - 50 F1 28 (客厅—有线2)
2024-09-01 21:07:29.911 - 09 06 00 0F 02 01 78 21 (提示音叮)
2024-09-01 21:07:30.459 - EE 00 00 B1 00 00 02 FF FC FF FF (情景完成返回主页)
2024-09-01 21:08:28.076 - FF FF FF FF 0E FC (继电器地址-西阳小窗帘)
2024-09-01 21:08:28.163 - FF
2024-09-01 21:08:54.632 - 1A FF 01 FF FF FF 60 01 FF 60 01 FF 00 00 0F (调光器地址-公共区域统配地址)
2024-09-01 21:09:10.896 - 1A EC A0 DC 02 00 00 00 0F (自保持开关地址-天花12V供电, 天花12V 供电关)
2024-09-01 21:09:15.660 - 1A EC A0 DC 01 00 01 01 0F (自保持开关地址-电视、设备12V供电, 12V 设备供电开)
2024-09-01 21:09:21.009 - 1A EC A0 DC 01 00 01 00 0F (自保持开关地址-电视、设备12V供电, 12V 设备供电关)
2024-09-01 21:09:25.311 - 1A EC A0 DC 01 00 01 01 0F (自保持开关地址-电视、设备12V供电, 12V 设备供电开)
2024-09-01 21:09:25.546 - 02
2024-09-01 21:09:25.679 - FF
2024-09-01 21:09:25.705 - 1A FF
2024-09-01 21:09:25.711 - FF
2024-09-01 21:09:25.745 - EE 00 7E 07 FF FC FF
2024-09-01 21:09:25.902 - FE EB FB 0A FF
2024-09-01 21:09:25.934 - EE 00 71 B1 01 00 02 FF FC FF FF
2024-09-01 21:09:25.953 - FC
2024-09-01 21:09:26.578 - F7
2024-09-01 21:09:26.875 - FC
2024-09-01 21:09:27.145 - 68 86
2024-09-01 21:09:27.192 - 68 86 FF
2024-09-01 21:09:27.273 - EB FC
2024-09-01 21:09:27.275 - B4 18
2024-09-01 21:09:27.411 - 1A BE B0 DC 03 (继电器地址-西阳天幕)
2024-09-01 21:09:27.547 - FD
2024-09-01 21:09:27.836 - FF
2024-09-01 21:09:28.164 - FF
2024-09-01 21:09:28.452 - FE
2024-09-01 21:09:28.785 - 68 86 FE
2024-09-01 21:09:32.543 - 1A EC A0 DC 01 00 01 01 0F (自保持开关地址-电视、设备12V供电, 12V 设备供电开)
2024-09-01 21:09:34.730 - 19 08 24 03 CC 01 CC 00 01 (调用茶吧感应灯开的按键)
2024-09-01 21:09:34.781 - 1A AA AA AA 88 FF B0 01 FF B0 01 0F (调光器地址-茶吧灯带, 茶吧灯带明亮)
2024-09-01 21:09:42.235 - 19 08 24 03 CC 01 CD 00 01 (调用茶吧感应灯关的按键)
2024-09-01 21:09:42.266 - 1A AA AA AA 88 FF 00 01 FF 00 01 0F (调光器地址-茶吧灯带, 茶吧灯带关闭)
2024-09-01 21:09:48.572 - 1A EC A0 DC 02 00 00 01 0F (自保持开关地址-天花12V供电, 天花12V 供电开)
2024-09-01 21:09:49.096 - 1A AA AA AA 88 (调光器地址-茶吧灯带)
2024-09-01 21:09:52.969 - 1A EC A0 DC 02 00 00 00 0F (自保持开关地址-天花12V供电, 天花12V 供电关)
2024-09-01 21:09:54.502 - 1A EC A0 DC 01 00 01 00 0F (自保持开关地址-电视、设备12V供电, 12V 设备供电关)
2024-09-01 21:09:56.709 - 1A EC A0 DC 01 00 01 01 0F (自保持开关地址-电视、设备12V供电, 12V 设备供电开)
2024-09-01 21:09:56.934 - 02
2024-09-01 21:09:56.948 - FF
2024-09-01 21:09:57.078 - FF
2024-09-01 21:09:57.101 - 1A 27 89 12
2024-09-01 21:09:57.112 - FF
2024-09-01 21:09:57.143 - EE 00 7E 07 FF FC FF
2024-09-01 21:09:57.305 - FF 6B C8 08 E3 02 FD
2024-09-01 21:09:57.332 - EE 00 71 B1 01 00 02 FF FC FF FF
2024-09-01 21:09:57.441 - F7
2024-09-01 21:09:58.265 - FF
2024-09-01 21:09:58.352 - FF
2024-09-01 21:09:58.527 - 6E 87
2024-09-01 21:09:58.590 - 68 86
2024-09-01 21:09:58.671 - 7A BC
2024-09-01 21:09:58.680 - 68 86 FF 68 86 FF
2024-09-01 21:09:58.799 - 1A BE B0 DC 03 (继电器地址-西阳天幕)
2024-09-01 21:09:58.941 - F7
2024-09-01 21:09:59.240 - FF
2024-09-01 21:09:59.851 - FF
2024-09-01 21:10:00.174 - 68 86 FF
2024-09-01 21:10:04.154 - 1A EC A0 DC 02 00 00 01 0F (自保持开关地址-天花12V供电, 天花12V 供电开)
2024-09-01 21:10:04.663 - 1A AA AA AA 88 (调光器地址-茶吧灯带)
2024-09-01 21:10:05.765 - 1A FF 01 FF FF FF 60 01 FF 60 01 FF 00 00 0F (调光器地址-公共区域统配地址)
2024-09-01 21:10:06.160 - 19 08 24 03 CC 01 CC 00 01 (调用茶吧感应灯开的按键)
2024-09-01 21:10:06.207 - 1A AA AA AA 88 FF B0 01 FF B0 01 0F (调光器地址-茶吧灯带, 茶吧灯带明亮)
2024-09-01 21:10:13.660 - 19 08 24 03 CC 01 CD 00 01 (调用茶吧感应灯关的按键)
2024-09-01 21:10:13.692 - 1A AA AA AA 88 FF 00 01 FF 00 01 0F (调光器地址-茶吧灯带, 茶吧灯带关闭)
2024-09-01 21:10:37.906 - 1A EC A0 DC 02 00 00 00 0F (自保持开关地址-天花12V供电, 天花12V 供电关)
2024-09-01 21:10:40.529 - 1A EC A0 DC 02 00 00 01 0F (自保持开关地址-天花12V供电, 天花12V 供电开)
2024-09-01 21:10:41.037 - 1A AA AA AA 88 (调光器地址-茶吧灯带)
2024-09-01 21:10:41.461 - 1A FF 01 FF FF FF 60 01 FF 60 01 FF 00 00 0F (调光器地址-公共区域统配地址)
2024-09-01 21:10:47.706 - 1A FF 01 FF FF FF 60 01 FF 60 01 FF 00 00 0F (调光器地址-公共区域统配地址)
2024-09-01 21:11:07.271 - 1A EC A0 DC 02 00 00 00 0F (自保持开关地址-天花12V供电, 天花12V 供电关)
2024-09-01 21:11:09.085 - 1A EC A0 DC 02 00 00 01 0F (自保持开关地址-天花12V供电, 天花12V 供电开)
2024-09-01 21:11:09.584 - 1A AA AA AA 88 (调光器地址-茶吧灯带)
2024-09-01 21:11:10.328 - 1A FF 01 FF FF FF 60 01 FF 60 01 FF 00 00 0F (调光器地址-公共区域统配地址)
2024-09-01 21:11:12.744 - 1A FF 01 FF FF FF 60 01 FF 60 01 FF 00 00 0F (调光器地址-公共区域统配地址)
2024-09-01 21:11:21.002 - 1A EC A0 DC 02 00 00 00 0F (自保持开关地址-天花12V供电, 天花12V 供电关)
2024-09-01 21:11:23.688 - 1A EC A0 DC 02 00 00 01 0F (自保持开关地址-天花12V供电, 天花12V 供电开)
2024-09-01 21:11:24.192 - 1A AA AA AA 88 (调光器地址-茶吧灯带)
2024-09-01 21:11:24.789 - 1A FF 01 FF FF FF 60 01 FF 60 01 FF 00 00 0F (调光器地址-公共区域统配地址)
2024-09-01 21:11:25.892 - 1A FF 01 FF FF FF 60 01 FF 60 01 FF 00 00 0F (调光器地址-公共区域统配地址)
2024-09-01 21:11:37.265 - 1A EC A0 DC 02 00 00 00 0F (自保持开关地址-天花12V供电, 天花12V 供电关)
2024-09-01 21:11:42.148 - 1A EC A0 DC 02 00 00 01 0F (自保持开关地址-天花12V供电, 天花12V 供电开)
2024-09-01 21:11:42.647 - 1A AA AA AA 88 (调光器地址-茶吧灯带)
2024-09-01 21:11:43.015 - 1A FF 01 FF FF FF 60 01 FF 60 01 FF 00 00 0F (调光器地址-公共区域统配地址)
2024-09-01 21:11:43.648 - 1A FF 01 FF FF FF 60 01 FF 60 01 FF 00 00 0F (调光器地址-公共区域统配地址)
2024-09-01 21:11:45.953 - 1A FF 01 FF FF FF 60 01 FF 60 01 FF 00 00 0F (调光器地址-公共区域统配地址)
2024-09-01 21:12:02.980 - 1A EC A0 DC 02 00 00 00 0F (自保持开关地址-天花12V供电, 天花12V 供电关)
2024-09-01 21:12:06.774 - 1A EC A0 DC 02 00 00 01 0F (自保持开关地址-天花12V供电, 天花12V 供电开)
2024-09-01 21:12:07.284 - 1A AA AA AA 88 (调光器地址-茶吧灯带)
2024-09-01 21:12:07.765 - 1A FF 01 FF FF FF 60 01 FF 60 01 FF 00 00 0F (调光器地址-公共区域统配地址)
2024-09-01 21:12:08.931 - 1A FF 01 FF FF FF 60 01 FF 60 01 FF 00 00 0F (调光器地址-公共区域统配地址)
