2025-09-21 15:27:40.712 - 1A 0C 02 08 01 86 86 86 0F (调光器地址-内卫射灯)
2025-09-21 15:27:40.755 - 1A 0C 02 08 01 00 4C 00 00 4C 00 00 5E 00 0F (调光器地址-内卫射灯)
2025-09-21 15:27:40.764 - 1A 0C 02 08
2025-09-21 15:27:43.285 - 1A 0C 02 08 01 86 86 86 0F (调光器地址-内卫射灯)
2025-09-21 15:27:43.310 - 1A 0C 02 08 01 00 4C 00 00 4C 00 00 5E 00 0F (调光器地址-内卫射灯)
2025-09-21 15:27:43.841 - 1A 0C 02 08 01 FF 40 01 FF 40 01 FF 00 00 0F (调光器地址-内卫射灯)
2025-09-21 15:27:46.342 - 1A 0C 02 08 01 86 86 86 0F (调光器地址-内卫射灯)
2025-09-21 15:27:46.389 - 1A 0C 02 08 01 00 19 01 00 19 01 00 5E 00 0F (调光器地址-内卫射灯)
2025-09-21 15:27:46.397 - 1A 0C 02 08 01 FE (调光器地址-内卫射灯)
2025-09-21 15:27:47.411 - 1A 0C 02 08 01 FF 80 01 FF 80 01 FF 00 00 0F (调光器地址-内卫射灯)
2025-09-21 15:27:49.916 - 1A 0C 02 08 01 86 86 86 0F (调光器地址-内卫射灯)
2025-09-21 15:27:49.960 - 1A 0C 02 08 01 00 32 01 00 32 01 00 5E 01 0F (调光器地址-内卫射灯)
2025-09-21 15:27:49.969 - 1A 0C 02 08 01 FE (调光器地址-内卫射灯)
2025-09-21 15:27:50.995 - 1A 0C 02 08 01 FF C0 01 FF C0 01 FF 00 00 0F (调光器地址-内卫射灯)
2025-09-21 15:27:53.498 - 1A 0C 02 08 01 86 86 86 0F (调光器地址-内卫射灯)
2025-09-21 15:27:53.542 - 1A 0C 02 08 01 00 4B 01 00 4B 01 00 5E 00 0F (调光器地址-内卫射灯)
2025-09-21 15:27:53.550 - 1A 0C 02 08 01 F6 (调光器地址-内卫射灯)
2025-09-21 15:27:54.565 - 1A 0C 02 08 01 FF FF 01 FF FF 01 FF 00 00 0F (调光器地址-内卫射灯)
2025-09-21 15:27:57.069 - 1A 0C 02 08 01 86 86 86 0F (调光器地址-内卫射灯)
2025-09-21 15:27:57.114 - 1A 0C 02 08 01 00 63 01 00 63 01 00 5E 01 0F (调光器地址-内卫射灯)
2025-09-21 15:27:57.121 - 1A 0C 02 08 81
2025-09-21 15:27:58.150 - 1A 0C 02 08 01 FF 80 01 FF 80 01 FF 00 00 0F (调光器地址-内卫射灯)
2025-09-21 15:28:00.655 - 1A 0C 02 08 01 86 86 86 0F (调光器地址-内卫射灯)
2025-09-21 15:28:00.699 - 1A 0C 02 08 01 00 32 01 00 32 01 00 5E 01 0F (调光器地址-内卫射灯)
2025-09-21 15:28:00.708 - 1A 0C 02 08 01 FE (调光器地址-内卫射灯)
2025-09-21 15:28:01.735 - 1A 0C 02 08 01 FF 00 01 FF 00 01 FF 00 00 0F (调光器地址-内卫射灯, 内卫感应灯关)
2025-09-21 15:28:04.234 - 1A 0C 02 08 01 86 86 86 0F (调光器地址-内卫射灯)
2025-09-21 15:28:04.279 - 1A 0C 02 08 01 00 4C 00 00 4C 00 00 5E 00 0F (调光器地址-内卫射灯)
2025-09-21 15:28:04.809 - 1A 0C 02 08 01 FF 00 01 FF 00 01 FF 00 00 0F (调光器地址-内卫射灯, 内卫感应灯关)
2025-09-21 15:28:07.314 - 1A 0C 02 08 01 86 86 86 0F (调光器地址-内卫射灯)
2025-09-21 15:28:07.359 - 1A 0C 02 08 01 00 4C 00 00 4C 00 00 5E 00 0F (调光器地址-内卫射灯)
2025-09-21 15:28:07.888 - 1A 0C 02 08 01 FF 00 01 FF 00 01 FF 00 00 0F (调光器地址-内卫射灯, 内卫感应灯关)
2025-09-21 15:28:10.394 - 1A 0C 02 08 01 86 86 86 0F (调光器地址-内卫射灯)
2025-09-21 15:28:10.439 - 1A 0C 02 08 01 00 4C 00 00 4C 00 00 5E 00 0F (调光器地址-内卫射灯)
2025-09-21 15:28:10.447 - 1A 0C 02 08 FF
2025-09-21 15:28:23.518 - 1A 0C 02 08 01 86 86 86 0F (调光器地址-内卫射灯)
2025-09-21 15:28:23.556 - 1A 0C 02 08 01 00 4C 00 00 4C 00 00 5E 00 0F (调光器地址-内卫射灯)
2025-09-21 15:31:59.999 - 1A BE B0 DC 01 (继电器地址-回水泵点动)
2025-09-21 15:32:00.135 - FF
2025-09-21 15:35:23.174 - 1A 0C 02 08 01 FF 00 01 FF 00 01 FF 00 00 0F (调光器地址-内卫射灯, 内卫感应灯关)
2025-09-21 15:35:28.740 - 1A 0C 02 08 01 86 86 86 0F (调光器地址-内卫射灯)
2025-09-21 15:35:28.786 - 1A 0C 02 08 01 00 (调光器地址-内卫射灯)
2025-09-21 15:35:28.798 - 4C 00 00 4C 00 00 5E 00 0F
2025-09-21 15:35:33.291 - 1A 0C 02 08 01 86 86 86 0F (调光器地址-内卫射灯)
2025-09-21 15:35:33.330 - 1A 0C 02 08 01 00 4C 00 00 4C 00 00 5E 00 0F (调光器地址-内卫射灯)
