2025-09-24 22:51:07.553 - 1A 18 05 10 31 86 86 86 0F (自保持开关地址-门厅顶灯)
2025-09-24 22:51:07.708 - 1A 18 05 10 31 00 00 00 00 0F (自保持开关地址-门厅顶灯)
2025-09-24 22:51:19.932 - 19 08 24 03 CC 01 CC 00 01 (调用茶吧感应灯开的按键)
2025-09-24 22:51:19.982 - 1A AA AA AA 88 FF B0 01 FF B0 01 0F (调光器地址-茶吧灯带, 茶吧灯带明亮)
2025-09-24 22:51:35.963 - 19 08 24 03 CC 01 CD 00 01 (调用茶吧感应灯关的按键)
2025-09-24 22:51:35.994 - 1A AA AA AA 88 FF 00 01 FF 00 01 0F (调光器地址-茶吧灯带, 茶吧灯带关闭)
2025-09-24 22:51:40.974 - 19 08 24 03 CC 01 CC 00 01 (调用茶吧感应灯开的按键)
2025-09-24 22:51:41.004 - 1A AA AA AA 88 FF B0 01 FF B0 01 0F (调光器地址-茶吧灯带, 茶吧灯带明亮)
2025-09-24 22:51:43.249 - 19 08 24 03 CC 00 D3 00 01 (调用厨房感应灯开的按键)
2025-09-24 22:51:43.286 - 55 0A 32 00 00 00 01 92 55 0A 32 00 00 00 02 93 (厨房顶灯一开, 厨房顶灯二开)
2025-09-24 22:51:52.996 - 19 08 24 03 CC 01 CD 00 01 (调用茶吧感应灯关的按键)
2025-09-24 22:51:53.029 - 1A AA AA AA 88 FF 00 01 FF 00 01 0F (调光器地址-茶吧灯带, 茶吧灯带关闭)
2025-09-24 22:52:17.547 - 19 08 24 03 CC 01 CC 00 01 (调用茶吧感应灯开的按键)
2025-09-24 22:52:17.578 - 1A AA AA AA 88 FF B0 01 FF B0 01 0F (调光器地址-茶吧灯带, 茶吧灯带明亮)
2025-09-24 22:52:41.093 - 19 08 24 03 CC 01 CD 00 01 (调用茶吧感应灯关的按键)
2025-09-24 22:52:41.123 - 1A AA AA AA 88 FF 00 01 FF 00 01 0F (调光器地址-茶吧灯带, 茶吧灯带关闭)
2025-09-24 22:52:55.391 - 19 08 24 03 CC 00 D4 00 01 (调用厨房感应灯关的按键)
2025-09-24 22:52:55.426 - 55 0A 31 00 00 00 01 91 55 0A 31 00 00 00 02 92 (厨房顶灯一关, 厨房顶灯二关)
2025-09-24 22:53:03.636 - 19 08 24 03 CC 01 CC 00 01 (调用茶吧感应灯开的按键)
2025-09-24 22:53:03.665 - 1A AA AA AA 88 FF B0 01 FF B0 01 0F (调光器地址-茶吧灯带, 茶吧灯带明亮)
2025-09-24 22:53:55.579 - FF FF FF FF 0A FC (继电器地址-东阳窗帘)
2025-09-24 22:53:55.713 - FF
2025-09-24 22:54:05.255 - 19 08 24 03 DD 00 13 00 01 (调用情景-公共区域关)
2025-09-24 22:54:05.787 - EE 00 00 B1 00 00 00 FF FC FF FF (情景执行提示)
2025-09-24 22:54:06.386 - 09 06 00 0F 02 01 78 21 (提示音叮)
2025-09-24 22:54:06.933 - 55 0B 31 00 00 00 01 92 (厨房风扇只关)
2025-09-24 22:54:07.980 - 01 06 07 D3 FF 60 38 9F (餐厅空调关)
2025-09-24 22:54:08.010 - 01 06 07 D3 FF 60 38 9F (餐厅空调关)
2025-09-24 22:54:09.072 - 01 06 07 D0 FF 60 C8 9F (客厅空调关)
2025-09-24 22:54:09.111 - 01 06 07 D0 FF 60 C8 9F (客厅空调关)
2025-09-24 22:54:13.158 - 50 F5 02 (关厨房影视)
2025-09-24 22:54:14.202 - 50 F5 01 (关餐厅影视)
2025-09-24 22:54:15.253 - 50 F5 08 (关客厅影视)
2025-09-24 22:54:15.288 - 19 08 24 03 CC 01 CD 00 01 (调用茶吧感应灯关的按键)
2025-09-24 22:54:15.385 - 1A AA AA AA 88 FF 00 01 FF 00 01 0F (调光器地址-茶吧灯带, 茶吧灯带关闭)
2025-09-24 22:54:16.345 - 50 F5 03 (关外卫影视)
2025-09-24 22:54:17.398 - 55 0A 31 00 00 00 01 91 (厨房顶灯一关)
2025-09-24 22:54:18.445 - 55 0A 31 00 00 00 02 92 (厨房顶灯二关)
2025-09-24 22:54:19.491 - 55 0C 31 00 00 00 01 93 (餐厅顶灯关)
2025-09-24 22:54:20.537 - 1A 18 05 10 31 00 01 00 0F (自保持开关地址-门厅顶灯, 门厅顶灯关)
2025-09-24 22:54:21.582 - 1A 20 07 00 42 00 01 00 0F (自保持开关地址-外卫顶灯, 外卫顶灯关)
2025-09-24 22:54:22.632 - 1A 18 05 21 89 00 01 00 0F (自保持开关地址-客厅顶灯, 客厅顶灯一关)
2025-09-24 22:54:23.678 - 1A 18 05 01 94 00 01 00 0F (自保持开关地址-客厅顶灯, 客厅顶灯二关)
2025-09-24 22:54:24.726 - 1A 20 07 01 30 00 01 00 0F (自保持开关地址-西阳顶灯, 西阳顶灯关)
2025-09-24 22:54:25.777 - 1A FF 01 FF FF FF 00 01 FF 00 01 FF 00 00 0F (调光器地址-公共区域统配地址, 公共区域灯光全关)
2025-09-24 22:54:26.868 - 09 06 00 0F 02 02 38 20 (提示音咚)
2025-09-24 22:54:28.913 - EE 00 00 B1 00 00 02 FF FC FF FF (情景完成返回主页)
2025-09-24 23:01:34.606 - 19 08 24 03 DD 00 4F 00 01 (调用情景-内卫使用完毕)
2025-09-24 23:01:35.112 - EE 00 00 B1 00 00 00 FF FC FF FF (情景执行提示)
2025-09-24 23:01:35.707 - 09 06 00 0F 02 01 78 21 (提示音叮)
2025-09-24 23:01:36.288 - 1A 0C 02 08 01 FF 00 01 FF 00 01 FF 00 00 0F (调光器地址-内卫射灯, 内卫感应灯关)
2025-09-24 23:01:40.335 - 50 F5 04 (关内卫影视)
2025-09-24 23:01:40.891 - 1A 20 07 01 40 00 01 00 0F (自保持开关地址-内卫顶灯, 内卫顶灯关)
2025-09-24 23:01:41.436 - 1A FF FF FF 56 00 00 01 0F (人体感应地址-内卫, 打开内卫感应)
2025-09-24 23:01:41.549 - BC BC
2025-09-24 23:01:41.857 - 19 08 24 03 CC 01 54 00 01 (调用内卫感应灯开的按键)
2025-09-24 23:01:41.908 - 1A 0C 02 08 01 FF 45 01 FF 45 01 FF 00 00 0F (调光器地址-内卫射灯, 内卫射灯微光)
2025-09-24 23:01:44.278 - 09 06 00 0F 02 02 38 20 (提示音咚)
2025-09-24 23:01:44.831 - EE 00 00 B1 00 00 02 FF FC FF FF (情景完成返回主页)
2025-09-24 23:01:56.087 - 19 08 24 03 CC 01 55 00 01 (调用内卫感应灯关的按键)
2025-09-24 23:01:56.118 - 1A 0C 02 08 01 FF 00 01 FF 00 01 FF 00 00 0F (调光器地址-内卫射灯, 内卫感应灯关)
2025-09-24 23:03:40.290 - 19 08 24 03 CC 01 54 00 01 (调用内卫感应灯开的按键)
2025-09-24 23:03:40.326 - 1A 0C 02 08 01 FF 45 01 FF 45 01 FF 00 00 0F (调光器地址-内卫射灯, 内卫射灯微光)
2025-09-24 23:03:59.326 - 19 08 24 03 CC 01 55 00 01 (调用内卫感应灯关的按键)
2025-09-24 23:03:59.364 - 1A 0C 02 08 01 FF 00 01 FF 00 01 FF 00 00 0F (调光器地址-内卫射灯, 内卫感应灯关)
2025-09-25 00:02:40.413 - 1A BE B0 DC 03 FD (继电器地址-西阳天幕)
2025-09-25 00:02:40.550 - FC
2025-09-25 00:04:58.054 - 19 08 24 03 DD 00 4B 00 01 (调用情景-主卧睡觉)
2025-09-25 00:04:58.619 - EE 00 00 B1 00 00 00 FF FC FF FF (情景执行提示)
2025-09-25 00:04:59.212 - 09 06 00 0F 02 01 78 21 (提示音叮)
2025-09-25 00:04:59.752 - 50 F5 04 (关内卫影视)
2025-09-25 00:05:00.355 - 55 11 1D 03 01 7C 06 (主卧纱帘关)
2025-09-25 00:05:00.400 - 55 11 1D 03 01 7C 06 (主卧纱帘关)
2025-09-25 00:05:01.452 - 55 12 12 03 02 0C 40 (主卧窗帘关)
2025-09-25 00:05:01.489 - 55 12 12 03 02 0C 40 (主卧窗帘关)
2025-09-25 00:05:02.548 - 1A 22 33 62 0F 00 02 01 0F (正反转地址-内卫卷帘, 内卫卷帘降)
2025-09-25 00:05:03.596 - 1A 20 07 01 40 00 01 00 0F (自保持开关地址-内卫顶灯, 内卫顶灯关)
2025-09-25 00:05:04.643 - 1A 20 07 01 55 00 01 00 0F (自保持开关地址-主卧顶灯, 主卧顶灯只关)
2025-09-25 00:05:05.239 - 1A FF FF FF 56 00 00 01 0F (人体感应地址-内卫, 打开内卫感应)
2025-09-25 00:05:05.254 - BC BC
2025-09-25 00:05:08.836 - 1A 0C 02 08 01 FF 00 01 FF 00 01 FF 00 00 0F (调光器地址-内卫射灯, 内卫感应灯关)
2025-09-25 00:05:09.436 - 1A 0C 02 04 01 FF 00 01 FF 00 01 FF 00 00 0F (调光器地址-主卧筒灯, 主卧筒灯关闭)
2025-09-25 00:05:10.033 - 1A 0C 02 04 03 FF 00 01 FF 00 01 FF 00 00 0F (调光器地址-主卧灯带, 主卧灯带关闭)
2025-09-25 00:05:10.630 - 1A 0C 02 04 04 FF 00 01 FF 00 01 FF 00 00 0F (调光器地址-主卧南阅, 主卧南阅关闭)
2025-09-25 00:05:11.228 - 1A 0C 02 04 05 FF 00 01 FF 00 01 FF 00 00 0F (调光器地址-主卧北阅, 主卧北阅关闭)
2025-09-25 00:05:11.827 - 1A 0C 02 04 02 FF 00 01 FF 00 01 FF 00 00 0F (调光器地址-主卧过道, 主卧过道关闭)
2025-09-25 00:05:12.417 - 09 06 00 0F 02 02 38 20 (提示音咚)
2025-09-25 00:05:12.970 - EE 00 00 B1 00 00 02 FF FC FF FF (情景完成返回主页)
2025-09-25 00:14:06.368 - 1A BE B0 DC 01 FC (继电器地址-回水泵点动)
2025-09-25 00:14:06.505 - FE
2025-09-25 00:15:03.737 - FF FF FF FF 0E (继电器地址-西阳小窗帘)
2025-09-25 00:15:03.871 - FF
2025-09-25 00:17:04.864 - 1A BE B0 DC 02 (正反转地址-外卫卷帘)
2025-09-25 00:17:05.001 - FF
2025-09-25 00:24:02.882 - 1A BE B0 DC 09 (继电器地址-客厅窗帘)
2025-09-25 00:24:03.015 - FF
2025-09-25 00:50:04.734 - 1A FF FF FF 04 FC (继电器地址-东阳衣架)
2025-09-25 01:03:59.054 - 1A BE B0 DC 0A FD (继电器地址-客厅纱帘)
2025-09-25 01:45:28.579 - 1A BE B0 DC 04 (继电器地址-西阳窗帘)
2025-09-25 01:45:28.715 - FF
2025-09-25 02:50:24.136 - FF FF FF FF 0A FF (继电器地址-东阳窗帘)
2025-09-25 02:59:41.439 - 50 F7 01 (全屋影音全关)
2025-09-25 03:20:56.205 - 19 08 24 03 CC 01 54 00 01 (调用内卫感应灯开的按键)
2025-09-25 03:20:56.258 - 1A 0C 02 08 01 FF 45 01 FF 45 01 FF 00 00 0F (调光器地址-内卫射灯, 内卫射灯微光)
2025-09-25 03:23:06.463 - 19 08 24 03 CC 01 55 00 01 (调用内卫感应灯关的按键)
2025-09-25 03:23:06.515 - 1A 0C 02 08 01 FF 00 01 FF 00 01 FF 00 00 0F (调光器地址-内卫射灯, 内卫感应灯关)
2025-09-25 03:23:58.258 - 1A BE B0 DC 03 (继电器地址-西阳天幕)
2025-09-25 03:24:48.163 - 19 08 24 03 CC 01 54 00 01 (调用内卫感应灯开的按键)
2025-09-25 03:24:48.216 - 1A 0C 02 08 01 FF 45 01 FF 45 01 FF 00 00 0F (调光器地址-内卫射灯, 内卫射灯微光)
2025-09-25 03:25:07.698 - 19 08 24 03 CC 01 55 00 01 (调用内卫感应灯关的按键)
2025-09-25 03:25:07.754 - 1A 0C 02 08 01 FF 00 01 FF 00 01 FF 00 00 0F (调光器地址-内卫射灯, 内卫感应灯关)
2025-09-25 03:34:55.438 - 1A BE B0 DC 01 FE (继电器地址-回水泵点动)
2025-09-25 03:34:55.573 - FF
2025-09-25 03:35:03.182 - FF FF FF FF 0E (继电器地址-西阳小窗帘)
2025-09-25 03:37:31.350 - 1A BE B0 DC 02 (正反转地址-外卫卷帘)
2025-09-25 03:37:31.484 - FF
2025-09-25 03:44:21.296 - 1A BE B0 DC 09 (继电器地址-客厅窗帘)
2025-09-25 03:44:21.430 - FF
2025-09-25 04:10:56.299 - 1A FF FF FF 04 FC (继电器地址-东阳衣架)
2025-09-25 04:24:32.445 - 1A BE B0 DC 0A FC (继电器地址-客厅纱帘)
2025-09-25 04:29:41.422 - EE 00 00 B1 00 00 00 FF FC FF FF (情景执行提示)
2025-09-25 04:29:42.042 - A5 00 A2 FF 00 AA (餐厅纱帘关)
2025-09-25 04:29:43.108 - A5 00 A6 FF 00 AA (餐厅窗帘关)
2025-09-25 04:29:43.163 - 55 00 A6 01 00 0E 01 74 AA 55 00 A6 01 00 0E 01 74 AA (餐厅窗帘电机状态返回)
2025-09-25 04:29:44.205 - A5 00 B7 FF 00 AA 22 0D (书房纱帘关)
2025-09-25 04:29:45.255 - A5 00 D2 FF 00 AA 22 0C (书房窗帘关)
2025-09-25 04:29:45.309 - 55 00 D2 01 00 0E 01 0B AA 55 00 D2 01 00 0E 01 0B AA (书房窗帘电机状态返回)
2025-09-25 04:29:46.355 - EE 00 00 B1 00 00 02 FF FC FF FF (情景完成返回主页)
2025-09-25 04:29:51.809 - 55 00 A6 00 01 66 01 74 AA 55 00 A6 00 01 66 01 74 AA (餐厅窗帘电机状态返回)
2025-09-25 04:29:55.189 - 55 00 D2 00 00 FE 01 0B AA 55 00 D2 00 00 FE 01 0B AA (书房窗帘电机状态返回)
2025-09-25 05:05:12.302 - 1A BE B0 DC 04 FE (继电器地址-西阳窗帘)
2025-09-25 05:05:12.440 - FF
2025-09-25 05:07:35.053 - 19 08 24 03 CC 01 CC 00 01 (调用茶吧感应灯开的按键)
2025-09-25 05:07:35.100 - 1A AA AA AA 88 FF B0 01 FF B0 01 0F (调光器地址-茶吧灯带, 茶吧灯带明亮)
2025-09-25 05:07:42.067 - 19 08 24 03 CC 01 CD 00 01 (调用茶吧感应灯关的按键)
2025-09-25 05:07:42.117 - 1A AA AA AA 88 FF 00 01 FF 00 01 0F (调光器地址-茶吧灯带, 茶吧灯带关闭)
2025-09-25 05:27:08.963 - 19 08 24 03 CC 00 D3 00 01 (调用厨房感应灯开的按键)
2025-09-25 05:27:08.999 - 55 0A 32 00 00 00 01 92 55 0A 32 00 00 00 02 93 (厨房顶灯一开, 厨房顶灯二开)
2025-09-25 05:27:44.531 - 19 08 24 03 CC 00 D4 00 01 (调用厨房感应灯关的按键)
2025-09-25 05:27:44.567 - 55 0A 31 00 00 00 01 91 55 0A 31 00 00 00 02 92 (厨房顶灯一关, 厨房顶灯二关)
2025-09-25 06:10:32.613 - FF FF FF FF 0A (继电器地址-东阳窗帘)
2025-09-25 06:10:32.747 - FF
2025-09-25 06:44:41.389 - EE 00 00 B1 00 00 00 FF FC FF FF (情景执行提示)
2025-09-25 06:44:42.013 - 09 06 00 0F 02 01 78 21 (提示音叮)
2025-09-25 06:44:42.578 - 50 F0 04 (开内卫影视)
2025-09-25 06:44:43.124 - 50 F0 05 (开主卧影视)
2025-09-25 06:44:43.679 - 55 11 1D 03 01 7C 06 (主卧纱帘关)
2025-09-25 06:44:43.720 - 55 11 1D 03 01 7C 06 (主卧纱帘关)
2025-09-25 06:44:44.279 - 55 11 1D 03 01 7C 06 (主卧纱帘关)
2025-09-25 06:44:44.318 - 55 11 1D 03 01 7C 06 (主卧纱帘关)
2025-09-25 06:44:44.873 - 55 12 12 03 01 4C 41 (主卧窗帘开)
2025-09-25 06:44:44.915 - 55 12 12 03 01 4C 41 (主卧窗帘开)
2025-09-25 06:44:45.973 - 55 12 12 03 01 4C 41 (主卧窗帘开)
2025-09-25 06:44:46.012 - 55 12 12 03 01 4C 41 (主卧窗帘开)
2025-09-25 06:44:47.068 - 1A 22 33 62 0F 00 02 01 0F (正反转地址-内卫卷帘, 内卫卷帘降)
2025-09-25 06:44:47.619 - 1A FF FF FF 56 00 00 00 0F (人体感应地址-内卫, 关闭内卫感应)
2025-09-25 06:44:47.727 - BC BC
2025-09-25 06:44:48.165 - 1A 20 07 01 55 00 01 00 0F (自保持开关地址-主卧顶灯, 主卧顶灯只关)
2025-09-25 06:44:49.217 - 1A 0C 02 08 01 FF F0 01 FF F0 01 FF 00 00 0F (调光器地址-内卫射灯, 内卫射灯明亮)
2025-09-25 06:44:49.661 - 1A BE B0 DC 03 (继电器地址-西阳天幕)
2025-09-25 06:44:49.796 - FF
2025-09-25 06:44:49.816 - 1A 0C 02 04 01 FF 00 01 FF 00 01 FF 00 00 0F (调光器地址-主卧筒灯, 主卧筒灯关闭)
2025-09-25 06:44:50.412 - 1A 0C 02 04 03 FF 45 01 FF 45 01 FF 00 00 0F (调光器地址-主卧灯带, 主卧灯带微光)
2025-09-25 06:44:51.013 - 1A 0C 02 04 02 FF F0 01 FF 00 01 FF 00 00 0F (调光器地址-主卧过道, 主卧过道暖光)
2025-09-25 06:44:51.608 - 1A 0C 02 04 05 FF 00 01 FF 00 01 FF 00 00 0F (调光器地址-主卧北阅, 主卧北阅关闭)
2025-09-25 06:44:52.209 - 1A 0C 02 04 04 FF 00 01 FF 00 01 FF 00 00 0F (调光器地址-主卧南阅, 主卧南阅关闭)
2025-09-25 06:44:53.288 - 50 F1 24 (内卫—有线2)
2025-09-25 06:44:54.335 - 50 F1 25 (主卧—有线2)
2025-09-25 06:44:55.385 - AF BF CF DF C2 21 (有线2/快捷-凤凰卫视)
2025-09-25 06:44:55.937 - 1A FF FF FF 60 0B 01 01 0F (红外总线地址-主卧发射设备, 主卧电视电源)
2025-09-25 06:44:56.453 - F0 0B 01 08
2025-09-25 06:44:56.984 - 1A BE B0 DC 01 00 01 00 (继电器地址-回水泵点动, 回水泵点动)
2025-09-25 06:45:01.021 - 09 06 00 0F 02 02 38 20 (提示音咚)
2025-09-25 06:45:01.574 - EE 00 00 B1 00 00 02 FF FC FF FF (情景完成返回主页)
2025-09-25 06:45:02.664 - A1 11 11 11 11 01 (内卫浴霸取暖判断)
2025-09-25 06:45:02.893 - 14 03 00 00 00 02 C6 CE (查询内卫温湿度)
2025-09-25 06:45:02.915 - 14 03 04 02 08 00 FC 3E C9 (内卫温湿度返回)
2025-09-25 06:55:56.730 - FF FF FF FF 0E (继电器地址-西阳小窗帘)
2025-09-25 06:55:56.865 - FF
2025-09-25 06:55:59.357 - 1A BE B0 DC 01 FE (继电器地址-回水泵点动)
2025-09-25 06:55:59.491 - FF
2025-09-25 06:58:57.624 - 1A BE B0 DC 02 (正反转地址-外卫卷帘)
2025-09-25 06:58:57.762 - FE
2025-09-25 07:04:55.872 - 1A BE B0 DC 09 FC (继电器地址-客厅窗帘)
2025-09-25 07:16:48.125 - 19 08 24 03 DD 00 40 00 01 (调用情景-离开主卧)
2025-09-25 07:16:48.675 - EE 00 00 B1 00 00 00 FF FC FF FF (情景执行提示)
2025-09-25 07:16:49.294 - 09 06 00 0F 02 01 78 21 (提示音叮)
2025-09-25 07:16:49.861 - 50 F5 05 (关主卧影视)
2025-09-25 07:16:50.411 - 50 F5 04 (关内卫影视)
2025-09-25 07:16:50.961 - 01 06 07 D6 FF 60 28 9E (主卧空调关)
2025-09-25 07:16:50.998 - 01 06 07 D6 FF 60 28 9E (主卧空调关)
2025-09-25 07:16:51.559 - 55 12 12 03 01 4C 41 (主卧窗帘开)
2025-09-25 07:16:51.599 - 55 12 12 03 01 4C 41 (主卧窗帘开)
2025-09-25 07:16:52.653 - 55 12 12 03 01 4C 41 (主卧窗帘开)
2025-09-25 07:16:52.696 - 55 12 12 03 01 4C 41 (主卧窗帘开)
2025-09-25 07:16:53.749 - 55 11 1D 03 02 3C 07 (主卧纱帘开)
2025-09-25 07:16:53.791 - 55 11 1D 03 02 3C 07 (主卧纱帘开)
2025-09-25 07:16:54.348 - 55 11 1D 03 02 3C 07 (主卧纱帘开)
2025-09-25 07:16:54.391 - 55 11 1D 03 02 3C 07 (主卧纱帘开)
2025-09-25 07:16:54.949 - 1A 22 33 62 0F 00 00 01 0F (正反转地址-内卫卷帘, 内卫卷帘升)
2025-09-25 07:16:55.995 - 1A 20 07 01 40 00 01 00 0F (自保持开关地址-内卫顶灯, 内卫顶灯关)
2025-09-25 07:16:57.041 - 1A 20 07 01 55 00 01 00 0F (自保持开关地址-主卧顶灯, 主卧顶灯只关)
2025-09-25 07:16:57.599 - 1A 0C 02 08 01 FF 00 01 FF 00 01 FF 00 00 0F (调光器地址-内卫射灯, 内卫感应灯关)
2025-09-25 07:16:58.188 - 1A FF FF FF 56 00 00 01 0F (人体感应地址-内卫, 打开内卫感应)
2025-09-25 07:16:58.298 - BE BE
2025-09-25 07:16:58.608 - 19 08 24 03 CC 01 54 00 01 (调用内卫感应灯开的按键)
2025-09-25 07:16:58.662 - 1A 0C 02 08 01 FF 45 01 FF 45 01 FF 00 00 0F (调光器地址-内卫射灯, 内卫射灯微光)
2025-09-25 07:17:02.103 - 1A 0C 02 04 FF FF 00 01 FF 00 01 FF 00 00 0F (主卧调光全关)
2025-09-25 07:17:03.194 - 09 06 00 0F 02 02 38 20 (提示音咚)
2025-09-25 07:17:03.795 - EE 00 00 B1 00 00 02 FF FC FF FF (情景完成返回主页)
2025-09-25 07:17:23.956 - 19 08 24 03 CC 01 CC 00 01 (调用茶吧感应灯开的按键)
2025-09-25 07:17:23.984 - 1A AA AA AA 88 FF B0 01 FF B0 01 0F (调光器地址-茶吧灯带, 茶吧灯带明亮)
2025-09-25 07:17:38.387 - 19 08 24 03 CC 01 55 00 01 (调用内卫感应灯关的按键)
2025-09-25 07:17:38.421 - 1A 0C 02 08 01 FF 00 01 FF 00 01 FF 00 00 0F (调光器地址-内卫射灯, 内卫感应灯关)
2025-09-25 07:18:11.552 - 19 08 24 03 CC 01 CD 00 01 (调用茶吧感应灯关的按键)
2025-09-25 07:18:11.580 - 1A AA AA AA 88 FF 00 01 FF 00 01 0F (调光器地址-茶吧灯带, 茶吧灯带关闭)
2025-09-25 07:18:15.699 - 19 08 24 03 DD 00 00 00 01 (调用情景-离家（末）)
2025-09-25 07:18:16.243 - EE 00 00 B1 00 00 00 FF FC FF FF (情景执行提示)
2025-09-25 07:18:16.840 - 09 06 00 0F 02 02 38 20 (提示音咚)
2025-09-25 07:18:17.384 - 50 F7 01 (全屋影音全关)
2025-09-25 07:18:17.934 - 01 06 07 D0 FF 60 C8 9F (客厅空调关)
2025-09-25 07:18:17.971 - 01 06 07 D0 FF 60 C8 9F (客厅空调关)
2025-09-25 07:18:18.535 - 01 06 07 D0 FF 60 C8 9F (客厅空调关)
2025-09-25 07:18:18.566 - 01 06 07 D0 FF 60 C8 9F (客厅空调关)
2025-09-25 07:18:19.132 - 01 06 07 D3 FF 60 38 9F (餐厅空调关)
2025-09-25 07:18:19.192 - 01 06 07 FF FF 7F BF FF
2025-09-25 07:18:19.732 - 01 06 07 D3 FF 60 38 9F (餐厅空调关)
2025-09-25 07:18:19.757 - 01 06 07 D3 FF 60 38 9F (餐厅空调关)
2025-09-25 07:18:20.332 - 01 06 07 D6 FF 60 28 9E (主卧空调关)
2025-09-25 07:18:20.361 - 01 06 07 D6 FF 60 28 9E (主卧空调关)
2025-09-25 07:18:20.926 - 01 06 07 D6 FF 60 28 9E (主卧空调关)
2025-09-25 07:18:20.958 - 01 06 07 D6 FF 60 28 9E (主卧空调关)
2025-09-25 07:18:21.527 - 01 06 07 D9 FF 60 18 9D (次卧空调关)
2025-09-25 07:18:21.552 - 01 06 07 D9 FF 60 18 9D (次卧空调关)
2025-09-25 07:18:22.156 - 01 06 07 D9 FF 60 18 9D (次卧空调关)
2025-09-25 07:18:22.190 - 01 06 07 D9 FF 60 18 9D (次卧空调关)
2025-09-25 07:18:22.770 - 01 06 07 DC FF 60 08 9C (书房空调关)
2025-09-25 07:18:22.795 - 01 06 07 DC FF 60 08 9C (书房空调关)
2025-09-25 07:18:23.366 - 01 06 07 DC FF 60 08 9C (书房空调关)
2025-09-25 07:18:23.406 - 01 06 07 DC FF 60 08 9C (书房空调关)
2025-09-25 07:18:23.965 - 09 06 00 0F 02 02 38 20 (提示音咚)
2025-09-25 07:18:24.566 - 1A FF FF FF 56 00 00 00 0F (人体感应地址-内卫, 关闭内卫感应)
2025-09-25 07:18:24.677 - BF BE
2025-09-25 07:18:25.111 - 1A FF FF FF 55 00 00 00 0F (人体感应地址-外卫, 关闭外卫感应)
2025-09-25 07:18:25.220 - BC BC
2025-09-25 07:18:25.658 - 1A FF FF FF 57 00 00 00 0F (人体感应地址-厨房, 关闭厨房感应)
2025-09-25 07:18:25.762 - BC BC
2025-09-25 07:18:26.210 - 1A FF FF FF 58 00 00 00 0F (人体感应地址-茶吧, 关闭茶吧感应)
2025-09-25 07:18:26.259 - BC BC
2025-09-25 07:18:26.804 - 1A 20 07 00 93 00 01 00 0F (自保持开关地址-设备区顶, 设备区顶灯关)
2025-09-25 07:18:27.851 - 1A 20 07 01 40 00 01 00 0F (自保持开关地址-内卫顶灯, 内卫顶灯关)
2025-09-25 07:18:28.897 - 1A 20 07 01 55 00 01 00 0F (自保持开关地址-主卧顶灯, 主卧顶灯只关)
2025-09-25 07:18:29.948 - 1A 20 07 00 42 00 01 00 0F (自保持开关地址-外卫顶灯, 外卫顶灯关)
2025-09-25 07:18:30.991 - 55 0D 31 00 00 00 01 94 (书房顶灯只关)
2025-09-25 07:18:32.040 - 55 0A 31 00 00 00 01 91 (厨房顶灯一关)
2025-09-25 07:18:33.087 - 55 0A 31 00 00 00 02 92 (厨房顶灯二关)
2025-09-25 07:18:34.129 - 55 0B 31 00 00 00 01 92 (厨房风扇只关)
2025-09-25 07:18:35.177 - 55 0C 31 00 00 00 01 93 (餐厅顶灯关)
2025-09-25 07:18:36.224 - 1A 20 07 01 30 00 01 00 0F (自保持开关地址-西阳顶灯, 西阳顶灯关)
2025-09-25 07:18:37.270 - 1A 18 05 21 89 00 01 00 0F (自保持开关地址-客厅顶灯, 客厅顶灯一关)
2025-09-25 07:18:38.315 - 1A 18 05 01 94 00 01 00 0F (自保持开关地址-客厅顶灯, 客厅顶灯二关)
2025-09-25 07:18:39.361 - 1A 20 07 00 70 00 01 00 0F (自保持开关地址-次卧顶灯, 次卧顶灯只关)
2025-09-25 07:18:40.411 - 1A 18 05 10 31 00 01 00 0F (自保持开关地址-门厅顶灯, 门厅顶灯关)
2025-09-25 07:18:41.457 - 1A FF FF FF 04 00 03 02 (继电器地址-东阳衣架, 东阳衣架照明关)
2025-09-25 07:18:42.002 - 09 06 00 0F 02 02 38 20 (提示音咚)
2025-09-25 07:18:42.548 - A5 00 A6 FE 01 AA (餐厅窗帘开)
2025-09-25 07:18:42.604 - 55 00 A6 02 01 66 01 74 AA 55 00 A6 02 01 66 01 74 AA (餐厅窗帘电机状态返回)
2025-09-25 07:18:43.148 - FF FF FF FF 0A 00 01 00 (继电器地址-东阳窗帘, 东阳窗帘开)
2025-09-25 07:18:43.696 - 1A BE B0 DC 04 00 01 00 (继电器地址-西阳窗帘, 西阳窗帘开)
2025-09-25 07:18:44.244 - FF FF FF FF 0E 00 01 00 (继电器地址-西阳小窗帘, 西阳小窗帘开)
2025-09-25 07:18:44.794 - 1A 22 33 62 0F 00 00 01 0F (正反转地址-内卫卷帘, 内卫卷帘升)
2025-09-25 07:18:45.340 - 55 12 12 03 01 4C 41 (主卧窗帘开)
2025-09-25 07:18:45.384 - 55 12 12 03 01 4C 41 (主卧窗帘开)
2025-09-25 07:18:45.940 - 55 11 1D 03 02 3C 07 (主卧纱帘开)
2025-09-25 07:18:45.975 - 55 11 1D 03 02 3C 07 (主卧纱帘开)
2025-09-25 07:18:46.535 - A5 00 76 FE 01 AA (次卧窗帘开)
2025-09-25 07:18:47.086 - A5 00 21 FE 01 AA (次卧纱帘开)
2025-09-25 07:18:47.637 - A5 00 D2 FE 01 AA 22 0D (书房窗帘开)
2025-09-25 07:18:47.689 - 55 00 D2 02 00 FE 01 0B AA 55 00 D2 02 00 FE FF FD (书房窗帘电机状态返回)
2025-09-25 07:18:48.231 - 1A BE B0 DC 09 00 01 00 (继电器地址-客厅窗帘, 客厅窗帘开)
2025-09-25 07:18:48.777 - 1A BE B0 DC 0A 00 02 00 (继电器地址-客厅纱帘, 客厅纱帘开)
2025-09-25 07:18:49.326 - 09 06 00 0F 02 02 38 20 (提示音咚)
2025-09-25 07:18:50.374 - 1A EC A0 DC 02 00 00 00 0F (自保持开关地址-天花12V供电, 天花12V 供电关)
2025-09-25 07:18:50.925 - 1A EC A0 DC 02 00 00 00 0F (自保持开关地址-天花12V供电, 天花12V 供电关)
2025-09-25 07:18:51.469 - 1A EC A0 DC 01 00 00 00 0F (自保持开关地址-电视、设备12V供电, 12V 电视供电关)
2025-09-25 07:18:51.517 - 55 00 A6 00 00 0E 01 74 AA 55 00 A6 00 00 0E 01 74 AA (餐厅窗帘电机状态返回)
2025-09-25 07:18:52.071 - 1A EC A0 DC 01 00 00 00 0F (自保持开关地址-电视、设备12V供电, 12V 电视供电关)
2025-09-25 07:18:52.617 - 1A EC A0 DC 04 00 01 00 0F (自保持开关地址-次卧西阳内外卫供电, 内卫外卫关)
2025-09-25 07:18:53.167 - 1A EC A0 DC 04 00 01 00 0F (自保持开关地址-次卧西阳内外卫供电, 内卫外卫关)
2025-09-25 07:18:54.709 - 1A BB BB BB 01 02 00 (开水器电源关)
2025-09-25 07:18:55.411 - 55 00 D2 00 00 0D 01 0B AA 55 00 D2 00 00 0D 01 0B AA (书房窗帘电机状态返回)
2025-09-25 07:19:07.807 - 09 06 00 0F 02 02 38 20 (提示音咚)
2025-09-25 07:19:08.355 - 1A 27 89 12 AA 00 00 00 0F (状态寄存器地址, 无人状态)
2025-09-25 07:19:08.903 - 1A 27 89 12 AA 00 00 00 0F (状态寄存器地址, 无人状态)
2025-09-25 07:19:09.448 - A1 11 11 11 4D (天花供电关闭确认)
2025-09-25 07:19:09.672 - 1A EC A0 DC 02 86 86 86 0F (查询天花供电状态, 自保持开关地址-天花12V供电)
2025-09-25 07:19:10.107 - 1A EC A0 DC 02 00 00 0F (自保持开关地址-天花12V供电)
2025-09-25 07:19:12.487 - A1 11 11 11 4E (卫生供电关闭确认)
2025-09-25 07:19:12.713 - 1A EC A0 DC 04 86 86 86 0F (查询卫生间供电状态, 自保持开关地址-次卧西阳内外卫供电)
2025-09-25 07:19:13.143 - 1A EC A0 DC 04 01 00 0F (自保持开关地址-次卧西阳内外卫供电)
2025-09-25 07:19:15.526 - A1 11 11 11 4F (电视供电关闭确认)
2025-09-25 07:19:15.753 - 1A EC A0 DC 01 86 86 86 0F (查询电视供电状态, 自保持开关地址-电视、设备12V供电)
2025-09-25 07:19:16.184 - 1A EC A0 DC 01 00 01 0F (自保持开关地址-电视、设备12V供电)
2025-09-25 07:19:18.570 - 09 06 00 0F 02 02 38 20 (提示音咚)
2025-09-25 07:19:19.120 - 09 06 00 0F 02 02 38 20 (提示音咚)
2025-09-25 07:19:19.670 - EE 00 00 B1 00 00 02 FF FC FF FF (情景完成返回主页)
2025-09-25 07:19:20.761 - BA BA EE EE BA BA (离家设置信科变量)
2025-09-25 07:19:21.854 - A1 11 11 11 46 (天热离家遮阳)
2025-09-25 07:19:22.081 - 1A 27 89 12 AA 86 86 86 0F (查询寄存器状态, 状态寄存器地址)
2025-09-25 07:19:22.460 - 1A 27 89 12 AA 00 00 00 00 00 00 00 00 00 00 00 01 00 00 00 00 0F (状态寄存器地址)
2025-09-25 07:19:23.083 - 19 08 24 03 DD 00 05 00 01 (调用情景-天热遮阳关帘)
2025-09-25 07:19:23.611 - EE 00 00 B1 00 00 00 FF FC FF FF (情景执行提示)
2025-09-25 07:19:24.201 - 09 06 00 0F 02 01 78 21 (提示音叮)
2025-09-25 07:19:24.795 - A5 00 A2 FF 00 AA (餐厅纱帘关)
2025-09-25 07:19:25.843 - A5 00 A6 FF 00 AA (餐厅窗帘关)
2025-09-25 07:19:25.898 - 55 00 A6 01 00 0E 01 74 AA 55 00 A6 01 00 0E 01 7C AB (餐厅窗帘电机状态返回)
2025-09-25 07:19:26.941 - 55 11 1D 03 01 7C 06 (主卧纱帘关)
2025-09-25 07:19:26.986 - 55 11 1D 03 01 7C 06 (主卧纱帘关)
2025-09-25 07:19:28.036 - 55 12 12 03 02 0C 40 (主卧窗帘关)
2025-09-25 07:19:28.073 - 55 12 12 03 02 0C 40 (主卧窗帘关)
2025-09-25 07:19:29.130 - A5 00 21 FF 00 AA (次卧纱帘关)
2025-09-25 07:19:29.179 - 55 00 21 01 00 0D 01 34 AA 55 00 21 01 00 0D 01 34 AA (次卧纱帘电机状态返回)
2025-09-25 07:19:30.276 - A5 00 76 FF 00 AA (次卧窗帘关)
2025-09-25 07:19:30.337 - 55 00 76 01 00 0E 01 1B AA 55 00 76 01 00 0E 01 1B FA (次卧窗帘电机状态返回)
2025-09-25 07:19:31.376 - A5 00 B7 FF 00 AA 22 0D (书房纱帘关)
2025-09-25 07:19:32.424 - A5 00 D2 FF 00 AA 22 0C (书房窗帘关)
2025-09-25 07:19:32.468 - 55 00 D2 01 00 0D 01 0B AA 55 00 D2 01 00 0D 01 0B AA (书房窗帘电机状态返回)
2025-09-25 07:19:34.019 - 1A 22 33 62 5E 00 02 01 0F (正反转地址-厨房卷帘三, 厨房卷帘一降)
2025-09-25 07:19:34.373 - 55 00 A2 00 01 64 01 73 AA 55 00 A2 00 01 64 01 73 AA (餐厅纱帘电机状态返回)
2025-09-25 07:19:34.848 - 55 00 A6 00 01 66 01 74 AA 55 00 A6 00 01 66 01 74 AA (餐厅窗帘电机状态返回)
2025-09-25 07:19:35.066 - 1A 22 33 62 56 00 02 01 0F (正反转地址-厨房卷帘二, 厨房卷帘二降)
2025-09-25 07:19:36.112 - 1A 22 33 62 4F 00 00 01 0F (正反转地址-厨房卷帘一, 厨房卷帘三降)
2025-09-25 07:19:36.392 - 55 00 21 00 01 27 01 34 AA 55 00 21 00 01 27 01 34 AA (次卧纱帘电机状态返回)
2025-09-25 07:19:37.155 - 1A BE B0 DC 04 00 02 00 (继电器地址-西阳窗帘, 西阳窗帘关)
2025-09-25 07:19:38.204 - FF FF FF FF 0E 00 02 00 (继电器地址-西阳小窗帘, 西阳小窗帘关)
2025-09-25 07:19:38.674 - 55 00 76 00 01 0E 01 1B AA 55 00 76 00 01 0E 01 1B AA (次卧窗帘电机状态返回)
2025-09-25 07:19:39.250 - 1A BE B0 DC 03 00 03 00 (继电器地址-西阳天幕, 西阳天幕关)
2025-09-25 07:19:40.297 - 1A BE B0 DC 03 00 03 00 (继电器地址-西阳天幕, 西阳天幕关)
2025-09-25 07:19:41.340 - 09 06 00 0F 02 02 38 20 (提示音咚)
2025-09-25 07:19:41.891 - EE 00 00 B1 00 00 02 FF FC FF FF (情景完成返回主页)
2025-09-25 07:19:42.168 - 55 00 D2 00 00 FE 01 0B AA 55 00 D2 00 00 FE 01 0B AA (书房窗帘电机状态返回)
2025-09-25 07:32:04.603 - 1A FF FF FF 04 FE (继电器地址-东阳衣架)
2025-09-25 07:32:04.740 - FE
2025-09-25 07:47:03.063 - 1A BE B0 DC 0A FC (继电器地址-客厅纱帘)
2025-09-25 07:47:03.199 - FF
2025-09-25 08:25:37.898 - 1A BE B0 DC 04 FC (继电器地址-西阳窗帘)
2025-09-25 09:33:53.224 - FF FF FF FF 0A (继电器地址-东阳窗帘)
2025-09-25 09:33:53.360 - FF
2025-09-25 10:06:56.497 - 1A BE B0 DC 03 (继电器地址-西阳天幕)
2025-09-25 10:06:56.634 - FF
2025-09-25 10:16:09.004 - FF FF FF FF 0E (继电器地址-西阳小窗帘)
2025-09-25 10:16:09.140 - FF
2025-09-25 10:17:53.908 - 1A BE B0 DC 01 FE (继电器地址-回水泵点动)
2025-09-25 10:19:32.981 - 1A BE B0 DC 02 FF (正反转地址-外卫卷帘)
2025-09-25 10:19:33.117 - FF
2025-09-25 10:26:28.047 - 1A BE B0 DC 09 FC (继电器地址-客厅窗帘)
2025-09-25 10:26:28.181 - FF
2025-09-25 10:52:59.118 - 1A FF FF FF 04 (继电器地址-东阳衣架)
2025-09-25 10:52:59.251 - FE
2025-09-25 11:07:34.999 - 1A BE B0 DC 0A (继电器地址-客厅纱帘)
2025-09-25 11:07:35.133 - FF
