2024-08-13 22:11:19.385 - 1A 21 00 00 00 86 86 86 0F
2024-08-13 22:11:19.621 - 21 03 00 00 00 02 C3 6B
2024-08-13 22:11:19.735 - 48 20 50
2024-08-13 22:11:19.742 - 75 01 18 CA 4D
2024-08-13 22:11:20.641 - 1A 21 00 00 00 00 00 01 00 00 01 00 00 01 18 CA 01 75 01 01 00 00 01 00 00 01 0F
2024-08-13 22:11:20.967 - 1A 21 00 00 00 86 86 86 0F
2024-08-13 22:11:21.203 - 21 03 00 00 00 02 C3 6B
2024-08-13 22:11:21.321 - 50
2024-08-13 22:11:21.324 - 72 01 18 7B 8C
2024-08-13 22:11:22.224 - 1A 21 00 00 00 00 00 01 00 00 01 00 00 01 8C 86 01 18 7B 01 00 00 01 00 00 01 0F
2024-08-13 22:11:22.982 - 1A 21 00 00 00 86 86 86 0F
2024-08-13 22:11:23.215 - 21 03 00 00 00 02 C3 6B
2024-08-13 22:11:24.235 - 1A 21 00 00 00 00 00 01 00 00 01 00 00 01 86 86 01 00 00 01 00 00 01 00 00 01 0F
2024-08-13 22:11:24.816 - 1A 21 00 00 00 86 86 86 0F
2024-08-13 22:11:25.048 - 21 03 00 00 00 02 C3 6B
2024-08-13 22:11:25.101 - 21 03 04 01 6F 01 18 EB 8A
2024-08-13 22:11:26.073 - 1A 21 00 00 00 00 00 01 00 00 01 00 00 01 01 18 01 01 6F 01 00 00 01 00 00 01 0F
2024-08-13 22:11:30.449 - 1A 21 00 00 00 86 86 86 0F
2024-08-13 22:11:30.681 - 21 03 00 00 00 02 C3 6B
2024-08-13 22:11:30.810 - 21 03 04 01 6C 01 1A 9A 4B
2024-08-13 22:11:31.703 - 1A 21 00 00 00 00 00 01 00 00 01 00 00 01 01 1A 01 01 6C 01 00 00 01 00 00 01 0F
2024-08-13 22:11:35.333 - 1A 21 00 00 01 86 86 86 0F
2024-08-13 22:11:35.573 - 21 03 00 10 00 01 82 AF
2024-08-13 22:11:36.593 - 1A 21 00 00 01 00 00 01 00 00 01 00 00 01 00 00 01 00 00 01 00 01 01 00 00 01 0F
2024-08-13 22:11:36.666 - 1A 21 00 00 01 86 86 86 0F
2024-08-13 22:11:36.907 - 21 03 00 10 00 01 82 AF
2024-08-13 22:11:37.923 - 1A 21 00 00 01 00 00 01 00 00 01 00 00 01 00 00 01 00 00 01 00 01 01 00 00 01 0F
2024-08-13 22:11:38.550 - 1A 21 00 00 01 86 86 86 0F
2024-08-13 22:11:38.769 - 21 03 00 10 00 01 82 AF
2024-08-13 22:11:39.800 - 1A 21 00 00 01 00 00 01 00 00 01 00 00 01 00 00 01 00 00 01 00 01 01 00 00 01 0F
2024-08-13 22:11:41.049 - 1A 21 00 00 01 86 86 86 0F
2024-08-13 22:11:41.279 - 21 03 00 10 00 01 82 AF
2024-08-13 22:11:41.417 - 21 03 02 27 02 A3 B2
2024-08-13 22:11:42.305 - 1A 21 00 00 01 00 00 01 00 00 01 00 00 01 00 00 01 00 00 01 27 02 01 00 00 01 0F
2024-08-13 22:12:53.584 - 00
2024-08-13 22:14:15.624 - 1A BE B0 DC 0A 00 02 00 (继电器地址-客厅纱帘, 客厅纱帘开)
2024-08-13 22:14:17.599 - 1A BE B0 DC 0A 00 01 00 (继电器地址-客厅纱帘, 客厅纱帘关)
2024-08-13 22:14:22.253 - 1A BE B0 DC 0A 00 02 00 (继电器地址-客厅纱帘, 客厅纱帘开)
2024-08-13 22:14:24.219 - 1A BE B0 DC 0A 00 01 00 (继电器地址-客厅纱帘, 客厅纱帘关)
2024-08-13 22:14:25.860 - 1A BE B0 DC 0A 00 02 00 (继电器地址-客厅纱帘, 客厅纱帘开)
2024-08-13 22:14:27.065 - 1A BE B0 DC 0A 00 02 00 (继电器地址-客厅纱帘, 客厅纱帘开)
2024-08-13 22:16:12.924 - 1A 20 00 00 01 86 86 86 0F
2024-08-13 22:16:13.165 - 20 03 00 10 00 01 83 7E
2024-08-13 22:16:14.187 - 1A 20 00 00 01 00 00 01 00 00 01 00 00 01 00 00 01 00 00 01 00 01 01 00 00 01 0F
2024-08-13 22:16:14.757 - 1A 20 00 00 01 86 86 86 0F
2024-08-13 22:16:14.998 - 20 03 00 10 00 01 83 7E
2024-08-13 22:16:16.016 - 1A 20 00 00 01 00 00 01 00 00 01 00 00 01 00 00 01 00 00 01 00 01 01 00 00 01 0F
2024-08-13 22:16:16.757 - 1A 20 00 00 01 86 86 86 0F
2024-08-13 22:16:16.984 - 20 03 00 10 00 01 83 7E
2024-08-13 22:16:17.047 - FE
2024-08-13 22:16:18.016 - 1A 20 00 00 01 00 00 01 00 00 01 00 00 01 00 00 01 00 00 01 00 01 01 00 00 01 0F
2024-08-13 22:16:18.275 - 1A 20 00 00 01 86 86 86 0F
2024-08-13 22:16:18.501 - 20 03 00 10 00 01 83 7E
2024-08-13 22:16:19.527 - 1A 20 00 00 01 00 00 01 00 00 01 00 00 01 00 00 01 00 00 01 00 01 01 00 00 01 0F
2024-08-13 22:16:20.108 - 1A 20 00 00 01 86 86 86 0F
2024-08-13 22:16:20.340 - 20 03 00 10 00 01 83 7E
2024-08-13 22:16:21.361 - 1A 20 00 00 01 00 00 01 00 00 01 00 00 01 00 00 01 00 00 01 00 01 01 00 00 01 0F
2024-08-13 22:16:21.869 - 1A 20 00 00 01 86 86 86 0F
2024-08-13 22:16:22.110 - 20 03 00 10 00 01 83 7E
2024-08-13 22:16:22.246 - 20 03 02 26 E8 1E 6D
2024-08-13 22:16:23.134 - 1A 20 00 00 01 00 00 01 00 00 01 00 00 01 00 00 01 00 00 01 26 E8 01 00 00 01 0F
2024-08-13 22:16:26.457 - 1A 20 00 00 01 86 86 86 0F
2024-08-13 22:16:26.684 - 20 03 00 10 00 01 83 7E
2024-08-13 22:16:27.716 - 1A 20 00 00 01 00 00 01 00 00 01 00 00 01 00 00 01 00 00 01 00 01 01 00 00 01 0F
2024-08-13 22:16:28.307 - 1A 20 00 00 01 86 86 86 0F
2024-08-13 22:16:28.547 - 20 03 00 10 00 01 83 7E
2024-08-13 22:16:29.570 - 1A 20 00 00 01 00 00 01 00 00 01 00 00 01 00 00 01 00 00 01 00 01 01 00 00 01 0F
2024-08-13 22:16:31.223 - 1A 20 00 00 01 86 86 86 0F
2024-08-13 22:16:31.461 - 20 03 00 10 00 01 83 7E
2024-08-13 22:16:32.486 - 1A 20 00 00 01 00 00 01 00 00 01 00 00 01 00 00 01 00 00 01 00 01 01 00 00 01 0F
2024-08-13 22:16:43.440 - 20 03 00 10 00 01 83 7E
2024-08-13 22:16:47.587 - 20 03 00 10 00 01 83 7E
2024-08-13 22:16:47.689 - 20 03 02 26 E8 1E 6D
2024-08-13 22:16:49.402 - 20 03 00 10 00 01 83 7E
2024-08-13 22:16:50.349 - 20 03 00 10 00 01 83 7E
2024-08-13 22:16:50.440 - 20 03 02 26 E8 1E 6D
