2024-09-05 09:51:46.814 - 19 08 24 03 DD 00 00 00 01 (调用情景-离家（末）)
2024-09-05 09:51:47.149 - EE 00 00 B1 00 00 00 FF FC FF FF (情景执行提示)
2024-09-05 09:51:47.769 - 09 06 00 0F 02 02 38 20 (提示音咚)
2024-09-05 09:51:48.331 - 50 F7 01 (全屋影音全关)
2024-09-05 09:51:48.885 - 01 06 07 D0 FF 60 C8 9F (客厅空调关)
2024-09-05 09:51:48.920 - 01 06 07 D0 FF 60 C8 9F (客厅空调关)
2024-09-05 09:51:49.560 - 01 06 07 D0 FF 60 C8 9F 01 06 07 D0 FF 60 C8 9F (客厅空调关)
2024-09-05 09:51:50.241 - 01 06 07 D3 FF 60 38 9F 01 06 07 D3 FF 60 38 9F (餐厅空调关)
2024-09-05 09:51:50.679 - 01 06 07 D3 FF 60 38 9F (餐厅空调关)
2024-09-05 09:51:50.709 - 01 06 07 D3 FF 60 38 9F (餐厅空调关)
2024-09-05 09:51:51.282 - 01 06 07 D6 FF 60 28 9E (主卧空调关)
2024-09-05 09:51:51.324 - 01 06 07 D6 FF 60 28 9E (主卧空调关)
2024-09-05 09:51:51.997 - 01 06 07 D6 FF 60 28 9E 01 06 07 D6 FF 60 28 9E (主卧空调关)
2024-09-05 09:51:52.528 - 01 06 07 D9 FF 60 18 9D 01 06 07 D9 FF 60 18 9D (次卧空调关)
2024-09-05 09:51:53.117 - 01 06 07 D9 FF 60 18 9D 01 06 07 D9 FF 60 18 9D (次卧空调关)
2024-09-05 09:51:53.668 - 01 06 07 DC FF 60 08 9C (书房空调关)
2024-09-05 09:51:53.695 - 01 06 07 DC FF 60 08 9C (书房空调关)
2024-09-05 09:51:54.277 - 01 06 07 DC FF 60 08 9C (书房空调关)
2024-09-05 09:51:54.302 - 01 06 07 DC FF 60 08 9C (书房空调关)
2024-09-05 09:51:55.242 - 09 06 00 0F 02 02 38 20 (提示音咚)
2024-09-05 09:51:55.414 - 1A FF FF FF 56 00 00 00 0F (人体感应地址-内卫, 关闭内卫感应)
2024-09-05 09:51:56.074 - 1A FF FF FF 55 00 00 00 0F BC BC (人体感应地址-外卫, 关闭外卫感应)
2024-09-05 09:51:56.603 - 1A FF FF FF 57 00 00 00 0F (人体感应地址-厨房, 关闭厨房感应)
2024-09-05 09:51:57.058 - 1A FF FF FF 58 00 00 00 0F (人体感应地址-茶吧, 关闭茶吧感应)
2024-09-05 09:51:57.234 - BC BC
2024-09-05 09:51:57.737 - 1A 20 07 00 93 00 01 00 0F (自保持开关地址-设备区顶, 设备区顶灯关)
2024-09-05 09:51:58.826 - 1A 20 07 01 40 00 01 00 0F (自保持开关地址-内卫顶灯, 内卫顶灯关)
2024-09-05 09:51:59.807 - 1A 20 07 01 55 00 01 00 0F (自保持开关地址-主卧顶灯, 主卧顶灯只关)
2024-09-05 09:52:00.933 - 1A 20 07 00 42 00 01 00 0F (自保持开关地址-外卫顶灯, 外卫顶灯关)
2024-09-05 09:52:01.848 - 55 0D 31 00 00 00 01 94 (书房顶灯只关)
2024-09-05 09:52:02.888 - 55 0A 31 00 00 00 01 91 (厨房顶灯一关)
2024-09-05 09:52:03.940 - 55 0A 31 00 00 00 02 92 (厨房顶灯二关)
2024-09-05 09:52:04.980 - 55 0B 31 00 00 00 01 92 (厨房风扇只关)
2024-09-05 09:52:06.028 - 55 0C 31 00 00 00 01 93 (餐厅顶灯关)
2024-09-05 09:52:07.074 - 1A 20 07 01 30 00 01 00 0F (自保持开关地址-西阳顶灯, 西阳顶灯关)
2024-09-05 09:52:08.135 - 1A 18 05 21 89 00 01 00 0F (自保持开关地址-客厅顶灯, 客厅顶灯一关)
2024-09-05 09:52:09.168 - 1A 18 05 01 94 00 01 00 0F (自保持开关地址-客厅顶灯, 客厅顶灯二关)
2024-09-05 09:52:10.214 - 1A 20 07 00 70 00 01 00 0F (自保持开关地址-次卧顶灯, 次卧顶灯只关)
2024-09-05 09:52:11.263 - 1A 18 05 10 31 00 01 00 0F (自保持开关地址-门厅顶灯, 门厅顶灯关)
2024-09-05 09:52:12.305 - 1A FF FF FF 04 00 03 02 (继电器地址-东阳衣架, 东阳衣架照明关)
2024-09-05 09:52:12.884 - 09 06 00 0F 02 02 38 20 (提示音咚)
2024-09-05 09:52:13.450 - A5 00 A6 FE 01 AA (餐厅窗帘开)
2024-09-05 09:52:13.546 - 55 00 A6 02 01 67 01 75 AA 55 00 A6 02 01 67 F1 (餐厅窗帘电机状态返回)
2024-09-05 09:52:14.049 - FF FF FF FF 0A 00 01 00 (继电器地址-东阳窗帘, 东阳窗帘开)
2024-09-05 09:52:14.598 - 1A BE B0 DC 04 00 01 00 (继电器地址-西阳窗帘, 西阳窗帘开)
2024-09-05 09:52:15.146 - FF FF FF FF 0E 00 01 00 (继电器地址-西阳小窗帘, 西阳小窗帘开)
2024-09-05 09:52:15.696 - 1A 22 33 62 0F 00 00 01 0F (正反转地址-内卫卷帘, 内卫卷帘升)
2024-09-05 09:52:16.240 - A5 00 52 FE 01 AA (主卧窗帘开)
2024-09-05 09:52:16.789 - A5 00 53 FF 00 AA (主卧纱帘开)
2024-09-05 09:52:17.337 - A5 00 76 FE 01 AA (次卧窗帘开)
2024-09-05 09:52:17.885 - A5 00 21 FE 01 AA (次卧纱帘开)
2024-09-05 09:52:18.435 - A5 00 D2 FE 01 AA 22 0D (书房窗帘开)
2024-09-05 09:52:18.983 - 1A BE B0 DC 09 00 01 00 (继电器地址-客厅窗帘, 客厅窗帘开)
2024-09-05 09:52:19.531 - 1A BE B0 DC 0A 00 02 00 (继电器地址-客厅纱帘, 客厅纱帘开)
2024-09-05 09:52:20.096 - 09 06 00 0F 02 02 38 20 (提示音咚)
2024-09-05 09:52:21.124 - 1A EC A0 DC 02 00 00 00 0F (自保持开关地址-天花12V供电, 天花12V 供电关)
2024-09-05 09:52:21.675 - 1A EC A0 DC 02 00 00 00 0F (自保持开关地址-天花12V供电, 天花12V 供电关)
2024-09-05 09:52:22.223 - 1A EC A0 DC 01 00 00 00 0F (自保持开关地址-电视、设备12V供电, 12V 电视供电关)
2024-09-05 09:52:22.668 - 55 00 A6 00 00 0E 01 75 AA 55 00 A6 00 00 0E 01 75 AA (餐厅窗帘电机状态返回)
2024-09-05 09:52:22.822 - 1A EC A0 DC 01 00 00 00 0F (自保持开关地址-电视、设备12V供电, 12V 电视供电关)
2024-09-05 09:52:23.395 - 1A EC A0 DC 04 00 01 00 0F (自保持开关地址-次卧西阳内外卫供电, 内卫外卫关)
2024-09-05 09:52:23.970 - 1A EC A0 DC 04 00 01 00 0F (自保持开关地址-次卧西阳内外卫供电, 内卫外卫关)
2024-09-05 09:52:41.956 - 09 06 00 0F 02 02 38 20 (提示音咚)
2024-09-05 09:52:42.506 - 1A 27 89 12 AA 00 00 00 0F (状态寄存器地址, 无人状态)
2024-09-05 09:52:43.054 - 1A 27 89 12 AA 00 00 00 0F (状态寄存器地址, 无人状态)
2024-09-05 09:52:43.598 - A1 11 11 11 4D (天花供电关闭确认)
2024-09-05 09:52:43.824 - 1A EC A0 DC 02 86 86 86 0F (查询天花供电状态, 自保持开关地址-天花12V供电)
2024-09-05 09:52:44.256 - 1A EC A0 DC 02 00 01 0F (自保持开关地址-天花12V供电)
2024-09-05 09:52:46.637 - A1 11 11 11 4E (卫生供电关闭确认)
2024-09-05 09:52:46.857 - 1A EC A0 DC 04 86 86 86 0F (查询卫生间供电状态, 自保持开关地址-次卧西阳内外卫供电)
2024-09-05 09:52:47.295 - 1A EC A0 DC 04 01 00 0F (自保持开关地址-次卧西阳内外卫供电)
2024-09-05 09:52:49.677 - A1 11 11 11 4F (电视供电关闭确认)
2024-09-05 09:52:49.905 - 1A EC A0 DC 01 86 86 86 0F (查询电视供电状态, 自保持开关地址-电视、设备12V供电)
2024-09-05 09:52:50.335 - 1A EC A0 DC 01 00 01 0F (自保持开关地址-电视、设备12V供电)
2024-09-05 09:52:52.719 - 09 06 00 0F 02 02 38 20 (提示音咚)
2024-09-05 09:52:53.318 - 09 06 00 0F 02 02 38 20 (提示音咚)
2024-09-05 09:52:53.869 - EE 00 00 B1 00 00 02 FF FC FF FF (情景完成返回主页)
2024-09-05 09:52:54.959 - BA BA EE EE BA BA (离家设置信科变量)
2024-09-05 09:52:55.998 - A1 11 11 11 46 (天热离家遮阳)
2024-09-05 09:52:56.218 - 1A 27 89 12 AA 86 86 86 0F (查询寄存器状态, 状态寄存器地址)
2024-09-05 09:52:56.613 - 1A 27 89 12 AA 00 00 00 00 00 00 00 00 00 00 00 01 00 00 00 00 0F (状态寄存器地址)
2024-09-05 09:52:57.232 - 19 08 24 03 DD 00 05 00 01 (调用情景-天热遮阳关帘)
2024-09-05 09:52:57.755 - EE 00 00 B1 00 00 00 FF FC FF FF (情景执行提示)
2024-09-05 09:52:58.342 - 09 06 00 0F 02 01 78 21 (提示音叮)
2024-09-05 09:52:58.894 - A5 00 A2 FF 00 AA (餐厅纱帘关)
2024-09-05 09:52:59.932 - A5 00 A6 FF 00 AA (餐厅窗帘关)
2024-09-05 09:52:59.992 - 55 00 A6 01 00 0E 01 75 AA 55 00 A6 01 00 0E 01 75 AA (餐厅窗帘电机状态返回)
2024-09-05 09:53:01.039 - A5 00 53 FE 01 AA (主卧纱帘关)
2024-09-05 09:53:01.086 - 55 00 53 02 02 22 02 30 AA 55 00 53 02 02 22 02 30 AA (主卧纱帘电机状态返回)
2024-09-05 09:53:02.129 - A5 00 52 FF 00 AA (主卧窗帘关)
2024-09-05 09:53:03.257 - A5 00 21 FF 00 AA (次卧纱帘关)
2024-09-05 09:53:03.317 - 55 00 21 01 00 0D 01 34 AA 55 00 21 01 00 0D 01 34 (次卧纱帘电机状态返回)
2024-09-05 09:53:04.323 - A5 00 76 FF 00 AA (次卧窗帘关)
2024-09-05 09:53:04.378 - 55 00 76 01 00 0E 01 1B AA 55 00 76 01 00 0E 01 1B AA (次卧窗帘电机状态返回)
2024-09-05 09:53:05.418 - A5 00 B7 FF 00 AA 22 0D (书房纱帘关)
2024-09-05 09:53:06.469 - A5 00 D2 FF 00 AA 22 0C (书房窗帘关)
2024-09-05 09:53:06.519 - 55 00 D2 01 00 0E 00 F2 AA 55 00 D2 01 00 0E 00 F2 AA (书房窗帘电机状态返回)
2024-09-05 09:53:08.069 - 1A 22 33 62 5E 00 02 01 0F (正反转地址-厨房卷帘三, 厨房卷帘一降)
2024-09-05 09:53:08.473 - 55 00 A6 00 01 67 01 75 AA 55 00 A6 00 01 67 01 75 AA (餐厅窗帘电机状态返回)
2024-09-05 09:53:09.114 - 1A 22 33 62 56 00 02 01 0F (正反转地址-厨房卷帘二, 厨房卷帘二降)
2024-09-05 09:53:10.158 - 1A 22 33 62 4F 00 00 01 0F (正反转地址-厨房卷帘一, 厨房卷帘三降)
2024-09-05 09:53:10.595 - 55 00 21 00 01 27 01 34 AA 55 00 21 00 01 27 01 34 AA (次卧纱帘电机状态返回)
2024-09-05 09:53:11.204 - 1A BE B0 DC 04 00 02 00 (继电器地址-西阳窗帘, 西阳窗帘关)
2024-09-05 09:53:11.383 - 55 00 76 00 01 0E 01 1B AA 55 00 76 00 01 0E 01 1B AA (次卧窗帘电机状态返回)
2024-09-05 09:53:12.211 - 55 00 53 00 00 0C 02 30 AA 55 00 53 00 00 0C 02 30 AA (主卧纱帘电机状态返回)
2024-09-05 09:53:12.254 - FF FF FF FF 0E 00 02 00 (继电器地址-西阳小窗帘, 西阳小窗帘关)
2024-09-05 09:53:13.299 - 1A BE B0 DC 03 00 03 00 (继电器地址-西阳天幕, 西阳天幕关)
2024-09-05 09:53:13.670 - 55 20 20 00 02 0A 02 16 AA 55 20 20 00 02 0A 02 16 AA (主卧窗帘电机状态返回)
2024-09-05 09:53:14.346 - 1A BE B0 DC 03 00 03 00 (继电器地址-西阳天幕, 西阳天幕关)
2024-09-05 09:53:14.362 - 00 E5 00 F2 AA 55 00 D2 00 00 E5 00 F2 AA (书房窗帘电机状态返回)
2024-09-05 09:53:15.438 - 09 06 00 0F 02 02 38 20 (提示音咚)
2024-09-05 09:53:15.990 - EE 00 00 B1 00 00 02 FF FC FF FF (情景完成返回主页)
2024-09-05 10:01:53.960 - 1A FF 03 00 00 86 86 86 0F (调用查询模块-主卧空调开关查询, 主卧空调虚拟地址)
2024-09-05 10:01:54.177 - 01 04 07 DC 00 01 F1 44 (查询主卧空调开关状态)
2024-09-05 10:01:54.194 - 01 04 02 70 00 9C F0
2024-09-05 10:01:55.178 - 1A FF 03 00 00 00 00 0F (主卧空调虚拟地址)
2024-09-05 10:01:55.465 - 1A FF 04 00 00 86 86 86 0F (调用查询模块-次卧空调开关查询, 次卧空调虚拟地址)
2024-09-05 10:01:55.687 - 01 04 07 E2 00 01 90 88 (查询次卧空调开关状态)
2024-09-05 10:01:55.716 - 01 04 02 70 00 9C F0
2024-09-05 10:01:56.689 - 1A FF 04 00 00 00 00 0F (次卧空调虚拟地址)
2024-09-05 10:05:24.362 - 1A 20 00 00 00 86 86 86 0F (调用查询模块-阳台测温湿气压转换, 阳台温湿气压虚拟地址)
2024-09-05 10:05:24.586 - 20 03 00 00 00 03 03 7A (查询阳台温湿度气压)
2024-09-05 10:05:24.602 - 20 03 06 01 52 01 8A 26 FB 76 CC (阳台温湿度返回)
2024-09-05 10:05:25.113 - 1A 20 00 00 00 00 00 01 00 00 01 00 00 01 01 52 01 01 8A 01 26 FB 01 00 00 01 0F (阳台温湿气压虚拟地址)
2024-09-05 10:05:53.546 - 1A 20 00 00 00 86 86 86 0F (调用查询模块-阳台测温湿气压转换, 阳台温湿气压虚拟地址)
2024-09-05 10:05:53.786 - 20 03 00 00 00 03 03 7A (查询阳台温湿度气压)
2024-09-05 10:05:53.800 - 20 03 06 01 52 01 92 26 FB F6 CB (阳台温湿度返回)
2024-09-05 10:05:54.310 - 1A 20 00 00 00 00 00 01 00 00 01 00 00 01 01 52 01 01 92 01 26 FB 01 00 00 01 0F (阳台温湿气压虚拟地址)
