2025-09-21 16:07:07.146 - 1A FF FF FF 04 (继电器地址-东阳衣架)
2025-09-21 16:07:07.280 - FF
2025-09-21 16:11:03.974 - 1A 0C 02 08 01 86 86 86 0F (调光器地址-内卫射灯)
2025-09-21 16:11:04.001 - 1A 0C 02 08 01 00 4C 00 00 4C 00 00 5E 00 0F (调光器地址-内卫射灯)
2025-09-21 16:11:04.091 - F8
2025-09-21 16:12:16.771 - 1A 0C 02 08 01 86 86 86 0F (调光器地址-内卫射灯)
2025-09-21 16:12:16.800 - 1A 0C 02 08 01 00 4C 00 00 4C 00 00 5E 00 0F (调光器地址-内卫射灯)
2025-09-21 16:12:16.890 - 00 00 0F
2025-09-21 16:12:21.405 - 1A 0C 02 08 01 86 86 86 0F (调光器地址-内卫射灯)
2025-09-21 16:12:21.431 - 1A 0C 02 08 01 00 4C 00 00 4C 00 00 5E 00 0F (调光器地址-内卫射灯)
2025-09-21 16:12:23.035 - 1A 0C 02 08 01 FF 40 01 FF 40 01 FF 00 00 0F (调光器地址-内卫射灯)
2025-09-21 16:12:27.548 - 1A 0C 02 08 01 86 86 86 0F (调光器地址-内卫射灯)
2025-09-21 16:12:27.593 - 1A 0C 02 08 01 00 19 01 00 19 01 00 5E 00 0F (调光器地址-内卫射灯)
2025-09-21 16:12:27.663 - 00 00 0F
2025-09-21 16:12:32.173 - 1A 0C 02 08 01 86 86 86 0F (调光器地址-内卫射灯)
2025-09-21 16:12:32.199 - 1A 0C 02 08 01 00 19 01 00 19 01 00 5E 00 0F (调光器地址-内卫射灯)
2025-09-21 16:12:33.793 - 1A 0C 02 08 01 FF 80 01 FF 80 01 FF 00 00 0F (调光器地址-内卫射灯)
2025-09-21 16:12:38.308 - 1A 0C 02 08 01 86 86 86 0F (调光器地址-内卫射灯)
2025-09-21 16:12:38.354 - 1A 0C 02 08 01 00 32 01 00 32 01 00 5E 00 0F (调光器地址-内卫射灯)
2025-09-21 16:12:38.426 - 00 00 0F
2025-09-21 16:12:42.933 - 1A 0C 02 08 01 86 86 86 0F (调光器地址-内卫射灯)
2025-09-21 16:12:42.962 - 1A 0C 02 08 01 00 32 01 00 32 01 00 5E 00 0F (调光器地址-内卫射灯)
2025-09-21 16:12:44.564 - 1A 0C 02 08 01 FF C0 01 FF C0 01 FF 00 00 0F (调光器地址-内卫射灯)
2025-09-21 16:12:49.079 - 1A 0C 02 08 01 86 86 86 0F (调光器地址-内卫射灯)
2025-09-21 16:12:49.124 - 1A 0C 02 08 01 00 4B 01 00 4B 01 00 5E 00 0F (调光器地址-内卫射灯)
2025-09-21 16:12:49.195 - 00 00 0F
2025-09-21 16:12:53.705 - 1A 0C 02 08 01 86 86 86 0F (调光器地址-内卫射灯)
2025-09-21 16:12:53.731 - 1A 0C 02 08 01 00 4B 01 00 4B 01 00 5E 00 0F (调光器地址-内卫射灯)
2025-09-21 16:12:55.337 - 1A 0C 02 08 01 FF FF 01 FF FF 01 FF 00 00 0F (调光器地址-内卫射灯)
2025-09-21 16:12:59.847 - 1A 0C 02 08 01 86 86 86 0F (调光器地址-内卫射灯)
2025-09-21 16:12:59.890 - 1A 0C 02 08 01 00 63 01 00 63 01 00 5E 00 0F (调光器地址-内卫射灯)
2025-09-21 16:13:02.464 - 1A 0C 02 08 01 86 86 86 0F (调光器地址-内卫射灯)
2025-09-21 16:13:02.490 - 1A 0C 02 08 01 00 63 01 00 63 01 00 5E 00 0F (调光器地址-内卫射灯)
2025-09-21 16:13:02.583 - 1A 0C 02 08 01 FF 80 01 FF 80 01 FF 00 00 0F (调光器地址-内卫射灯)
2025-09-21 16:13:07.091 - 1A 0C 02 08 01 86 86 86 0F (调光器地址-内卫射灯)
2025-09-21 16:13:07.118 - 1A 0C 02 08 01 00 63 01 00 63 01 00 5E 01 0F (调光器地址-内卫射灯)
2025-09-21 16:13:08.723 - 1A 0C 02 08 01 FF 80 01 FF 80 01 FF 00 00 0F (调光器地址-内卫射灯)
2025-09-21 16:13:13.230 - 1A 0C 02 08 01 86 86 86 0F (调光器地址-内卫射灯)
2025-09-21 16:13:13.276 - 1A 0C 02 08 01 00 32 01 00 32 01 00 5E 01 0F (调光器地址-内卫射灯)
2025-09-21 16:13:13.349 - 00 00 0F
2025-09-21 16:13:17.854 - 1A 0C 02 08 01 86 86 86 0F (调光器地址-内卫射灯)
2025-09-21 16:13:17.885 - 1A 0C 02 08 01 00 32 01 00 32 01 00 5E 01 0F (调光器地址-内卫射灯)
2025-09-21 16:13:19.486 - 1A 0C 02 08 01 FF 00 01 FF 00 01 FF 00 00 0F (调光器地址-内卫射灯, 内卫感应灯关)
2025-09-21 16:13:23.997 - 1A 0C 02 08 01 86 86 86 0F (调光器地址-内卫射灯)
2025-09-21 16:13:24.043 - 1A 0C 02 08 01 00 4C 00 00 4C 00 00 5E 01 0F (调光器地址-内卫射灯)
2025-09-21 16:13:33.133 - 1A 0C 02 08 01 FF 00 01 FF 00 01 FF 00 00 0F (调光器地址-内卫射灯, 内卫感应灯关)
2025-09-21 16:13:37.638 - 1A 0C 02 08 01 86 86 86 0F (调光器地址-内卫射灯)
2025-09-21 16:13:37.686 - 1A 0C 02 08 01 00 4C 00 00 4C 00 00 5E 01 0F (调光器地址-内卫射灯)
2025-09-21 16:13:38.760 - 1A 0C 02 08 01 86 86 86 0F (调光器地址-内卫射灯)
2025-09-21 16:13:38.787 - 1A 0C 02 08 01 00 4C 00 00 4C 00 00 5E 01 0F (调光器地址-内卫射灯)
2025-09-21 16:13:38.876 - 1A 0C 02 08 01 FF 80 01 FF 80 01 FF 00 00 0F (调光器地址-内卫射灯)
2025-09-21 16:13:43.382 - 1A 0C 02 08 01 86 86 86 0F (调光器地址-内卫射灯)
2025-09-21 16:13:43.409 - 1A 0C 02 08 01 00 4C 00 00 4C 00 00 5E 00 0F (调光器地址-内卫射灯)
2025-09-21 16:13:45.015 - 1A 0C 02 08 01 FF 80 01 FF 80 01 FF 00 00 0F (调光器地址-内卫射灯)
2025-09-21 16:13:49.522 - 1A 0C 02 08 01 86 86 86 0F (调光器地址-内卫射灯)
2025-09-21 16:13:49.571 - 1A 0C 02 08 01 00 32 01 00 32 01 00 5E 00 0F (调光器地址-内卫射灯)
2025-09-21 16:13:50.645 - 1A 0C 02 08 01 86 86 86 0F (调光器地址-内卫射灯)
2025-09-21 16:13:50.671 - 1A 0C 02 08 01 00 32 01 00 32 01 00 5E 00 0F (调光器地址-内卫射灯)
2025-09-21 16:13:50.761 - 1A 0C 02 08 01 FF FF 01 FF FF 01 FF 00 00 0F (调光器地址-内卫射灯)
2025-09-21 16:13:55.271 - 1A 0C 02 08 01 86 86 86 0F (调光器地址-内卫射灯)
2025-09-21 16:13:55.299 - 1A 0C 02 08 01 00 32 01 00 32 01 00 5E 01 0F (调光器地址-内卫射灯)
2025-09-21 16:13:56.903 - 1A 0C 02 08 01 FF FF 01 FF FF 01 FF 00 00 0F (调光器地址-内卫射灯)
2025-09-21 16:14:01.409 - 1A 0C 02 08 01 86 86 86 0F (调光器地址-内卫射灯)
2025-09-21 16:14:01.457 - 1A 0C 02 08 01 00 63 01 00 63 01 00 5E 01 0F (调光器地址-内卫射灯)
2025-09-21 16:14:02.533 - 1A 0C 02 08 01 86 86 86 0F (调光器地址-内卫射灯)
2025-09-21 16:14:02.560 - 1A 0C 02 08 01 00 63 01 00 63 01 00 5E 01 0F (调光器地址-内卫射灯)
2025-09-21 16:14:02.649 - 1A 0C 02 08 01 FF 40 01 FF 40 01 FF 00 00 0F (调光器地址-内卫射灯)
2025-09-21 16:14:07.162 - 1A 0C 02 08 01 86 86 86 0F (调光器地址-内卫射灯)
2025-09-21 16:14:07.193 - 1A 0C 02 08 01 00 63 01 00 63 01 00 5E 00 0F (调光器地址-内卫射灯)
2025-09-21 16:14:08.778 - 1A 0C 02 08 01 FF 40 01 FF 40 01 FF 00 00 0F (调光器地址-内卫射灯)
2025-09-21 16:14:13.289 - 1A 0C 02 08 01 86 86 86 0F (调光器地址-内卫射灯)
2025-09-21 16:14:13.334 - 1A 0C 02 08 01 00 19 01 00 19 01 00 5E 00 0F (调光器地址-内卫射灯)
2025-09-21 16:14:14.410 - 1A 0C 02 08 01 86 86 86 0F (调光器地址-内卫射灯)
2025-09-21 16:14:14.437 - 1A 0C 02 08 01 00 19 01 00 19 01 00 5E 00 0F (调光器地址-内卫射灯)
2025-09-21 16:14:14.532 - 1A 0C 02 08 01 FF C0 01 FF C0 01 FF 00 00 0F (调光器地址-内卫射灯)
2025-09-21 16:14:19.040 - 1A 0C 02 08 01 86 86 86 0F (调光器地址-内卫射灯)
2025-09-21 16:14:19.063 - 1A 0C 02 08 01 00 19 01 00 19 01 00 5E 01 0F (调光器地址-内卫射灯)
2025-09-21 16:14:20.656 - 1A 0C 02 08 01 FF C0 01 FF C0 01 FF 00 00 0F (调光器地址-内卫射灯)
2025-09-21 16:14:25.162 - 1A 0C 02 08 01 86 86 86 0F (调光器地址-内卫射灯)
2025-09-21 16:14:25.209 - 1A 0C 02 08 01 00 4B 01 00 4B 01 00 5E 01 0F (调光器地址-内卫射灯)
2025-09-21 16:14:26.285 - 1A 0C 02 08 01 86 86 86 0F (调光器地址-内卫射灯)
2025-09-21 16:14:26.314 - 1A 0C 02 08 01 00 4B 01 00 4B 01 00 5E 01 0F (调光器地址-内卫射灯)
2025-09-21 16:14:26.412 - 1A 0C 02 08 01 FF 00 01 FF 00 01 FF 00 00 0F (调光器地址-内卫射灯, 内卫感应灯关)
2025-09-21 16:14:30.913 - 1A 0C 02 08 01 86 86 86 0F (调光器地址-内卫射灯)
2025-09-21 16:14:30.941 - 1A 0C 02 08 01 00 4B 01 00 4B 01 00 5E 00 0F (调光器地址-内卫射灯)
2025-09-21 16:14:32.544 - 1A 0C 02 08 01 FF 00 01 FF 00 01 FF 00 00 0F (调光器地址-内卫射灯, 内卫感应灯关)
2025-09-21 16:14:37.053 - 1A 0C 02 08 01 86 86 86 0F (调光器地址-内卫射灯)
2025-09-21 16:14:37.099 - 1A 0C 02 08 01 00 4C 00 00 4C 00 00 5E 00 0F (调光器地址-内卫射灯)
2025-09-21 16:14:38.175 - 1A 0C 02 08 01 86 86 86 0F (调光器地址-内卫射灯)
2025-09-21 16:14:38.202 - 1A 0C 02 08 01 00 4C 00 00 4C 00 00 5E 00 0F (调光器地址-内卫射灯)
2025-09-21 16:14:43.896 - 1A 0C 02 08 01 FF 80 01 FF 80 01 FF 00 00 0F (调光器地址-内卫射灯)
2025-09-21 16:14:48.417 - 1A 0C 02 08 01 86 86 86 0F (调光器地址-内卫射灯)
2025-09-21 16:14:48.461 - 1A 0C 02 08 01 00 32 01 00 32 01 00 5E 00 0F (调光器地址-内卫射灯)
2025-09-21 16:14:50.036 - 1A 0C 02 08 01 86 86 86 0F (调光器地址-内卫射灯)
2025-09-21 16:14:50.069 - 1A 0C 02 08 01 00 32 01 00 32 01 00 5E 00 0F (调光器地址-内卫射灯)
2025-09-21 16:14:50.157 - 1A 0C 02 08 01 FF FF 01 FF FF 01 FF 00 00 0F (调光器地址-内卫射灯)
2025-09-21 16:14:54.668 - 1A 0C 02 08 01 86 86 86 0F (调光器地址-内卫射灯)
2025-09-21 16:14:54.694 - 1A 0C 02 08 01 00 32 01 00 32 01 00 5E 01 0F (调光器地址-内卫射灯)
2025-09-21 16:14:56.283 - 1A 0C 02 08 01 FF FF 01 FF FF 01 FF 00 00 0F (调光器地址-内卫射灯)
2025-09-21 16:15:00.792 - 1A 0C 02 08 01 86 86 86 0F (调光器地址-内卫射灯)
2025-09-21 16:15:00.839 - 1A 0C 02 08 01 00 63 01 00 63 01 00 5E 01 0F (调光器地址-内卫射灯)
2025-09-21 16:15:02.421 - 1A 0C 02 08 01 86 86 86 0F (调光器地址-内卫射灯)
2025-09-21 16:15:02.447 - 1A 0C 02 08 01 00 63 01 00 63 01 00 5E 01 0F (调光器地址-内卫射灯)
2025-09-21 16:15:02.540 - 1A 0C 02 08 01 FF 00 01 FF 00 01 FF 00 00 0F (调光器地址-内卫射灯, 内卫感应灯关)
2025-09-21 16:15:07.045 - 1A 0C 02 08 01 86 86 86 0F (调光器地址-内卫射灯)
2025-09-21 16:15:07.076 - 1A 0C 02 08 01 00 63 01 00 63 01 00 5E 00 0F (调光器地址-内卫射灯)
2025-09-21 16:15:08.668 - 1A 0C 02 08 01 FF 00 01 FF 00 01 FF 00 00 0F (调光器地址-内卫射灯, 内卫感应灯关)
2025-09-21 16:15:13.175 - 1A 0C 02 08 01 86 86 86 0F (调光器地址-内卫射灯)
2025-09-21 16:15:13.220 - 1A 0C 02 08 01 00 4C 00 00 4C 00 00 5E 00 0F (调光器地址-内卫射灯)
2025-09-21 16:15:14.803 - 1A 0C 02 08 01 86 86 86 0F (调光器地址-内卫射灯)
2025-09-21 16:15:14.828 - 1A 0C 02 08 01 00 4C 00 00 4C 00 00 5E 00 0F (调光器地址-内卫射灯)
