2025-09-25 15:49:39.518 - 1A 18 05 10 31 86 86 86 0F (自保持开关地址-门厅顶灯)
2025-09-25 15:49:39.524 - 1A 18 05 10 31 86 86 86 0F
2025-09-25 15:49:39.673 - 1A 18 05 10 31 00 00 00 00 0F
2025-09-25 15:49:39.675 - 2025-09-25 15:49:39.673 - 1A 18 05 10 31 00 00 00 00 0F (自保持开关地址-门厅顶灯)
2025-09-25 15:50:13.431 - 1A 18 05 10 31 86 86 86 0F (自保持开关地址-门厅顶灯)
2025-09-25 15:50:13.432 - 1A 18 05 10 31 86 86 86 0F
2025-09-25 15:50:13.588 - 2025-09-25 15:50:13.588 - 1A 18 05 10 31 00 00 00 00 0F (自保持开关地址-门厅顶灯)
2025-09-25 15:50:13.588 - 1A 18 05 10 31 00 00 00 00 0F
2025-09-25 15:50:18.463 - 1A 18 05 10 31 86 86 86 0F (自保持开关地址-门厅顶灯)
2025-09-25 15:50:18.463 - 1A 18 05 10 31 86 86 86 0F
2025-09-25 15:50:18.613 - 2025-09-25 15:50:18.613 - 1A 18 05 10 31 00 00 00 00 0F (自保持开关地址-门厅顶灯)
2025-09-25 15:50:18.613 - 1A 18 05 10 31 00 00 00 00 0F
2025-09-25 15:50:46.679 - 1A 18 05 10 31 86 86 86 0F (自保持开关地址-门厅顶灯)
2025-09-25 15:50:46.681 - 1A 18 05 10 31 86 86 86 0F
2025-09-25 15:50:46.828 - 2025-09-25 15:50:46.828 - 1A 18 05 10 31 00 00 00 00 0F (自保持开关地址-门厅顶灯)
2025-09-25 15:50:46.828 - 1A 18 05 10 31 00 00 00 00 0F
2025-09-25 15:50:58.913 - 1A 18 05 10 31 86 86 86 0F (自保持开关地址-门厅顶灯)
2025-09-25 15:50:58.913 - 1A 18 05 10 31 86 86 86 0F
2025-09-25 15:50:59.068 - 1A 18 05 10 31 00 00 00 00 0F
2025-09-25 15:50:59.068 - 2025-09-25 15:50:59.068 - 1A 18 05 10 31 00 00 00 00 0F (自保持开关地址-门厅顶灯)
2025-09-25 15:51:38.562 - 1A 18 05 10 31 86 86 86 0F (自保持开关地址-门厅顶灯)
2025-09-25 15:51:38.566 - 1A 18 05 10 31 86 86 86 0F
2025-09-25 15:51:38.714 - 2025-09-25 15:51:38.714 - 1A 18 05 10 31 00 00 00 00 0F (自保持开关地址-门厅顶灯)
2025-09-25 15:51:38.714 - 1A 18 05 10 31 00 00 00 00 0F
2025-09-25 15:52:02.876 - 1A 18 05 10 31 86 86 86 0F (自保持开关地址-门厅顶灯)
2025-09-25 15:52:02.876 - 1A 18 05 10 31 86 86 86 0F
2025-09-25 15:52:03.031 - 2025-09-25 15:52:03.031 - 1A 18 05 10 31 00 00 00 00 0F (自保持开关地址-门厅顶灯)
2025-09-25 15:52:03.031 - 1A 18 05 10 31 00 00 00 00 0F
