2024-09-09 14:21:58.222 - 1A BE B0 DC 04 (继电器地址-西阳窗帘)
2024-09-09 14:21:58.356 - FF
2024-09-09 14:22:12.827 - FF FF FF FF 0E FC (继电器地址-西阳小窗帘)
2024-09-09 14:22:12.960 - FF
2024-09-09 14:22:55.346 - 1A BE B0 DC 09 (继电器地址-客厅窗帘)
2024-09-09 14:22:55.481 - FE
2024-09-09 14:23:10.572 - 1A BE B0 DC 02 FC (正反转地址-外卫卷帘)
2024-09-09 14:23:13.762 - 1A BE B0 DC 0A FC (继电器地址-客厅纱帘)
2024-09-09 14:23:13.896 - FF
2024-09-09 14:23:52.894 - 1A BE B0 DC 01 FC (继电器地址-回水泵点动)
2024-09-09 14:23:53.028 - FF
2024-09-09 14:24:06.993 - 1A BE B0 DC 03 (继电器地址-西阳天幕)
2024-09-09 14:24:07.128 - FF
2024-09-09 14:26:46.295 - FF FF FF FF 0A (继电器地址-东阳窗帘)
2024-09-09 14:26:46.431 - FE
2024-09-09 16:32:26.889 - 1A FF FF FF 04 (继电器地址-东阳衣架)
2024-09-09 16:32:27.025 - 00
2024-09-09 17:42:20.247 - FF FF FF FF 0E FC (继电器地址-西阳小窗帘)
2024-09-09 17:42:20.381 - FF
2024-09-09 17:42:54.239 - 1A BE B0 DC 04 (继电器地址-西阳窗帘)
2024-09-09 17:42:54.375 - FF
2024-09-09 17:43:18.994 - 1A BE B0 DC 09 FF (继电器地址-客厅窗帘)
2024-09-09 17:43:19.130 - FF
2024-09-09 17:43:42.377 - 1A BE B0 DC 02 (正反转地址-外卫卷帘)
2024-09-09 17:43:42.511 - FF
2024-09-09 17:43:45.563 - 1A BE B0 DC 0A FC (继电器地址-客厅纱帘)
2024-09-09 17:44:45.732 - 1A BE B0 DC 01 (继电器地址-回水泵点动)
2024-09-09 17:45:07.690 - 1A BE B0 DC 03 (继电器地址-西阳天幕)
2024-09-09 17:53:47.254 - FF FF FF FF 0A (继电器地址-东阳窗帘)
2024-09-09 17:53:47.390 - FF
2024-09-09 19:12:04.046 - 1B 03 00 00 00 02 C6 31 (查询室外光线)
2024-09-09 19:12:04.066 - 1B 03 04 00 00 00 00 41 F2 (室外光线返回)
2024-09-09 19:12:04.844 - 1A EC A0 DC 02 00 00 01 0F (自保持开关地址-天花12V供电, 天花12V 供电开)
2024-09-09 19:12:05.405 - 1A AA AA AA 88 (调光器地址-茶吧灯带)
2024-09-09 19:12:05.549 - 1A FF 01 FF FF FF 60 01 FF 60 01 FF 00 00 0F (调光器地址-公共区域统配地址)
2024-09-09 19:12:06.542 - 19 08 24 03 DD 00 0D 00 01 (调用情景-信科调用进门暗)
2024-09-09 19:12:08.576 - 1A FF 01 FF FF FF 60 01 FF 60 01 FF 00 00 0F (调光器地址-公共区域统配地址)
2024-09-09 19:12:10.662 - 1A EC A0 DC 01 00 00 01 0F (自保持开关地址-电视、设备12V供电, 12V 电视供电开)
2024-09-09 19:12:11.210 - 1A EC A0 DC 01 00 00 01 0F (自保持开关地址-电视、设备12V供电, 12V 电视供电开)
2024-09-09 19:12:11.758 - 1A EC A0 DC 04 00 01 01 0F (自保持开关地址-次卧西阳内外卫供电, 内卫外卫开)
2024-09-09 19:12:12.305 - 1A EC A0 DC 04 00 01 01 0F (自保持开关地址-次卧西阳内外卫供电, 内卫外卫开)
2024-09-09 19:12:17.396 - 1A 27 89 12 AA 00 00 01 0F (状态寄存器地址, 有人状态)
2024-09-09 19:12:17.943 - 1A 27 89 12 AA 00 00 01 0F (状态寄存器地址, 有人状态)
2024-09-09 19:12:18.539 - 1A BE B0 DC 01 00 01 00 (继电器地址-回水泵点动, 回水泵点动)
2024-09-09 19:12:19.089 - 1A FF FF FF 56 00 00 01 0F (人体感应地址-内卫, 打开内卫感应)
2024-09-09 19:12:19.637 - 1A FF FF FF 55 00 00 01 0F (人体感应地址-外卫, 打开外卫感应)
2024-09-09 19:12:19.732 - BC BC
2024-09-09 19:12:20.186 - 1A FF FF FF 57 00 00 01 0F (人体感应地址-厨房, 打开厨房感应)
2024-09-09 19:12:20.594 - 19 08 24 03 CC 00 D4 00 01 (调用厨房感应灯关的按键)
2024-09-09 19:12:20.647 - 55 0A 31 00 00 00 01 91 55 0A 31 00 00 00 02 92 (厨房顶灯一关, 厨房顶灯二关)
2024-09-09 19:12:21.048 - 1A FF FF FF 58 00 00 01 0F (人体感应地址-茶吧, 打开茶吧感应)
2024-09-09 19:12:21.097 - BC BC
2024-09-09 19:12:21.678 - 1A BE B0 DC 01 00 01 00 (继电器地址-回水泵点动, 回水泵点动)
2024-09-09 19:12:22.228 - A5 00 B7 FF 00 AA 22 0D (书房纱帘关)
2024-09-09 19:12:22.772 - A5 00 A2 FF 00 AA (餐厅纱帘关)
2024-09-09 19:12:23.323 - 09 06 00 0F 02 01 78 21 (提示音叮)
2024-09-09 19:12:23.890 - 09 06 00 0F 02 01 78 21 (提示音叮)
2024-09-09 19:12:24.522 - EE 00 00 B1 00 00 02 FF FC FF FF (情景完成返回主页)
2024-09-09 19:12:25.114 - A1 11 11 11 50 (天花供电打开确认)
2024-09-09 19:12:25.335 - 1A EC A0 DC 02 86 86 86 0F (查询天花供电状态, 自保持开关地址-天花12V供电)
2024-09-09 19:12:25.769 - 1A EC A0 DC 02 01 01 0F (自保持开关地址-天花12V供电)
2024-09-09 19:12:27.656 - A1 11 11 11 51 (卫生供电打开确认)
2024-09-09 19:12:27.714 - FF
2024-09-09 19:12:27.882 - 1A EC A0 DC 04 86 86 86 0F (查询卫生间供电状态, 自保持开关地址-次卧西阳内外卫供电)
2024-09-09 19:12:28.315 - 1A EC A0 DC 04 01 01 0F (自保持开关地址-次卧西阳内外卫供电)
2024-09-09 19:12:30.195 - A1 11 11 11 52 (电视供电打开确认)
2024-09-09 19:12:30.420 - 1A EC A0 DC 01 86 86 86 0F (查询电视供电状态, 自保持开关地址-电视、设备12V供电)
2024-09-09 19:12:30.853 - 1A EC A0 DC 01 01 01 0F (自保持开关地址-电视、设备12V供电)
2024-09-09 19:12:35.228 - A1 11 11 11 47 (天热回家开帘)
2024-09-09 19:12:35.455 - 1A 27 89 12 AA 86 86 86 0F (查询寄存器状态, 状态寄存器地址)
2024-09-09 19:12:35.837 - 1A 27 89 12 AA 01 00 00 00 00 00 00 00 00 00 00 01 00 00 00 00 0F (状态寄存器地址)
2024-09-09 19:12:36.458 - 19 08 24 03 DD 00 06 00 01 (调用情景-天热遮阳开帘)
2024-09-09 19:12:37.029 - EE 00 00 B1 00 00 00 FF FC FF FF (情景执行提示)
2024-09-09 19:12:37.624 - 09 06 00 0F 02 01 78 21 (提示音叮)
2024-09-09 19:12:38.169 - A5 00 A6 FE 01 AA (餐厅窗帘开)
2024-09-09 19:12:38.226 - 55 00 A6 02 01 66 01 74 AA 55 00 A6 02 01 66 01 74 AA (餐厅窗帘电机状态返回)
2024-09-09 19:12:39.266 - A5 00 52 FE 01 AA (主卧窗帘开)
2024-09-09 19:12:40.312 - A5 00 53 FF 00 AA (主卧纱帘开)
2024-09-09 19:12:40.364 - 55 00 53 01 00 0C 02 30 AA 55 00 53 01 00 0C 02 30 AA (主卧纱帘电机状态返回)
2024-09-09 19:12:41.408 - A5 00 76 FE 01 AA (次卧窗帘开)
2024-09-09 19:12:41.465 - 55 00 76 02 01 0E 01 1B AA 55 00 76 02 01 0E 01 1B FE (次卧窗帘电机状态返回)
2024-09-09 19:12:42.506 - A5 00 21 FE 01 AA (次卧纱帘开)
2024-09-09 19:12:42.554 - 55 00 21 02 01 27 01 34 AA 55 00 21 02 01 27 01 34 AA (次卧纱帘电机状态返回)
2024-09-09 19:12:43.603 - 1A BE B0 DC 04 00 01 00 (继电器地址-西阳窗帘, 西阳窗帘开)
2024-09-09 19:12:44.649 - FF FF FF FF 0E 00 01 00 (继电器地址-西阳小窗帘, 西阳小窗帘开)
2024-09-09 19:12:45.696 - A5 00 D2 FE 01 AA 22 0D (书房窗帘开)
2024-09-09 19:12:45.747 - 55 00 D2 02 00 FE 01 0B AA 55 00 D2 02 00 FE 01 0B AA (书房窗帘电机状态返回)
2024-09-09 19:12:46.791 - 09 06 00 0F 02 02 38 20 (提示音咚)
2024-09-09 19:12:47.342 - EE 00 00 B1 00 00 02 FF FC FF FF (情景完成返回主页)
2024-09-09 19:12:48.453 - 55 00 76 00 00 0E 01 1B AA 55 00 76 00 00 0E 01 1B AA (次卧窗帘电机状态返回)
2024-09-09 19:12:49.967 - 55 00 21 00 00 0D 01 34 AA 55 00 21 00 00 0D 01 34 AA (次卧纱帘电机状态返回)
2024-09-09 19:12:51.245 - 55 20 20 00 00 0E 02 16 AA 55 20 20 00 00 0E 02 16 AA (主卧窗帘电机状态返回)
2024-09-09 19:12:51.604 - 55 00 53 00 02 22 02 30 AA 55 00 53 00 02 22 02 30 AA (主卧纱帘电机状态返回)
2024-09-09 19:12:53.811 - 55 00 D2 00 00 0D 01 0B AA 55 00 D2 00 00 0D 01 0B AA (书房窗帘电机状态返回)
2024-09-09 19:13:02.301 - 19 08 24 03 CC 01 55 00 01 (调用内卫感应灯关的按键)
2024-09-09 19:13:02.354 - 1A 0C 02 08 01 FF 00 01 FF 00 01 FF 00 00 0F (调光器地址-内卫射灯, 内卫感应灯关)
2024-09-09 19:13:09.619 - A1 11 11 11 42 (主卧空调自动开)
2024-09-09 19:13:09.842 - 19 08 24 03 F0 BB 78 02 02 00
2024-09-09 19:13:09.893 - 23 AA 56 02 13 0D 10 18 09 09 01 73 65 6F 6B 65 6E 64
2024-09-09 19:13:10.851 - 01 10 07 D6 00 03 06 70 61 00 02 00 F0 0F 3E (主卧空调冷24度)
2024-09-09 19:13:10.894 - 01 10 07 D6 00 03 06 70 61 00 02 00 F0 0F 3E (主卧空调冷24度)
2024-09-09 19:14:03.423 - 19 08 24 03 CC 01 54 00 01 (调用内卫感应灯开的按键)
2024-09-09 19:14:03.474 - 1A 0C 02 08 01 FF 45 01 FF 45 01 FF 00 00 0F (调光器地址-内卫射灯, 内卫射灯微光)
2024-09-09 19:15:06.155 - 1A 20 07 00 93 00 01 02 0F (自保持开关地址-设备区顶, 设备区顶灯开关)
2024-09-09 19:17:46.245 - 1A 20 07 01 55 00 01 02 0F (自保持开关地址-主卧顶灯, 主卧顶灯开关)
2024-09-09 19:17:49.751 - 19 08 24 03 DD 00 10 00 01 (调用情景-客餐厅空调开)
2024-09-09 19:17:50.301 - EE 00 00 B1 00 00 00 FF FC FF FF (情景执行提示)
2024-09-09 19:17:50.894 - 09 06 00 0F 02 01 78 21 (提示音叮)
2024-09-09 19:17:51.490 - A1 11 11 11 40 (客厅空调自动开)
2024-09-09 19:17:51.718 - 19 08 24 03 F0 BB 78 02 02 00
2024-09-09 19:17:51.770 - 23 AA 56 02 13 11 3A 18 09 09 01 73 65 6F 6B 65 6E 64
2024-09-09 19:17:52.729 - 01 10 07 D0 00 03 06 70 61 00 02 00 FA 6F 26 (客厅空调冷25度)
2024-09-09 19:17:52.768 - 01 10 07 D0 00 03 06 70 61 00 02 00 FA 6F 26 (客厅空调冷25度)
2024-09-09 19:17:55.525 - A1 11 11 11 41 (餐厅空调自动开)
2024-09-09 19:17:55.750 - 19 08 24 03 F0 BB 78 02 02 00
2024-09-09 19:17:55.801 - 23 AA 56 02 13 12 02 18 09 09 01 73 65 6F 6B 65 6E 64
2024-09-09 19:17:56.760 - 01 10 07 D3 00 03 06 70 61 00 02 00 FA 9F 29 (餐厅空调冷25度)
2024-09-09 19:17:56.797 - 01 10 07 D3 00 03 06 70 61 00 02 00 FA 9F 29 (餐厅空调冷25度)
2024-09-09 19:17:59.565 - 09 06 00 0F 02 02 38 20 (提示音咚)
2024-09-09 19:18:00.117 - EE 00 00 B1 00 00 02 FF FC FF FF (情景完成返回主页)
2024-09-09 19:18:05.398 - 19 08 24 03 CC 01 55 00 01 (调用内卫感应灯关的按键)
2024-09-09 19:18:05.451 - 1A 0C 02 08 01 FF 00 01 FF 00 01 FF 00 00 0F (调光器地址-内卫射灯, 内卫感应灯关)
2024-09-09 19:19:28.302 - 1A 20 07 01 55 00 01 02 0F (自保持开关地址-主卧顶灯, 主卧顶灯开关)
2024-09-09 19:19:28.814 - 1A 20 07 01 55 00 01 02 0F (自保持开关地址-主卧顶灯, 主卧顶灯开关)
2024-09-09 19:19:30.050 - 1A 20 07 01 55 00 01 02 0F (自保持开关地址-主卧顶灯, 主卧顶灯开关)
2024-09-09 19:19:30.482 - 1A 20 07 01 55 00 01 02 0F (自保持开关地址-主卧顶灯, 主卧顶灯开关)
2024-09-09 19:19:31.406 - 1A 20 07 01 55 00 01 02 0F (自保持开关地址-主卧顶灯, 主卧顶灯开关)
2024-09-09 19:19:31.847 - 1A 20 07 01 55 00 01 02 0F (自保持开关地址-主卧顶灯, 主卧顶灯开关)
2024-09-09 19:19:46.097 - 19 08 24 03 CC 01 54 00 01 (调用内卫感应灯开的按键)
2024-09-09 19:19:46.132 - 1A 0C 02 08 01 FF 45 01 FF 45 01 FF 00 00 0F (调光器地址-内卫射灯, 内卫射灯微光)
2024-09-09 19:20:12.148 - 19 08 24 03 CC 01 55 00 01 (调用内卫感应灯关的按键)
2024-09-09 19:20:12.182 - 1A 0C 02 08 01 FF 00 01 FF 00 01 FF 00 00 0F (调光器地址-内卫射灯, 内卫感应灯关)
2024-09-09 19:22:55.412 - 19 08 24 03 CC 01 CC 00 01 (调用茶吧感应灯开的按键)
2024-09-09 19:22:55.442 - 1A AA AA AA 88 FF B0 01 FF B0 01 0F (调光器地址-茶吧灯带, 茶吧灯带明亮)
2024-09-09 19:23:03.078 - 19 08 24 03 CC 00 D3 00 01 (调用厨房感应灯开的按键)
2024-09-09 19:23:03.113 - 55 0A 32 00 00 00 01 92 55 0A 32 00 00 00 02 93 (厨房顶灯一开, 厨房顶灯二开)
2024-09-09 19:23:28.477 - 19 08 24 03 CC 01 CD 00 01 (调用茶吧感应灯关的按键)
2024-09-09 19:23:28.506 - 1A AA AA AA 88 FF 00 01 FF 00 01 0F (调光器地址-茶吧灯带, 茶吧灯带关闭)
2024-09-09 19:23:46.568 - 19 08 24 03 CC 01 54 00 01 (调用内卫感应灯开的按键)
2024-09-09 19:23:46.603 - 1A 0C 02 08 01 FF 45 01 FF 45 01 FF 00 00 0F (调光器地址-内卫射灯, 内卫射灯微光)
2024-09-09 19:23:59.188 - 19 08 24 03 CC 00 D4 00 01 (调用厨房感应灯关的按键)
2024-09-09 19:23:59.222 - 55 0A 31 00 00 00 01 91 55 0A 31 00 00 00 02 92 (厨房顶灯一关, 厨房顶灯二关)
2024-09-09 19:24:53.703 - 19 08 24 03 CC 01 55 00 01 (调用内卫感应灯关的按键)
2024-09-09 19:24:53.737 - 1A 0C 02 08 01 FF 00 01 FF 00 01 FF 00 00 0F (调光器地址-内卫射灯, 内卫感应灯关)
2024-09-09 19:25:45.304 - 19 08 24 03 CC 01 54 00 01 (调用内卫感应灯开的按键)
2024-09-09 19:25:45.338 - 1A 0C 02 08 01 FF 45 01 FF 45 01 FF 00 00 0F (调光器地址-内卫射灯, 内卫射灯微光)
2024-09-09 19:26:02.337 - 19 08 24 03 CC 01 55 00 01 (调用内卫感应灯关的按键)
2024-09-09 19:26:02.371 - 1A 0C 02 08 01 FF 00 01 FF 00 01 FF 00 00 0F (调光器地址-内卫射灯, 内卫感应灯关)
2024-09-09 19:26:07.293 - 19 08 24 03 CC 01 CC 00 01 (调用茶吧感应灯开的按键)
2024-09-09 19:26:07.323 - 1A AA AA AA 88 FF B0 01 FF B0 01 0F (调光器地址-茶吧灯带, 茶吧灯带明亮)
2024-09-09 19:26:09.443 - 19 08 24 03 CC 00 D3 00 01 (调用厨房感应灯开的按键)
2024-09-09 19:26:09.479 - 55 0A 32 00 00 00 01 92 55 0A 32 00 00 00 02 93 (厨房顶灯一开, 厨房顶灯二开)
2024-09-09 19:27:25.593 - 19 08 24 03 CC 00 D4 00 01 (调用厨房感应灯关的按键)
2024-09-09 19:27:25.628 - 55 0A 31 00 00 00 01 91 55 0A 31 00 00 00 02 92 (厨房顶灯一关, 厨房顶灯二关)
2024-09-09 19:27:26.503 - 1A 20 07 01 55 00 01 02 0F (自保持开关地址-主卧顶灯, 主卧顶灯开关)
2024-09-09 19:27:28.452 - 19 08 24 03 CC 01 CD 00 01 (调用茶吧感应灯关的按键)
2024-09-09 19:27:28.482 - 1A AA AA AA 88 FF 00 01 FF 00 01 0F (调光器地址-茶吧灯带, 茶吧灯带关闭)
2024-09-09 19:27:29.508 - 19 08 24 03 CC 01 54 00 01 (调用内卫感应灯开的按键)
2024-09-09 19:27:29.542 - 1A 0C 02 08 01 FF 45 01 FF 45 01 FF 00 00 0F (调光器地址-内卫射灯, 内卫射灯微光)
2024-09-09 19:28:04.076 - 19 08 24 03 CC 01 55 00 01 (调用内卫感应灯关的按键)
2024-09-09 19:28:04.111 - 1A 0C 02 08 01 FF 00 01 FF 00 01 FF 00 00 0F (调光器地址-内卫射灯, 内卫感应灯关)
2024-09-09 19:28:20.609 - 19 08 24 03 CC 01 54 00 01 (调用内卫感应灯开的按键)
2024-09-09 19:28:20.643 - 1A 0C 02 08 01 FF 45 01 FF 45 01 FF 00 00 0F (调光器地址-内卫射灯, 内卫射灯微光)
2024-09-09 19:29:01.190 - 19 08 24 03 CC 01 55 00 01 (调用内卫感应灯关的按键)
2024-09-09 19:29:01.222 - 1A 0C 02 08 01 FF 00 01 FF 00 01 FF 00 00 0F (调光器地址-内卫射灯, 内卫感应灯关)
2024-09-09 19:29:03.193 - 19 08 24 03 CC 01 54 00 01 (调用内卫感应灯开的按键)
2024-09-09 19:29:03.227 - 1A 0C 02 08 01 FF 45 01 FF 45 01 FF 00 00 0F (调光器地址-内卫射灯, 内卫射灯微光)
2024-09-09 19:29:24.735 - 19 08 24 03 CC 01 55 00 01 (调用内卫感应灯关的按键)
2024-09-09 19:29:24.769 - 1A 0C 02 08 01 FF 00 01 FF 00 01 FF 00 00 0F (调光器地址-内卫射灯, 内卫感应灯关)
2024-09-09 19:29:35.255 - 19 08 24 03 CC 01 54 00 01 (调用内卫感应灯开的按键)
2024-09-09 19:29:35.291 - 1A 0C 02 08 01 FF 45 01 FF 45 01 FF 00 00 0F (调光器地址-内卫射灯, 内卫射灯微光)
2024-09-09 19:30:34.873 - 19 08 24 03 CC 01 55 00 01 (调用内卫感应灯关的按键)
2024-09-09 19:30:34.907 - 1A 0C 02 08 01 FF 00 01 FF 00 01 FF 00 00 0F (调光器地址-内卫射灯, 内卫感应灯关)
2024-09-09 19:30:39.884 - 19 08 24 03 CC 01 54 00 01 (调用内卫感应灯开的按键)
2024-09-09 19:30:39.919 - 1A 0C 02 08 01 FF 45 01 FF 45 01 FF 00 00 0F (调光器地址-内卫射灯, 内卫射灯微光)
2024-09-09 19:30:57.419 - 19 08 24 03 CC 01 55 00 01 (调用内卫感应灯关的按键)
2024-09-09 19:30:57.454 - 1A 0C 02 08 01 FF 00 01 FF 00 01 FF 00 00 0F (调光器地址-内卫射灯, 内卫感应灯关)
2024-09-09 19:31:11.946 - 19 08 24 03 CC 01 54 00 01 (调用内卫感应灯开的按键)
2024-09-09 19:31:11.982 - 1A 0C 02 08 01 FF 45 01 FF 45 01 FF 00 00 0F (调光器地址-内卫射灯, 内卫射灯微光)
2024-09-09 19:32:39.118 - 19 08 24 03 CC 01 55 00 01 (调用内卫感应灯关的按键)
2024-09-09 19:32:39.152 - 1A 0C 02 08 01 FF 00 01 FF 00 01 FF 00 00 0F (调光器地址-内卫射灯, 内卫感应灯关)
2024-09-09 19:32:39.619 - 19 08 24 03 CC 01 54 00 01 (调用内卫感应灯开的按键)
2024-09-09 19:32:39.653 - 1A 0C 02 08 01 FF 45 01 FF 45 01 FF 00 00 0F (调光器地址-内卫射灯, 内卫射灯微光)
2024-09-09 19:32:57.654 - 19 08 24 03 CC 01 55 00 01 (调用内卫感应灯关的按键)
2024-09-09 19:32:57.688 - 1A 0C 02 08 01 FF 00 01 FF 00 01 FF 00 00 0F (调光器地址-内卫射灯, 内卫感应灯关)
2024-09-09 19:32:58.156 - 19 08 24 03 CC 01 54 00 01 (调用内卫感应灯开的按键)
2024-09-09 19:32:58.190 - 1A 0C 02 08 01 FF 45 01 FF 45 01 FF 00 00 0F (调光器地址-内卫射灯, 内卫射灯微光)
2024-09-09 19:33:15.190 - 19 08 24 03 CC 01 55 00 01 (调用内卫感应灯关的按键)
2024-09-09 19:33:15.224 - 1A 0C 02 08 01 FF 00 01 FF 00 01 FF 00 00 0F (调光器地址-内卫射灯, 内卫感应灯关)
2024-09-09 19:33:31.722 - 19 08 24 03 CC 01 54 00 01 (调用内卫感应灯开的按键)
2024-09-09 19:33:31.755 - 1A 0C 02 08 01 FF 45 01 FF 45 01 FF 00 00 0F (调光器地址-内卫射灯, 内卫射灯微光)
2024-09-09 19:34:11.332 - 19 08 24 03 DD 00 3B 00 01 (调用情景-书房照明关帘)
2024-09-09 19:34:11.880 - EE 00 00 B1 00 00 00 FF FC FF FF (情景执行提示)
2024-09-09 19:34:12.474 - 09 06 00 0F 02 01 78 21 (提示音叮)
2024-09-09 19:34:13.029 - 1A 0A 04 06 01 FF F0 01 FF F0 01 FF 00 00 0F (调光器地址-书房射灯, 书房射灯明亮)
2024-09-09 19:34:17.108 - A5 00 B7 FF 00 AA 22 0D (书房纱帘关)
2024-09-09 19:34:18.154 - A5 00 D2 FF 00 AA 22 0C (书房窗帘关)
2024-09-09 19:34:18.207 - 55 00 D2 01 00 0D 01 0B AA 55 00 D2 01 00 0D 01 0B AA (书房窗帘电机状态返回)
2024-09-09 19:34:19.250 - 09 06 00 0F 02 02 38 20 (提示音咚)
2024-09-09 19:34:19.804 - EE 00 00 B1 00 00 02 FF FC FF FF (情景完成返回主页)
2024-09-09 19:34:26.334 - 19 08 24 03 CC 01 55 00 01 (调用内卫感应灯关的按键)
2024-09-09 19:34:26.385 - 1A 0C 02 08 01 FF 00 01 FF 00 01 FF 00 00 0F (调光器地址-内卫射灯, 内卫感应灯关)
2024-09-09 19:34:27.784 - 55 00 D2 00 00 FE 01 0B AA 55 00 D2 00 00 FE 01 0B AA (书房窗帘电机状态返回)
2024-09-09 19:34:37.306 - 19 08 24 03 CC 01 CC 00 01 (调用茶吧感应灯开的按键)
2024-09-09 19:34:37.356 - 1A AA AA AA 88 FF B0 01 FF B0 01 0F (调光器地址-茶吧灯带, 茶吧灯带明亮)
2024-09-09 19:34:55.341 - 19 08 24 03 CC 01 CD 00 01 (调用茶吧感应灯关的按键)
2024-09-09 19:34:55.372 - 1A AA AA AA 88 FF 00 01 FF 00 01 0F (调光器地址-茶吧灯带, 茶吧灯带关闭)
2024-09-09 19:36:05.047 - 19 08 24 03 CC 01 54 00 01 (调用内卫感应灯开的按键)
2024-09-09 19:36:05.080 - 1A 0C 02 08 01 FF 45 01 FF 45 01 FF 00 00 0F (调光器地址-内卫射灯, 内卫射灯微光)
2024-09-09 19:36:30.597 - 19 08 24 03 CC 01 55 00 01 (调用内卫感应灯关的按键)
2024-09-09 19:36:30.643 - 1A 0C 02 08 01 FF 00 01 FF 00 01 FF 00 00 0F (调光器地址-内卫射灯, 内卫感应灯关)
2024-09-09 19:53:42.295 - 1A FF FF FF 04 (继电器地址-东阳衣架)
2024-09-09 19:53:42.431 - 00
2024-09-09 19:56:53.870 - FF
