2025-09-21 15:58:56.874 - 1A 0C 02 08 01 86 86 86 0F (调光器地址-内卫射灯)
2025-09-21 15:58:56.902 - 1A 0C 02 08 01 00 4C 00 00 4C 00 00 5E 01 0F (调光器地址-内卫射灯)
2025-09-21 15:58:56.993 - 1A 0C 02 08 01 FF 40 01 FF 40 01 FF 00 00 0F (调光器地址-内卫射灯)
2025-09-21 15:59:00.506 - 1A 0C 02 08 01 86 86 86 0F (调光器地址-内卫射灯)
2025-09-21 15:59:00.534 - 1A 0C 02 08 01 00 4C 00 00 4C 00 00 5E 00 0F (调光器地址-内卫射灯)
2025-09-21 15:59:01.631 - 1A 0C 02 08 01 FF 40 01 FF 40 01 FF 00 00 0F (调光器地址-内卫射灯)
2025-09-21 15:59:05.128 - 1A 0C 02 08 01 86 86 86 0F (调光器地址-内卫射灯)
2025-09-21 15:59:05.174 - 1A 0C 02 08 01 00 19 01 00 19 01 00 5E 00 0F (调光器地址-内卫射灯)
2025-09-21 15:59:05.243 - FF
2025-09-21 15:59:05.247 - 00 0F
2025-09-21 15:59:08.745 - 1A 0C 02 08 01 86 86 86 0F (调光器地址-内卫射灯)
2025-09-21 15:59:08.773 - 1A 0C 02 08 01 00 19 01 00 19 01 00 5E 00 0F (调光器地址-内卫射灯)
2025-09-21 15:59:09.873 - 1A 0C 02 08 01 FF 80 01 FF 80 01 FF 00 00 0F (调光器地址-内卫射灯)
2025-09-21 15:59:13.372 - 1A 0C 02 08 01 86 86 86 0F (调光器地址-内卫射灯)
2025-09-21 15:59:13.418 - 1A 0C 02 08 01 00 32 01 00 32 01 00 5E 00 0F (调光器地址-内卫射灯)
2025-09-21 15:59:13.489 - 00 00 0F
2025-09-21 15:59:16.987 - 1A 0C 02 08 01 86 86 86 0F (调光器地址-内卫射灯)
2025-09-21 15:59:17.017 - 1A 0C 02 08 01 00 32 01 00 32 01 00 5E 00 0F (调光器地址-内卫射灯)
2025-09-21 15:59:18.115 - 1A 0C 02 08 01 FF C0 01 FF C0 01 FF 00 00 0F (调光器地址-内卫射灯)
2025-09-21 15:59:21.611 - 1A 0C 02 08 01 86 86 86 0F (调光器地址-内卫射灯)
2025-09-21 15:59:21.657 - 1A 0C 02 08 01 00 4B 01 00 4B 01 00 5E 00 0F (调光器地址-内卫射灯)
2025-09-21 15:59:21.728 - 00 00 0F
2025-09-21 15:59:25.229 - 1A 0C 02 08 01 86 86 86 0F (调光器地址-内卫射灯)
2025-09-21 15:59:25.255 - 1A 0C 02 08 01 00 4B 01 00 4B 01 00 5E 00 0F (调光器地址-内卫射灯)
2025-09-21 15:59:26.357 - 1A 0C 02 08 01 FF FF 01 FF FF 01 FF 00 00 0F (调光器地址-内卫射灯)
2025-09-21 15:59:29.857 - 1A 0C 02 08 01 86 86 86 0F (调光器地址-内卫射灯)
2025-09-21 15:59:29.899 - 1A 0C 02 08 01 00 63 01 00 63 01 00 5E 00 0F (调光器地址-内卫射灯)
2025-09-21 15:59:32.478 - 1A 0C 02 08 01 86 86 86 0F (调光器地址-内卫射灯)
2025-09-21 15:59:32.506 - 1A 0C 02 08 01 00 63 01 00 63 01 00 5E 00 0F (调光器地址-内卫射灯)
2025-09-21 15:59:32.594 - 1A 0C 02 08 01 FF 80 01 FF 80 01 FF 00 00 0F (调光器地址-内卫射灯)
2025-09-21 15:59:36.093 - 1A 0C 02 08 01 86 86 86 0F (调光器地址-内卫射灯)
2025-09-21 15:59:36.118 - 1A 0C 02 08 01 00 63 01 00 63 01 00 5E 01 0F (调光器地址-内卫射灯)
2025-09-21 15:59:37.214 - 1A 0C 02 08 01 FF 80 01 FF 80 01 FF 00 00 0F (调光器地址-内卫射灯)
2025-09-21 15:59:40.716 - 1A 0C 02 08 01 86 86 86 0F (调光器地址-内卫射灯)
2025-09-21 15:59:40.760 - 1A 0C 02 08 01 00 32 01 00 32 01 00 5E 01 0F (调光器地址-内卫射灯)
2025-09-21 15:59:40.831 - FA 00 00 0F
2025-09-21 15:59:44.341 - 1A 0C 02 08 01 86 86 86 0F (调光器地址-内卫射灯)
2025-09-21 15:59:44.368 - 1A 0C 02 08 01 00 32 01 00 32 01 00 5E 01 0F (调光器地址-内卫射灯)
2025-09-21 15:59:45.469 - 1A 0C 02 08 01 FF 00 01 FF 00 01 FF 00 00 0F (调光器地址-内卫射灯, 内卫感应灯关)
2025-09-21 15:59:48.995 - 1A 0C 02 08 01 86 86 86 0F (调光器地址-内卫射灯)
2025-09-21 15:59:49.040 - 1A 0C 02 08 01 00 4C 00 00 4C 00 00 5E 01 0F (调光器地址-内卫射灯)
2025-09-21 15:59:57.507 - 1A 0C 02 08 01 FF 00 01 FF 00 01 FF 00 00 0F (调光器地址-内卫射灯, 内卫感应灯关)
2025-09-21 16:00:01.017 - 1A 0C 02 08 01 86 86 86 0F (调光器地址-内卫射灯)
2025-09-21 16:00:01.060 - 1A 0C 02 08 01 00 4C 00 00 4C 00 00 5E 01 0F (调光器地址-内卫射灯)
2025-09-21 16:00:02.136 - 1A 0C 02 08 01 86 86 86 0F (调光器地址-内卫射灯)
2025-09-21 16:00:02.163 - 1A 0C 02 08 01 00 4C 00 00 4C 00 00 5E 01 0F (调光器地址-内卫射灯)
2025-09-21 16:00:02.256 - 1A 0C 02 08 01 FF 80 01 FF 80 01 FF 00 00 0F (调光器地址-内卫射灯)
2025-09-21 16:00:05.754 - 1A 0C 02 08 01 86 86 86 0F (调光器地址-内卫射灯)
2025-09-21 16:00:05.781 - 1A 0C 02 08 01 00 4C 00 00 4C 00 00 5E 00 0F (调光器地址-内卫射灯)
2025-09-21 16:00:06.880 - 1A 0C 02 08 01 FF 80 01 FF 80 01 FF 00 00 0F (调光器地址-内卫射灯)
2025-09-21 16:00:10.378 - 1A 0C 02 08 01 86 86 86 0F (调光器地址-内卫射灯)
2025-09-21 16:00:10.424 - 1A 0C 02 08 01 00 32 01 00 32 01 00 5E 00 0F (调光器地址-内卫射灯)
2025-09-21 16:00:11.495 - 1A 0C 02 08 01 86 86 86 0F (调光器地址-内卫射灯)
2025-09-21 16:00:11.524 - 1A 0C 02 08 01 00 32 01 00 32 01 00 5E 00 0F (调光器地址-内卫射灯)
2025-09-21 16:00:11.614 - 1A 0C 02 08 01 FF FF 01 FF FF 01 FF 00 00 0F (调光器地址-内卫射灯)
2025-09-21 16:00:15.114 - 1A 0C 02 08 01 86 86 86 0F (调光器地址-内卫射灯)
2025-09-21 16:00:15.138 - 1A 0C 02 08 01 00 32 01 00 32 01 00 5E 01 0F (调光器地址-内卫射灯)
2025-09-21 16:00:16.241 - 1A 0C 02 08 01 FF FF 01 FF FF 01 FF 00 00 0F (调光器地址-内卫射灯)
2025-09-21 16:00:19.738 - 1A 0C 02 08 01 86 86 86 0F (调光器地址-内卫射灯)
2025-09-21 16:00:19.785 - 1A 0C 02 08 01 00 63 01 00 63 01 00 5E 01 0F (调光器地址-内卫射灯)
2025-09-21 16:00:20.862 - 1A 0C 02 08 01 86 86 86 0F (调光器地址-内卫射灯)
2025-09-21 16:00:20.889 - 1A 0C 02 08 01 00 63 01 00 63 01 00 5E 01 0F (调光器地址-内卫射灯)
2025-09-21 16:00:20.980 - 1A 0C 02 08 01 FF 40 01 FF 40 01 FF 00 00 0F (调光器地址-内卫射灯)
2025-09-21 16:00:24.480 - 1A 0C 02 08 01 86 86 86 0F (调光器地址-内卫射灯)
2025-09-21 16:00:24.505 - 1A 0C 02 08 01 00 63 01 00 63 01 00 5E 00 0F (调光器地址-内卫射灯)
2025-09-21 16:00:25.607 - 1A 0C 02 08 01 FF 40 01 FF 40 01 FF 00 00 0F (调光器地址-内卫射灯)
2025-09-21 16:00:29.101 - 1A 0C 02 08 01 86 86 86 0F (调光器地址-内卫射灯)
2025-09-21 16:00:29.149 - 1A 0C 02 08 01 00 19 01 00 19 01 00 5E 00 0F (调光器地址-内卫射灯)
2025-09-21 16:00:30.224 - 1A 0C 02 08 01 86 86 86 0F (调光器地址-内卫射灯)
2025-09-21 16:00:30.249 - 1A 0C 02 08 01 00 19 01 00 19 01 00 5E 00 0F (调光器地址-内卫射灯)
2025-09-21 16:00:30.341 - 1A 0C 02 08 01 FF C0 01 FF C0 01 FF 00 00 0F (调光器地址-内卫射灯)
2025-09-21 16:00:33.850 - 1A 0C 02 08 01 86 86 86 0F (调光器地址-内卫射灯)
2025-09-21 16:00:33.876 - 1A 0C 02 08 01 00 19 01 00 19 01 00 5E 01 0F (调光器地址-内卫射灯)
2025-09-21 16:00:34.979 - 1A 0C 02 08 01 FF C0 01 FF C0 01 FF 00 00 0F (调光器地址-内卫射灯)
2025-09-21 16:00:38.489 - 1A 0C 02 08 01 86 86 86 0F (调光器地址-内卫射灯)
2025-09-21 16:00:38.536 - 1A 0C 02 08 01 00 4B 01 00 4B 01 00 5E 01 0F (调光器地址-内卫射灯)
2025-09-21 16:00:39.609 - 1A 0C 02 08 01 86 86 86 0F (调光器地址-内卫射灯)
2025-09-21 16:00:39.638 - 1A 0C 02 08 01 00 4B 01 00 4B 01 00 5E 01 0F (调光器地址-内卫射灯)
2025-09-21 16:00:39.726 - 1A 0C 02 08 01 FF 00 01 FF 00 01 FF 00 00 0F (调光器地址-内卫射灯, 内卫感应灯关)
2025-09-21 16:00:43.226 - 1A 0C 02 08 01 86 86 86 0F (调光器地址-内卫射灯)
2025-09-21 16:00:43.254 - 1A 0C 02 08 01 00 4B 01 00 4B 01 00 5E 00 0F (调光器地址-内卫射灯)
2025-09-21 16:00:44.352 - 1A 0C 02 08 01 FF 00 01 FF 00 01 FF 00 00 0F (调光器地址-内卫射灯, 内卫感应灯关)
2025-09-21 16:00:47.851 - 1A 0C 02 08 01 86 86 86 0F (调光器地址-内卫射灯)
2025-09-21 16:00:47.899 - 1A 0C 02 08 01 00 4C 00 00 4C 00 00 5E 00 0F (调光器地址-内卫射灯)
2025-09-21 16:00:48.974 - 1A 0C 02 08 01 86 86 86 0F (调光器地址-内卫射灯)
2025-09-21 16:00:49.003 - 1A 0C 02 08 01 00 4C 00 00 4C 00 00 5E 00 0F (调光器地址-内卫射灯)
