2025-09-21 15:55:00.283 - 1A 0C 02 08 01 86 86 86 0F (调光器地址-内卫射灯)
2025-09-21 15:55:00.312 - 1A 0C 02 08 01 00 4C 00 00 4C 00 00 5E 01 0F (调光器地址-内卫射灯)
2025-09-21 15:55:00.403 - 1A 0C 02 08 01 FF 40 01 FF 40 01 FF 00 00 0F (调光器地址-内卫射灯)
2025-09-21 15:55:03.411 - 1A 0C 02 08 01 86 86 86 0F (调光器地址-内卫射灯)
2025-09-21 15:55:03.441 - 1A 0C 02 08 01 00 4C 00 00 4C 00 00 5E 00 0F (调光器地址-内卫射灯)
2025-09-21 15:55:04.034 - 1A 0C 02 08 01 FF 40 01 FF 40 01 FF 00 00 0F (调光器地址-内卫射灯)
2025-09-21 15:55:07.044 - 1A 0C 02 08 01 86 86 86 0F (调光器地址-内卫射灯)
2025-09-21 15:55:07.089 - 1A 0C 02 08 01 00 19 01 00 19 01 00 5E 00 0F (调光器地址-内卫射灯)
2025-09-21 15:55:07.164 - 02 0F
2025-09-21 15:55:10.169 - 1A 0C 02 08 01 86 86 86 0F (调光器地址-内卫射灯)
2025-09-21 15:55:10.197 - 1A 0C 02 08 01 00 19 01 00 19 01 00 5E 00 0F (调光器地址-内卫射灯)
2025-09-21 15:55:10.788 - 1A 0C 02 08 01 FF 80 01 FF 80 01 FF 00 00 0F (调光器地址-内卫射灯)
2025-09-21 15:55:13.796 - 1A 0C 02 08 01 86 86 86 0F (调光器地址-内卫射灯)
2025-09-21 15:55:13.841 - 1A 0C 02 08 01 00 32 01 00 32 01 00 5E 00 0F (调光器地址-内卫射灯)
2025-09-21 15:55:13.913 - 00 00 0F
2025-09-21 15:55:16.923 - 1A 0C 02 08 01 86 86 86 0F (调光器地址-内卫射灯)
2025-09-21 15:55:16.950 - 1A 0C 02 08 01 00 32 01 00 32 01 00 5E 00 0F (调光器地址-内卫射灯)
2025-09-21 15:55:17.545 - 1A 0C 02 08 01 FF C0 01 FF C0 01 FF 00 00 0F (调光器地址-内卫射灯)
2025-09-21 15:55:20.551 - 1A 0C 02 08 01 86 86 86 0F (调光器地址-内卫射灯)
2025-09-21 15:55:20.601 - 1A 0C 02 08 01 00 4B 01 00 4B 01 00 5E 00 0F (调光器地址-内卫射灯)
2025-09-21 15:55:20.669 - 00 00 0F
2025-09-21 15:55:23.677 - 1A 0C 02 08 01 86 86 86 0F (调光器地址-内卫射灯)
2025-09-21 15:55:23.702 - 1A 0C 02 08 01 00 4B 01 00 4B 01 00 5E 00 0F (调光器地址-内卫射灯)
2025-09-21 15:55:24.297 - 1A 0C 02 08 01 FF FF 01 FF FF 01 FF 00 00 0F (调光器地址-内卫射灯)
2025-09-21 15:55:27.305 - 1A 0C 02 08 01 86 86 86 0F (调光器地址-内卫射灯)
2025-09-21 15:55:27.350 - 1A 0C 02 08 01 00 63 01 00 63 01 00 5E 00 0F (调光器地址-内卫射灯)
2025-09-21 15:55:29.923 - 1A 0C 02 08 01 86 86 86 0F (调光器地址-内卫射灯)
2025-09-21 15:55:29.950 - 1A 0C 02 08 01 00 63 01 00 63 01 00 5E 00 0F (调光器地址-内卫射灯)
2025-09-21 15:55:30.039 - 1A 0C 02 08 01 FF 80 01 FF 80 01 FF 00 00 0F (调光器地址-内卫射灯)
2025-09-21 15:55:33.049 - 1A 0C 02 08 01 86 86 86 0F (调光器地址-内卫射灯)
2025-09-21 15:55:33.075 - 1A 0C 02 08 01 00 63 01 00 63 01 00 5E 01 0F (调光器地址-内卫射灯)
2025-09-21 15:55:33.671 - 1A 0C 02 08 01 FF 80 01 FF 80 01 FF 00 00 0F (调光器地址-内卫射灯)
2025-09-21 15:55:36.679 - 1A 0C 02 08 01 86 86 86 0F (调光器地址-内卫射灯)
2025-09-21 15:55:36.721 - 1A 0C 02 08 01 00 32 01 00 32 01 00 5E 01 0F (调光器地址-内卫射灯)
2025-09-21 15:55:36.797 - 00 00 0F
2025-09-21 15:55:39.802 - 1A 0C 02 08 01 86 86 86 0F (调光器地址-内卫射灯)
2025-09-21 15:55:39.829 - 1A 0C 02 08 01 00 32 01 00 32 01 00 5E 01 0F (调光器地址-内卫射灯)
2025-09-21 15:55:40.422 - 1A 0C 02 08 01 FF 00 01 FF 00 01 FF 00 00 0F (调光器地址-内卫射灯, 内卫感应灯关)
2025-09-21 15:55:43.431 - 1A 0C 02 08 01 86 86 86 0F (调光器地址-内卫射灯)
2025-09-21 15:55:43.475 - 1A 0C 02 08 01 00 4C 00 00 4C 00 00 5E 01 0F (调光器地址-内卫射灯)
