2024-10-18 17:58:50.302 - 02 AF 06 17 07 08 00 DB FF (用户开锁)
2024-10-18 17:58:54.065 - 02 AF 06 17 47 08 00 1B FF (用户开锁)
2024-10-18 18:11:34.355 - 02 AF 06 17 07 03 00 D6 FF (用户开锁)
2024-10-18 18:11:38.124 - 02 AF 06 17 47 03 00 16 FF (用户开锁)
2024-10-18 20:32:20.824 - 02 AF 06 17 44 10 FF (关锁)
2024-10-19 07:44:28.210 - 02 AF 06 17 44 10 FF (关锁)
2024-10-19 13:38:12.690 - 02 AF 06 17 07 08 00 DB FF (用户开锁)
2024-10-19 13:38:16.453 - 02 AF 06 17 47 08 00 1B FF (用户开锁)
2024-10-19 16:58:46.322 - 02 AF 06 17 44 10 FF (关锁)
2024-10-19 19:53:41.198 - 02 AF 06 17 07 08 00 DB FF (用户开锁)
2024-10-19 19:53:44.956 - 02 AF 06 17 47 08 00 1B FF (用户开锁)
2024-10-20 11:26:49.312 - 02 AF 06 17 44 10 FF (关锁)
2024-10-20 11:31:57.837 - 02 AF 06 17 07 08 00 DB FF (用户开锁)
2024-10-20 11:32:01.601 - 02 AF 06 17 47 08 00 1B FF (用户开锁)
2024-10-20 11:36:18.749 - 02 AF 06 17 44 10 FF (关锁)
2024-10-20 13:18:59.532 - 02 AF 06 17 07 08 00 DB FF (用户开锁)
2024-10-20 13:19:03.297 - 02 AF 06 17 47 08 00 1B FF (用户开锁)
2024-10-20 17:26:12.699 - 02 AF 06 17 44 10 FF (关锁)
2024-10-20 18:11:17.558 - 02 AF 06 17 07 03 00 D6 FF (用户开锁)
2024-10-20 18:11:21.321 - 02 AF 06 17 47 03 00 16 FF (用户开锁)
2024-10-20 19:07:12.159 - 02 AF 06 17 44 10 FF (关锁)
2024-10-20 19:47:07.790 - 02 AF 06 17 07 08 00 DB FF (用户开锁)
2024-10-20 19:47:11.549 - 02 AF 06 17 47 08 00 1B FF (用户开锁)
2024-10-21 07:44:20.519 - 02 AF 06 17 44 10 FF (关锁)
2024-10-21 17:30:33.347 - 02 AF 06 17 07 03 00 D6 FF (用户开锁)
2024-10-21 17:30:37.107 - 02 AF 06 17 47 03 00 16 FF (用户开锁)
2024-10-21 18:16:04.094 - 02 AF 06 17 07 08 00 DB FF (用户开锁)
2024-10-21 18:16:07.862 - 02 AF 06 17 47 08 00 1B FF (用户开锁)
2024-10-21 20:47:20.129 - 02 AF 06 17 44 10 FF (关锁)
2024-10-22 07:26:32.841 - 02 AF 06 17 44 10 FF (关锁)
2024-10-22 18:42:09.842 - 02 AF 06 17 07 08 00 DB FF (用户开锁)
2024-10-22 18:42:13.606 - 02 AF 06 17 47 08 00 1B FF (用户开锁)
2024-10-23 07:17:56.493 - 02 AF 06 17 44 10 FF (关锁)
2024-10-23 11:57:58.993 - 02 AF 06 17 07 03 00 D6 FF (用户开锁)
2024-10-23 11:58:02.750 - 02 AF 06 17 47 03 00 16 FF (用户开锁)
2024-10-23 12:01:37.617 - 02 AF 06 17 44 10 FF (关锁)
2024-10-23 19:17:23.049 - 02 AF 06 17 07 08 00 DB FF (用户开锁)
2024-10-23 19:17:26.807 - 02 AF 06 17 47 08 00 1B FF (用户开锁)
2024-10-24 07:14:02.149 - 02 AF 06 17 44 10 FF (关锁)
2024-10-24 17:38:15.025 - 02 AF 06 17 07 03 00 D6 FF (用户开锁)
2024-10-24 17:38:18.786 - 02 AF 06 17 47 03 00 16 FF (用户开锁)
2024-10-24 18:26:03.392 - 02 AF 06 17 07 08 00 DB FF (用户开锁)
2024-10-24 18:26:07.158 - 02 AF 06 17 47 08 00 1B FF (用户开锁)
2024-10-25 07:26:22.907 - 02 AF 06 17 44 10 FF (关锁)
2024-10-25 17:38:46.767 - 02 AF 06 17 07 03 00 D6 FF (用户开锁)
2024-10-25 17:38:50.529 - 02 AF 06 17 47 03 00 16 FF (用户开锁)
2024-10-25 18:24:43.541 - 02 AF 06 17 07 08 00 DB FF (用户开锁)
2024-10-25 18:24:47.305 - 02 AF 06 17 47 08 00 1B FF (用户开锁)
2024-10-26 09:10:59.649 - 02 AF 06 17 44 10 FF (关锁)
2024-10-26 12:03:36.119 - 02 AF 06 17 07 08 00 DB FF (用户开锁)
2024-10-26 12:03:39.882 - 02 AF 06 17 47 08 00 1B FF (用户开锁)
2024-10-26 14:52:33.790 - 02 AF 06 17 44 10 FF (关锁)
2024-10-26 20:41:14.511 - 02 AF 06 17 07 08 00 DB FF (用户开锁)
2024-10-26 20:41:18.266 - 02 AF 06 17 47 08 00 1B FF (用户开锁)
2024-10-27 10:56:23.171 - 02 AF 06 17 44 10 FF (关锁)
2024-10-27 18:05:31.917 - 02 AF 06 17 07 08 00 DB FF (用户开锁)
2024-10-27 18:05:35.680 - 02 AF 06 17 47 08 00 1B FF (用户开锁)
2024-10-27 18:36:19.447 - 02 AF 06 17 07 03 00 D6 FF (用户开锁)
2024-10-27 18:36:23.204 - 02 AF 06 17 47 03 00 16 FF (用户开锁)
2024-10-27 20:32:49.386 - 02 AF 06 17 44 10 FF (关锁)
2024-10-28 07:24:22.197 - 02 AF 06 17 44 10 FF (关锁)
2024-10-28 19:30:57.869 - 02 AF 06 17 07 08 00 DB FF (用户开锁)
2024-10-28 19:31:01.633 - 02 AF 06 17 47 08 00 1B FF (用户开锁)
2024-10-29 07:23:46.537 - 02 AF 06 17 44 10 FF (关锁)
2024-10-29 18:00:32.589 - 02 AF 06 17 07 08 00 DB FF (用户开锁)
2024-10-29 18:00:36.353 - 02 AF 06 17 47 08 00 1B FF (用户开锁)
2024-10-29 18:09:12.392 - 02 AF 06 17 07 03 00 D6 FF (用户开锁)
2024-10-29 18:09:16.157 - 02 AF 06 17 47 03 00 16 FF (用户开锁)
